{"recorder_version":"11","session":"ea8d558477d0","build":"191.8026.42.35.6010548","bucket":"45","time":1582121332888,"group":{"id":"settings","version":"2"},"event":{"state":true,"data":{"created":1582121332889,"invoked":true},"id":"NotRoamableUiSettings"}}
{"recorder_version":"11","session":"ea8d558477d0","build":"191.8026.42.35.6010548","bucket":"45","time":1582121332891,"group":{"id":"system.os","version":"1"},"event":{"state":true,"data":{"created":1582121332897,"version":"10.0"},"id":"Windows"}}
{"recorder_version":"11","session":"ea8d558477d0","build":"191.8026.42.35.6010548","bucket":"45","time":1582121332891,"group":{"id":"system.os","version":"1"},"event":{"state":true,"data":{"created":1582121332904},"id":"invoked"}}
{"recorder_version":"11","session":"ea8d558477d0","build":"191.8026.42.35.6010548","bucket":"45","time":1582121332891,"group":{"id":"system.java","version":"1"},"event":{"state":true,"data":{"created":1582121332904,"version":"1.8"},"id":"JetBrains"}}
{"recorder_version":"11","session":"ea8d558477d0","build":"191.8026.42.35.6010548","bucket":"45","time":1582121332891,"group":{"id":"system.java","version":"1"},"event":{"state":true,"data":{"created":1582121332905},"id":"invoked"}}
{"recorder_version":"11","session":"ea8d558477d0","build":"191.8026.42.35.6010548","bucket":"45","time":1582121332901,"group":{"id":"settings","version":"2"},"event":{"state":true,"data":{"default":false,"created":1582121332905,"name":"pinFindInPath","value":true},"id":"UISettings"}}
{"recorder_version":"11","session":"ea8d558477d0","build":"191.8026.42.35.6010548","bucket":"45","time":1582121332902,"group":{"id":"settings","version":"2"},"event":{"state":true,"data":{"created":1582121332906,"invoked":true},"id":"UISettings"}}
{"recorder_version":"11","session":"ea8d558477d0","build":"191.8026.42.35.6010548","bucket":"45","time":1582121333730,"group":{"id":"settings","version":"2"},"event":{"state":true,"data":{"created":1582121333730,"invoked":true},"id":"GeneralSettings"}}
{"recorder_version":"11","session":"ea8d558477d0","build":"191.8026.42.35.6010548","bucket":"45","time":1582121335880,"group":{"id":"performance","version":"11"},"event":{"count":1,"data":{"duration_ms":1289,"created":1582121335880},"id":"ui.latency"}}
{"recorder_version":"11","session":"ea8d558477d0","build":"191.8026.42.35.6010548","bucket":"45","time":1582121335880,"group":{"id":"performance","version":"11"},"event":{"count":1,"data":{"duration_ms":1289,"created":1582121335881},"id":"ui.lagging"}}
{"recorder_version":"11","session":"ea8d558477d0","build":"191.8026.42.35.6010548","bucket":"45","time":1582121335883,"group":{"id":"performance","version":"11"},"event":{"count":1,"data":{"duration_ms":285,"created":1582121335883},"id":"ui.lagging"}}
{"recorder_version":"11","session":"ea8d558477d0","build":"191.8026.42.35.6010548","bucket":"45","time":1582121336208,"group":{"id":"ui.dialogs","version":"11"},"event":{"count":1,"data":{"created":1582121336208,"plugin_type":"PLATFORM","type":"show"},"id":"com.intellij.openapi.progress.util.ProgressDialog$MyDialogWrapper"}}
{"recorder_version":"11","session":"ea8d558477d0","build":"191.8026.42.35.6010548","bucket":"45","time":1582121338053,"group":{"id":"ui.dialogs","version":"11"},"event":{"count":1,"data":{"code":1,"created":1582121338053,"plugin_type":"PLATFORM","type":"close"},"id":"com.intellij.openapi.progress.util.ProgressDialog$MyDialogWrapper"}}
{"recorder_version":"11","session":"ea8d558477d0","build":"191.8026.42.35.6010548","bucket":"45","time":1582121338065,"group":{"id":"lifecycle","version":"11"},"event":{"count":1,"data":{"created":1582121338065,"project":"e34beb87dd0aaa7eb98b502df2478e9f9740d3b6014252c91479ccc8ae8eb023"},"id":"project.opened"}}
{"recorder_version":"11","session":"ea8d558477d0","build":"191.8026.42.35.6010548","bucket":"45","time":1582121340668,"group":{"id":"performance","version":"11"},"event":{"count":1,"data":{"duration_ms":2067,"created":1582121340668},"id":"ui.lagging"}}
{"recorder_version":"11","session":"ea8d558477d0","build":"191.8026.42.35.6010548","bucket":"45","time":1582121340668,"group":{"id":"performance","version":"11"},"event":{"count":1,"data":{"duration_ms":1065,"created":1582121340668},"id":"ui.lagging"}}
{"recorder_version":"11","session":"ea8d558477d0","build":"191.8026.42.35.6010548","bucket":"45","time":1582121340774,"group":{"id":"performance","version":"11"},"event":{"count":1,"data":{"duration_ms":169,"created":1582121340774},"id":"ui.lagging"}}
{"recorder_version":"11","session":"ea8d558477d0","build":"191.8026.42.35.6010548","bucket":"45","time":1582121340796,"group":{"id":"ui.dialogs","version":"11"},"event":{"count":1,"data":{"created":1582121340796,"plugin_type":"PLATFORM","type":"show"},"id":"com.intellij.openapi.progress.util.ProgressDialog$MyDialogWrapper"}}
{"recorder_version":"11","session":"ea8d558477d0","build":"191.8026.42.35.6010548","bucket":"45","time":1582121342685,"group":{"id":"file.types.usage","version":"11"},"event":{"count":1,"data":{"plugin":"org.jetbrains.kotlin","created":1582121342685,"plugin_type":"JB_NOT_BUNDLED","project":"e34beb87dd0aaa7eb98b502df2478e9f9740d3b6014252c91479ccc8ae8eb023","type":"open"},"id":"Kotlin"}}
{"recorder_version":"11","session":"ea8d558477d0","build":"191.8026.42.35.6010548","bucket":"45","time":1582121342958,"group":{"id":"file.types.usage","version":"11"},"event":{"count":1,"data":{"created":1582121342958,"plugin_type":"PLATFORM","project":"e34beb87dd0aaa7eb98b502df2478e9f9740d3b6014252c91479ccc8ae8eb023","type":"open"},"id":"XML"}}
{"recorder_version":"11","session":"ea8d558477d0","build":"191.8026.42.35.6010548","bucket":"45","time":1582121343088,"group":{"id":"file.types.usage","version":"11"},"event":{"count":6,"data":{"plugin":"org.jetbrains.kotlin","last":1582121343387,"created":1582121343088,"plugin_type":"JB_NOT_BUNDLED","project":"e34beb87dd0aaa7eb98b502df2478e9f9740d3b6014252c91479ccc8ae8eb023","type":"open"},"id":"Kotlin"}}
{"recorder_version":"11","session":"ea8d558477d0","build":"191.8026.42.35.6010548","bucket":"45","time":1582121343430,"group":{"id":"file.types.usage","version":"11"},"event":{"count":1,"data":{"created":1582121343430,"plugin_type":"PLATFORM","project":"e34beb87dd0aaa7eb98b502df2478e9f9740d3b6014252c91479ccc8ae8eb023","type":"open"},"id":"XML"}}
{"recorder_version":"11","session":"ea8d558477d0","build":"191.8026.42.35.6010548","bucket":"45","time":1582121343657,"group":{"id":"file.types.usage","version":"11"},"event":{"count":1,"data":{"created":1582121343657,"plugin_type":"PLATFORM","project":"e34beb87dd0aaa7eb98b502df2478e9f9740d3b6014252c91479ccc8ae8eb023","type":"open"},"id":"JAVA"}}
{"recorder_version":"11","session":"ea8d558477d0","build":"191.8026.42.35.6010548","bucket":"45","time":1582121343877,"group":{"id":"toolwindow","version":"11"},"event":{"count":2,"data":{"os":"Windows","plugin":"org.jetbrains.plugins.terminal","last":1582121343946,"created":1582121343877,"plugin_type":"JB_BUNDLED"},"id":"Terminal"}}
{"recorder_version":"11","session":"ea8d558477d0","build":"191.8026.42.35.6010548","bucket":"45","time":1582121344032,"group":{"id":"lifecycle","version":"11"},"event":{"count":1,"data":{"eap":false,"created":1582121344032},"id":"ide.start"}}
{"recorder_version":"11","session":"ea8d558477d0","build":"191.8026.42.35.6010548","bucket":"45","time":1582121344418,"group":{"id":"ui.tips","version":"1"},"event":{"count":1,"data":{"created":1582121344418},"id":"shown.automatically"}}
{"recorder_version":"11","session":"ea8d558477d0","build":"191.8026.42.35.6010548","bucket":"45","time":1582121344446,"group":{"id":"ui.dialogs","version":"11"},"event":{"count":1,"data":{"created":1582121344446,"plugin_type":"PLATFORM","type":"show"},"id":"com.intellij.ide.util.TipDialog"}}
{"recorder_version":"11","session":"ea8d558477d0","build":"191.8026.42.35.6010548","bucket":"45","time":1582121344595,"group":{"id":"project.fs","version":"1"},"event":{"state":true,"data":{"os":"Windows","cs-project":false,"created":1582121344595,"project":"e34beb87dd0aaa7eb98b502df2478e9f9740d3b6014252c91479ccc8ae8eb023","cs-implicit":true,"cs-system":false},"id":"case-sensitivity"}}
{"recorder_version":"11","session":"ea8d558477d0","build":"191.8026.42.35.6010548","bucket":"45","time":1582121344595,"group":{"id":"project.fs","version":"1"},"event":{"state":true,"data":{"created":1582121344595},"id":"invoked"}}
{"recorder_version":"11","session":"ea8d558477d0","build":"191.8026.42.35.6010548","bucket":"45","time":1582121344597,"group":{"id":"project.fs","version":"1"},"event":{"state":true,"data":{"pct-non-watched":0,"created":1582121344597,"project":"e34beb87dd0aaa7eb98b502df2478e9f9740d3b6014252c91479ccc8ae8eb023"},"id":"roots-watched"}}
{"recorder_version":"11","session":"ea8d558477d0","build":"191.8026.42.35.6010548","bucket":"45","time":1582121344597,"group":{"id":"project.fs","version":"1"},"event":{"state":true,"data":{"created":1582121344597},"id":"invoked"}}
{"recorder_version":"11","session":"ea8d558477d0","build":"191.8026.42.35.6010548","bucket":"45","time":1582121344901,"group":{"id":"ui.dialogs","version":"11"},"event":{"count":1,"data":{"code":1,"created":1582121344901,"plugin_type":"PLATFORM","type":"close"},"id":"com.intellij.openapi.progress.util.ProgressDialog$MyDialogWrapper"}}
{"recorder_version":"11","session":"ea8d558477d0","build":"191.8026.42.35.6010548","bucket":"45","time":1582121344911,"group":{"id":"terminalShell","version":"1"},"event":{"count":1,"data":{"os-version":"10.0","os":"Windows","shell":"cmd","created":1582121344911,"project":"e34beb87dd0aaa7eb98b502df2478e9f9740d3b6014252c91479ccc8ae8eb023"},"id":"local.exec"}}
{"recorder_version":"11","session":"ea8d558477d0","build":"191.8026.42.35.6010548","bucket":"45","time":1582121345012,"group":{"id":"lifecycle","version":"11"},"event":{"count":1,"data":{"created":1582121345012,"time_ms":9234,"project":"e34beb87dd0aaa7eb98b502df2478e9f9740d3b6014252c91479ccc8ae8eb023"},"id":"project.opening.finished"}}
{"recorder_version":"11","session":"ea8d558477d0","build":"191.8026.42.35.6010548","bucket":"45","time":1582121346376,"group":{"id":"performance","version":"11"},"event":{"count":1,"data":{"duration_ms":764,"created":1582121346379},"id":"ui.lagging"}}
{"recorder_version":"11","session":"ea8d558477d0","build":"191.8026.42.35.6010548","bucket":"45","time":1582121351471,"group":{"id":"ui.dialogs","version":"11"},"event":{"count":1,"data":{"code":1,"created":1582121351471,"plugin_type":"PLATFORM","type":"close"},"id":"com.intellij.ide.util.TipDialog"}}
{"recorder_version":"11","session":"ea8d558477d0","build":"191.8026.42.35.6010548","bucket":"45","time":1582121354273,"group":{"id":"ui.dialogs","version":"11"},"event":{"count":1,"data":{"created":1582121354273,"plugin_type":"NOT_LISTED","type":"show"},"id":"third.party"}}
{"recorder_version":"11","session":"ea8d558477d0","build":"191.8026.42.35.6010548","bucket":"45","time":1582121360056,"group":{"id":"ui.dialogs","version":"11"},"event":{"count":1,"data":{"code":1,"created":1582121360056,"plugin_type":"NOT_LISTED","type":"close"},"id":"third.party"}}
{"recorder_version":"11","session":"ea8d558477d0","build":"191.8026.42.35.6010548","bucket":"45","time":1582121366641,"group":{"id":"actions","version":"11"},"event":{"count":1,"data":{"context_menu":true,"os":"Windows","created":1582121366641,"plugin_type":"NOT_LISTED","project":"e34beb87dd0aaa7eb98b502df2478e9f9740d3b6014252c91479ccc8ae8eb023","place":"MainMenu","input_event":"MouseLeft"},"id":"third.party"}}
{"recorder_version":"11","session":"ea8d558477d0","build":"191.8026.42.35.6010548","bucket":"45","time":1582121366673,"group":{"id":"ui.dialogs","version":"11"},"event":{"count":1,"data":{"created":1582121366673,"plugin_type":"PLATFORM","type":"show"},"id":"com.intellij.openapi.fileChooser.ex.FileChooserDialogImpl"}}
{"recorder_version":"11","session":"ea8d558477d0","build":"191.8026.42.35.6010548","bucket":"45","time":1582121367006,"group":{"id":"performance","version":"11"},"event":{"count":1,"data":{"duration_ms":317,"created":1582121367006},"id":"ui.lagging"}}
{"recorder_version":"11","session":"ea8d558477d0","build":"191.8026.42.35.6010548","bucket":"45","time":1582121372818,"group":{"id":"ui.dialogs","version":"11"},"event":{"count":1,"data":{"code":0,"created":1582121372818,"plugin_type":"PLATFORM","type":"close"},"id":"com.intellij.openapi.fileChooser.ex.FileChooserDialogImpl"}}
{"recorder_version":"11","session":"ea8d558477d0","build":"191.8026.42.35.6010548","bucket":"45","time":1582121373203,"group":{"id":"lifecycle","version":"11"},"event":{"count":1,"data":{"created":1582121373203,"project":"9fe8ccf883d131d5e442dbc0f8eb7456792926ea92ee059047e950ab18ed936c"},"id":"project.opened"}}
{"recorder_version":"11","session":"ea8d558477d0","build":"191.8026.42.35.6010548","bucket":"45","time":1582121373502,"group":{"id":"ui.dialogs","version":"11"},"event":{"count":1,"data":{"created":1582121373502,"plugin_type":"PLATFORM","type":"show"},"id":"com.intellij.openapi.progress.util.ProgressDialog$MyDialogWrapper"}}
{"recorder_version":"11","session":"ea8d558477d0","build":"191.8026.42.35.6010548","bucket":"45","time":1582121373642,"group":{"id":"ui.dialogs","version":"11"},"event":{"count":1,"data":{"code":1,"created":1582121373642,"plugin_type":"PLATFORM","type":"close"},"id":"com.intellij.openapi.progress.util.ProgressDialog$MyDialogWrapper"}}
{"recorder_version":"11","session":"ea8d558477d0","build":"191.8026.42.35.6010548","bucket":"45","time":1582121373815,"group":{"id":"toolwindow","version":"11"},"event":{"count":1,"data":{"os":"Windows","created":1582121373815,"plugin_type":"PLATFORM"},"id":"Project"}}
{"recorder_version":"11","session":"ea8d558477d0","build":"191.8026.42.35.6010548","bucket":"45","time":1582121373822,"group":{"id":"performance","version":"11"},"event":{"count":1,"data":{"duration_ms":129,"created":1582121373822},"id":"ui.lagging"}}
{"recorder_version":"11","session":"ea8d558477d0","build":"191.8026.42.35.6010548","bucket":"45","time":1582121373893,"group":{"id":"project.fs","version":"1"},"event":{"state":true,"data":{"os":"Windows","cs-project":false,"created":1582121373894,"project":"9fe8ccf883d131d5e442dbc0f8eb7456792926ea92ee059047e950ab18ed936c","cs-implicit":true,"cs-system":false},"id":"case-sensitivity"}}
{"recorder_version":"11","session":"ea8d558477d0","build":"191.8026.42.35.6010548","bucket":"45","time":1582121373893,"group":{"id":"project.fs","version":"1"},"event":{"state":true,"data":{"created":1582121373894},"id":"invoked"}}
{"recorder_version":"11","session":"ea8d558477d0","build":"191.8026.42.35.6010548","bucket":"45","time":1582121374020,"group":{"id":"project.fs","version":"1"},"event":{"state":true,"data":{"pct-non-watched":0,"created":1582121374020,"project":"9fe8ccf883d131d5e442dbc0f8eb7456792926ea92ee059047e950ab18ed936c"},"id":"roots-watched"}}
{"recorder_version":"11","session":"ea8d558477d0","build":"191.8026.42.35.6010548","bucket":"45","time":1582121374020,"group":{"id":"project.fs","version":"1"},"event":{"state":true,"data":{"created":1582121374020},"id":"invoked"}}
{"recorder_version":"11","session":"ea8d558477d0","build":"191.8026.42.35.6010548","bucket":"45","time":1582121374182,"group":{"id":"lifecycle","version":"11"},"event":{"count":1,"data":{"created":1582121374183,"time_ms":1298,"project":"9fe8ccf883d131d5e442dbc0f8eb7456792926ea92ee059047e950ab18ed936c"},"id":"project.opening.finished"}}
{"recorder_version":"11","session":"ea8d558477d0","build":"191.8026.42.35.6010548","bucket":"45","time":1582121377108,"group":{"id":"lifecycle","version":"11"},"event":{"count":1,"data":{"created":1582121377108,"project":"9fe8ccf883d131d5e442dbc0f8eb7456792926ea92ee059047e950ab18ed936c"},"id":"project.closed"}}
{"recorder_version":"11","session":"ea8d558477d0","build":"191.8026.42.35.6010548","bucket":"45","time":1582121379474,"group":{"id":"actions","version":"11"},"event":{"count":1,"data":{"context_menu":true,"os":"Windows","created":1582121379474,"plugin_type":"NOT_LISTED","project":"e34beb87dd0aaa7eb98b502df2478e9f9740d3b6014252c91479ccc8ae8eb023","place":"MainMenu","input_event":"MouseLeft"},"id":"third.party"}}
{"recorder_version":"11","session":"ea8d558477d0","build":"191.8026.42.35.6010548","bucket":"45","time":1582121379482,"group":{"id":"ui.dialogs","version":"11"},"event":{"count":1,"data":{"created":1582121379482,"plugin_type":"PLATFORM","type":"show"},"id":"com.intellij.openapi.fileChooser.ex.FileChooserDialogImpl"}}
{"recorder_version":"11","session":"ea8d558477d0","build":"191.8026.42.35.6010548","bucket":"45","time":1582121380321,"group":{"id":"lifecycle","version":"11"},"event":{"count":1,"data":{"plugin":"unknown","created":1582121380321,"oom":false,"mapping_failed":false},"id":"ide.error"}}
{"recorder_version":"11","session":"ea8d558477d0","build":"191.8026.42.35.6010548","bucket":"45","time":1582121380384,"group":{"id":"ui.dialogs","version":"11"},"event":{"count":1,"data":{"code":0,"created":1582121380384,"plugin_type":"PLATFORM","type":"close"},"id":"com.intellij.openapi.fileChooser.ex.FileChooserDialogImpl"}}
{"recorder_version":"11","session":"ea8d558477d0","build":"191.8026.42.35.6010548","bucket":"45","time":1582121380735,"group":{"id":"lifecycle","version":"11"},"event":{"count":1,"data":{"created":1582121380735,"project":"9fe8ccf883d131d5e442dbc0f8eb7456792926ea92ee059047e950ab18ed936c"},"id":"project.opened"}}
{"recorder_version":"11","session":"ea8d558477d0","build":"191.8026.42.35.6010548","bucket":"45","time":1582121381244,"group":{"id":"toolwindow","version":"11"},"event":{"count":1,"data":{"os":"Windows","created":1582121381244,"plugin_type":"PLATFORM"},"id":"Project"}}
{"recorder_version":"11","session":"ea8d558477d0","build":"191.8026.42.35.6010548","bucket":"45","time":1582121381379,"group":{"id":"project.fs","version":"1"},"event":{"state":true,"data":{"os":"Windows","cs-project":false,"created":1582121381379,"project":"9fe8ccf883d131d5e442dbc0f8eb7456792926ea92ee059047e950ab18ed936c","cs-implicit":true,"cs-system":false},"id":"case-sensitivity"}}
{"recorder_version":"11","session":"ea8d558477d0","build":"191.8026.42.35.6010548","bucket":"45","time":1582121381379,"group":{"id":"project.fs","version":"1"},"event":{"state":true,"data":{"created":1582121381379},"id":"invoked"}}
{"recorder_version":"11","session":"ea8d558477d0","build":"191.8026.42.35.6010548","bucket":"45","time":1582121381446,"group":{"id":"lifecycle","version":"11"},"event":{"count":1,"data":{"created":1582121381447,"time_ms":776,"project":"9fe8ccf883d131d5e442dbc0f8eb7456792926ea92ee059047e950ab18ed936c"},"id":"project.opening.finished"}}
{"recorder_version":"11","session":"ea8d558477d0","build":"191.8026.42.35.6010548","bucket":"45","time":1582121381483,"group":{"id":"project.fs","version":"1"},"event":{"state":true,"data":{"pct-non-watched":0,"created":1582121381483,"project":"9fe8ccf883d131d5e442dbc0f8eb7456792926ea92ee059047e950ab18ed936c"},"id":"roots-watched"}}
{"recorder_version":"11","session":"ea8d558477d0","build":"191.8026.42.35.6010548","bucket":"45","time":1582121381483,"group":{"id":"project.fs","version":"1"},"event":{"state":true,"data":{"created":1582121381483},"id":"invoked"}}
{"recorder_version":"11","session":"ea8d558477d0","build":"191.8026.42.35.6010548","bucket":"45","time":1582121383827,"group":{"id":"lifecycle","version":"11"},"event":{"count":1,"data":{"created":1582121383827,"project":"e34beb87dd0aaa7eb98b502df2478e9f9740d3b6014252c91479ccc8ae8eb023"},"id":"project.closed"}}
{"recorder_version":"11","session":"ea8d558477d0","build":"191.8026.42.35.6010548","bucket":"45","time":1582121384131,"group":{"id":"performance","version":"11"},"event":{"count":1,"data":{"duration_ms":359,"created":1582121384132},"id":"ui.lagging"}}
{"recorder_version":"11","session":"ea8d558477d0","build":"191.8026.42.35.6010548","bucket":"45","time":1582121398642,"group":{"id":"toolwindow","version":"11"},"event":{"count":1,"data":{"os":"Windows","created":1582121398642,"plugin_type":"PLATFORM"},"id":"Build"}}
{"recorder_version":"11","session":"ea8d558477d0","build":"191.8026.42.35.6010548","bucket":"45","time":1582121403790,"group":{"id":"toolwindow","version":"11"},"event":{"count":1,"data":{"os":"Windows","created":1582121403790,"plugin_type":"PLATFORM"},"id":"Project"}}
{"recorder_version":"11","session":"ea8d558477d0","build":"191.8026.42.35.6010548","bucket":"45","time":1582121436831,"group":{"id":"performance","version":"11"},"event":{"count":1,"data":{"duration_ms":0,"created":1582121436831},"id":"ui.latency"}}
{"recorder_version":"11","session":"ea8d558477d0","build":"191.8026.42.35.6010548","bucket":"45","time":1582121536911,"group":{"id":"performance","version":"11"},"event":{"count":1,"data":{"duration_ms":0,"created":1582121536911},"id":"ui.latency"}}
{"recorder_version":"11","session":"ea8d558477d0","build":"191.8026.42.35.6010548","bucket":"45","time":1582121635880,"group":{"id":"build.tools.actions","version":"1"},"event":{"count":1,"data":{"created":1582121635880},"id":"registered"}}
{"recorder_version":"11","session":"ea8d558477d0","build":"191.8026.42.35.6010548","bucket":"45","time":1582121635880,"group":{"id":"file.types.usage","version":"11"},"event":{"count":1,"data":{"created":1582121635880},"id":"registered"}}
{"recorder_version":"11","session":"ea8d558477d0","build":"191.8026.42.35.6010548","bucket":"45","time":1582121635880,"group":{"id":"actions.runAnything","version":"1"},"event":{"count":1,"data":{"created":1582121635880},"id":"registered"}}
{"recorder_version":"11","session":"ea8d558477d0","build":"191.8026.42.35.6010548","bucket":"45","time":1582121635880,"group":{"id":"toolwindow","version":"11"},"event":{"count":1,"data":{"created":1582121635880},"id":"registered"}}
{"recorder_version":"11","session":"ea8d558477d0","build":"191.8026.42.35.6010548","bucket":"45","time":1582121635880,"group":{"id":"live.templates","version":"11"},"event":{"count":1,"data":{"created":1582121635880},"id":"registered"}}
{"recorder_version":"11","session":"ea8d558477d0","build":"191.8026.42.35.6010548","bucket":"45","time":1582121635880,"group":{"id":"ide.self.update","version":"1"},"event":{"count":1,"data":{"created":1582121635880},"id":"registered"}}
{"recorder_version":"11","session":"ea8d558477d0","build":"191.8026.42.35.6010548","bucket":"45","time":1582121635880,"group":{"id":"cidr.testingFrameworks.usages","version":"1"},"event":{"count":1,"data":{"created":1582121635880},"id":"registered"}}
{"recorder_version":"11","session":"ea8d558477d0","build":"191.8026.42.35.6010548","bucket":"45","time":1582121635880,"group":{"id":"lifecycle","version":"11"},"event":{"count":1,"data":{"created":1582121635880},"id":"registered"}}
{"recorder_version":"11","session":"ea8d558477d0","build":"191.8026.42.35.6010548","bucket":"45","time":1582121635880,"group":{"id":"vcs.diff.trigger","version":"1"},"event":{"count":1,"data":{"created":1582121635880},"id":"registered"}}
{"recorder_version":"11","session":"ea8d558477d0","build":"191.8026.42.35.6010548","bucket":"45","time":1582121635880,"group":{"id":"vcs.log.trigger","version":"1"},"event":{"count":1,"data":{"created":1582121635881},"id":"registered"}}
{"recorder_version":"11","session":"ea8d558477d0","build":"191.8026.42.35.6010548","bucket":"45","time":1582121635880,"group":{"id":"productivity","version":"11"},"event":{"count":1,"data":{"created":1582121635881},"id":"registered"}}
{"recorder_version":"11","session":"ea8d558477d0","build":"191.8026.42.35.6010548","bucket":"45","time":1582121635880,"group":{"id":"debugger.breakpoints.usage","version":"1"},"event":{"count":1,"data":{"created":1582121635881},"id":"registered"}}
{"recorder_version":"11","session":"ea8d558477d0","build":"191.8026.42.35.6010548","bucket":"45","time":1582121635880,"group":{"id":"oc","version":"1"},"event":{"count":1,"data":{"created":1582121635881},"id":"registered"}}
{"recorder_version":"11","session":"ea8d558477d0","build":"191.8026.42.35.6010548","bucket":"45","time":1582121635880,"group":{"id":"intentions","version":"11"},"event":{"count":1,"data":{"created":1582121635881},"id":"registered"}}
{"recorder_version":"11","session":"ea8d558477d0","build":"191.8026.42.35.6010548","bucket":"45","time":1582121635880,"group":{"id":"ui.dialogs","version":"11"},"event":{"count":1,"data":{"created":1582121635881},"id":"registered"}}
{"recorder_version":"11","session":"ea8d558477d0","build":"191.8026.42.35.6010548","bucket":"45","time":1582121635880,"group":{"id":"vcs.back.forward.trigger","version":"1"},"event":{"count":1,"data":{"created":1582121635881},"id":"registered"}}
{"recorder_version":"11","session":"ea8d558477d0","build":"191.8026.42.35.6010548","bucket":"45","time":1582121635880,"group":{"id":"toolbar","version":"11"},"event":{"count":1,"data":{"created":1582121635881},"id":"registered"}}
{"recorder_version":"11","session":"ea8d558477d0","build":"191.8026.42.35.6010548","bucket":"45","time":1582121635880,"group":{"id":"build.gradle.actions","version":"1"},"event":{"count":1,"data":{"created":1582121635881},"id":"registered"}}
{"recorder_version":"11","session":"ea8d558477d0","build":"191.8026.42.35.6010548","bucket":"45","time":1582121635880,"group":{"id":"performance","version":"11"},"event":{"count":1,"data":{"created":1582121635881},"id":"registered"}}
{"recorder_version":"11","session":"ea8d558477d0","build":"191.8026.42.35.6010548","bucket":"45","time":1582121635880,"group":{"id":"searchEverywhere","version":"1"},"event":{"count":1,"data":{"created":1582121635881},"id":"registered"}}
{"recorder_version":"11","session":"ea8d558477d0","build":"191.8026.42.35.6010548","bucket":"45","time":1582121635880,"group":{"id":"ui.tips","version":"1"},"event":{"count":1,"data":{"created":1582121635881},"id":"registered"}}
{"recorder_version":"11","session":"ea8d558477d0","build":"191.8026.42.35.6010548","bucket":"45","time":1582121635880,"group":{"id":"import.old.config","version":"1"},"event":{"count":1,"data":{"created":1582121635881},"id":"registered"}}
{"recorder_version":"11","session":"ea8d558477d0","build":"191.8026.42.35.6010548","bucket":"45","time":1582121635880,"group":{"id":"json.schema","version":"1"},"event":{"count":1,"data":{"created":1582121635881},"id":"registered"}}
{"recorder_version":"11","session":"ea8d558477d0","build":"191.8026.42.35.6010548","bucket":"45","time":1582121635880,"group":{"id":"terminalShell","version":"1"},"event":{"count":1,"data":{"created":1582121635881},"id":"registered"}}
{"recorder_version":"11","session":"ea8d558477d0","build":"191.8026.42.35.6010548","bucket":"45","time":1582121635880,"group":{"id":"completion.postfix","version":"11"},"event":{"count":1,"data":{"created":1582121635881},"id":"registered"}}
{"recorder_version":"11","session":"ea8d558477d0","build":"191.8026.42.35.6010548","bucket":"45","time":1582121635880,"group":{"id":"actions","version":"11"},"event":{"count":1,"data":{"created":1582121635882},"id":"registered"}}
{"recorder_version":"11","session":"ea8d558477d0","build":"191.8026.42.35.6010548","bucket":"45","time":1582121635880,"group":{"id":"run.configuration.exec","version":"11"},"event":{"count":1,"data":{"created":1582121635882},"id":"registered"}}
{"recorder_version":"11","session":"ea8d558477d0","build":"191.8026.42.35.6010548","bucket":"45","time":1582121636991,"group":{"id":"performance","version":"11"},"event":{"count":1,"data":{"duration_ms":0,"created":1582121636991},"id":"ui.latency"}}
{"recorder_version":"11","session":"ea8d558477d0","build":"191.8026.42.35.6010548","bucket":"45","time":1582121737045,"group":{"id":"performance","version":"11"},"event":{"count":1,"data":{"duration_ms":0,"created":1582121737045},"id":"ui.latency"}}
{"recorder_version":"11","session":"ea8d558477d0","build":"191.8026.42.35.6010548","bucket":"45","time":1582121837096,"group":{"id":"performance","version":"11"},"event":{"count":1,"data":{"duration_ms":0,"created":1582121837096},"id":"ui.latency"}}
{"recorder_version":"11","session":"ea8d558477d0","build":"191.8026.42.35.6010548","bucket":"45","time":1582121937163,"group":{"id":"performance","version":"11"},"event":{"count":1,"data":{"duration_ms":0,"created":1582121937163},"id":"ui.latency"}}
{"recorder_version":"11","session":"ea8d558477d0","build":"191.8026.42.35.6010548","bucket":"45","time":1582122019639,"group":{"id":"actions","version":"11"},"event":{"count":1,"data":{"context_menu":true,"os":"Windows","created":1582122019640,"plugin_type":"PLATFORM","project":"9fe8ccf883d131d5e442dbc0f8eb7456792926ea92ee059047e950ab18ed936c","place":"MainMenu","input_event":"MouseLeft"},"id":"com.intellij.openapi.vcs.checkout.CheckoutAction"}}
{"recorder_version":"11","session":"ea8d558477d0","build":"191.8026.42.35.6010548","bucket":"45","time":1582122019828,"group":{"id":"ui.dialogs","version":"11"},"event":{"count":1,"data":{"plugin":"Git4Idea","created":1582122019828,"plugin_type":"JB_BUNDLED","type":"show"},"id":"git4idea.checkout.GitCloneDialog"}}
{"recorder_version":"11","session":"ea8d558477d0","build":"191.8026.42.35.6010548","bucket":"45","time":1582122020349,"group":{"id":"actions","version":"11"},"event":{"count":1,"data":{"context_menu":false,"os":"Windows","created":1582122020349,"plugin_type":"PLATFORM","project":"9fe8ccf883d131d5e442dbc0f8eb7456792926ea92ee059047e950ab18ed936c","place":"MainMenu","input_event":"Ctrl+V"},"id":"EditorPaste"}}
{"recorder_version":"11","session":"ea8d558477d0","build":"191.8026.42.35.6010548","bucket":"45","time":1582122022780,"group":{"id":"actions","version":"11"},"event":{"count":26,"data":{"context_menu":false,"os":"Windows","last":1582122031776,"created":1582122022780,"plugin_type":"PLATFORM","project":"9fe8ccf883d131d5e442dbc0f8eb7456792926ea92ee059047e950ab18ed936c","place":"MainMenu","input_event":"Backspace"},"id":"EditorBackSpace"}}
{"recorder_version":"11","session":"ea8d558477d0","build":"191.8026.42.35.6010548","bucket":"45","time":1582122035955,"group":{"id":"ui.dialogs","version":"11"},"event":{"count":1,"data":{"code":0,"plugin":"Git4Idea","created":1582122035955,"plugin_type":"JB_BUNDLED","type":"close"},"id":"git4idea.checkout.GitCloneDialog"}}
{"recorder_version":"11","session":"ea8d558477d0","build":"191.8026.42.35.6010548","bucket":"45","time":1582122037250,"group":{"id":"performance","version":"11"},"event":{"count":1,"data":{"duration_ms":0,"created":1582122037250},"id":"ui.latency"}}
{"recorder_version":"11","session":"ea8d558477d0","build":"191.8026.42.35.6010548","bucket":"45","time":1582122086886,"group":{"id":"ui.dialogs","version":"11"},"event":{"count":1,"data":{"created":1582122086886,"plugin_type":"PLATFORM","type":"show"},"id":"com.intellij.openapi.ui.messages.MessageDialog"}}
{"recorder_version":"11","session":"ea8d558477d0","build":"191.8026.42.35.6010548","bucket":"45","time":1582122119801,"group":{"id":"ui.dialogs","version":"11"},"event":{"count":1,"data":{"created":1582122119801,"plugin_type":"PLATFORM","type":"show"},"id":"com.intellij.openapi.ui.messages.MessageDialog"}}
{"recorder_version":"11","session":"ea8d558477d0","build":"191.8026.42.35.6010548","bucket":"45","time":1582122120867,"group":{"id":"lifecycle","version":"11"},"event":{"count":1,"data":{"created":1582122120867,"project":"9fe8ccf883d131d5e442dbc0f8eb7456792926ea92ee059047e950ab18ed936c"},"id":"project.closed"}}
{"recorder_version":"11","session":"ea8d558477d0","build":"191.8026.42.35.6010548","bucket":"45","time":1582122120962,"group":{"id":"lifecycle","version":"11"},"event":{"count":1,"data":{"created":1582122120962,"project":"2ed29eb6bc62cbb5c1dadba46bfba514492329b1f385cb0537207931bbcaaf12"},"id":"project.opened"}}
{"recorder_version":"11","session":"ea8d558477d0","build":"191.8026.42.35.6010548","bucket":"45","time":1582122121062,"group":{"id":"project.fs","version":"1"},"event":{"state":true,"data":{"os":"Windows","cs-project":false,"created":1582122121062,"project":"2ed29eb6bc62cbb5c1dadba46bfba514492329b1f385cb0537207931bbcaaf12","cs-implicit":true,"cs-system":false},"id":"case-sensitivity"}}
{"recorder_version":"11","session":"ea8d558477d0","build":"191.8026.42.35.6010548","bucket":"45","time":1582122121062,"group":{"id":"project.fs","version":"1"},"event":{"state":true,"data":{"created":1582122121062},"id":"invoked"}}
{"recorder_version":"11","session":"ea8d558477d0","build":"191.8026.42.35.6010548","bucket":"45","time":1582122121062,"group":{"id":"project.fs","version":"1"},"event":{"state":true,"data":{"pct-non-watched":0,"created":1582122121062,"project":"2ed29eb6bc62cbb5c1dadba46bfba514492329b1f385cb0537207931bbcaaf12"},"id":"roots-watched"}}
{"recorder_version":"11","session":"ea8d558477d0","build":"191.8026.42.35.6010548","bucket":"45","time":1582122121062,"group":{"id":"project.fs","version":"1"},"event":{"state":true,"data":{"created":1582122121062},"id":"invoked"}}
{"recorder_version":"11","session":"ea8d558477d0","build":"191.8026.42.35.6010548","bucket":"45","time":1582122121109,"group":{"id":"toolwindow","version":"11"},"event":{"count":1,"data":{"os":"Windows","created":1582122121109,"plugin_type":"PLATFORM"},"id":"Project"}}
{"recorder_version":"11","session":"ea8d558477d0","build":"191.8026.42.35.6010548","bucket":"45","time":1582122121714,"group":{"id":"performance","version":"11"},"event":{"count":1,"data":{"duration_ms":162,"created":1582122121738},"id":"ui.lagging"}}
{"recorder_version":"11","session":"ea8d558477d0","build":"191.8026.42.35.6010548","bucket":"45","time":1582122121717,"group":{"id":"lifecycle","version":"11"},"event":{"count":1,"data":{"created":1582122121738,"time_ms":803,"project":"2ed29eb6bc62cbb5c1dadba46bfba514492329b1f385cb0537207931bbcaaf12"},"id":"project.opening.finished"}}
{"recorder_version":"11","session":"ea8d558477d0","build":"191.8026.42.35.6010548","bucket":"45","time":1582122124238,"group":{"id":"toolwindow","version":"11"},"event":{"count":1,"data":{"os":"Windows","created":1582122124238,"plugin_type":"PLATFORM"},"id":"Build"}}
{"recorder_version":"11","session":"ea8d558477d0","build":"191.8026.42.35.6010548","bucket":"45","time":1582122129361,"group":{"id":"performance","version":"11"},"event":{"count":1,"data":{"duration_ms":213,"created":1582122129361},"id":"ui.lagging"}}
{"recorder_version":"11","session":"ea8d558477d0","build":"191.8026.42.35.6010548","bucket":"45","time":1582122134877,"group":{"id":"performance","version":"11"},"event":{"count":1,"data":{"duration_ms":687,"created":1582122134877},"id":"ui.lagging"}}
{"recorder_version":"11","session":"ea8d558477d0","build":"191.8026.42.35.6010548","bucket":"45","time":1582122138215,"group":{"id":"performance","version":"11"},"event":{"count":1,"data":{"duration_ms":0,"created":1582122138215},"id":"ui.latency"}}
{"recorder_version":"11","session":"ea8d558477d0","build":"191.8026.42.35.6010548","bucket":"45","time":1582122238324,"group":{"id":"performance","version":"11"},"event":{"count":1,"data":{"duration_ms":0,"created":1582122238324},"id":"ui.latency"}}
{"recorder_version":"11","session":"ea8d558477d0","build":"191.8026.42.35.6010548","bucket":"45","time":1582122338410,"group":{"id":"performance","version":"11"},"event":{"count":1,"data":{"duration_ms":0,"created":1582122338410},"id":"ui.latency"}}
{"recorder_version":"11","session":"ea8d558477d0","build":"191.8026.42.35.6010548","bucket":"45","time":1582122361170,"group":{"id":"toolwindow","version":"11"},"event":{"count":1,"data":{"os":"Windows","created":1582122361170,"plugin_type":"PLATFORM"},"id":"Project"}}
{"recorder_version":"11","session":"ea8d558477d0","build":"191.8026.42.35.6010548","bucket":"45","time":1582122368454,"group":{"id":"actions","version":"11"},"event":{"count":1,"data":{"context_menu":true,"os":"Windows","plugin":"Git4Idea","created":1582122368454,"plugin_type":"JB_BUNDLED","project":"2ed29eb6bc62cbb5c1dadba46bfba514492329b1f385cb0537207931bbcaaf12","place":"MainMenu","input_event":"MouseLeft"},"id":"Git.Pull"}}
{"recorder_version":"11","session":"ea8d558477d0","build":"191.8026.42.35.6010548","bucket":"45","time":1582122368498,"group":{"id":"ui.dialogs","version":"11"},"event":{"count":1,"data":{"plugin":"Git4Idea","created":1582122368498,"plugin_type":"JB_BUNDLED","type":"show"},"id":"git4idea.merge.GitPullDialog"}}
{"recorder_version":"11","session":"ea8d558477d0","build":"191.8026.42.35.6010548","bucket":"45","time":1582122372903,"group":{"id":"ui.dialogs","version":"11"},"event":{"count":1,"data":{"code":0,"plugin":"Git4Idea","created":1582122372903,"plugin_type":"JB_BUNDLED","type":"close"},"id":"git4idea.merge.GitPullDialog"}}
{"recorder_version":"11","session":"ea8d558477d0","build":"191.8026.42.35.6010548","bucket":"45","time":1582122376673,"group":{"id":"performance","version":"11"},"event":{"count":1,"data":{"duration_ms":232,"created":1582122376673},"id":"ui.lagging"}}
{"recorder_version":"11","session":"ea8d558477d0","build":"191.8026.42.35.6010548","bucket":"45","time":1582122377238,"group":{"id":"toolwindow","version":"11"},"event":{"count":1,"data":{"os":"Windows","created":1582122377238,"plugin_type":"PLATFORM"},"id":"Version_Control"}}
{"recorder_version":"11","session":"ea8d558477d0","build":"191.8026.42.35.6010548","bucket":"45","time":1582122377821,"group":{"id":"ui.dialogs","version":"11"},"event":{"count":1,"data":{"created":1582122377821,"plugin_type":"PLATFORM","type":"show"},"id":"com.intellij.openapi.vcs.merge.MultipleFileMergeDialog"}}
{"recorder_version":"11","session":"ea8d558477d0","build":"191.8026.42.35.6010548","bucket":"45","time":1582122377904,"group":{"id":"performance","version":"11"},"event":{"count":1,"data":{"duration_ms":452,"created":1582122377904},"id":"ui.lagging"}}
{"recorder_version":"11","session":"ea8d558477d0","build":"191.8026.42.35.6010548","bucket":"45","time":1582122381913,"group":{"id":"ui.dialogs","version":"11"},"event":{"count":1,"data":{"code":1,"created":1582122381913,"plugin_type":"PLATFORM","type":"close"},"id":"com.intellij.openapi.vcs.merge.MultipleFileMergeDialog"}}
{"recorder_version":"11","session":"ea8d558477d0","build":"191.8026.42.35.6010548","bucket":"45","time":1582122383542,"group":{"id":"toolwindow","version":"11"},"event":{"count":1,"data":{"os":"Windows","created":1582122383542,"plugin_type":"PLATFORM"},"id":"Project"}}
{"recorder_version":"11","session":"ea8d558477d0","build":"191.8026.42.35.6010548","bucket":"45","time":1582122438541,"group":{"id":"performance","version":"11"},"event":{"count":1,"data":{"duration_ms":0,"created":1582122438541},"id":"ui.latency"}}
{"recorder_version":"11","session":"ea8d558477d0","build":"191.8026.42.35.6010548","bucket":"45","time":1582122447748,"group":{"id":"file.types.usage","version":"11"},"event":{"count":1,"data":{"schema":"Gradle","plugin":"org.intellij.groovy","created":1582122447748,"plugin_type":"JB_BUNDLED","project":"2ed29eb6bc62cbb5c1dadba46bfba514492329b1f385cb0537207931bbcaaf12","type":"open"},"id":"Groovy"}}
{"recorder_version":"11","session":"ea8d558477d0","build":"191.8026.42.35.6010548","bucket":"45","time":1582122459817,"group":{"id":"actions","version":"11"},"event":{"count":1,"data":{"context_menu":false,"os":"Windows","created":1582122459817,"plugin_type":"PLATFORM","project":"2ed29eb6bc62cbb5c1dadba46bfba514492329b1f385cb0537207931bbcaaf12","place":"MainMenu","input_event":"Enter"},"id":"EditorEnter"}}
{"recorder_version":"11","session":"ea8d558477d0","build":"191.8026.42.35.6010548","bucket":"45","time":1582122459818,"group":{"id":"file.types.usage","version":"11"},"event":{"count":1,"data":{"schema":"Gradle","plugin":"org.intellij.groovy","created":1582122459818,"plugin_type":"JB_BUNDLED","project":"2ed29eb6bc62cbb5c1dadba46bfba514492329b1f385cb0537207931bbcaaf12","type":"edit"},"id":"Groovy"}}
{"recorder_version":"11","session":"ea8d558477d0","build":"191.8026.42.35.6010548","bucket":"45","time":1582122464500,"group":{"id":"actions","version":"11"},"event":{"count":1,"data":{"context_menu":false,"os":"Windows","created":1582122464500,"plugin_type":"PLATFORM","project":"2ed29eb6bc62cbb5c1dadba46bfba514492329b1f385cb0537207931bbcaaf12","place":"MainMenu","input_event":"Left"},"id":"EditorLeft"}}
{"recorder_version":"11","session":"ea8d558477d0","build":"191.8026.42.35.6010548","bucket":"45","time":1582122464693,"group":{"id":"actions","version":"11"},"event":{"count":1,"data":{"context_menu":false,"os":"Windows","created":1582122464693,"plugin_type":"PLATFORM","project":"2ed29eb6bc62cbb5c1dadba46bfba514492329b1f385cb0537207931bbcaaf12","place":"MainMenu","input_event":"Enter"},"id":"EditorEnter"}}
{"recorder_version":"11","session":"ea8d558477d0","build":"191.8026.42.35.6010548","bucket":"45","time":1582122465709,"group":{"id":"actions","version":"11"},"event":{"count":2,"data":{"context_menu":false,"os":"Windows","last":1582122468949,"created":1582122465709,"plugin_type":"PLATFORM","project":"2ed29eb6bc62cbb5c1dadba46bfba514492329b1f385cb0537207931bbcaaf12","place":"MainMenu","input_event":"Backspace"},"id":"EditorBackSpace"}}
{"recorder_version":"11","session":"ea8d558477d0","build":"191.8026.42.35.6010548","bucket":"45","time":1582122472469,"group":{"id":"toolwindow","version":"11"},"event":{"count":1,"data":{"os":"Windows","created":1582122472475,"plugin_type":"PLATFORM"},"id":"Build"}}
{"recorder_version":"11","session":"ea8d558477d0","build":"191.8026.42.35.6010548","bucket":"45","time":1582122490451,"group":{"id":"productivity","version":"11"},"event":{"count":1,"data":{"created":1582122490451},"id":"editing.select.word"}}
{"recorder_version":"11","session":"ea8d558477d0","build":"191.8026.42.35.6010548","bucket":"45","time":1582122490586,"group":{"id":"actions","version":"11"},"event":{"count":1,"data":{"context_menu":false,"os":"Windows","created":1582122490586,"plugin_type":"PLATFORM","project":"2ed29eb6bc62cbb5c1dadba46bfba514492329b1f385cb0537207931bbcaaf12","place":"MainMenu","input_event":"Ctrl+V"},"id":"EditorPaste"}}
{"recorder_version":"11","session":"ea8d558477d0","build":"191.8026.42.35.6010548","bucket":"45","time":1582122493152,"group":{"id":"productivity","version":"11"},"event":{"count":1,"data":{"created":1582122493152},"id":"editing.select.word"}}
{"recorder_version":"11","session":"ea8d558477d0","build":"191.8026.42.35.6010548","bucket":"45","time":1582122503080,"group":{"id":"actions","version":"11"},"event":{"count":1,"data":{"context_menu":false,"os":"Windows","created":1582122503080,"plugin_type":"PLATFORM","project":"2ed29eb6bc62cbb5c1dadba46bfba514492329b1f385cb0537207931bbcaaf12","place":"MainMenu","input_event":"Enter"},"id":"EditorEnter"}}
{"recorder_version":"11","session":"ea8d558477d0","build":"191.8026.42.35.6010548","bucket":"45","time":1582122538680,"group":{"id":"performance","version":"11"},"event":{"count":1,"data":{"duration_ms":0,"created":1582122538680},"id":"ui.latency"}}
{"recorder_version":"11","session":"ea8d558477d0","build":"191.8026.42.35.6010548","bucket":"45","time":1582122544600,"group":{"id":"actions","version":"11"},"event":{"count":1,"data":{"context_menu":false,"os":"Windows","created":1582122544601,"plugin_type":"PLATFORM","project":"2ed29eb6bc62cbb5c1dadba46bfba514492329b1f385cb0537207931bbcaaf12","place":"MainMenu","input_event":"Ctrl+MouseLeft"},"id":"com.intellij.execution.impl.ConsoleViewImpl$HyperlinkNavigationAction"}}
{"recorder_version":"11","session":"ea8d558477d0","build":"191.8026.42.35.6010548","bucket":"45","time":1582122582005,"group":{"id":"actions","version":"11"},"event":{"count":1,"data":{"context_menu":false,"os":"Windows","created":1582122582005,"plugin_type":"PLATFORM","project":"2ed29eb6bc62cbb5c1dadba46bfba514492329b1f385cb0537207931bbcaaf12","place":"MainMenu","input_event":"Backspace"},"id":"EditorBackSpace"}}
{"recorder_version":"11","session":"ea8d558477d0","build":"191.8026.42.35.6010548","bucket":"45","time":1582122584669,"group":{"id":"toolwindow","version":"11"},"event":{"count":1,"data":{"os":"Windows","created":1582122584670,"plugin_type":"PLATFORM"},"id":"Project"}}
{"recorder_version":"11","session":"ea8d558477d0","build":"191.8026.42.35.6010548","bucket":"45","time":1582122592740,"group":{"id":"performance","version":"11"},"event":{"count":1,"data":{"duration_ms":984,"created":1582122592740},"id":"ui.lagging"}}
{"recorder_version":"11","session":"ea8d558477d0","build":"191.8026.42.35.6010548","bucket":"45","time":1582122593913,"group":{"id":"performance","version":"11"},"event":{"count":1,"data":{"duration_ms":127,"created":1582122593913},"id":"ui.lagging"}}
{"recorder_version":"11","session":"ea8d558477d0","build":"191.8026.42.35.6010548","bucket":"45","time":1582122638838,"group":{"id":"performance","version":"11"},"event":{"count":1,"data":{"duration_ms":0,"created":1582122638838},"id":"ui.latency"}}
{"recorder_version":"11","session":"ea8d558477d0","build":"191.8026.42.35.6010548","bucket":"45","time":1582122643150,"group":{"id":"file.types.usage","version":"11"},"event":{"count":1,"data":{"plugin":"org.jetbrains.kotlin","created":1582122643150,"plugin_type":"JB_NOT_BUNDLED","project":"2ed29eb6bc62cbb5c1dadba46bfba514492329b1f385cb0537207931bbcaaf12","type":"open"},"id":"Kotlin"}}
{"recorder_version":"11","session":"ea8d558477d0","build":"191.8026.42.35.6010548","bucket":"45","time":1582122649952,"group":{"id":"actions","version":"11"},"event":{"count":1,"data":{"context_menu":false,"os":"Windows","created":1582122649952,"plugin_type":"PLATFORM","project":"2ed29eb6bc62cbb5c1dadba46bfba514492329b1f385cb0537207931bbcaaf12","place":"MainMenu","input_event":"Tab"},"id":"EditorTab"}}
{"recorder_version":"11","session":"ea8d558477d0","build":"191.8026.42.35.6010548","bucket":"45","time":1582122649952,"group":{"id":"file.types.usage","version":"11"},"event":{"count":1,"data":{"plugin":"org.jetbrains.kotlin","created":1582122649952,"plugin_type":"JB_NOT_BUNDLED","project":"2ed29eb6bc62cbb5c1dadba46bfba514492329b1f385cb0537207931bbcaaf12","type":"edit"},"id":"Kotlin"}}
{"recorder_version":"11","session":"ea8d558477d0","build":"191.8026.42.35.6010548","bucket":"45","time":1582122650157,"group":{"id":"actions","version":"11"},"event":{"count":1,"data":{"context_menu":false,"os":"Windows","created":1582122650157,"plugin_type":"PLATFORM","project":"2ed29eb6bc62cbb5c1dadba46bfba514492329b1f385cb0537207931bbcaaf12","place":"MainMenu","input_event":"Tab"},"id":"EditorTab"}}
{"recorder_version":"11","session":"ea8d558477d0","build":"191.8026.42.35.6010548","bucket":"45","time":1582122651794,"group":{"id":"actions","version":"11"},"event":{"count":1,"data":{"context_menu":false,"os":"Windows","created":1582122651794,"plugin_type":"PLATFORM","project":"2ed29eb6bc62cbb5c1dadba46bfba514492329b1f385cb0537207931bbcaaf12","place":"MainMenu","input_event":"Enter"},"id":"EditorEnter"}}
{"recorder_version":"11","session":"ea8d558477d0","build":"191.8026.42.35.6010548","bucket":"45","time":1582122652711,"group":{"id":"actions","version":"11"},"event":{"count":8,"data":{"context_menu":false,"os":"Windows","last":1582122653813,"created":1582122652711,"plugin_type":"PLATFORM","project":"2ed29eb6bc62cbb5c1dadba46bfba514492329b1f385cb0537207931bbcaaf12","place":"MainMenu","input_event":"Up"},"id":"EditorUp"}}
{"recorder_version":"11","session":"ea8d558477d0","build":"191.8026.42.35.6010548","bucket":"45","time":1582122654202,"group":{"id":"actions","version":"11"},"event":{"count":1,"data":{"context_menu":false,"os":"Windows","created":1582122654202,"plugin_type":"PLATFORM","project":"2ed29eb6bc62cbb5c1dadba46bfba514492329b1f385cb0537207931bbcaaf12","place":"MainMenu","input_event":"Down"},"id":"EditorDown"}}
{"recorder_version":"11","session":"ea8d558477d0","build":"191.8026.42.35.6010548","bucket":"45","time":1582122654411,"group":{"id":"actions","version":"11"},"event":{"count":4,"data":{"context_menu":false,"os":"Windows","last":1582122654851,"created":1582122654411,"plugin_type":"PLATFORM","project":"2ed29eb6bc62cbb5c1dadba46bfba514492329b1f385cb0537207931bbcaaf12","place":"MainMenu","input_event":"Enter"},"id":"EditorEnter"}}
{"recorder_version":"11","session":"ea8d558477d0","build":"191.8026.42.35.6010548","bucket":"45","time":1582122655114,"group":{"id":"actions","version":"11"},"event":{"count":3,"data":{"context_menu":false,"os":"Windows","last":1582122655465,"created":1582122655114,"plugin_type":"PLATFORM","project":"2ed29eb6bc62cbb5c1dadba46bfba514492329b1f385cb0537207931bbcaaf12","place":"MainMenu","input_event":"Up"},"id":"EditorUp"}}
{"recorder_version":"11","session":"ea8d558477d0","build":"191.8026.42.35.6010548","bucket":"45","time":1582122673884,"group":{"id":"actions","version":"11"},"event":{"count":1,"data":{"context_menu":false,"os":"Windows","created":1582122673884,"plugin_type":"PLATFORM","project":"2ed29eb6bc62cbb5c1dadba46bfba514492329b1f385cb0537207931bbcaaf12","place":"MainMenu","input_event":"Ctrl+A"},"id":"$SelectAll"}}
{"recorder_version":"11","session":"ea8d558477d0","build":"191.8026.42.35.6010548","bucket":"45","time":1582122677033,"group":{"id":"actions","version":"11"},"event":{"count":1,"data":{"context_menu":false,"os":"Windows","created":1582122677033,"plugin_type":"PLATFORM","project":"2ed29eb6bc62cbb5c1dadba46bfba514492329b1f385cb0537207931bbcaaf12","place":"MainMenu","input_event":"Enter"},"id":"EditorChooseLookupItem"}}
{"recorder_version":"11","session":"ea8d558477d0","build":"191.8026.42.35.6010548","bucket":"45","time":1582122677052,"group":{"id":"productivity","version":"11"},"event":{"count":1,"data":{"created":1582122677052},"id":"editing.completion.basic"}}
{"recorder_version":"11","session":"ea8d558477d0","build":"191.8026.42.35.6010548","bucket":"45","time":1582122677289,"group":{"id":"actions","version":"11"},"event":{"count":24,"data":{"context_menu":false,"os":"Windows","last":1582122679705,"created":1582122677289,"plugin_type":"PLATFORM","project":"2ed29eb6bc62cbb5c1dadba46bfba514492329b1f385cb0537207931bbcaaf12","place":"MainMenu","input_event":"Backspace"},"id":"EditorBackSpace"}}
{"recorder_version":"11","session":"ea8d558477d0","build":"191.8026.42.35.6010548","bucket":"45","time":1582122679848,"group":{"id":"actions","version":"11"},"event":{"count":1,"data":{"context_menu":false,"os":"Windows","created":1582122679848,"plugin_type":"PLATFORM","project":"2ed29eb6bc62cbb5c1dadba46bfba514492329b1f385cb0537207931bbcaaf12","place":"MainMenu","input_event":"Shift+Backspace"},"id":"EditorBackSpace"}}
{"recorder_version":"11","session":"ea8d558477d0","build":"191.8026.42.35.6010548","bucket":"45","time":1582122682211,"group":{"id":"actions","version":"11"},"event":{"count":2,"data":{"context_menu":false,"os":"Windows","last":1582122682399,"created":1582122682211,"plugin_type":"PLATFORM","project":"2ed29eb6bc62cbb5c1dadba46bfba514492329b1f385cb0537207931bbcaaf12","place":"MainMenu","input_event":"Backspace"},"id":"EditorBackSpace"}}
{"recorder_version":"11","session":"ea8d558477d0","build":"191.8026.42.35.6010548","bucket":"45","time":1582122694450,"group":{"id":"actions","version":"11"},"event":{"count":6,"data":{"context_menu":false,"os":"Windows","last":1582122702554,"created":1582122694450,"plugin_type":"PLATFORM","project":"2ed29eb6bc62cbb5c1dadba46bfba514492329b1f385cb0537207931bbcaaf12","place":"MainMenu","input_event":"Backspace"},"id":"EditorBackSpace"}}
{"recorder_version":"11","session":"ea8d558477d0","build":"191.8026.42.35.6010548","bucket":"45","time":1582122704894,"group":{"id":"file.types.usage","version":"11"},"event":{"count":2,"data":{"schema":"Gradle","plugin":"org.intellij.groovy","last":1582122710046,"created":1582122704894,"plugin_type":"JB_BUNDLED","project":"2ed29eb6bc62cbb5c1dadba46bfba514492329b1f385cb0537207931bbcaaf12","type":"open"},"id":"Groovy"}}
{"recorder_version":"11","session":"ea8d558477d0","build":"191.8026.42.35.6010548","bucket":"45","time":1582122711066,"group":{"id":"file.types.usage","version":"11"},"event":{"count":1,"data":{"plugin":"com.intellij.properties","created":1582122711066,"plugin_type":"JB_BUNDLED","project":"2ed29eb6bc62cbb5c1dadba46bfba514492329b1f385cb0537207931bbcaaf12","type":"open"},"id":"Properties"}}
{"recorder_version":"11","session":"ea8d558477d0","build":"191.8026.42.35.6010548","bucket":"45","time":1582122718531,"group":{"id":"actions","version":"11"},"event":{"count":1,"data":{"context_menu":false,"os":"Windows","created":1582122718531,"plugin_type":"PLATFORM","project":"2ed29eb6bc62cbb5c1dadba46bfba514492329b1f385cb0537207931bbcaaf12","place":"MainMenu","input_event":"Tab"},"id":"EditorTab"}}
{"recorder_version":"11","session":"ea8d558477d0","build":"191.8026.42.35.6010548","bucket":"45","time":1582122718532,"group":{"id":"file.types.usage","version":"11"},"event":{"count":1,"data":{"schema":"Gradle","plugin":"org.intellij.groovy","created":1582122718532,"plugin_type":"JB_BUNDLED","project":"2ed29eb6bc62cbb5c1dadba46bfba514492329b1f385cb0537207931bbcaaf12","type":"edit"},"id":"Groovy"}}
{"recorder_version":"11","session":"ea8d558477d0","build":"191.8026.42.35.6010548","bucket":"45","time":1582122721570,"group":{"id":"actions","version":"11"},"event":{"count":1,"data":{"context_menu":false,"os":"Windows","created":1582122721570,"plugin_type":"PLATFORM","project":"2ed29eb6bc62cbb5c1dadba46bfba514492329b1f385cb0537207931bbcaaf12","place":"MainMenu","input_event":"Backspace"},"id":"EditorBackSpace"}}
{"recorder_version":"11","session":"ea8d558477d0","build":"191.8026.42.35.6010548","bucket":"45","time":1582122723310,"group":{"id":"actions","version":"11"},"event":{"count":1,"data":{"context_menu":false,"os":"Windows","created":1582122723310,"plugin_type":"PLATFORM","project":"2ed29eb6bc62cbb5c1dadba46bfba514492329b1f385cb0537207931bbcaaf12","place":"MainMenu","input_event":"Left"},"id":"EditorLeft"}}
{"recorder_version":"11","session":"ea8d558477d0","build":"191.8026.42.35.6010548","bucket":"45","time":1582122723515,"group":{"id":"actions","version":"11"},"event":{"count":1,"data":{"context_menu":false,"os":"Windows","created":1582122723515,"plugin_type":"PLATFORM","project":"2ed29eb6bc62cbb5c1dadba46bfba514492329b1f385cb0537207931bbcaaf12","place":"MainMenu","input_event":"Enter"},"id":"EditorEnter"}}
{"recorder_version":"11","session":"ea8d558477d0","build":"191.8026.42.35.6010548","bucket":"45","time":1582122730414,"group":{"id":"actions","version":"11"},"event":{"count":4,"data":{"context_menu":false,"os":"Windows","last":1582122731492,"created":1582122730414,"plugin_type":"PLATFORM","project":"2ed29eb6bc62cbb5c1dadba46bfba514492329b1f385cb0537207931bbcaaf12","place":"MainMenu","input_event":"Backspace"},"id":"EditorBackSpace"}}
{"recorder_version":"11","session":"ea8d558477d0","build":"191.8026.42.35.6010548","bucket":"45","time":1582122735881,"group":{"id":"toolwindow","version":"11"},"event":{"count":1,"data":{"os":"Windows","created":1582122735881,"plugin_type":"PLATFORM"},"id":"Build"}}
{"recorder_version":"11","session":"ea8d558477d0","build":"191.8026.42.35.6010548","bucket":"45","time":1582122739007,"group":{"id":"performance","version":"11"},"event":{"count":1,"data":{"duration_ms":0,"created":1582122739007},"id":"ui.latency"}}
{"recorder_version":"11","session":"ea8d558477d0","build":"191.8026.42.35.6010548","bucket":"45","time":1582122743170,"group":{"id":"actions","version":"11"},"event":{"count":1,"data":{"context_menu":true,"os":"Windows","created":1582122743170,"plugin_type":"PLATFORM","project":"2ed29eb6bc62cbb5c1dadba46bfba514492329b1f385cb0537207931bbcaaf12","place":"EditorPopup","input_event":"MouseLeft"},"id":"CopyAsPlainText"}}
{"recorder_version":"11","session":"ea8d558477d0","build":"191.8026.42.35.6010548","bucket":"45","time":1582122765252,"group":{"id":"actions","version":"11"},"event":{"count":1,"data":{"context_menu":true,"os":"Windows","created":1582122765252,"plugin_type":"NOT_LISTED","project":"2ed29eb6bc62cbb5c1dadba46bfba514492329b1f385cb0537207931bbcaaf12","place":"MainMenu","input_event":"MouseLeft"},"id":"third.party"}}
{"recorder_version":"11","session":"ea8d558477d0","build":"191.8026.42.35.6010548","bucket":"45","time":1582122781705,"group":{"id":"actions","version":"11"},"event":{"count":1,"data":{"context_menu":true,"os":"Windows","created":1582122781705,"plugin_type":"PLATFORM","project":"2ed29eb6bc62cbb5c1dadba46bfba514492329b1f385cb0537207931bbcaaf12","place":"MainMenu","input_event":"MouseLeft"},"id":"About"}}
{"recorder_version":"11","session":"ea8d558477d0","build":"191.8026.42.35.6010548","bucket":"45","time":1582122803298,"group":{"id":"actions","version":"11"},"event":{"count":1,"data":{"context_menu":true,"os":"Windows","created":1582122803298,"plugin_type":"PLATFORM","project":"2ed29eb6bc62cbb5c1dadba46bfba514492329b1f385cb0537207931bbcaaf12","place":"MainMenu","input_event":"MouseLeft"},"id":"CheckForUpdate"}}
{"recorder_version":"11","session":"ea8d558477d0","build":"191.8026.42.35.6010548","bucket":"45","time":1582122804508,"group":{"id":"ui.dialogs","version":"11"},"event":{"count":2,"data":{"last":1582122809927,"created":1582122804508,"plugin_type":"NOT_LISTED","type":"show"},"id":"third.party"}}
{"recorder_version":"11","session":"ea8d558477d0","build":"191.8026.42.35.6010548","bucket":"45","time":1582122839111,"group":{"id":"performance","version":"11"},"event":{"count":1,"data":{"duration_ms":0,"created":1582122839111},"id":"ui.latency"}}
{"recorder_version":"11","session":"ea8d558477d0","build":"191.8026.42.35.6010548","bucket":"45","time":1582122929519,"group":{"id":"ui.dialogs","version":"11"},"event":{"count":2,"data":{"code":0,"last":1582122929532,"created":1582122929519,"plugin_type":"NOT_LISTED","type":"close"},"id":"third.party"}}
{"recorder_version":"11","session":"ea8d558477d0","build":"191.8026.42.35.6010548","bucket":"45","time":1582122938610,"group":{"id":"actions","version":"11"},"event":{"count":1,"data":{"context_menu":true,"os":"Windows","created":1582122938610,"plugin_type":"PLATFORM","project":"2ed29eb6bc62cbb5c1dadba46bfba514492329b1f385cb0537207931bbcaaf12","place":"MainMenu","input_event":"MouseLeft"},"id":"CheckForUpdate"}}
{"recorder_version":"11","session":"ea8d558477d0","build":"191.8026.42.35.6010548","bucket":"45","time":1582122939207,"group":{"id":"performance","version":"11"},"event":{"count":1,"data":{"duration_ms":0,"created":1582122939207},"id":"ui.latency"}}
{"recorder_version":"11","session":"ea8d558477d0","build":"191.8026.42.35.6010548","bucket":"45","time":1582122939944,"group":{"id":"ui.dialogs","version":"11"},"event":{"count":1,"data":{"created":1582122939944,"plugin_type":"PLATFORM","type":"show"},"id":"com.intellij.openapi.updateSettings.impl.NoUpdatesDialog"}}
{"recorder_version":"11","session":"ea8d558477d0","build":"191.8026.42.35.6010548","bucket":"45","time":1582122941605,"group":{"id":"ui.dialogs","version":"11"},"event":{"count":1,"data":{"created":1582122941605,"plugin_type":"PLATFORM","type":"show"},"id":"com.intellij.openapi.options.newEditor.SettingsDialog"}}
{"recorder_version":"11","session":"ea8d558477d0","build":"191.8026.42.35.6010548","bucket":"45","time":1582122952856,"group":{"id":"ui.dialogs","version":"11"},"event":{"count":1,"data":{"code":1,"created":1582122952856,"plugin_type":"PLATFORM","type":"close"},"id":"com.intellij.openapi.options.newEditor.SettingsDialog"}}
{"recorder_version":"11","session":"ea8d558477d0","build":"191.8026.42.35.6010548","bucket":"45","time":1582122953313,"group":{"id":"ui.dialogs","version":"11"},"event":{"count":1,"data":{"code":1,"created":1582122953313,"plugin_type":"PLATFORM","type":"close"},"id":"com.intellij.openapi.updateSettings.impl.NoUpdatesDialog"}}
{"recorder_version":"11","session":"ea8d558477d0","build":"191.8026.42.35.6010548","bucket":"45","time":1582122990562,"group":{"id":"actions","version":"11"},"event":{"count":1,"data":{"context_menu":true,"os":"Windows","created":1582122990562,"plugin_type":"PLATFORM","project":"2ed29eb6bc62cbb5c1dadba46bfba514492329b1f385cb0537207931bbcaaf12","place":"MainMenu","input_event":"MouseLeft"},"id":"CheckForUpdate"}}
{"recorder_version":"11","session":"ea8d558477d0","build":"191.8026.42.35.6010548","bucket":"45","time":1582122991072,"group":{"id":"ui.dialogs","version":"11"},"event":{"count":1,"data":{"created":1582122991072,"plugin_type":"PLATFORM","type":"show"},"id":"com.intellij.openapi.updateSettings.impl.NoUpdatesDialog"}}
{"recorder_version":"11","session":"ea8d558477d0","build":"191.8026.42.35.6010548","bucket":"45","time":1582122992786,"group":{"id":"ui.dialogs","version":"11"},"event":{"count":1,"data":{"created":1582122992786,"plugin_type":"PLATFORM","type":"show"},"id":"com.intellij.openapi.options.newEditor.SettingsDialog"}}
{"recorder_version":"11","session":"ea8d558477d0","build":"191.8026.42.35.6010548","bucket":"45","time":1582122995906,"group":{"id":"ui.dialogs","version":"11"},"event":{"count":1,"data":{"code":0,"created":1582122995907,"plugin_type":"PLATFORM","type":"close"},"id":"com.intellij.openapi.options.newEditor.SettingsDialog"}}
{"recorder_version":"11","session":"ea8d558477d0","build":"191.8026.42.35.6010548","bucket":"45","time":1582122996806,"group":{"id":"ui.dialogs","version":"11"},"event":{"count":1,"data":{"code":0,"created":1582122996806,"plugin_type":"PLATFORM","type":"close"},"id":"com.intellij.openapi.updateSettings.impl.NoUpdatesDialog"}}
{"recorder_version":"11","session":"ea8d558477d0","build":"191.8026.42.35.6010548","bucket":"45","time":1582123000034,"group":{"id":"actions","version":"11"},"event":{"count":1,"data":{"context_menu":true,"os":"Windows","created":1582123000034,"plugin_type":"PLATFORM","project":"2ed29eb6bc62cbb5c1dadba46bfba514492329b1f385cb0537207931bbcaaf12","place":"MainMenu","input_event":"MouseLeft"},"id":"CheckForUpdate"}}
{"recorder_version":"11","session":"ea8d558477d0","build":"191.8026.42.35.6010548","bucket":"45","time":1582123001533,"group":{"id":"ide.self.update","version":"1"},"event":{"count":1,"data":{"created":1582123001533},"id":"dialog.shown"}}
{"recorder_version":"11","session":"ea8d558477d0","build":"191.8026.42.35.6010548","bucket":"45","time":1582123001533,"group":{"id":"ide.self.update","version":"1"},"event":{"count":1,"data":{"created":1582123001534},"id":"dialog.shown.no.patch"}}
{"recorder_version":"11","session":"ea8d558477d0","build":"191.8026.42.35.6010548","bucket":"45","time":1582123001533,"group":{"id":"ui.dialogs","version":"11"},"event":{"count":1,"data":{"created":1582123001534,"plugin_type":"PLATFORM","type":"show"},"id":"com.intellij.openapi.updateSettings.impl.UpdateInfoDialog"}}
{"recorder_version":"11","session":"ea8d558477d0","build":"191.8026.42.35.6010548","bucket":"45","time":1582123005766,"group":{"id":"ide.self.update","version":"1"},"event":{"count":1,"data":{"created":1582123005767},"id":"dialog.download.clicked"}}
{"recorder_version":"11","session":"ea8d558477d0","build":"191.8026.42.35.6010548","bucket":"45","time":1582123039302,"group":{"id":"performance","version":"11"},"event":{"count":1,"data":{"duration_ms":0,"created":1582123039302},"id":"ui.latency"}}
{"recorder_version":"11","session":"ea8d558477d0","build":"191.8026.42.35.6010548","bucket":"45","time":1582123139435,"group":{"id":"performance","version":"11"},"event":{"count":1,"data":{"duration_ms":0,"created":1582123139435},"id":"ui.latency"}}
{"recorder_version":"11","session":"ea8d558477d0","build":"191.8026.42.35.6010548","bucket":"45","time":1582123239526,"group":{"id":"performance","version":"11"},"event":{"count":1,"data":{"duration_ms":0,"created":1582123239526},"id":"ui.latency"}}
{"recorder_version":"11","session":"ea8d558477d0","build":"191.8026.42.35.6010548","bucket":"45","time":1582123339651,"group":{"id":"performance","version":"11"},"event":{"count":1,"data":{"duration_ms":0,"created":1582123339651},"id":"ui.latency"}}
{"recorder_version":"11","session":"ea8d558477d0","build":"191.8026.42.35.6010548","bucket":"45","time":1582123362326,"group":{"id":"ui.dialogs","version":"11"},"event":{"count":1,"data":{"code":1,"created":1582123362327,"plugin_type":"PLATFORM","type":"close"},"id":"com.intellij.openapi.updateSettings.impl.UpdateInfoDialog"}}
{"recorder_version":"11","session":"ea8d558477d0","build":"191.8026.42.35.6010548","bucket":"45","time":1582123363012,"group":{"id":"ui.dialogs","version":"11"},"event":{"count":1,"data":{"created":1582123363012,"plugin_type":"PLATFORM","type":"show"},"id":"com.intellij.openapi.ui.messages.MessageDialog"}}
{"recorder_version":"11","session":"ea8d558477d0","build":"191.8026.42.35.6010548","bucket":"45","time":1582123363809,"group":{"id":"lifecycle","version":"11"},"event":{"count":1,"data":{"restart":false,"created":1582123363809},"id":"ide.close"}}
{"recorder_version":"11","session":"ea8d558477d0","build":"191.8026.42.35.6010548","bucket":"45","time":1582123363851,"group":{"id":"lifecycle","version":"11"},"event":{"count":1,"data":{"created":1582123363851,"project":"2ed29eb6bc62cbb5c1dadba46bfba514492329b1f385cb0537207931bbcaaf12"},"id":"project.closed"}}
