{"recorder_version":"11","session":"95670d208841","build":"191.8026.42.35.6010548","bucket":"45","time":1581696320149,"group":{"id":"settings","version":"2"},"event":{"state":true,"data":{"created":1581696320161,"invoked":true},"id":"NotRoamableUiSettings"}}
{"recorder_version":"11","session":"95670d208841","build":"191.8026.42.35.6010548","bucket":"45","time":1581696320173,"group":{"id":"settings","version":"2"},"event":{"state":true,"data":{"default":false,"created":1581696320173,"name":"pinFindInPath","value":true},"id":"UISettings"}}
{"recorder_version":"11","session":"95670d208841","build":"191.8026.42.35.6010548","bucket":"45","time":1581696320173,"group":{"id":"settings","version":"2"},"event":{"state":true,"data":{"created":1581696320185,"invoked":true},"id":"UISettings"}}
{"recorder_version":"11","session":"95670d208841","build":"191.8026.42.35.6010548","bucket":"45","time":1581696320213,"group":{"id":"system.os","version":"1"},"event":{"state":true,"data":{"created":1581696320213,"version":"10.0"},"id":"Windows"}}
{"recorder_version":"11","session":"95670d208841","build":"191.8026.42.35.6010548","bucket":"45","time":1581696320213,"group":{"id":"system.os","version":"1"},"event":{"state":true,"data":{"created":1581696320213},"id":"invoked"}}
{"recorder_version":"11","session":"95670d208841","build":"191.8026.42.35.6010548","bucket":"45","time":1581696320213,"group":{"id":"system.java","version":"1"},"event":{"state":true,"data":{"created":1581696320213,"version":"1.8"},"id":"JetBrains"}}
{"recorder_version":"11","session":"95670d208841","build":"191.8026.42.35.6010548","bucket":"45","time":1581696320213,"group":{"id":"system.java","version":"1"},"event":{"state":true,"data":{"created":1581696320213},"id":"invoked"}}
{"recorder_version":"11","session":"95670d208841","build":"191.8026.42.35.6010548","bucket":"45","time":1581696321888,"group":{"id":"settings","version":"2"},"event":{"state":true,"data":{"created":1581696321888,"invoked":true},"id":"GeneralSettings"}}
{"recorder_version":"11","session":"95670d208841","build":"191.8026.42.35.6010548","bucket":"45","time":1581696325012,"group":{"id":"performance","version":"11"},"event":{"count":1,"data":{"duration_ms":2404,"created":1581696325016},"id":"ui.latency"}}
{"recorder_version":"11","session":"95670d208841","build":"191.8026.42.35.6010548","bucket":"45","time":1581696325012,"group":{"id":"performance","version":"11"},"event":{"count":1,"data":{"duration_ms":2404,"created":1581696325016},"id":"ui.lagging"}}
{"recorder_version":"11","session":"95670d208841","build":"191.8026.42.35.6010548","bucket":"45","time":1581696325012,"group":{"id":"performance","version":"11"},"event":{"count":1,"data":{"duration_ms":1400,"created":1581696325016},"id":"ui.lagging"}}
{"recorder_version":"11","session":"95670d208841","build":"191.8026.42.35.6010548","bucket":"45","time":1581696325016,"group":{"id":"performance","version":"11"},"event":{"count":1,"data":{"duration_ms":390,"created":1581696325016},"id":"ui.lagging"}}
{"recorder_version":"11","session":"95670d208841","build":"191.8026.42.35.6010548","bucket":"45","time":1581696325378,"group":{"id":"ui.dialogs","version":"11"},"event":{"count":1,"data":{"created":1581696325378,"plugin_type":"PLATFORM","type":"show"},"id":"com.intellij.openapi.progress.util.ProgressDialog$MyDialogWrapper"}}
{"recorder_version":"11","session":"95670d208841","build":"191.8026.42.35.6010548","bucket":"45","time":1581696329010,"group":{"id":"ui.dialogs","version":"11"},"event":{"count":1,"data":{"code":1,"created":1581696329010,"plugin_type":"PLATFORM","type":"close"},"id":"com.intellij.openapi.progress.util.ProgressDialog$MyDialogWrapper"}}
{"recorder_version":"11","session":"95670d208841","build":"191.8026.42.35.6010548","bucket":"45","time":1581696329026,"group":{"id":"lifecycle","version":"11"},"event":{"count":1,"data":{"created":1581696329026,"project":"e34beb87dd0aaa7eb98b502df2478e9f9740d3b6014252c91479ccc8ae8eb023"},"id":"project.opened"}}
{"recorder_version":"11","session":"95670d208841","build":"191.8026.42.35.6010548","bucket":"45","time":1581696334017,"group":{"id":"performance","version":"11"},"event":{"count":1,"data":{"duration_ms":4328,"created":1581696334017},"id":"ui.lagging"}}
{"recorder_version":"11","session":"95670d208841","build":"191.8026.42.35.6010548","bucket":"45","time":1581696334017,"group":{"id":"performance","version":"11"},"event":{"count":1,"data":{"duration_ms":3328,"created":1581696334017},"id":"ui.lagging"}}
{"recorder_version":"11","session":"95670d208841","build":"191.8026.42.35.6010548","bucket":"45","time":1581696334017,"group":{"id":"performance","version":"11"},"event":{"count":1,"data":{"duration_ms":2309,"created":1581696334017},"id":"ui.lagging"}}
{"recorder_version":"11","session":"95670d208841","build":"191.8026.42.35.6010548","bucket":"45","time":1581696334017,"group":{"id":"performance","version":"11"},"event":{"count":1,"data":{"duration_ms":1300,"created":1581696334017},"id":"ui.lagging"}}
{"recorder_version":"11","session":"95670d208841","build":"191.8026.42.35.6010548","bucket":"45","time":1581696334017,"group":{"id":"performance","version":"11"},"event":{"count":1,"data":{"duration_ms":296,"created":1581696334017},"id":"ui.lagging"}}
{"recorder_version":"11","session":"95670d208841","build":"191.8026.42.35.6010548","bucket":"45","time":1581696334129,"group":{"id":"ui.dialogs","version":"11"},"event":{"count":1,"data":{"created":1581696334129,"plugin_type":"PLATFORM","type":"show"},"id":"com.intellij.openapi.progress.util.ProgressDialog$MyDialogWrapper"}}
{"recorder_version":"11","session":"95670d208841","build":"191.8026.42.35.6010548","bucket":"45","time":1581696338667,"group":{"id":"file.types.usage","version":"11"},"event":{"count":1,"data":{"schema":"Gradle","plugin":"org.intellij.groovy","created":1581696338667,"plugin_type":"JB_BUNDLED","project":"e34beb87dd0aaa7eb98b502df2478e9f9740d3b6014252c91479ccc8ae8eb023","type":"open"},"id":"Groovy"}}
{"recorder_version":"11","session":"95670d208841","build":"191.8026.42.35.6010548","bucket":"45","time":1581696338667,"group":{"id":"performance","version":"11"},"event":{"count":1,"data":{"duration_ms":913,"created":1581696338667},"id":"ui.lagging"}}
{"recorder_version":"11","session":"95670d208841","build":"191.8026.42.35.6010548","bucket":"45","time":1581696338995,"group":{"id":"file.types.usage","version":"11"},"event":{"count":1,"data":{"plugin":"org.jetbrains.kotlin","created":1581696338995,"plugin_type":"JB_NOT_BUNDLED","project":"e34beb87dd0aaa7eb98b502df2478e9f9740d3b6014252c91479ccc8ae8eb023","type":"open"},"id":"Kotlin"}}
{"recorder_version":"11","session":"95670d208841","build":"191.8026.42.35.6010548","bucket":"45","time":1581696338995,"group":{"id":"performance","version":"11"},"event":{"count":1,"data":{"duration_ms":234,"created":1581696338995},"id":"ui.lagging"}}
{"recorder_version":"11","session":"95670d208841","build":"191.8026.42.35.6010548","bucket":"45","time":1581696339073,"group":{"id":"file.types.usage","version":"11"},"event":{"count":1,"data":{"created":1581696339073,"plugin_type":"PLATFORM","project":"e34beb87dd0aaa7eb98b502df2478e9f9740d3b6014252c91479ccc8ae8eb023","type":"open"},"id":"XML"}}
{"recorder_version":"11","session":"95670d208841","build":"191.8026.42.35.6010548","bucket":"45","time":1581696339135,"group":{"id":"file.types.usage","version":"11"},"event":{"count":2,"data":{"plugin":"org.jetbrains.kotlin","last":1581696339245,"created":1581696339135,"plugin_type":"JB_NOT_BUNDLED","project":"e34beb87dd0aaa7eb98b502df2478e9f9740d3b6014252c91479ccc8ae8eb023","type":"open"},"id":"Kotlin"}}
{"recorder_version":"11","session":"95670d208841","build":"191.8026.42.35.6010548","bucket":"45","time":1581696339333,"group":{"id":"file.types.usage","version":"11"},"event":{"count":1,"data":{"plugin":"com.intellij.properties","created":1581696339333,"plugin_type":"JB_BUNDLED","project":"e34beb87dd0aaa7eb98b502df2478e9f9740d3b6014252c91479ccc8ae8eb023","type":"open"},"id":"Properties"}}
{"recorder_version":"11","session":"95670d208841","build":"191.8026.42.35.6010548","bucket":"45","time":1581696339377,"group":{"id":"file.types.usage","version":"11"},"event":{"count":1,"data":{"created":1581696339377,"plugin_type":"PLATFORM","project":"e34beb87dd0aaa7eb98b502df2478e9f9740d3b6014252c91479ccc8ae8eb023","type":"open"},"id":"XML"}}
{"recorder_version":"11","session":"95670d208841","build":"191.8026.42.35.6010548","bucket":"45","time":1581696339445,"group":{"id":"file.types.usage","version":"11"},"event":{"count":2,"data":{"plugin":"org.jetbrains.kotlin","last":1581696339497,"created":1581696339445,"plugin_type":"JB_NOT_BUNDLED","project":"e34beb87dd0aaa7eb98b502df2478e9f9740d3b6014252c91479ccc8ae8eb023","type":"open"},"id":"Kotlin"}}
{"recorder_version":"11","session":"95670d208841","build":"191.8026.42.35.6010548","bucket":"45","time":1581696339693,"group":{"id":"file.types.usage","version":"11"},"event":{"count":1,"data":{"created":1581696339693,"plugin_type":"PLATFORM","project":"e34beb87dd0aaa7eb98b502df2478e9f9740d3b6014252c91479ccc8ae8eb023","type":"open"},"id":"XML"}}
{"recorder_version":"11","session":"95670d208841","build":"191.8026.42.35.6010548","bucket":"45","time":1581696339761,"group":{"id":"toolwindow","version":"11"},"event":{"count":1,"data":{"os":"Windows","created":1581696339761,"plugin_type":"PLATFORM"},"id":"Project"}}
{"recorder_version":"11","session":"95670d208841","build":"191.8026.42.35.6010548","bucket":"45","time":1581696340145,"group":{"id":"lifecycle","version":"11"},"event":{"count":1,"data":{"eap":false,"created":1581696340149},"id":"ide.start"}}
{"recorder_version":"11","session":"95670d208841","build":"191.8026.42.35.6010548","bucket":"45","time":1581696340501,"group":{"id":"performance","version":"11"},"event":{"count":1,"data":{"duration_ms":736,"created":1581696340501},"id":"ui.lagging"}}
{"recorder_version":"11","session":"95670d208841","build":"191.8026.42.35.6010548","bucket":"45","time":1581696340671,"group":{"id":"project.fs","version":"1"},"event":{"state":true,"data":{"os":"Windows","cs-project":false,"created":1581696340671,"project":"e34beb87dd0aaa7eb98b502df2478e9f9740d3b6014252c91479ccc8ae8eb023","cs-implicit":true,"cs-system":false},"id":"case-sensitivity"}}
{"recorder_version":"11","session":"95670d208841","build":"191.8026.42.35.6010548","bucket":"45","time":1581696340671,"group":{"id":"project.fs","version":"1"},"event":{"state":true,"data":{"created":1581696340671},"id":"invoked"}}
{"recorder_version":"11","session":"95670d208841","build":"191.8026.42.35.6010548","bucket":"45","time":1581696340671,"group":{"id":"project.fs","version":"1"},"event":{"state":true,"data":{"pct-non-watched":0,"created":1581696340671,"project":"e34beb87dd0aaa7eb98b502df2478e9f9740d3b6014252c91479ccc8ae8eb023"},"id":"roots-watched"}}
{"recorder_version":"11","session":"95670d208841","build":"191.8026.42.35.6010548","bucket":"45","time":1581696340671,"group":{"id":"project.fs","version":"1"},"event":{"state":true,"data":{"created":1581696340671},"id":"invoked"}}
{"recorder_version":"11","session":"95670d208841","build":"191.8026.42.35.6010548","bucket":"45","time":1581696340749,"group":{"id":"ui.tips","version":"1"},"event":{"count":1,"data":{"created":1581696340749},"id":"shown.automatically"}}
{"recorder_version":"11","session":"95670d208841","build":"191.8026.42.35.6010548","bucket":"45","time":1581696340842,"group":{"id":"ui.dialogs","version":"11"},"event":{"count":1,"data":{"created":1581696340842,"plugin_type":"PLATFORM","type":"show"},"id":"com.intellij.ide.util.TipDialog"}}
{"recorder_version":"11","session":"95670d208841","build":"191.8026.42.35.6010548","bucket":"45","time":1581696341147,"group":{"id":"performance","version":"11"},"event":{"count":1,"data":{"duration_ms":367,"created":1581696341147},"id":"ui.lagging"}}
{"recorder_version":"11","session":"95670d208841","build":"191.8026.42.35.6010548","bucket":"45","time":1581696341650,"group":{"id":"ui.dialogs","version":"11"},"event":{"count":1,"data":{"code":1,"created":1581696341650,"plugin_type":"PLATFORM","type":"close"},"id":"com.intellij.openapi.progress.util.ProgressDialog$MyDialogWrapper"}}
{"recorder_version":"11","session":"95670d208841","build":"191.8026.42.35.6010548","bucket":"45","time":1581696343159,"group":{"id":"lifecycle","version":"11"},"event":{"count":1,"data":{"created":1581696343163,"time_ms":18288,"project":"e34beb87dd0aaa7eb98b502df2478e9f9740d3b6014252c91479ccc8ae8eb023"},"id":"project.opening.finished"}}
{"recorder_version":"11","session":"95670d208841","build":"191.8026.42.35.6010548","bucket":"45","time":1581696343167,"group":{"id":"performance","version":"11"},"event":{"count":1,"data":{"duration_ms":1372,"created":1581696343167},"id":"ui.lagging"}}
{"recorder_version":"11","session":"95670d208841","build":"191.8026.42.35.6010548","bucket":"45","time":1581696343167,"group":{"id":"performance","version":"11"},"event":{"count":1,"data":{"duration_ms":372,"created":1581696343167},"id":"ui.lagging"}}
{"recorder_version":"11","session":"95670d208841","build":"191.8026.42.35.6010548","bucket":"45","time":1581696344050,"group":{"id":"performance","version":"11"},"event":{"count":1,"data":{"duration_ms":253,"created":1581696344050},"id":"ui.lagging"}}
{"recorder_version":"11","session":"95670d208841","build":"191.8026.42.35.6010548","bucket":"45","time":1581696344946,"group":{"id":"performance","version":"11"},"event":{"count":1,"data":{"duration_ms":132,"created":1581696344946},"id":"ui.lagging"}}
{"recorder_version":"11","session":"95670d208841","build":"191.8026.42.35.6010548","bucket":"45","time":1581696350288,"group":{"id":"performance","version":"11"},"event":{"count":1,"data":{"duration_ms":2444,"created":1581696350608},"id":"ui.lagging"}}
{"recorder_version":"11","session":"95670d208841","build":"191.8026.42.35.6010548","bucket":"45","time":1581696350304,"group":{"id":"performance","version":"11"},"event":{"count":1,"data":{"duration_ms":1456,"created":1581696350608},"id":"ui.lagging"}}
{"recorder_version":"11","session":"95670d208841","build":"191.8026.42.35.6010548","bucket":"45","time":1581696350304,"group":{"id":"performance","version":"11"},"event":{"count":1,"data":{"duration_ms":448,"created":1581696350608},"id":"ui.lagging"}}
{"recorder_version":"11","session":"95670d208841","build":"191.8026.42.35.6010548","bucket":"45","time":1581696352388,"group":{"id":"performance","version":"11"},"event":{"count":1,"data":{"duration_ms":1516,"created":1581696352388},"id":"ui.lagging"}}
{"recorder_version":"11","session":"95670d208841","build":"191.8026.42.35.6010548","bucket":"45","time":1581696352396,"group":{"id":"performance","version":"11"},"event":{"count":1,"data":{"duration_ms":520,"created":1581696352404},"id":"ui.lagging"}}
{"recorder_version":"11","session":"95670d208841","build":"191.8026.42.35.6010548","bucket":"45","time":1581696425697,"group":{"id":"performance","version":"11"},"event":{"count":1,"data":{"duration_ms":0,"created":1581696425698},"id":"ui.latency"}}
{"recorder_version":"11","session":"95670d208841","build":"191.8026.42.35.6010548","bucket":"45","time":1581696525970,"group":{"id":"performance","version":"11"},"event":{"count":1,"data":{"duration_ms":0,"created":1581696525970},"id":"ui.latency"}}
{"recorder_version":"11","session":"95670d208841","build":"191.8026.42.35.6010548","bucket":"45","time":1581696619844,"group":{"id":"ui.dialogs","version":"11"},"event":{"count":1,"data":{"created":1581696619844,"plugin_type":"PLATFORM","type":"show"},"id":"com.intellij.openapi.ui.messages.MessageDialog"}}
{"recorder_version":"11","session":"95670d208841","build":"191.8026.42.35.6010548","bucket":"45","time":1581696620177,"group":{"id":"ui.dialogs","version":"11"},"event":{"count":1,"data":{"code":2,"created":1581696620177,"plugin_type":"PLATFORM","type":"close"},"id":"com.intellij.openapi.ui.messages.MessageDialog"}}
{"recorder_version":"11","session":"95670d208841","build":"191.8026.42.35.6010548","bucket":"45","time":1581696620461,"group":{"id":"ui.dialogs","version":"11"},"event":{"count":1,"data":{"created":1581696620461,"plugin_type":"PLATFORM","type":"show"},"id":"com.intellij.openapi.ui.messages.MessageDialog"}}
{"recorder_version":"11","session":"95670d208841","build":"191.8026.42.35.6010548","bucket":"45","time":1581696621062,"group":{"id":"actions","version":"11"},"event":{"count":1,"data":{"context_menu":false,"os":"Windows","created":1581696621062,"plugin_type":"PLATFORM","project":"e34beb87dd0aaa7eb98b502df2478e9f9740d3b6014252c91479ccc8ae8eb023","place":"MainMenu","input_event":"Enter"},"id":"com.intellij.openapi.ui.DialogWrapper$6"}}
{"recorder_version":"11","session":"95670d208841","build":"191.8026.42.35.6010548","bucket":"45","time":1581696621160,"group":{"id":"lifecycle","version":"11"},"event":{"count":1,"data":{"restart":false,"created":1581696621160},"id":"ide.close"}}
{"recorder_version":"11","session":"95670d208841","build":"191.8026.42.35.6010548","bucket":"45","time":1581696621393,"group":{"id":"lifecycle","version":"11"},"event":{"count":1,"data":{"created":1581696621393,"project":"e34beb87dd0aaa7eb98b502df2478e9f9740d3b6014252c91479ccc8ae8eb023"},"id":"project.closed"}}
