{"recorder_version":"11","session":"98b7f6da091e","build":"191.8026.42.35.6010548","bucket":"45","time":1581678542163,"group":{"id":"settings","version":"2"},"event":{"state":true,"data":{"created":1581678542164,"invoked":true},"id":"NotRoamableUiSettings"}}
{"recorder_version":"11","session":"98b7f6da091e","build":"191.8026.42.35.6010548","bucket":"45","time":1581678542168,"group":{"id":"system.os","version":"1"},"event":{"state":true,"data":{"created":1581678542178,"version":"10.0"},"id":"Windows"}}
{"recorder_version":"11","session":"98b7f6da091e","build":"191.8026.42.35.6010548","bucket":"45","time":1581678542168,"group":{"id":"system.os","version":"1"},"event":{"state":true,"data":{"created":1581678542190},"id":"invoked"}}
{"recorder_version":"11","session":"98b7f6da091e","build":"191.8026.42.35.6010548","bucket":"45","time":1581678542168,"group":{"id":"system.java","version":"1"},"event":{"state":true,"data":{"created":1581678542191,"version":"1.8"},"id":"JetBrains"}}
{"recorder_version":"11","session":"98b7f6da091e","build":"191.8026.42.35.6010548","bucket":"45","time":1581678542168,"group":{"id":"system.java","version":"1"},"event":{"state":true,"data":{"created":1581678542192},"id":"invoked"}}
{"recorder_version":"11","session":"98b7f6da091e","build":"191.8026.42.35.6010548","bucket":"45","time":1581678542183,"group":{"id":"settings","version":"2"},"event":{"state":true,"data":{"default":false,"created":1581678542193,"name":"pinFindInPath","value":true},"id":"UISettings"}}
{"recorder_version":"11","session":"98b7f6da091e","build":"191.8026.42.35.6010548","bucket":"45","time":1581678542183,"group":{"id":"settings","version":"2"},"event":{"state":true,"data":{"created":1581678542194,"invoked":true},"id":"UISettings"}}
{"recorder_version":"11","session":"98b7f6da091e","build":"191.8026.42.35.6010548","bucket":"45","time":1581678543648,"group":{"id":"settings","version":"2"},"event":{"state":true,"data":{"created":1581678543648,"invoked":true},"id":"GeneralSettings"}}
{"recorder_version":"11","session":"98b7f6da091e","build":"191.8026.42.35.6010548","bucket":"45","time":1581678547030,"group":{"id":"performance","version":"11"},"event":{"count":1,"data":{"duration_ms":2639,"created":1581678547030},"id":"ui.latency"}}
{"recorder_version":"11","session":"98b7f6da091e","build":"191.8026.42.35.6010548","bucket":"45","time":1581678547030,"group":{"id":"performance","version":"11"},"event":{"count":1,"data":{"duration_ms":2639,"created":1581678547031},"id":"ui.lagging"}}
{"recorder_version":"11","session":"98b7f6da091e","build":"191.8026.42.35.6010548","bucket":"45","time":1581678547031,"group":{"id":"performance","version":"11"},"event":{"count":1,"data":{"duration_ms":1633,"created":1581678547031},"id":"ui.lagging"}}
{"recorder_version":"11","session":"98b7f6da091e","build":"191.8026.42.35.6010548","bucket":"45","time":1581678547032,"group":{"id":"performance","version":"11"},"event":{"count":1,"data":{"duration_ms":628,"created":1581678547032},"id":"ui.lagging"}}
{"recorder_version":"11","session":"98b7f6da091e","build":"191.8026.42.35.6010548","bucket":"45","time":1581678547366,"group":{"id":"ui.dialogs","version":"11"},"event":{"count":1,"data":{"created":1581678547366,"plugin_type":"PLATFORM","type":"show"},"id":"com.intellij.openapi.progress.util.ProgressDialog$MyDialogWrapper"}}
{"recorder_version":"11","session":"98b7f6da091e","build":"191.8026.42.35.6010548","bucket":"45","time":1581678549817,"group":{"id":"ui.dialogs","version":"11"},"event":{"count":1,"data":{"code":1,"created":1581678549821,"plugin_type":"PLATFORM","type":"close"},"id":"com.intellij.openapi.progress.util.ProgressDialog$MyDialogWrapper"}}
{"recorder_version":"11","session":"98b7f6da091e","build":"191.8026.42.35.6010548","bucket":"45","time":1581678549830,"group":{"id":"lifecycle","version":"11"},"event":{"count":1,"data":{"created":1581678549830,"project":"e34beb87dd0aaa7eb98b502df2478e9f9740d3b6014252c91479ccc8ae8eb023"},"id":"project.opened"}}
{"recorder_version":"11","session":"98b7f6da091e","build":"191.8026.42.35.6010548","bucket":"45","time":1581678553006,"group":{"id":"performance","version":"11"},"event":{"count":1,"data":{"duration_ms":2592,"created":1581678553006},"id":"ui.lagging"}}
{"recorder_version":"11","session":"98b7f6da091e","build":"191.8026.42.35.6010548","bucket":"45","time":1581678553006,"group":{"id":"performance","version":"11"},"event":{"count":1,"data":{"duration_ms":1590,"created":1581678553006},"id":"ui.lagging"}}
{"recorder_version":"11","session":"98b7f6da091e","build":"191.8026.42.35.6010548","bucket":"45","time":1581678553006,"group":{"id":"performance","version":"11"},"event":{"count":1,"data":{"duration_ms":590,"created":1581678553007},"id":"ui.lagging"}}
{"recorder_version":"11","session":"98b7f6da091e","build":"191.8026.42.35.6010548","bucket":"45","time":1581678553097,"group":{"id":"ui.dialogs","version":"11"},"event":{"count":1,"data":{"created":1581678553097,"plugin_type":"PLATFORM","type":"show"},"id":"com.intellij.openapi.progress.util.ProgressDialog$MyDialogWrapper"}}
{"recorder_version":"11","session":"98b7f6da091e","build":"191.8026.42.35.6010548","bucket":"45","time":1581678555144,"group":{"id":"file.types.usage","version":"11"},"event":{"count":1,"data":{"schema":"Gradle","plugin":"org.intellij.groovy","created":1581678555144,"plugin_type":"JB_BUNDLED","project":"e34beb87dd0aaa7eb98b502df2478e9f9740d3b6014252c91479ccc8ae8eb023","type":"open"},"id":"Groovy"}}
{"recorder_version":"11","session":"98b7f6da091e","build":"191.8026.42.35.6010548","bucket":"45","time":1581678555151,"group":{"id":"performance","version":"11"},"event":{"count":1,"data":{"duration_ms":729,"created":1581678555151},"id":"ui.lagging"}}
{"recorder_version":"11","session":"98b7f6da091e","build":"191.8026.42.35.6010548","bucket":"45","time":1581678555347,"group":{"id":"file.types.usage","version":"11"},"event":{"count":3,"data":{"last":1581678555446,"created":1581678555347,"plugin_type":"PLATFORM","project":"e34beb87dd0aaa7eb98b502df2478e9f9740d3b6014252c91479ccc8ae8eb023","type":"open"},"id":"XML"}}
{"recorder_version":"11","session":"98b7f6da091e","build":"191.8026.42.35.6010548","bucket":"45","time":1581678555511,"group":{"id":"file.types.usage","version":"11"},"event":{"count":1,"data":{"plugin":"com.intellij.properties","created":1581678555511,"plugin_type":"JB_BUNDLED","project":"e34beb87dd0aaa7eb98b502df2478e9f9740d3b6014252c91479ccc8ae8eb023","type":"open"},"id":"Properties"}}
{"recorder_version":"11","session":"98b7f6da091e","build":"191.8026.42.35.6010548","bucket":"45","time":1581678555746,"group":{"id":"file.types.usage","version":"11"},"event":{"count":1,"data":{"plugin":"org.jetbrains.kotlin","created":1581678555746,"plugin_type":"JB_NOT_BUNDLED","project":"e34beb87dd0aaa7eb98b502df2478e9f9740d3b6014252c91479ccc8ae8eb023","type":"open"},"id":"Kotlin"}}
{"recorder_version":"11","session":"98b7f6da091e","build":"191.8026.42.35.6010548","bucket":"45","time":1581678556003,"group":{"id":"file.types.usage","version":"11"},"event":{"count":1,"data":{"created":1581678556003,"plugin_type":"PLATFORM","project":"e34beb87dd0aaa7eb98b502df2478e9f9740d3b6014252c91479ccc8ae8eb023","type":"open"},"id":"JAVA"}}
{"recorder_version":"11","session":"98b7f6da091e","build":"191.8026.42.35.6010548","bucket":"45","time":1581678556197,"group":{"id":"file.types.usage","version":"11"},"event":{"count":1,"data":{"plugin":"org.jetbrains.kotlin","created":1581678556197,"plugin_type":"JB_NOT_BUNDLED","project":"e34beb87dd0aaa7eb98b502df2478e9f9740d3b6014252c91479ccc8ae8eb023","type":"open"},"id":"Kotlin"}}
{"recorder_version":"11","session":"98b7f6da091e","build":"191.8026.42.35.6010548","bucket":"45","time":1581678556270,"group":{"id":"file.types.usage","version":"11"},"event":{"count":1,"data":{"schema":"Gradle","plugin":"org.intellij.groovy","created":1581678556270,"plugin_type":"JB_BUNDLED","project":"e34beb87dd0aaa7eb98b502df2478e9f9740d3b6014252c91479ccc8ae8eb023","type":"open"},"id":"Groovy"}}
{"recorder_version":"11","session":"98b7f6da091e","build":"191.8026.42.35.6010548","bucket":"45","time":1581678556733,"group":{"id":"lifecycle","version":"11"},"event":{"count":1,"data":{"eap":false,"created":1581678556733},"id":"ide.start"}}
{"recorder_version":"11","session":"98b7f6da091e","build":"191.8026.42.35.6010548","bucket":"45","time":1581678557024,"group":{"id":"performance","version":"11"},"event":{"count":1,"data":{"duration_ms":599,"created":1581678557024},"id":"ui.lagging"}}
{"recorder_version":"11","session":"98b7f6da091e","build":"191.8026.42.35.6010548","bucket":"45","time":1581678557326,"group":{"id":"ui.tips","version":"1"},"event":{"count":1,"data":{"created":1581678557326},"id":"shown.automatically"}}
{"recorder_version":"11","session":"98b7f6da091e","build":"191.8026.42.35.6010548","bucket":"45","time":1581678557363,"group":{"id":"ui.dialogs","version":"11"},"event":{"count":1,"data":{"created":1581678557363,"plugin_type":"PLATFORM","type":"show"},"id":"com.intellij.ide.util.TipDialog"}}
{"recorder_version":"11","session":"98b7f6da091e","build":"191.8026.42.35.6010548","bucket":"45","time":1581678557418,"group":{"id":"project.fs","version":"1"},"event":{"state":true,"data":{"os":"Windows","cs-project":false,"created":1581678557418,"project":"e34beb87dd0aaa7eb98b502df2478e9f9740d3b6014252c91479ccc8ae8eb023","cs-implicit":true,"cs-system":false},"id":"case-sensitivity"}}
{"recorder_version":"11","session":"98b7f6da091e","build":"191.8026.42.35.6010548","bucket":"45","time":1581678557418,"group":{"id":"project.fs","version":"1"},"event":{"state":true,"data":{"created":1581678557418},"id":"invoked"}}
{"recorder_version":"11","session":"98b7f6da091e","build":"191.8026.42.35.6010548","bucket":"45","time":1581678557418,"group":{"id":"project.fs","version":"1"},"event":{"state":true,"data":{"pct-non-watched":0,"created":1581678557418,"project":"e34beb87dd0aaa7eb98b502df2478e9f9740d3b6014252c91479ccc8ae8eb023"},"id":"roots-watched"}}
{"recorder_version":"11","session":"98b7f6da091e","build":"191.8026.42.35.6010548","bucket":"45","time":1581678557418,"group":{"id":"project.fs","version":"1"},"event":{"state":true,"data":{"created":1581678557418},"id":"invoked"}}
{"recorder_version":"11","session":"98b7f6da091e","build":"191.8026.42.35.6010548","bucket":"45","time":1581678557817,"group":{"id":"performance","version":"11"},"event":{"count":1,"data":{"duration_ms":392,"created":1581678557817},"id":"ui.lagging"}}
{"recorder_version":"11","session":"98b7f6da091e","build":"191.8026.42.35.6010548","bucket":"45","time":1581678558107,"group":{"id":"ui.dialogs","version":"11"},"event":{"count":1,"data":{"code":1,"created":1581678558107,"plugin_type":"PLATFORM","type":"close"},"id":"com.intellij.openapi.progress.util.ProgressDialog$MyDialogWrapper"}}
{"recorder_version":"11","session":"98b7f6da091e","build":"191.8026.42.35.6010548","bucket":"45","time":1581678560110,"group":{"id":"lifecycle","version":"11"},"event":{"count":1,"data":{"created":1581678560113,"time_ms":13225,"project":"e34beb87dd0aaa7eb98b502df2478e9f9740d3b6014252c91479ccc8ae8eb023"},"id":"project.opening.finished"}}
{"recorder_version":"11","session":"98b7f6da091e","build":"191.8026.42.35.6010548","bucket":"45","time":1581678561303,"group":{"id":"performance","version":"11"},"event":{"count":1,"data":{"duration_ms":2876,"created":1581678561303},"id":"ui.lagging"}}
{"recorder_version":"11","session":"98b7f6da091e","build":"191.8026.42.35.6010548","bucket":"45","time":1581678561306,"group":{"id":"ui.dialogs","version":"11"},"event":{"count":1,"data":{"code":1,"created":1581678561306,"plugin_type":"PLATFORM","type":"close"},"id":"com.intellij.ide.util.TipDialog"}}
{"recorder_version":"11","session":"98b7f6da091e","build":"191.8026.42.35.6010548","bucket":"45","time":1581678561380,"group":{"id":"performance","version":"11"},"event":{"count":1,"data":{"duration_ms":1582,"created":1581678561380},"id":"ui.lagging"}}
{"recorder_version":"11","session":"98b7f6da091e","build":"191.8026.42.35.6010548","bucket":"45","time":1581678561601,"group":{"id":"performance","version":"11"},"event":{"count":1,"data":{"duration_ms":301,"created":1581678561601},"id":"ui.lagging"}}
{"recorder_version":"11","session":"98b7f6da091e","build":"191.8026.42.35.6010548","bucket":"45","time":1581678562651,"group":{"id":"performance","version":"11"},"event":{"count":1,"data":{"duration_ms":351,"created":1581678562651},"id":"ui.lagging"}}
{"recorder_version":"11","session":"98b7f6da091e","build":"191.8026.42.35.6010548","bucket":"45","time":1581678564602,"group":{"id":"performance","version":"11"},"event":{"count":1,"data":{"duration_ms":102,"created":1581678564602},"id":"ui.lagging"}}
{"recorder_version":"11","session":"98b7f6da091e","build":"191.8026.42.35.6010548","bucket":"45","time":1581678605081,"group":{"id":"toolwindow","version":"11"},"event":{"count":1,"data":{"os":"Windows","created":1581678605081,"plugin_type":"PLATFORM"},"id":"Project"}}
{"recorder_version":"11","session":"98b7f6da091e","build":"191.8026.42.35.6010548","bucket":"45","time":1581678613828,"group":{"id":"actions","version":"11"},"event":{"count":1,"data":{"context_menu":false,"os":"Windows","created":1581678613828,"plugin_type":"PLATFORM","project":"e34beb87dd0aaa7eb98b502df2478e9f9740d3b6014252c91479ccc8ae8eb023","place":"NavBarToolbar","input_event":"MouseLeft"},"id":"com.intellij.execution.ExecutorRegistryImpl$ExecutorAction"}}
{"recorder_version":"11","session":"98b7f6da091e","build":"191.8026.42.35.6010548","bucket":"45","time":1581678613869,"group":{"id":"toolbar","version":"11"},"event":{"count":1,"data":{"os":"Windows","created":1581678613869,"plugin_type":"PLATFORM","place":"NavBarToolbar"},"id":"com.intellij.execution.ExecutorRegistryImpl$ExecutorAction"}}
{"recorder_version":"11","session":"98b7f6da091e","build":"191.8026.42.35.6010548","bucket":"45","time":1581678613950,"group":{"id":"run.configuration.exec","version":"11"},"event":{"count":1,"data":{"executor":"Run","created":1581678613950,"plugin_type":"NOT_LISTED","project":"e34beb87dd0aaa7eb98b502df2478e9f9740d3b6014252c91479ccc8ae8eb023"},"id":"third.party"}}
{"recorder_version":"11","session":"98b7f6da091e","build":"191.8026.42.35.6010548","bucket":"45","time":1581678628539,"group":{"id":"toolwindow","version":"11"},"event":{"count":3,"data":{"os":"Windows","last":1581678633234,"created":1581678628539,"plugin_type":"PLATFORM"},"id":"Run"}}
{"recorder_version":"11","session":"98b7f6da091e","build":"191.8026.42.35.6010548","bucket":"45","time":1581678647945,"group":{"id":"performance","version":"11"},"event":{"count":1,"data":{"duration_ms":0,"created":1581678647945},"id":"ui.latency"}}
{"recorder_version":"11","session":"98b7f6da091e","build":"191.8026.42.35.6010548","bucket":"45","time":1581678721338,"group":{"id":"toolwindow","version":"11"},"event":{"count":1,"data":{"os":"Windows","created":1581678721338,"plugin_type":"PLATFORM"},"id":"Project"}}
{"recorder_version":"11","session":"98b7f6da091e","build":"191.8026.42.35.6010548","bucket":"45","time":1581678726076,"group":{"id":"productivity","version":"11"},"event":{"count":1,"data":{"created":1581678726076},"id":"editing.select.word"}}
{"recorder_version":"11","session":"98b7f6da091e","build":"191.8026.42.35.6010548","bucket":"45","time":1581678726792,"group":{"id":"actions","version":"11"},"event":{"count":1,"data":{"context_menu":false,"os":"Windows","created":1581678726792,"plugin_type":"PLATFORM","project":"e34beb87dd0aaa7eb98b502df2478e9f9740d3b6014252c91479ccc8ae8eb023","place":"MainMenu","input_event":"Ctrl+C"},"id":"EditorCopy"}}
{"recorder_version":"11","session":"98b7f6da091e","build":"191.8026.42.35.6010548","bucket":"45","time":1581678746212,"group":{"id":"productivity","version":"11"},"event":{"count":2,"data":{"last":1581678746763,"created":1581678746212},"id":"editing.select.word"}}
{"recorder_version":"11","session":"98b7f6da091e","build":"191.8026.42.35.6010548","bucket":"45","time":1581678748030,"group":{"id":"performance","version":"11"},"event":{"count":1,"data":{"duration_ms":0,"created":1581678748030},"id":"ui.latency"}}
{"recorder_version":"11","session":"98b7f6da091e","build":"191.8026.42.35.6010548","bucket":"45","time":1581678761048,"group":{"id":"file.types.usage","version":"11"},"event":{"count":1,"data":{"plugin":"org.jetbrains.kotlin","created":1581678761048,"plugin_type":"JB_NOT_BUNDLED","project":"e34beb87dd0aaa7eb98b502df2478e9f9740d3b6014252c91479ccc8ae8eb023","type":"edit"},"id":"Kotlin"}}
{"recorder_version":"11","session":"98b7f6da091e","build":"191.8026.42.35.6010548","bucket":"45","time":1581678762835,"group":{"id":"actions","version":"11"},"event":{"count":1,"data":{"context_menu":false,"os":"Windows","created":1581678762835,"plugin_type":"PLATFORM","project":"e34beb87dd0aaa7eb98b502df2478e9f9740d3b6014252c91479ccc8ae8eb023","place":"MainMenu","input_event":"Ctrl+S"},"id":"SaveAll"}}
{"recorder_version":"11","session":"98b7f6da091e","build":"191.8026.42.35.6010548","bucket":"45","time":1581678763523,"group":{"id":"actions","version":"11"},"event":{"count":1,"data":{"context_menu":false,"os":"Windows","created":1581678763523,"plugin_type":"PLATFORM","project":"e34beb87dd0aaa7eb98b502df2478e9f9740d3b6014252c91479ccc8ae8eb023","place":"NavBarToolbar","input_event":"MouseLeft"},"id":"com.intellij.execution.ExecutorRegistryImpl$ExecutorAction"}}
{"recorder_version":"11","session":"98b7f6da091e","build":"191.8026.42.35.6010548","bucket":"45","time":1581678763527,"group":{"id":"toolbar","version":"11"},"event":{"count":1,"data":{"os":"Windows","created":1581678763527,"plugin_type":"PLATFORM","place":"NavBarToolbar"},"id":"com.intellij.execution.ExecutorRegistryImpl$ExecutorAction"}}
{"recorder_version":"11","session":"98b7f6da091e","build":"191.8026.42.35.6010548","bucket":"45","time":1581678763579,"group":{"id":"run.configuration.exec","version":"11"},"event":{"count":1,"data":{"executor":"Run","created":1581678763579,"plugin_type":"NOT_LISTED","project":"e34beb87dd0aaa7eb98b502df2478e9f9740d3b6014252c91479ccc8ae8eb023"},"id":"third.party"}}
{"recorder_version":"11","session":"98b7f6da091e","build":"191.8026.42.35.6010548","bucket":"45","time":1581678774519,"group":{"id":"toolwindow","version":"11"},"event":{"count":1,"data":{"os":"Windows","created":1581678774519,"plugin_type":"PLATFORM"},"id":"Build"}}
{"recorder_version":"11","session":"98b7f6da091e","build":"191.8026.42.35.6010548","bucket":"45","time":1581678789361,"group":{"id":"toolwindow","version":"11"},"event":{"count":1,"data":{"os":"Windows","created":1581678789361,"plugin_type":"PLATFORM"},"id":"Project"}}
{"recorder_version":"11","session":"98b7f6da091e","build":"191.8026.42.35.6010548","bucket":"45","time":1581678793302,"group":{"id":"actions","version":"11"},"event":{"count":4,"data":{"context_menu":false,"os":"Windows","last":1581678794644,"created":1581678793302,"plugin_type":"PLATFORM","project":"e34beb87dd0aaa7eb98b502df2478e9f9740d3b6014252c91479ccc8ae8eb023","place":"MainMenu","input_event":"Ctrl+Z"},"id":"$Undo"}}
{"recorder_version":"11","session":"98b7f6da091e","build":"191.8026.42.35.6010548","bucket":"45","time":1581678847031,"group":{"id":"build.tools.actions","version":"1"},"event":{"count":1,"data":{"created":1581678847031},"id":"registered"}}
{"recorder_version":"11","session":"98b7f6da091e","build":"191.8026.42.35.6010548","bucket":"45","time":1581678847031,"group":{"id":"file.types.usage","version":"11"},"event":{"count":1,"data":{"created":1581678847031},"id":"registered"}}
{"recorder_version":"11","session":"98b7f6da091e","build":"191.8026.42.35.6010548","bucket":"45","time":1581678847031,"group":{"id":"actions.runAnything","version":"1"},"event":{"count":1,"data":{"created":1581678847031},"id":"registered"}}
{"recorder_version":"11","session":"98b7f6da091e","build":"191.8026.42.35.6010548","bucket":"45","time":1581678847031,"group":{"id":"toolwindow","version":"11"},"event":{"count":1,"data":{"created":1581678847031},"id":"registered"}}
{"recorder_version":"11","session":"98b7f6da091e","build":"191.8026.42.35.6010548","bucket":"45","time":1581678847031,"group":{"id":"live.templates","version":"11"},"event":{"count":1,"data":{"created":1581678847031},"id":"registered"}}
{"recorder_version":"11","session":"98b7f6da091e","build":"191.8026.42.35.6010548","bucket":"45","time":1581678847031,"group":{"id":"ide.self.update","version":"1"},"event":{"count":1,"data":{"created":1581678847032},"id":"registered"}}
{"recorder_version":"11","session":"98b7f6da091e","build":"191.8026.42.35.6010548","bucket":"45","time":1581678847031,"group":{"id":"cidr.testingFrameworks.usages","version":"1"},"event":{"count":1,"data":{"created":1581678847032},"id":"registered"}}
{"recorder_version":"11","session":"98b7f6da091e","build":"191.8026.42.35.6010548","bucket":"45","time":1581678847031,"group":{"id":"lifecycle","version":"11"},"event":{"count":1,"data":{"created":1581678847032},"id":"registered"}}
{"recorder_version":"11","session":"98b7f6da091e","build":"191.8026.42.35.6010548","bucket":"45","time":1581678847031,"group":{"id":"vcs.diff.trigger","version":"1"},"event":{"count":1,"data":{"created":1581678847032},"id":"registered"}}
{"recorder_version":"11","session":"98b7f6da091e","build":"191.8026.42.35.6010548","bucket":"45","time":1581678847031,"group":{"id":"vcs.log.trigger","version":"1"},"event":{"count":1,"data":{"created":1581678847032},"id":"registered"}}
{"recorder_version":"11","session":"98b7f6da091e","build":"191.8026.42.35.6010548","bucket":"45","time":1581678847031,"group":{"id":"productivity","version":"11"},"event":{"count":1,"data":{"created":1581678847032},"id":"registered"}}
{"recorder_version":"11","session":"98b7f6da091e","build":"191.8026.42.35.6010548","bucket":"45","time":1581678847031,"group":{"id":"debugger.breakpoints.usage","version":"1"},"event":{"count":1,"data":{"created":1581678847032},"id":"registered"}}
{"recorder_version":"11","session":"98b7f6da091e","build":"191.8026.42.35.6010548","bucket":"45","time":1581678847031,"group":{"id":"oc","version":"1"},"event":{"count":1,"data":{"created":1581678847032},"id":"registered"}}
{"recorder_version":"11","session":"98b7f6da091e","build":"191.8026.42.35.6010548","bucket":"45","time":1581678847031,"group":{"id":"intentions","version":"11"},"event":{"count":1,"data":{"created":1581678847032},"id":"registered"}}
{"recorder_version":"11","session":"98b7f6da091e","build":"191.8026.42.35.6010548","bucket":"45","time":1581678847031,"group":{"id":"ui.dialogs","version":"11"},"event":{"count":1,"data":{"created":1581678847032},"id":"registered"}}
{"recorder_version":"11","session":"98b7f6da091e","build":"191.8026.42.35.6010548","bucket":"45","time":1581678847031,"group":{"id":"vcs.back.forward.trigger","version":"1"},"event":{"count":1,"data":{"created":1581678847032},"id":"registered"}}
{"recorder_version":"11","session":"98b7f6da091e","build":"191.8026.42.35.6010548","bucket":"45","time":1581678847031,"group":{"id":"toolbar","version":"11"},"event":{"count":1,"data":{"created":1581678847032},"id":"registered"}}
{"recorder_version":"11","session":"98b7f6da091e","build":"191.8026.42.35.6010548","bucket":"45","time":1581678847031,"group":{"id":"build.gradle.actions","version":"1"},"event":{"count":1,"data":{"created":1581678847033},"id":"registered"}}
{"recorder_version":"11","session":"98b7f6da091e","build":"191.8026.42.35.6010548","bucket":"45","time":1581678847031,"group":{"id":"performance","version":"11"},"event":{"count":1,"data":{"created":1581678847033},"id":"registered"}}
{"recorder_version":"11","session":"98b7f6da091e","build":"191.8026.42.35.6010548","bucket":"45","time":1581678847031,"group":{"id":"searchEverywhere","version":"1"},"event":{"count":1,"data":{"created":1581678847033},"id":"registered"}}
{"recorder_version":"11","session":"98b7f6da091e","build":"191.8026.42.35.6010548","bucket":"45","time":1581678847031,"group":{"id":"ui.tips","version":"1"},"event":{"count":1,"data":{"created":1581678847033},"id":"registered"}}
{"recorder_version":"11","session":"98b7f6da091e","build":"191.8026.42.35.6010548","bucket":"45","time":1581678847031,"group":{"id":"import.old.config","version":"1"},"event":{"count":1,"data":{"created":1581678847033},"id":"registered"}}
{"recorder_version":"11","session":"98b7f6da091e","build":"191.8026.42.35.6010548","bucket":"45","time":1581678847031,"group":{"id":"json.schema","version":"1"},"event":{"count":1,"data":{"created":1581678847033},"id":"registered"}}
{"recorder_version":"11","session":"98b7f6da091e","build":"191.8026.42.35.6010548","bucket":"45","time":1581678847031,"group":{"id":"terminalShell","version":"1"},"event":{"count":1,"data":{"created":1581678847033},"id":"registered"}}
{"recorder_version":"11","session":"98b7f6da091e","build":"191.8026.42.35.6010548","bucket":"45","time":1581678847031,"group":{"id":"completion.postfix","version":"11"},"event":{"count":1,"data":{"created":1581678847033},"id":"registered"}}
{"recorder_version":"11","session":"98b7f6da091e","build":"191.8026.42.35.6010548","bucket":"45","time":1581678847031,"group":{"id":"actions","version":"11"},"event":{"count":1,"data":{"created":1581678847033},"id":"registered"}}
{"recorder_version":"11","session":"98b7f6da091e","build":"191.8026.42.35.6010548","bucket":"45","time":1581678847031,"group":{"id":"run.configuration.exec","version":"11"},"event":{"count":1,"data":{"created":1581678847033},"id":"registered"}}
{"recorder_version":"11","session":"98b7f6da091e","build":"191.8026.42.35.6010548","bucket":"45","time":1581678848314,"group":{"id":"performance","version":"11"},"event":{"count":1,"data":{"duration_ms":0,"created":1581678848314},"id":"ui.latency"}}
{"recorder_version":"11","session":"98b7f6da091e","build":"191.8026.42.35.6010548","bucket":"45","time":1581678948398,"group":{"id":"performance","version":"11"},"event":{"count":1,"data":{"duration_ms":0,"created":1581678948398},"id":"ui.latency"}}
{"recorder_version":"11","session":"98b7f6da091e","build":"191.8026.42.35.6010548","bucket":"45","time":1581678979459,"group":{"id":"actions","version":"11"},"event":{"count":1,"data":{"context_menu":false,"os":"Windows","created":1581678979459,"plugin_type":"PLATFORM","project":"e34beb87dd0aaa7eb98b502df2478e9f9740d3b6014252c91479ccc8ae8eb023","place":"NavBarToolbar","input_event":"MouseLeft"},"id":"com.intellij.execution.ExecutorRegistryImpl$ExecutorAction"}}
{"recorder_version":"11","session":"98b7f6da091e","build":"191.8026.42.35.6010548","bucket":"45","time":1581678979462,"group":{"id":"toolbar","version":"11"},"event":{"count":1,"data":{"os":"Windows","created":1581678979462,"plugin_type":"PLATFORM","place":"NavBarToolbar"},"id":"com.intellij.execution.ExecutorRegistryImpl$ExecutorAction"}}
{"recorder_version":"11","session":"98b7f6da091e","build":"191.8026.42.35.6010548","bucket":"45","time":1581678979514,"group":{"id":"run.configuration.exec","version":"11"},"event":{"count":1,"data":{"executor":"Run","created":1581678979514,"plugin_type":"NOT_LISTED","project":"e34beb87dd0aaa7eb98b502df2478e9f9740d3b6014252c91479ccc8ae8eb023"},"id":"third.party"}}
{"recorder_version":"11","session":"98b7f6da091e","build":"191.8026.42.35.6010548","bucket":"45","time":1581678999038,"group":{"id":"toolwindow","version":"11"},"event":{"count":3,"data":{"os":"Windows","last":1581679001219,"created":1581678999038,"plugin_type":"PLATFORM"},"id":"Run"}}
{"recorder_version":"11","session":"98b7f6da091e","build":"191.8026.42.35.6010548","bucket":"45","time":1581679011100,"group":{"id":"toolwindow","version":"11"},"event":{"count":1,"data":{"os":"Windows","created":1581679011100,"plugin_type":"PLATFORM"},"id":"Project"}}
{"recorder_version":"11","session":"98b7f6da091e","build":"191.8026.42.35.6010548","bucket":"45","time":1581679013369,"group":{"id":"actions","version":"11"},"event":{"count":1,"data":{"context_menu":false,"os":"Windows","created":1581679013369,"plugin_type":"PLATFORM","project":"e34beb87dd0aaa7eb98b502df2478e9f9740d3b6014252c91479ccc8ae8eb023","place":"MainMenu","input_event":"Ctrl+A"},"id":"$SelectAll"}}
{"recorder_version":"11","session":"98b7f6da091e","build":"191.8026.42.35.6010548","bucket":"45","time":1581679014117,"group":{"id":"actions","version":"11"},"event":{"count":1,"data":{"context_menu":false,"os":"Windows","created":1581679014117,"plugin_type":"PLATFORM","project":"e34beb87dd0aaa7eb98b502df2478e9f9740d3b6014252c91479ccc8ae8eb023","place":"MainMenu","input_event":"Ctrl+Slash"},"id":"CommentByLineComment"}}
{"recorder_version":"11","session":"98b7f6da091e","build":"191.8026.42.35.6010548","bucket":"45","time":1581679018148,"group":{"id":"productivity","version":"11"},"event":{"count":1,"data":{"created":1581679018148},"id":"editing.select.word"}}
{"recorder_version":"11","session":"98b7f6da091e","build":"191.8026.42.35.6010548","bucket":"45","time":1581679018577,"group":{"id":"actions","version":"11"},"event":{"count":1,"data":{"context_menu":false,"os":"Windows","created":1581679018577,"plugin_type":"PLATFORM","project":"e34beb87dd0aaa7eb98b502df2478e9f9740d3b6014252c91479ccc8ae8eb023","place":"MainMenu","input_event":"Ctrl+A"},"id":"$SelectAll"}}
{"recorder_version":"11","session":"98b7f6da091e","build":"191.8026.42.35.6010548","bucket":"45","time":1581679019283,"group":{"id":"actions","version":"11"},"event":{"count":1,"data":{"context_menu":false,"os":"Windows","created":1581679019283,"plugin_type":"PLATFORM","project":"e34beb87dd0aaa7eb98b502df2478e9f9740d3b6014252c91479ccc8ae8eb023","place":"MainMenu","input_event":"Ctrl+Slash"},"id":"CommentByLineComment"}}
{"recorder_version":"11","session":"98b7f6da091e","build":"191.8026.42.35.6010548","bucket":"45","time":1581679021468,"group":{"id":"actions","version":"11"},"event":{"count":1,"data":{"context_menu":false,"os":"Windows","created":1581679021468,"plugin_type":"PLATFORM","project":"e34beb87dd0aaa7eb98b502df2478e9f9740d3b6014252c91479ccc8ae8eb023","place":"NavBarToolbar","input_event":"MouseLeft"},"id":"com.intellij.execution.ExecutorRegistryImpl$ExecutorAction"}}
{"recorder_version":"11","session":"98b7f6da091e","build":"191.8026.42.35.6010548","bucket":"45","time":1581679021471,"group":{"id":"toolbar","version":"11"},"event":{"count":1,"data":{"os":"Windows","created":1581679021471,"plugin_type":"PLATFORM","place":"NavBarToolbar"},"id":"com.intellij.execution.ExecutorRegistryImpl$ExecutorAction"}}
{"recorder_version":"11","session":"98b7f6da091e","build":"191.8026.42.35.6010548","bucket":"45","time":1581679021523,"group":{"id":"run.configuration.exec","version":"11"},"event":{"count":1,"data":{"executor":"Run","created":1581679021523,"plugin_type":"NOT_LISTED","project":"e34beb87dd0aaa7eb98b502df2478e9f9740d3b6014252c91479ccc8ae8eb023"},"id":"third.party"}}
{"recorder_version":"11","session":"98b7f6da091e","build":"191.8026.42.35.6010548","bucket":"45","time":1581679022923,"group":{"id":"toolwindow","version":"11"},"event":{"count":2,"data":{"os":"Windows","last":1581679023355,"created":1581679022923,"plugin_type":"PLATFORM"},"id":"Run"}}
{"recorder_version":"11","session":"98b7f6da091e","build":"191.8026.42.35.6010548","bucket":"45","time":1581679029410,"group":{"id":"toolwindow","version":"11"},"event":{"count":1,"data":{"os":"Windows","created":1581679029412,"plugin_type":"PLATFORM"},"id":"Project"}}
{"recorder_version":"11","session":"98b7f6da091e","build":"191.8026.42.35.6010548","bucket":"45","time":1581679049074,"group":{"id":"performance","version":"11"},"event":{"count":1,"data":{"duration_ms":0,"created":1581679049074},"id":"ui.latency"}}
{"recorder_version":"11","session":"98b7f6da091e","build":"191.8026.42.35.6010548","bucket":"45","time":1581679054845,"group":{"id":"toolwindow","version":"11"},"event":{"count":3,"data":{"os":"Windows","last":1581679060812,"created":1581679054845,"plugin_type":"PLATFORM"},"id":"Run"}}
{"recorder_version":"11","session":"98b7f6da091e","build":"191.8026.42.35.6010548","bucket":"45","time":1581679064123,"group":{"id":"toolwindow","version":"11"},"event":{"count":1,"data":{"os":"Windows","created":1581679064123,"plugin_type":"PLATFORM"},"id":"Project"}}
{"recorder_version":"11","session":"98b7f6da091e","build":"191.8026.42.35.6010548","bucket":"45","time":1581679064888,"group":{"id":"actions","version":"11"},"event":{"count":4,"data":{"context_menu":false,"os":"Windows","last":1581679067046,"created":1581679064888,"plugin_type":"PLATFORM","project":"e34beb87dd0aaa7eb98b502df2478e9f9740d3b6014252c91479ccc8ae8eb023","place":"MainMenu","input_event":"Ctrl+Z"},"id":"$Undo"}}
{"recorder_version":"11","session":"98b7f6da091e","build":"191.8026.42.35.6010548","bucket":"45","time":1581679072949,"group":{"id":"productivity","version":"11"},"event":{"count":2,"data":{"last":1581679074197,"created":1581679072949},"id":"editing.select.word"}}
{"recorder_version":"11","session":"98b7f6da091e","build":"191.8026.42.35.6010548","bucket":"45","time":1581679104422,"group":{"id":"productivity","version":"11"},"event":{"count":1,"data":{"created":1581679104422},"id":"editing.select.word"}}
{"recorder_version":"11","session":"98b7f6da091e","build":"191.8026.42.35.6010548","bucket":"45","time":1581679131596,"group":{"id":"productivity","version":"11"},"event":{"count":3,"data":{"last":1581679133667,"created":1581679131596},"id":"editing.select.word"}}
{"recorder_version":"11","session":"98b7f6da091e","build":"191.8026.42.35.6010548","bucket":"45","time":1581679149220,"group":{"id":"performance","version":"11"},"event":{"count":1,"data":{"duration_ms":0,"created":1581679149220},"id":"ui.latency"}}
{"recorder_version":"11","session":"98b7f6da091e","build":"191.8026.42.35.6010548","bucket":"45","time":1581679149388,"group":{"id":"actions","version":"11"},"event":{"count":1,"data":{"context_menu":false,"os":"Windows","created":1581679149388,"plugin_type":"PLATFORM","project":"e34beb87dd0aaa7eb98b502df2478e9f9740d3b6014252c91479ccc8ae8eb023","place":"MainMenu","input_event":"Ctrl+MouseLeft"},"id":"GotoDeclaration"}}
{"recorder_version":"11","session":"98b7f6da091e","build":"191.8026.42.35.6010548","bucket":"45","time":1581679149392,"group":{"id":"productivity","version":"11"},"event":{"count":1,"data":{"created":1581679149392},"id":"navigation.goto.declaration"}}
{"recorder_version":"11","session":"98b7f6da091e","build":"191.8026.42.35.6010548","bucket":"45","time":1581679149392,"group":{"id":"toolwindow","version":"11"},"event":{"count":1,"data":{"os":"Windows","created":1581679149392,"plugin_type":"PLATFORM"},"id":"Project"}}
{"recorder_version":"11","session":"98b7f6da091e","build":"191.8026.42.35.6010548","bucket":"45","time":1581679150515,"group":{"id":"actions","version":"11"},"event":{"count":1,"data":{"context_menu":false,"os":"Windows","created":1581679150515,"plugin_type":"PLATFORM","project":"e34beb87dd0aaa7eb98b502df2478e9f9740d3b6014252c91479ccc8ae8eb023","place":"MainMenu","input_event":"Ctrl+MouseLeft"},"id":"GotoDeclaration"}}
{"recorder_version":"11","session":"98b7f6da091e","build":"191.8026.42.35.6010548","bucket":"45","time":1581679150525,"group":{"id":"productivity","version":"11"},"event":{"count":1,"data":{"created":1581679150525},"id":"navigation.goto.declaration"}}
{"recorder_version":"11","session":"98b7f6da091e","build":"191.8026.42.35.6010548","bucket":"45","time":1581679150585,"group":{"id":"file.types.usage","version":"11"},"event":{"count":1,"data":{"created":1581679150585,"plugin_type":"PLATFORM","project":"e34beb87dd0aaa7eb98b502df2478e9f9740d3b6014252c91479ccc8ae8eb023","type":"open"},"id":"XML"}}
{"recorder_version":"11","session":"98b7f6da091e","build":"191.8026.42.35.6010548","bucket":"45","time":1581679151811,"group":{"id":"productivity","version":"11"},"event":{"count":1,"data":{"created":1581679151811},"id":"editing.select.word"}}
{"recorder_version":"11","session":"98b7f6da091e","build":"191.8026.42.35.6010548","bucket":"45","time":1581679209981,"group":{"id":"toolwindow","version":"11"},"event":{"count":1,"data":{"os":"Windows","created":1581679209981,"plugin_type":"PLATFORM"},"id":"Run"}}
{"recorder_version":"11","session":"98b7f6da091e","build":"191.8026.42.35.6010548","bucket":"45","time":1581679212159,"group":{"id":"actions","version":"11"},"event":{"count":1,"data":{"context_menu":true,"os":"Windows","created":1581679212159,"plugin_type":"PLATFORM","project":"e34beb87dd0aaa7eb98b502df2478e9f9740d3b6014252c91479ccc8ae8eb023","place":"EditorPopup","input_event":"MouseLeft"},"id":"$Copy"}}
{"recorder_version":"11","session":"98b7f6da091e","build":"191.8026.42.35.6010548","bucket":"45","time":1581679249324,"group":{"id":"performance","version":"11"},"event":{"count":1,"data":{"duration_ms":0,"created":1581679249324},"id":"ui.latency"}}
{"recorder_version":"11","session":"98b7f6da091e","build":"191.8026.42.35.6010548","bucket":"45","time":1581679270555,"group":{"id":"toolwindow","version":"11"},"event":{"count":2,"data":{"os":"Windows","last":1581679272045,"created":1581679270556,"plugin_type":"PLATFORM"},"id":"Run"}}
{"recorder_version":"11","session":"98b7f6da091e","build":"191.8026.42.35.6010548","bucket":"45","time":1581679288828,"group":{"id":"actions","version":"11"},"event":{"count":1,"data":{"context_menu":true,"os":"Windows","created":1581679288828,"plugin_type":"PLATFORM","project":"e34beb87dd0aaa7eb98b502df2478e9f9740d3b6014252c91479ccc8ae8eb023","place":"EditorPopup","input_event":"MouseLeft"},"id":"$Copy"}}
{"recorder_version":"11","session":"98b7f6da091e","build":"191.8026.42.35.6010548","bucket":"45","time":1581679328499,"group":{"id":"toolwindow","version":"11"},"event":{"count":1,"data":{"os":"Windows","created":1581679328499,"plugin_type":"PLATFORM"},"id":"Project"}}
{"recorder_version":"11","session":"98b7f6da091e","build":"191.8026.42.35.6010548","bucket":"45","time":1581679332484,"group":{"id":"actions","version":"11"},"event":{"count":1,"data":{"context_menu":false,"os":"Windows","created":1581679332484,"plugin_type":"PLATFORM","project":"e34beb87dd0aaa7eb98b502df2478e9f9740d3b6014252c91479ccc8ae8eb023","place":"MainMenu","input_event":"Ctrl+F"},"id":"Find"}}
{"recorder_version":"11","session":"98b7f6da091e","build":"191.8026.42.35.6010548","bucket":"45","time":1581679332656,"group":{"id":"performance","version":"11"},"event":{"count":1,"data":{"duration_ms":149,"created":1581679332656},"id":"ui.lagging"}}
{"recorder_version":"11","session":"98b7f6da091e","build":"191.8026.42.35.6010548","bucket":"45","time":1581679333954,"group":{"id":"actions","version":"11"},"event":{"count":1,"data":{"context_menu":false,"os":"Windows","created":1581679333954,"plugin_type":"PLATFORM","project":"e34beb87dd0aaa7eb98b502df2478e9f9740d3b6014252c91479ccc8ae8eb023","place":"MainMenu","input_event":"Enter"},"id":"com.intellij.find.editorHeaderActions.NextOccurrenceAction"}}
{"recorder_version":"11","session":"98b7f6da091e","build":"191.8026.42.35.6010548","bucket":"45","time":1581679334623,"group":{"id":"actions","version":"11"},"event":{"count":1,"data":{"context_menu":false,"os":"Windows","created":1581679334623,"plugin_type":"PLATFORM","project":"e34beb87dd0aaa7eb98b502df2478e9f9740d3b6014252c91479ccc8ae8eb023","place":"MainMenu","input_event":"Escape"},"id":"com.intellij.find.SearchReplaceComponent$10"}}
{"recorder_version":"11","session":"98b7f6da091e","build":"191.8026.42.35.6010548","bucket":"45","time":1581679338021,"group":{"id":"productivity","version":"11"},"event":{"count":1,"data":{"created":1581679338022},"id":"editing.select.word"}}
{"recorder_version":"11","session":"98b7f6da091e","build":"191.8026.42.35.6010548","bucket":"45","time":1581679349526,"group":{"id":"performance","version":"11"},"event":{"count":1,"data":{"duration_ms":2,"created":1581679349526},"id":"ui.latency"}}
{"recorder_version":"11","session":"98b7f6da091e","build":"191.8026.42.35.6010548","bucket":"45","time":1581679381606,"group":{"id":"productivity","version":"11"},"event":{"count":1,"data":{"created":1581679381606},"id":"editing.select.word"}}
{"recorder_version":"11","session":"98b7f6da091e","build":"191.8026.42.35.6010548","bucket":"45","time":1581679449612,"group":{"id":"performance","version":"11"},"event":{"count":1,"data":{"duration_ms":0,"created":1581679449612},"id":"ui.latency"}}
{"recorder_version":"11","session":"98b7f6da091e","build":"191.8026.42.35.6010548","bucket":"45","time":1581679453588,"group":{"id":"actions","version":"11"},"event":{"count":1,"data":{"context_menu":false,"os":"Windows","created":1581679453588,"plugin_type":"PLATFORM","project":"e34beb87dd0aaa7eb98b502df2478e9f9740d3b6014252c91479ccc8ae8eb023","place":"MainMenu","input_event":"Ctrl+V"},"id":"EditorPaste"}}
{"recorder_version":"11","session":"98b7f6da091e","build":"191.8026.42.35.6010548","bucket":"45","time":1581679455050,"group":{"id":"file.types.usage","version":"11"},"event":{"count":1,"data":{"schema":"Gradle","plugin":"org.intellij.groovy","created":1581679455050,"plugin_type":"JB_BUNDLED","project":"e34beb87dd0aaa7eb98b502df2478e9f9740d3b6014252c91479ccc8ae8eb023","type":"edit"},"id":"Groovy"}}
{"recorder_version":"11","session":"98b7f6da091e","build":"191.8026.42.35.6010548","bucket":"45","time":1581679456328,"group":{"id":"actions","version":"11"},"event":{"count":1,"data":{"context_menu":false,"os":"Windows","created":1581679456329,"plugin_type":"PLATFORM","project":"e34beb87dd0aaa7eb98b502df2478e9f9740d3b6014252c91479ccc8ae8eb023","place":"MainMenu","input_event":"Backspace"},"id":"EditorBackSpace"}}
{"recorder_version":"11","session":"98b7f6da091e","build":"191.8026.42.35.6010548","bucket":"45","time":1581679456564,"group":{"id":"actions","version":"11"},"event":{"count":1,"data":{"context_menu":false,"os":"Windows","created":1581679456564,"plugin_type":"PLATFORM","project":"e34beb87dd0aaa7eb98b502df2478e9f9740d3b6014252c91479ccc8ae8eb023","place":"MainMenu","input_event":"Enter"},"id":"EditorEnter"}}
{"recorder_version":"11","session":"98b7f6da091e","build":"191.8026.42.35.6010548","bucket":"45","time":1581679474112,"group":{"id":"actions","version":"11"},"event":{"count":1,"data":{"context_menu":false,"os":"Windows","created":1581679474112,"plugin_type":"PLATFORM","project":"e34beb87dd0aaa7eb98b502df2478e9f9740d3b6014252c91479ccc8ae8eb023","place":"MainMenu","input_event":"Ctrl+V"},"id":"EditorPaste"}}
{"recorder_version":"11","session":"98b7f6da091e","build":"191.8026.42.35.6010548","bucket":"45","time":1581679488800,"group":{"id":"performance","version":"11"},"event":{"count":1,"data":{"duration_ms":148,"created":1581679488800},"id":"ui.lagging"}}
{"recorder_version":"11","session":"98b7f6da091e","build":"191.8026.42.35.6010548","bucket":"45","time":1581679531715,"group":{"id":"actions","version":"11"},"event":{"count":1,"data":{"context_menu":false,"os":"Windows","created":1581679531715,"plugin_type":"PLATFORM","project":"e34beb87dd0aaa7eb98b502df2478e9f9740d3b6014252c91479ccc8ae8eb023","place":"NavBarToolbar","input_event":"MouseLeft"},"id":"com.intellij.execution.ExecutorRegistryImpl$ExecutorAction"}}
{"recorder_version":"11","session":"98b7f6da091e","build":"191.8026.42.35.6010548","bucket":"45","time":1581679531720,"group":{"id":"toolbar","version":"11"},"event":{"count":1,"data":{"os":"Windows","created":1581679531720,"plugin_type":"PLATFORM","place":"NavBarToolbar"},"id":"com.intellij.execution.ExecutorRegistryImpl$ExecutorAction"}}
{"recorder_version":"11","session":"98b7f6da091e","build":"191.8026.42.35.6010548","bucket":"45","time":1581679531773,"group":{"id":"run.configuration.exec","version":"11"},"event":{"count":1,"data":{"executor":"Run","created":1581679531773,"plugin_type":"NOT_LISTED","project":"e34beb87dd0aaa7eb98b502df2478e9f9740d3b6014252c91479ccc8ae8eb023"},"id":"third.party"}}
{"recorder_version":"11","session":"98b7f6da091e","build":"191.8026.42.35.6010548","bucket":"45","time":1581679549734,"group":{"id":"performance","version":"11"},"event":{"count":1,"data":{"duration_ms":0,"created":1581679549734},"id":"ui.latency"}}
{"recorder_version":"11","session":"98b7f6da091e","build":"191.8026.42.35.6010548","bucket":"45","time":1581679600011,"group":{"id":"toolwindow","version":"11"},"event":{"count":3,"data":{"os":"Windows","last":1581679601732,"created":1581679600011,"plugin_type":"PLATFORM"},"id":"Run"}}
{"recorder_version":"11","session":"98b7f6da091e","build":"191.8026.42.35.6010548","bucket":"45","time":1581679602955,"group":{"id":"actions","version":"11"},"event":{"count":1,"data":{"context_menu":false,"os":"Windows","created":1581679602955,"plugin_type":"PLATFORM","project":"e34beb87dd0aaa7eb98b502df2478e9f9740d3b6014252c91479ccc8ae8eb023","place":"NavBarToolbar","input_event":"MouseLeft"},"id":"com.intellij.execution.ExecutorRegistryImpl$ExecutorAction"}}
{"recorder_version":"11","session":"98b7f6da091e","build":"191.8026.42.35.6010548","bucket":"45","time":1581679602974,"group":{"id":"toolbar","version":"11"},"event":{"count":1,"data":{"os":"Windows","created":1581679602974,"plugin_type":"PLATFORM","place":"NavBarToolbar"},"id":"com.intellij.execution.ExecutorRegistryImpl$ExecutorAction"}}
{"recorder_version":"11","session":"98b7f6da091e","build":"191.8026.42.35.6010548","bucket":"45","time":1581679603025,"group":{"id":"run.configuration.exec","version":"11"},"event":{"count":1,"data":{"executor":"Run","created":1581679603025,"plugin_type":"NOT_LISTED","project":"e34beb87dd0aaa7eb98b502df2478e9f9740d3b6014252c91479ccc8ae8eb023"},"id":"third.party"}}
{"recorder_version":"11","session":"98b7f6da091e","build":"191.8026.42.35.6010548","bucket":"45","time":1581679605705,"group":{"id":"toolwindow","version":"11"},"event":{"count":1,"data":{"os":"Windows","created":1581679605705,"plugin_type":"PLATFORM"},"id":"Project"}}
{"recorder_version":"11","session":"98b7f6da091e","build":"191.8026.42.35.6010548","bucket":"45","time":1581679609475,"group":{"id":"toolwindow","version":"11"},"event":{"count":1,"data":{"os":"Windows","created":1581679609475,"plugin_type":"PLATFORM"},"id":"Run"}}
{"recorder_version":"11","session":"98b7f6da091e","build":"191.8026.42.35.6010548","bucket":"45","time":1581679649826,"group":{"id":"performance","version":"11"},"event":{"count":1,"data":{"duration_ms":0,"created":1581679649827},"id":"ui.latency"}}
{"recorder_version":"11","session":"98b7f6da091e","build":"191.8026.42.35.6010548","bucket":"45","time":1581679674733,"group":{"id":"actions","version":"11"},"event":{"count":1,"data":{"context_menu":true,"os":"Windows","created":1581679674733,"plugin_type":"PLATFORM","project":"e34beb87dd0aaa7eb98b502df2478e9f9740d3b6014252c91479ccc8ae8eb023","place":"EditorPopup","input_event":"MouseLeft"},"id":"$Copy"}}
{"recorder_version":"11","session":"98b7f6da091e","build":"191.8026.42.35.6010548","bucket":"45","time":1581679676157,"group":{"id":"file.types.usage","version":"11"},"event":{"count":2,"data":{"last":1581679682326,"created":1581679676157,"plugin_type":"PLATFORM","project":"e34beb87dd0aaa7eb98b502df2478e9f9740d3b6014252c91479ccc8ae8eb023","type":"open"},"id":"JAVA"}}
{"recorder_version":"11","session":"98b7f6da091e","build":"191.8026.42.35.6010548","bucket":"45","time":1581679683799,"group":{"id":"ui.dialogs","version":"11"},"event":{"count":1,"data":{"created":1581679683799,"plugin_type":"PLATFORM","type":"show"},"id":"com.intellij.ui.components.LegalNoticeDialog"}}
{"recorder_version":"11","session":"98b7f6da091e","build":"191.8026.42.35.6010548","bucket":"45","time":1581679685299,"group":{"id":"ui.dialogs","version":"11"},"event":{"count":1,"data":{"code":0,"created":1581679685299,"plugin_type":"PLATFORM","type":"close"},"id":"com.intellij.ui.components.LegalNoticeDialog"}}
{"recorder_version":"11","session":"98b7f6da091e","build":"191.8026.42.35.6010548","bucket":"45","time":1581679685347,"group":{"id":"file.types.usage","version":"11"},"event":{"count":2,"data":{"last":1581679692174,"created":1581679685347,"plugin_type":"PLATFORM","project":"e34beb87dd0aaa7eb98b502df2478e9f9740d3b6014252c91479ccc8ae8eb023","type":"open"},"id":"CLASS"}}
{"recorder_version":"11","session":"98b7f6da091e","build":"191.8026.42.35.6010548","bucket":"45","time":1581679704538,"group":{"id":"actions","version":"11"},"event":{"count":1,"data":{"context_menu":true,"os":"Windows","created":1581679704538,"plugin_type":"PLATFORM","project":"e34beb87dd0aaa7eb98b502df2478e9f9740d3b6014252c91479ccc8ae8eb023","place":"MainMenu","input_event":"MouseLeft"},"id":"InvalidateCaches"}}
{"recorder_version":"11","session":"98b7f6da091e","build":"191.8026.42.35.6010548","bucket":"45","time":1581679704560,"group":{"id":"ui.dialogs","version":"11"},"event":{"count":1,"data":{"created":1581679704560,"plugin_type":"PLATFORM","type":"show"},"id":"com.intellij.openapi.ui.messages.MessageDialog"}}
{"recorder_version":"11","session":"98b7f6da091e","build":"191.8026.42.35.6010548","bucket":"45","time":1581679705500,"group":{"id":"lifecycle","version":"11"},"event":{"count":1,"data":{"restart":true,"created":1581679705500},"id":"ide.close"}}
{"recorder_version":"11","session":"98b7f6da091e","build":"191.8026.42.35.6010548","bucket":"45","time":1581679705563,"group":{"id":"lifecycle","version":"11"},"event":{"count":1,"data":{"created":1581679705563,"project":"e34beb87dd0aaa7eb98b502df2478e9f9740d3b6014252c91479ccc8ae8eb023"},"id":"project.closed"}}
