{"recorder_version":"11","session":"b72f3e053b64","build":"191.8026.42.35.6010548","bucket":"45","time":1581605830627,"group":{"id":"settings","version":"2"},"event":{"state":true,"data":{"created":1581605830627,"invoked":true},"id":"NotRoamableUiSettings"}}
{"recorder_version":"11","session":"b72f3e053b64","build":"191.8026.42.35.6010548","bucket":"45","time":1581605830628,"group":{"id":"settings","version":"2"},"event":{"state":true,"data":{"created":1581605830628,"invoked":true},"id":"UISettings"}}
{"recorder_version":"11","session":"b72f3e053b64","build":"191.8026.42.35.6010548","bucket":"45","time":1581605830628,"group":{"id":"system.os","version":"1"},"event":{"state":true,"data":{"created":1581605830628,"version":"10.0"},"id":"Windows"}}
{"recorder_version":"11","session":"b72f3e053b64","build":"191.8026.42.35.6010548","bucket":"45","time":1581605830628,"group":{"id":"system.os","version":"1"},"event":{"state":true,"data":{"created":1581605830644},"id":"invoked"}}
{"recorder_version":"11","session":"b72f3e053b64","build":"191.8026.42.35.6010548","bucket":"45","time":1581605830628,"group":{"id":"system.java","version":"1"},"event":{"state":true,"data":{"created":1581605830653,"version":"1.8"},"id":"JetBrains"}}
{"recorder_version":"11","session":"b72f3e053b64","build":"191.8026.42.35.6010548","bucket":"45","time":1581605830628,"group":{"id":"system.java","version":"1"},"event":{"state":true,"data":{"created":1581605830653},"id":"invoked"}}
{"recorder_version":"11","session":"b72f3e053b64","build":"191.8026.42.35.6010548","bucket":"45","time":1581605831545,"group":{"id":"settings","version":"2"},"event":{"state":true,"data":{"created":1581605831545,"invoked":true},"id":"GeneralSettings"}}
{"recorder_version":"11","session":"b72f3e053b64","build":"191.8026.42.35.6010548","bucket":"45","time":1581605834745,"group":{"id":"lifecycle","version":"11"},"event":{"count":1,"data":{"eap":false,"created":1581605834745},"id":"ide.start"}}
{"recorder_version":"11","session":"b72f3e053b64","build":"191.8026.42.35.6010548","bucket":"45","time":1581605835143,"group":{"id":"performance","version":"11"},"event":{"count":1,"data":{"duration_ms":2772,"created":1581605835143},"id":"ui.latency"}}
{"recorder_version":"11","session":"b72f3e053b64","build":"191.8026.42.35.6010548","bucket":"45","time":1581605835143,"group":{"id":"performance","version":"11"},"event":{"count":1,"data":{"duration_ms":2772,"created":1581605835143},"id":"ui.lagging"}}
{"recorder_version":"11","session":"b72f3e053b64","build":"191.8026.42.35.6010548","bucket":"45","time":1581605835143,"group":{"id":"performance","version":"11"},"event":{"count":1,"data":{"duration_ms":1772,"created":1581605835143},"id":"ui.lagging"}}
{"recorder_version":"11","session":"b72f3e053b64","build":"191.8026.42.35.6010548","bucket":"45","time":1581605835144,"group":{"id":"performance","version":"11"},"event":{"count":1,"data":{"duration_ms":772,"created":1581605835144},"id":"ui.lagging"}}
{"recorder_version":"11","session":"b72f3e053b64","build":"191.8026.42.35.6010548","bucket":"45","time":1581605840893,"group":{"id":"performance","version":"11"},"event":{"count":1,"data":{"duration_ms":492,"created":1581605840893},"id":"ui.lagging"}}
{"recorder_version":"11","session":"b72f3e053b64","build":"191.8026.42.35.6010548","bucket":"45","time":1581605840909,"group":{"id":"lifecycle","version":"11"},"event":{"count":1,"data":{"created":1581605840909,"project":"e34beb87dd0aaa7eb98b502df2478e9f9740d3b6014252c91479ccc8ae8eb023"},"id":"project.opened"}}
{"recorder_version":"11","session":"b72f3e053b64","build":"191.8026.42.35.6010548","bucket":"45","time":1581605842147,"group":{"id":"performance","version":"11"},"event":{"count":1,"data":{"duration_ms":746,"created":1581605842147},"id":"ui.lagging"}}
{"recorder_version":"11","session":"b72f3e053b64","build":"191.8026.42.35.6010548","bucket":"45","time":1581605842275,"group":{"id":"ui.dialogs","version":"11"},"event":{"count":1,"data":{"created":1581605842275,"plugin_type":"PLATFORM","type":"show"},"id":"com.intellij.openapi.progress.util.ProgressDialog$MyDialogWrapper"}}
{"recorder_version":"11","session":"b72f3e053b64","build":"191.8026.42.35.6010548","bucket":"45","time":1581605844790,"group":{"id":"performance","version":"11"},"event":{"count":1,"data":{"duration_ms":264,"created":1581605844790},"id":"ui.lagging"}}
{"recorder_version":"11","session":"b72f3e053b64","build":"191.8026.42.35.6010548","bucket":"45","time":1581605844878,"group":{"id":"ui.dialogs","version":"11"},"event":{"count":1,"data":{"code":1,"created":1581605844878,"plugin_type":"PLATFORM","type":"close"},"id":"com.intellij.openapi.progress.util.ProgressDialog$MyDialogWrapper"}}
{"recorder_version":"11","session":"b72f3e053b64","build":"191.8026.42.35.6010548","bucket":"45","time":1581605845340,"group":{"id":"toolwindow","version":"11"},"event":{"count":1,"data":{"os":"Windows","created":1581605845340,"plugin_type":"PLATFORM"},"id":"Project"}}
{"recorder_version":"11","session":"b72f3e053b64","build":"191.8026.42.35.6010548","bucket":"45","time":1581605845356,"group":{"id":"ui.tips","version":"1"},"event":{"count":1,"data":{"created":1581605845356},"id":"shown.automatically"}}
{"recorder_version":"11","session":"b72f3e053b64","build":"191.8026.42.35.6010548","bucket":"45","time":1581605845397,"group":{"id":"ui.dialogs","version":"11"},"event":{"count":1,"data":{"created":1581605845397,"plugin_type":"PLATFORM","type":"show"},"id":"com.intellij.ide.util.TipDialog"}}
{"recorder_version":"11","session":"b72f3e053b64","build":"191.8026.42.35.6010548","bucket":"45","time":1581605845438,"group":{"id":"project.fs","version":"1"},"event":{"state":true,"data":{"os":"Windows","cs-project":false,"created":1581605845438,"project":"e34beb87dd0aaa7eb98b502df2478e9f9740d3b6014252c91479ccc8ae8eb023","cs-implicit":true,"cs-system":false},"id":"case-sensitivity"}}
{"recorder_version":"11","session":"b72f3e053b64","build":"191.8026.42.35.6010548","bucket":"45","time":1581605845438,"group":{"id":"project.fs","version":"1"},"event":{"state":true,"data":{"created":1581605845439},"id":"invoked"}}
{"recorder_version":"11","session":"b72f3e053b64","build":"191.8026.42.35.6010548","bucket":"45","time":1581605845451,"group":{"id":"project.fs","version":"1"},"event":{"state":true,"data":{"pct-non-watched":0,"created":1581605845451,"project":"e34beb87dd0aaa7eb98b502df2478e9f9740d3b6014252c91479ccc8ae8eb023"},"id":"roots-watched"}}
{"recorder_version":"11","session":"b72f3e053b64","build":"191.8026.42.35.6010548","bucket":"45","time":1581605845453,"group":{"id":"project.fs","version":"1"},"event":{"state":true,"data":{"created":1581605845453},"id":"invoked"}}
{"recorder_version":"11","session":"b72f3e053b64","build":"191.8026.42.35.6010548","bucket":"45","time":1581605845838,"group":{"id":"toolwindow","version":"11"},"event":{"count":1,"data":{"os":"Windows","created":1581605845838,"plugin_type":"PLATFORM"},"id":"Project"}}
{"recorder_version":"11","session":"b72f3e053b64","build":"191.8026.42.35.6010548","bucket":"45","time":1581605845857,"group":{"id":"performance","version":"11"},"event":{"count":1,"data":{"duration_ms":308,"created":1581605845860},"id":"ui.lagging"}}
{"recorder_version":"11","session":"b72f3e053b64","build":"191.8026.42.35.6010548","bucket":"45","time":1581605846023,"group":{"id":"lifecycle","version":"11"},"event":{"count":1,"data":{"created":1581605846023,"time_ms":6265,"project":"e34beb87dd0aaa7eb98b502df2478e9f9740d3b6014252c91479ccc8ae8eb023"},"id":"project.opening.finished"}}
{"recorder_version":"11","session":"b72f3e053b64","build":"191.8026.42.35.6010548","bucket":"45","time":1581605846696,"group":{"id":"performance","version":"11"},"event":{"count":1,"data":{"duration_ms":119,"created":1581605846696},"id":"ui.lagging"}}
{"recorder_version":"11","session":"b72f3e053b64","build":"191.8026.42.35.6010548","bucket":"45","time":1581605850238,"group":{"id":"performance","version":"11"},"event":{"count":1,"data":{"duration_ms":1547,"created":1581605850238},"id":"ui.lagging"}}
{"recorder_version":"11","session":"b72f3e053b64","build":"191.8026.42.35.6010548","bucket":"45","time":1581605853918,"group":{"id":"performance","version":"11"},"event":{"count":1,"data":{"duration_ms":1397,"created":1581605853918},"id":"ui.lagging"}}
{"recorder_version":"11","session":"b72f3e053b64","build":"191.8026.42.35.6010548","bucket":"45","time":1581605853922,"group":{"id":"performance","version":"11"},"event":{"count":1,"data":{"duration_ms":345,"created":1581605853928},"id":"ui.lagging"}}
{"recorder_version":"11","session":"b72f3e053b64","build":"191.8026.42.35.6010548","bucket":"45","time":1581605868766,"group":{"id":"ui.dialogs","version":"11"},"event":{"count":1,"data":{"code":1,"created":1581605868767,"plugin_type":"PLATFORM","type":"close"},"id":"com.intellij.ide.util.TipDialog"}}
{"recorder_version":"11","session":"b72f3e053b64","build":"191.8026.42.35.6010548","bucket":"45","time":1581605871242,"group":{"id":"toolwindow","version":"11"},"event":{"count":1,"data":{"os":"Windows","created":1581605871242,"plugin_type":"PLATFORM"},"id":"Build"}}
{"recorder_version":"11","session":"b72f3e053b64","build":"191.8026.42.35.6010548","bucket":"45","time":1581605875447,"group":{"id":"performance","version":"11"},"event":{"count":1,"data":{"duration_ms":111,"created":1581605875447},"id":"ui.lagging"}}
{"recorder_version":"11","session":"b72f3e053b64","build":"191.8026.42.35.6010548","bucket":"45","time":1581605882769,"group":{"id":"performance","version":"11"},"event":{"count":1,"data":{"duration_ms":339,"created":1581605882769},"id":"ui.lagging"}}
{"recorder_version":"11","session":"b72f3e053b64","build":"191.8026.42.35.6010548","bucket":"45","time":1581605884648,"group":{"id":"performance","version":"11"},"event":{"count":1,"data":{"duration_ms":183,"created":1581605884650},"id":"ui.lagging"}}
{"recorder_version":"11","session":"b72f3e053b64","build":"191.8026.42.35.6010548","bucket":"45","time":1581605886496,"group":{"id":"performance","version":"11"},"event":{"count":1,"data":{"duration_ms":592,"created":1581605886496},"id":"ui.lagging"}}
{"recorder_version":"11","session":"b72f3e053b64","build":"191.8026.42.35.6010548","bucket":"45","time":1581605890741,"group":{"id":"performance","version":"11"},"event":{"count":1,"data":{"duration_ms":1791,"created":1581605890741},"id":"ui.lagging"}}
{"recorder_version":"11","session":"b72f3e053b64","build":"191.8026.42.35.6010548","bucket":"45","time":1581605890741,"group":{"id":"performance","version":"11"},"event":{"count":1,"data":{"duration_ms":788,"created":1581605890742},"id":"ui.lagging"}}
{"recorder_version":"11","session":"b72f3e053b64","build":"191.8026.42.35.6010548","bucket":"45","time":1581605895994,"group":{"id":"toolwindow","version":"11"},"event":{"count":1,"data":{"os":"Windows","created":1581605895994,"plugin_type":"PLATFORM"},"id":"Project"}}
{"recorder_version":"11","session":"b72f3e053b64","build":"191.8026.42.35.6010548","bucket":"45","time":1581605900141,"group":{"id":"actions","version":"11"},"event":{"count":1,"data":{"context_menu":false,"os":"Windows","created":1581605900141,"plugin_type":"PLATFORM","project":"e34beb87dd0aaa7eb98b502df2478e9f9740d3b6014252c91479ccc8ae8eb023","place":"NavBarToolbar","input_event":"MouseLeft"},"id":"com.intellij.execution.ExecutorRegistryImpl$ExecutorAction"}}
{"recorder_version":"11","session":"b72f3e053b64","build":"191.8026.42.35.6010548","bucket":"45","time":1581605900239,"group":{"id":"toolbar","version":"11"},"event":{"count":1,"data":{"os":"Windows","created":1581605900239,"plugin_type":"PLATFORM","place":"NavBarToolbar"},"id":"com.intellij.execution.ExecutorRegistryImpl$ExecutorAction"}}
{"recorder_version":"11","session":"b72f3e053b64","build":"191.8026.42.35.6010548","bucket":"45","time":1581605900314,"group":{"id":"run.configuration.exec","version":"11"},"event":{"count":1,"data":{"executor":"Run","created":1581605900314,"plugin_type":"NOT_LISTED","project":"e34beb87dd0aaa7eb98b502df2478e9f9740d3b6014252c91479ccc8ae8eb023"},"id":"third.party"}}
{"recorder_version":"11","session":"b72f3e053b64","build":"191.8026.42.35.6010548","bucket":"45","time":1581605935953,"group":{"id":"performance","version":"11"},"event":{"count":1,"data":{"duration_ms":0,"created":1581605935953},"id":"ui.latency"}}
{"recorder_version":"11","session":"b72f3e053b64","build":"191.8026.42.35.6010548","bucket":"45","time":1581605947805,"group":{"id":"toolwindow","version":"11"},"event":{"count":1,"data":{"os":"Windows","created":1581605947806,"plugin_type":"PLATFORM"},"id":"Build"}}
{"recorder_version":"11","session":"b72f3e053b64","build":"191.8026.42.35.6010548","bucket":"45","time":1581605995015,"group":{"id":"file.types.usage","version":"11"},"event":{"count":1,"data":{"plugin":"org.jetbrains.kotlin","created":1581605995015,"plugin_type":"JB_BUNDLED","project":"e34beb87dd0aaa7eb98b502df2478e9f9740d3b6014252c91479ccc8ae8eb023","type":"open"},"id":"Kotlin"}}
{"recorder_version":"11","session":"b72f3e053b64","build":"191.8026.42.35.6010548","bucket":"45","time":1581605995031,"group":{"id":"performance","version":"11"},"event":{"count":1,"data":{"duration_ms":315,"created":1581605995031},"id":"ui.lagging"}}
{"recorder_version":"11","session":"b72f3e053b64","build":"191.8026.42.35.6010548","bucket":"45","time":1581606010300,"group":{"id":"productivity","version":"11"},"event":{"count":1,"data":{"created":1581606010301},"id":"codeassists.quickFix"}}
{"recorder_version":"11","session":"b72f3e053b64","build":"191.8026.42.35.6010548","bucket":"45","time":1581606010320,"group":{"id":"intentions","version":"11"},"event":{"count":1,"data":{"os":"Windows","plugin":"org.jetbrains.kotlin","created":1581606010320,"plugin_type":"JB_BUNDLED","project":"e34beb87dd0aaa7eb98b502df2478e9f9740d3b6014252c91479ccc8ae8eb023","lang":"kotlin"},"id":"org.jetbrains.kotlin.idea.quickfix.replaceWith.DeprecatedSymbolUsageInWholeProjectFix"}}
{"recorder_version":"11","session":"b72f3e053b64","build":"191.8026.42.35.6010548","bucket":"45","time":1581606020286,"group":{"id":"ui.dialogs","version":"11"},"event":{"count":1,"data":{"created":1581606020286,"plugin_type":"PLATFORM","type":"show"},"id":"com.intellij.openapi.progress.util.ProgressDialog$MyDialogWrapper"}}
{"recorder_version":"11","session":"b72f3e053b64","build":"191.8026.42.35.6010548","bucket":"45","time":1581606024980,"group":{"id":"ui.dialogs","version":"11"},"event":{"count":1,"data":{"code":1,"created":1581606024980,"plugin_type":"PLATFORM","type":"close"},"id":"com.intellij.openapi.progress.util.ProgressDialog$MyDialogWrapper"}}
{"recorder_version":"11","session":"b72f3e053b64","build":"191.8026.42.35.6010548","bucket":"45","time":1581606029031,"group":{"id":"file.types.usage","version":"11"},"event":{"count":1,"data":{"plugin":"org.jetbrains.kotlin","created":1581606029031,"plugin_type":"JB_BUNDLED","project":"e34beb87dd0aaa7eb98b502df2478e9f9740d3b6014252c91479ccc8ae8eb023","type":"open"},"id":"Kotlin"}}
{"recorder_version":"11","session":"b72f3e053b64","build":"191.8026.42.35.6010548","bucket":"45","time":1581606030344,"group":{"id":"lifecycle","version":"11"},"event":{"count":1,"data":{"restart":true,"created":1581606030344},"id":"ide.close"}}
{"recorder_version":"11","session":"b72f3e053b64","build":"191.8026.42.35.6010548","bucket":"45","time":1581606030468,"group":{"id":"lifecycle","version":"11"},"event":{"count":1,"data":{"created":1581606030468,"project":"e34beb87dd0aaa7eb98b502df2478e9f9740d3b6014252c91479ccc8ae8eb023"},"id":"project.closed"}}
