{"recorder_version":"11","session":"f36460aae309","build":"191.8026.42.35.6010548","bucket":"47","time":1581520912755,"group":{"id":"settings","version":"2"},"event":{"state":true,"data":{"created":1581520912762,"invoked":true},"id":"NotRoamableUiSettings"}}
{"recorder_version":"11","session":"f36460aae309","build":"191.8026.42.35.6010548","bucket":"47","time":1581520912766,"group":{"id":"settings","version":"2"},"event":{"state":true,"data":{"created":1581520912770,"invoked":true},"id":"UISettings"}}
{"recorder_version":"11","session":"f36460aae309","build":"191.8026.42.35.6010548","bucket":"47","time":1581520912774,"group":{"id":"system.os","version":"1"},"event":{"state":true,"data":{"created":1581520912782,"version":"10.0"},"id":"Windows"}}
{"recorder_version":"11","session":"f36460aae309","build":"191.8026.42.35.6010548","bucket":"47","time":1581520912774,"group":{"id":"system.os","version":"1"},"event":{"state":true,"data":{"created":1581520912782},"id":"invoked"}}
{"recorder_version":"11","session":"f36460aae309","build":"191.8026.42.35.6010548","bucket":"47","time":1581520912774,"group":{"id":"system.java","version":"1"},"event":{"state":true,"data":{"created":1581520912782,"version":"1.8"},"id":"JetBrains"}}
{"recorder_version":"11","session":"f36460aae309","build":"191.8026.42.35.6010548","bucket":"47","time":1581520912774,"group":{"id":"system.java","version":"1"},"event":{"state":true,"data":{"created":1581520912782},"id":"invoked"}}
{"recorder_version":"11","session":"f36460aae309","build":"191.8026.42.35.6010548","bucket":"47","time":1581520913952,"group":{"id":"settings","version":"2"},"event":{"state":true,"data":{"created":1581520913952,"invoked":true},"id":"GeneralSettings"}}
{"recorder_version":"11","session":"f36460aae309","build":"191.8026.42.35.6010548","bucket":"47","time":1581520917334,"group":{"id":"performance","version":"11"},"event":{"count":1,"data":{"duration_ms":2632,"created":1581520917334},"id":"ui.latency"}}
{"recorder_version":"11","session":"f36460aae309","build":"191.8026.42.35.6010548","bucket":"47","time":1581520917334,"group":{"id":"performance","version":"11"},"event":{"count":1,"data":{"duration_ms":2632,"created":1581520917335},"id":"ui.lagging"}}
{"recorder_version":"11","session":"f36460aae309","build":"191.8026.42.35.6010548","bucket":"47","time":1581520917334,"group":{"id":"performance","version":"11"},"event":{"count":1,"data":{"duration_ms":1634,"created":1581520917335},"id":"ui.lagging"}}
{"recorder_version":"11","session":"f36460aae309","build":"191.8026.42.35.6010548","bucket":"47","time":1581520917335,"group":{"id":"performance","version":"11"},"event":{"count":1,"data":{"duration_ms":631,"created":1581520917335},"id":"ui.lagging"}}
{"recorder_version":"11","session":"f36460aae309","build":"191.8026.42.35.6010548","bucket":"47","time":1581520917676,"group":{"id":"ui.dialogs","version":"11"},"event":{"count":1,"data":{"created":1581520917676,"plugin_type":"PLATFORM","type":"show"},"id":"com.intellij.openapi.progress.util.ProgressDialog$MyDialogWrapper"}}
{"recorder_version":"11","session":"f36460aae309","build":"191.8026.42.35.6010548","bucket":"47","time":1581520917823,"group":{"id":"performance","version":"11"},"event":{"count":1,"data":{"duration_ms":116,"created":1581520917823},"id":"ui.lagging"}}
{"recorder_version":"11","session":"f36460aae309","build":"191.8026.42.35.6010548","bucket":"47","time":1581520919405,"group":{"id":"ui.dialogs","version":"11"},"event":{"count":1,"data":{"code":1,"created":1581520919405,"plugin_type":"PLATFORM","type":"close"},"id":"com.intellij.openapi.progress.util.ProgressDialog$MyDialogWrapper"}}
{"recorder_version":"11","session":"f36460aae309","build":"191.8026.42.35.6010548","bucket":"47","time":1581520919420,"group":{"id":"lifecycle","version":"11"},"event":{"count":1,"data":{"created":1581520919420,"project":"84b40bb3d2ec251c88592a6f757b06712cfb6896d81e577b1f62771cf7f4c93d"},"id":"project.opened"}}
{"recorder_version":"11","session":"f36460aae309","build":"191.8026.42.35.6010548","bucket":"47","time":1581520921076,"group":{"id":"performance","version":"11"},"event":{"count":1,"data":{"duration_ms":1350,"created":1581520921076},"id":"ui.lagging"}}
{"recorder_version":"11","session":"f36460aae309","build":"191.8026.42.35.6010548","bucket":"47","time":1581520921118,"group":{"id":"performance","version":"11"},"event":{"count":1,"data":{"duration_ms":389,"created":1581520921118},"id":"ui.lagging"}}
{"recorder_version":"11","session":"f36460aae309","build":"191.8026.42.35.6010548","bucket":"47","time":1581520921118,"group":{"id":"ui.dialogs","version":"11"},"event":{"count":1,"data":{"created":1581520921118,"plugin_type":"PLATFORM","type":"show"},"id":"com.intellij.openapi.progress.util.ProgressDialog$MyDialogWrapper"}}
{"recorder_version":"11","session":"f36460aae309","build":"191.8026.42.35.6010548","bucket":"47","time":1581520922724,"group":{"id":"lifecycle","version":"11"},"event":{"count":1,"data":{"eap":false,"created":1581520922724},"id":"ide.start"}}
{"recorder_version":"11","session":"f36460aae309","build":"191.8026.42.35.6010548","bucket":"47","time":1581520923202,"group":{"id":"performance","version":"11"},"event":{"count":1,"data":{"duration_ms":375,"created":1581520923203},"id":"ui.lagging"}}
{"recorder_version":"11","session":"f36460aae309","build":"191.8026.42.35.6010548","bucket":"47","time":1581520923357,"group":{"id":"ui.tips","version":"1"},"event":{"count":1,"data":{"created":1581520923357},"id":"shown.automatically"}}
{"recorder_version":"11","session":"f36460aae309","build":"191.8026.42.35.6010548","bucket":"47","time":1581520923414,"group":{"id":"ui.dialogs","version":"11"},"event":{"count":1,"data":{"created":1581520923418,"plugin_type":"PLATFORM","type":"show"},"id":"com.intellij.ide.util.TipDialog"}}
{"recorder_version":"11","session":"f36460aae309","build":"191.8026.42.35.6010548","bucket":"47","time":1581520923535,"group":{"id":"project.fs","version":"1"},"event":{"state":true,"data":{"os":"Windows","cs-project":false,"created":1581520923535,"project":"84b40bb3d2ec251c88592a6f757b06712cfb6896d81e577b1f62771cf7f4c93d","cs-implicit":true,"cs-system":false},"id":"case-sensitivity"}}
{"recorder_version":"11","session":"f36460aae309","build":"191.8026.42.35.6010548","bucket":"47","time":1581520923535,"group":{"id":"project.fs","version":"1"},"event":{"state":true,"data":{"created":1581520923535},"id":"invoked"}}
{"recorder_version":"11","session":"f36460aae309","build":"191.8026.42.35.6010548","bucket":"47","time":1581520923547,"group":{"id":"project.fs","version":"1"},"event":{"state":true,"data":{"pct-non-watched":0,"created":1581520923547,"project":"84b40bb3d2ec251c88592a6f757b06712cfb6896d81e577b1f62771cf7f4c93d"},"id":"roots-watched"}}
{"recorder_version":"11","session":"f36460aae309","build":"191.8026.42.35.6010548","bucket":"47","time":1581520923555,"group":{"id":"project.fs","version":"1"},"event":{"state":true,"data":{"created":1581520923555},"id":"invoked"}}
{"recorder_version":"11","session":"f36460aae309","build":"191.8026.42.35.6010548","bucket":"47","time":1581520924060,"group":{"id":"performance","version":"11"},"event":{"count":1,"data":{"duration_ms":216,"created":1581520924060},"id":"ui.lagging"}}
{"recorder_version":"11","session":"f36460aae309","build":"191.8026.42.35.6010548","bucket":"47","time":1581520924068,"group":{"id":"ui.dialogs","version":"11"},"event":{"count":1,"data":{"code":1,"created":1581520924068,"plugin_type":"PLATFORM","type":"close"},"id":"com.intellij.openapi.progress.util.ProgressDialog$MyDialogWrapper"}}
{"recorder_version":"11","session":"f36460aae309","build":"191.8026.42.35.6010548","bucket":"47","time":1581520924112,"group":{"id":"lifecycle","version":"11"},"event":{"count":1,"data":{"created":1581520924112,"time_ms":7080,"project":"84b40bb3d2ec251c88592a6f757b06712cfb6896d81e577b1f62771cf7f4c93d"},"id":"project.opening.finished"}}
{"recorder_version":"11","session":"f36460aae309","build":"191.8026.42.35.6010548","bucket":"47","time":1581520944130,"group":{"id":"performance","version":"11"},"event":{"count":1,"data":{"duration_ms":205,"created":1581520944130},"id":"ui.lagging"}}
{"recorder_version":"11","session":"f36460aae309","build":"191.8026.42.35.6010548","bucket":"47","time":1581520948749,"group":{"id":"ui.dialogs","version":"11"},"event":{"count":1,"data":{"code":1,"created":1581520948749,"plugin_type":"PLATFORM","type":"close"},"id":"com.intellij.ide.util.TipDialog"}}
{"recorder_version":"11","session":"f36460aae309","build":"191.8026.42.35.6010548","bucket":"47","time":1581520954619,"group":{"id":"actions","version":"11"},"event":{"count":1,"data":{"context_menu":false,"os":"Windows","created":1581520954619,"plugin_type":"PLATFORM","project":"84b40bb3d2ec251c88592a6f757b06712cfb6896d81e577b1f62771cf7f4c93d","place":"NavBarToolbar","input_event":"MouseLeft"},"id":"com.intellij.openapi.actionSystem.impl.ChameleonAction"}}
{"recorder_version":"11","session":"f36460aae309","build":"191.8026.42.35.6010548","bucket":"47","time":1581520955269,"group":{"id":"ui.dialogs","version":"11"},"event":{"count":1,"data":{"created":1581520955269,"plugin_type":"NOT_LISTED","type":"show"},"id":"third.party"}}
{"recorder_version":"11","session":"f36460aae309","build":"191.8026.42.35.6010548","bucket":"47","time":1581520955351,"group":{"id":"performance","version":"11"},"event":{"count":1,"data":{"duration_ms":401,"created":1581520955351},"id":"ui.lagging"}}
{"recorder_version":"11","session":"f36460aae309","build":"191.8026.42.35.6010548","bucket":"47","time":1581520958232,"group":{"id":"ui.dialogs","version":"11"},"event":{"count":1,"data":{"code":1,"created":1581520958232,"plugin_type":"NOT_LISTED","type":"close"},"id":"third.party"}}
{"recorder_version":"11","session":"f36460aae309","build":"191.8026.42.35.6010548","bucket":"47","time":1581520958255,"group":{"id":"toolbar","version":"11"},"event":{"count":1,"data":{"os":"Windows","created":1581520958255,"plugin_type":"PLATFORM","place":"NavBarToolbar"},"id":"com.intellij.openapi.actionSystem.impl.ChameleonAction"}}
{"recorder_version":"11","session":"f36460aae309","build":"191.8026.42.35.6010548","bucket":"47","time":1581520959119,"group":{"id":"actions","version":"11"},"event":{"count":1,"data":{"context_menu":false,"os":"Windows","created":1581520959120,"plugin_type":"NOT_LISTED","project":"84b40bb3d2ec251c88592a6f757b06712cfb6896d81e577b1f62771cf7f4c93d","place":"NavBarToolbar","input_event":"MouseLeft"},"id":"third.party"}}
{"recorder_version":"11","session":"f36460aae309","build":"191.8026.42.35.6010548","bucket":"47","time":1581520959135,"group":{"id":"toolbar","version":"11"},"event":{"count":1,"data":{"os":"Windows","created":1581520959135,"plugin_type":"NOT_LISTED","place":"NavBarToolbar"},"id":"third.party"}}
{"recorder_version":"11","session":"f36460aae309","build":"191.8026.42.35.6010548","bucket":"47","time":1581520960087,"group":{"id":"performance","version":"11"},"event":{"count":1,"data":{"duration_ms":125,"created":1581520960087},"id":"ui.lagging"}}
{"recorder_version":"11","session":"f36460aae309","build":"191.8026.42.35.6010548","bucket":"47","time":1581520960957,"group":{"id":"actions","version":"11"},"event":{"count":1,"data":{"context_menu":false,"os":"Windows","created":1581520960957,"plugin_type":"NOT_LISTED","project":"84b40bb3d2ec251c88592a6f757b06712cfb6896d81e577b1f62771cf7f4c93d","place":"NavBarToolbar","input_event":"MouseLeft"},"id":"third.party"}}
{"recorder_version":"11","session":"f36460aae309","build":"191.8026.42.35.6010548","bucket":"47","time":1581520961412,"group":{"id":"ui.dialogs","version":"11"},"event":{"count":1,"data":{"created":1581520961412,"plugin_type":"PLATFORM","type":"show"},"id":"com.intellij.openapi.options.newEditor.SettingsDialog"}}
{"recorder_version":"11","session":"f36460aae309","build":"191.8026.42.35.6010548","bucket":"47","time":1581520961429,"group":{"id":"performance","version":"11"},"event":{"count":1,"data":{"duration_ms":464,"created":1581520961429},"id":"ui.lagging"}}
{"recorder_version":"11","session":"f36460aae309","build":"191.8026.42.35.6010548","bucket":"47","time":1581520969373,"group":{"id":"ui.dialogs","version":"11"},"event":{"count":1,"data":{"created":1581520969373,"plugin_type":"PLATFORM","type":"show"},"id":"com.intellij.openapi.ui.messages.MessageDialog"}}
{"recorder_version":"11","session":"f36460aae309","build":"191.8026.42.35.6010548","bucket":"47","time":1581520971611,"group":{"id":"ui.dialogs","version":"11"},"event":{"count":1,"data":{"created":1581520971611,"plugin_type":"NOT_LISTED","type":"show"},"id":"third.party"}}
{"recorder_version":"11","session":"f36460aae309","build":"191.8026.42.35.6010548","bucket":"47","time":1581521017581,"group":{"id":"performance","version":"11"},"event":{"count":1,"data":{"duration_ms":0,"created":1581521017581},"id":"ui.latency"}}
{"recorder_version":"11","session":"f36460aae309","build":"191.8026.42.35.6010548","bucket":"47","time":1581521118024,"group":{"id":"performance","version":"11"},"event":{"count":1,"data":{"duration_ms":0,"created":1581521118024},"id":"ui.latency"}}
{"recorder_version":"11","session":"f36460aae309","build":"191.8026.42.35.6010548","bucket":"47","time":1581521217335,"group":{"id":"build.tools.actions","version":"1"},"event":{"count":1,"data":{"created":1581521217335},"id":"registered"}}
{"recorder_version":"11","session":"f36460aae309","build":"191.8026.42.35.6010548","bucket":"47","time":1581521217335,"group":{"id":"file.types.usage","version":"11"},"event":{"count":1,"data":{"created":1581521217335},"id":"registered"}}
{"recorder_version":"11","session":"f36460aae309","build":"191.8026.42.35.6010548","bucket":"47","time":1581521217335,"group":{"id":"actions.runAnything","version":"1"},"event":{"count":1,"data":{"created":1581521217335},"id":"registered"}}
{"recorder_version":"11","session":"f36460aae309","build":"191.8026.42.35.6010548","bucket":"47","time":1581521217335,"group":{"id":"toolwindow","version":"11"},"event":{"count":1,"data":{"created":1581521217335},"id":"registered"}}
{"recorder_version":"11","session":"f36460aae309","build":"191.8026.42.35.6010548","bucket":"47","time":1581521217335,"group":{"id":"live.templates","version":"11"},"event":{"count":1,"data":{"created":1581521217335},"id":"registered"}}
{"recorder_version":"11","session":"f36460aae309","build":"191.8026.42.35.6010548","bucket":"47","time":1581521217335,"group":{"id":"ide.self.update","version":"1"},"event":{"count":1,"data":{"created":1581521217335},"id":"registered"}}
{"recorder_version":"11","session":"f36460aae309","build":"191.8026.42.35.6010548","bucket":"47","time":1581521217335,"group":{"id":"cidr.testingFrameworks.usages","version":"1"},"event":{"count":1,"data":{"created":1581521217336},"id":"registered"}}
{"recorder_version":"11","session":"f36460aae309","build":"191.8026.42.35.6010548","bucket":"47","time":1581521217335,"group":{"id":"lifecycle","version":"11"},"event":{"count":1,"data":{"created":1581521217336},"id":"registered"}}
{"recorder_version":"11","session":"f36460aae309","build":"191.8026.42.35.6010548","bucket":"47","time":1581521217335,"group":{"id":"vcs.diff.trigger","version":"1"},"event":{"count":1,"data":{"created":1581521217336},"id":"registered"}}
{"recorder_version":"11","session":"f36460aae309","build":"191.8026.42.35.6010548","bucket":"47","time":1581521217335,"group":{"id":"vcs.log.trigger","version":"1"},"event":{"count":1,"data":{"created":1581521217336},"id":"registered"}}
{"recorder_version":"11","session":"f36460aae309","build":"191.8026.42.35.6010548","bucket":"47","time":1581521217335,"group":{"id":"productivity","version":"11"},"event":{"count":1,"data":{"created":1581521217336},"id":"registered"}}
{"recorder_version":"11","session":"f36460aae309","build":"191.8026.42.35.6010548","bucket":"47","time":1581521217335,"group":{"id":"debugger.breakpoints.usage","version":"1"},"event":{"count":1,"data":{"created":1581521217337},"id":"registered"}}
{"recorder_version":"11","session":"f36460aae309","build":"191.8026.42.35.6010548","bucket":"47","time":1581521217335,"group":{"id":"oc","version":"1"},"event":{"count":1,"data":{"created":1581521217337},"id":"registered"}}
{"recorder_version":"11","session":"f36460aae309","build":"191.8026.42.35.6010548","bucket":"47","time":1581521217335,"group":{"id":"intentions","version":"11"},"event":{"count":1,"data":{"created":1581521217337},"id":"registered"}}
{"recorder_version":"11","session":"f36460aae309","build":"191.8026.42.35.6010548","bucket":"47","time":1581521217335,"group":{"id":"ui.dialogs","version":"11"},"event":{"count":1,"data":{"created":1581521217337},"id":"registered"}}
{"recorder_version":"11","session":"f36460aae309","build":"191.8026.42.35.6010548","bucket":"47","time":1581521217335,"group":{"id":"vcs.back.forward.trigger","version":"1"},"event":{"count":1,"data":{"created":1581521217337},"id":"registered"}}
{"recorder_version":"11","session":"f36460aae309","build":"191.8026.42.35.6010548","bucket":"47","time":1581521217335,"group":{"id":"toolbar","version":"11"},"event":{"count":1,"data":{"created":1581521217337},"id":"registered"}}
{"recorder_version":"11","session":"f36460aae309","build":"191.8026.42.35.6010548","bucket":"47","time":1581521217335,"group":{"id":"build.gradle.actions","version":"1"},"event":{"count":1,"data":{"created":1581521217337},"id":"registered"}}
{"recorder_version":"11","session":"f36460aae309","build":"191.8026.42.35.6010548","bucket":"47","time":1581521217335,"group":{"id":"performance","version":"11"},"event":{"count":1,"data":{"created":1581521217337},"id":"registered"}}
{"recorder_version":"11","session":"f36460aae309","build":"191.8026.42.35.6010548","bucket":"47","time":1581521217335,"group":{"id":"searchEverywhere","version":"1"},"event":{"count":1,"data":{"created":1581521217337},"id":"registered"}}
{"recorder_version":"11","session":"f36460aae309","build":"191.8026.42.35.6010548","bucket":"47","time":1581521217335,"group":{"id":"ui.tips","version":"1"},"event":{"count":1,"data":{"created":1581521217337},"id":"registered"}}
{"recorder_version":"11","session":"f36460aae309","build":"191.8026.42.35.6010548","bucket":"47","time":1581521217335,"group":{"id":"import.old.config","version":"1"},"event":{"count":1,"data":{"created":1581521217337},"id":"registered"}}
{"recorder_version":"11","session":"f36460aae309","build":"191.8026.42.35.6010548","bucket":"47","time":1581521217335,"group":{"id":"json.schema","version":"1"},"event":{"count":1,"data":{"created":1581521217337},"id":"registered"}}
{"recorder_version":"11","session":"f36460aae309","build":"191.8026.42.35.6010548","bucket":"47","time":1581521217335,"group":{"id":"terminalShell","version":"1"},"event":{"count":1,"data":{"created":1581521217337},"id":"registered"}}
{"recorder_version":"11","session":"f36460aae309","build":"191.8026.42.35.6010548","bucket":"47","time":1581521217335,"group":{"id":"completion.postfix","version":"11"},"event":{"count":1,"data":{"created":1581521217337},"id":"registered"}}
{"recorder_version":"11","session":"f36460aae309","build":"191.8026.42.35.6010548","bucket":"47","time":1581521217335,"group":{"id":"actions","version":"11"},"event":{"count":1,"data":{"created":1581521217337},"id":"registered"}}
{"recorder_version":"11","session":"f36460aae309","build":"191.8026.42.35.6010548","bucket":"47","time":1581521217335,"group":{"id":"run.configuration.exec","version":"11"},"event":{"count":1,"data":{"created":1581521217337},"id":"registered"}}
{"recorder_version":"11","session":"f36460aae309","build":"191.8026.42.35.6010548","bucket":"47","time":1581521218594,"group":{"id":"performance","version":"11"},"event":{"count":1,"data":{"duration_ms":0,"created":1581521218594},"id":"ui.latency"}}
{"recorder_version":"11","session":"f36460aae309","build":"191.8026.42.35.6010548","bucket":"47","time":1581521319199,"group":{"id":"performance","version":"11"},"event":{"count":1,"data":{"duration_ms":0,"created":1581521319199},"id":"ui.latency"}}
{"recorder_version":"11","session":"f36460aae309","build":"191.8026.42.35.6010548","bucket":"47","time":1581521419764,"group":{"id":"performance","version":"11"},"event":{"count":1,"data":{"duration_ms":59,"created":1581521419764},"id":"ui.latency"}}
{"recorder_version":"11","session":"f36460aae309","build":"191.8026.42.35.6010548","bucket":"47","time":1581521520231,"group":{"id":"performance","version":"11"},"event":{"count":1,"data":{"duration_ms":0,"created":1581521520231},"id":"ui.latency"}}
{"recorder_version":"11","session":"f36460aae309","build":"191.8026.42.35.6010548","bucket":"47","time":1581521620677,"group":{"id":"performance","version":"11"},"event":{"count":1,"data":{"duration_ms":0,"created":1581521620677},"id":"ui.latency"}}
{"recorder_version":"11","session":"f36460aae309","build":"191.8026.42.35.6010548","bucket":"47","time":1581521721087,"group":{"id":"performance","version":"11"},"event":{"count":1,"data":{"duration_ms":0,"created":1581521721088},"id":"ui.latency"}}
{"recorder_version":"11","session":"f36460aae309","build":"191.8026.42.35.6010548","bucket":"47","time":1581521798502,"group":{"id":"ui.dialogs","version":"11"},"event":{"count":1,"data":{"code":0,"created":1581521798502,"plugin_type":"NOT_LISTED","type":"close"},"id":"third.party"}}
{"recorder_version":"11","session":"f36460aae309","build":"191.8026.42.35.6010548","bucket":"47","time":1581521812084,"group":{"id":"ui.dialogs","version":"11"},"event":{"count":1,"data":{"created":1581521812084,"plugin_type":"PLATFORM","type":"show"},"id":"com.intellij.openapi.ui.messages.MessageDialog"}}
{"recorder_version":"11","session":"f36460aae309","build":"191.8026.42.35.6010548","bucket":"47","time":1581521813608,"group":{"id":"ui.dialogs","version":"11"},"event":{"count":1,"data":{"created":1581521813608,"plugin_type":"NOT_LISTED","type":"show"},"id":"third.party"}}
{"recorder_version":"11","session":"f36460aae309","build":"191.8026.42.35.6010548","bucket":"47","time":1581521821379,"group":{"id":"performance","version":"11"},"event":{"count":1,"data":{"duration_ms":0,"created":1581521821379},"id":"ui.latency"}}
{"recorder_version":"11","session":"f36460aae309","build":"191.8026.42.35.6010548","bucket":"47","time":1581521921978,"group":{"id":"performance","version":"11"},"event":{"count":1,"data":{"duration_ms":0,"created":1581521921978},"id":"ui.latency"}}
{"recorder_version":"11","session":"f36460aae309","build":"191.8026.42.35.6010548","bucket":"47","time":1581522021992,"group":{"id":"ui.dialogs","version":"11"},"event":{"count":1,"data":{"code":0,"created":1581522021992,"plugin_type":"NOT_LISTED","type":"close"},"id":"third.party"}}
{"recorder_version":"11","session":"f36460aae309","build":"191.8026.42.35.6010548","bucket":"47","time":1581522022442,"group":{"id":"performance","version":"11"},"event":{"count":1,"data":{"duration_ms":0,"created":1581522022442},"id":"ui.latency"}}
{"recorder_version":"11","session":"f36460aae309","build":"191.8026.42.35.6010548","bucket":"47","time":1581522024805,"group":{"id":"ui.dialogs","version":"11"},"event":{"count":1,"data":{"code":0,"created":1581522024805,"plugin_type":"PLATFORM","type":"close"},"id":"com.intellij.openapi.options.newEditor.SettingsDialog"}}
{"recorder_version":"11","session":"f36460aae309","build":"191.8026.42.35.6010548","bucket":"47","time":1581522024821,"group":{"id":"toolbar","version":"11"},"event":{"count":1,"data":{"os":"Windows","created":1581522024821,"plugin_type":"NOT_LISTED","place":"NavBarToolbar"},"id":"third.party"}}
{"recorder_version":"11","session":"f36460aae309","build":"191.8026.42.35.6010548","bucket":"47","time":1581522024831,"group":{"id":"performance","version":"11"},"event":{"count":1,"data":{"duration_ms":384,"created":1581522024831},"id":"ui.lagging"}}
{"recorder_version":"11","session":"f36460aae309","build":"191.8026.42.35.6010548","bucket":"47","time":1581522123122,"group":{"id":"performance","version":"11"},"event":{"count":1,"data":{"duration_ms":0,"created":1581522123122},"id":"ui.latency"}}
{"recorder_version":"11","session":"f36460aae309","build":"191.8026.42.35.6010548","bucket":"47","time":1581522223604,"group":{"id":"performance","version":"11"},"event":{"count":1,"data":{"duration_ms":0,"created":1581522223604},"id":"ui.latency"}}
{"recorder_version":"11","session":"f36460aae309","build":"191.8026.42.35.6010548","bucket":"47","time":1581522324010,"group":{"id":"performance","version":"11"},"event":{"count":1,"data":{"duration_ms":0,"created":1581522324010},"id":"ui.latency"}}
{"recorder_version":"11","session":"f36460aae309","build":"191.8026.42.35.6010548","bucket":"47","time":1581522424351,"group":{"id":"performance","version":"11"},"event":{"count":1,"data":{"duration_ms":0,"created":1581522424351},"id":"ui.latency"}}
{"recorder_version":"11","session":"f36460aae309","build":"191.8026.42.35.6010548","bucket":"47","time":1581522524670,"group":{"id":"performance","version":"11"},"event":{"count":1,"data":{"duration_ms":0,"created":1581522524670},"id":"ui.latency"}}
{"recorder_version":"11","session":"f36460aae309","build":"191.8026.42.35.6010548","bucket":"47","time":1581522624902,"group":{"id":"performance","version":"11"},"event":{"count":1,"data":{"duration_ms":0,"created":1581522624902},"id":"ui.latency"}}
{"recorder_version":"11","session":"f36460aae309","build":"191.8026.42.35.6010548","bucket":"47","time":1581522690339,"group":{"id":"performance","version":"11"},"event":{"count":1,"data":{"duration_ms":264,"created":1581522690339},"id":"ui.lagging"}}
{"recorder_version":"11","session":"f36460aae309","build":"191.8026.42.35.6010548","bucket":"47","time":1581522720321,"group":{"id":"performance","version":"11"},"event":{"count":1,"data":{"duration_ms":161,"created":1581522720321},"id":"ui.lagging"}}
{"recorder_version":"11","session":"f36460aae309","build":"191.8026.42.35.6010548","bucket":"47","time":1581522724380,"group":{"id":"performance","version":"11"},"event":{"count":1,"data":{"duration_ms":209,"created":1581522724380},"id":"ui.lagging"}}
{"recorder_version":"11","session":"f36460aae309","build":"191.8026.42.35.6010548","bucket":"47","time":1581522725171,"group":{"id":"performance","version":"11"},"event":{"count":1,"data":{"duration_ms":0,"created":1581522725171},"id":"ui.latency"}}
{"recorder_version":"11","session":"f36460aae309","build":"191.8026.42.35.6010548","bucket":"47","time":1581522729463,"group":{"id":"performance","version":"11"},"event":{"count":1,"data":{"duration_ms":281,"created":1581522729463},"id":"ui.lagging"}}
{"recorder_version":"11","session":"f36460aae309","build":"191.8026.42.35.6010548","bucket":"47","time":1581522733543,"group":{"id":"performance","version":"11"},"event":{"count":1,"data":{"duration_ms":349,"created":1581522733543},"id":"ui.lagging"}}
{"recorder_version":"11","session":"f36460aae309","build":"191.8026.42.35.6010548","bucket":"47","time":1581522758483,"group":{"id":"performance","version":"11"},"event":{"count":1,"data":{"duration_ms":201,"created":1581522758483},"id":"ui.lagging"}}
{"recorder_version":"11","session":"f36460aae309","build":"191.8026.42.35.6010548","bucket":"47","time":1581522791509,"group":{"id":"performance","version":"11"},"event":{"count":1,"data":{"duration_ms":136,"created":1581522791509},"id":"ui.lagging"}}
{"recorder_version":"11","session":"f36460aae309","build":"191.8026.42.35.6010548","bucket":"47","time":1581522798626,"group":{"id":"performance","version":"11"},"event":{"count":1,"data":{"duration_ms":231,"created":1581522798626},"id":"ui.lagging"}}
{"recorder_version":"11","session":"f36460aae309","build":"191.8026.42.35.6010548","bucket":"47","time":1581522825457,"group":{"id":"performance","version":"11"},"event":{"count":1,"data":{"duration_ms":0,"created":1581522825457},"id":"ui.latency"}}
{"recorder_version":"11","session":"f36460aae309","build":"191.8026.42.35.6010548","bucket":"47","time":1581522829667,"group":{"id":"performance","version":"11"},"event":{"count":1,"data":{"duration_ms":197,"created":1581522829667},"id":"ui.lagging"}}
{"recorder_version":"11","session":"f36460aae309","build":"191.8026.42.35.6010548","bucket":"47","time":1581522836792,"group":{"id":"performance","version":"11"},"event":{"count":1,"data":{"duration_ms":306,"created":1581522836792},"id":"ui.lagging"}}
{"recorder_version":"11","session":"f36460aae309","build":"191.8026.42.35.6010548","bucket":"47","time":1581522858748,"group":{"id":"performance","version":"11"},"event":{"count":1,"data":{"duration_ms":205,"created":1581522858748},"id":"ui.lagging"}}
{"recorder_version":"11","session":"f36460aae309","build":"191.8026.42.35.6010548","bucket":"47","time":1581522888890,"group":{"id":"performance","version":"11"},"event":{"count":1,"data":{"duration_ms":256,"created":1581522888890},"id":"ui.lagging"}}
{"recorder_version":"11","session":"f36460aae309","build":"191.8026.42.35.6010548","bucket":"47","time":1581522923047,"group":{"id":"performance","version":"11"},"event":{"count":1,"data":{"duration_ms":333,"created":1581522923047},"id":"ui.lagging"}}
{"recorder_version":"11","session":"f36460aae309","build":"191.8026.42.35.6010548","bucket":"47","time":1581522925723,"group":{"id":"performance","version":"11"},"event":{"count":1,"data":{"duration_ms":0,"created":1581522925723},"id":"ui.latency"}}
{"recorder_version":"11","session":"f36460aae309","build":"191.8026.42.35.6010548","bucket":"47","time":1581522937871,"group":{"id":"performance","version":"11"},"event":{"count":1,"data":{"duration_ms":116,"created":1581522937871},"id":"ui.lagging"}}
{"recorder_version":"11","session":"f36460aae309","build":"191.8026.42.35.6010548","bucket":"47","time":1581522952151,"group":{"id":"performance","version":"11"},"event":{"count":1,"data":{"duration_ms":363,"created":1581522952151},"id":"ui.lagging"}}
{"recorder_version":"11","session":"f36460aae309","build":"191.8026.42.35.6010548","bucket":"47","time":1581522965967,"group":{"id":"performance","version":"11"},"event":{"count":1,"data":{"duration_ms":146,"created":1581522965967},"id":"ui.lagging"}}
{"recorder_version":"11","session":"f36460aae309","build":"191.8026.42.35.6010548","bucket":"47","time":1581523004522,"group":{"id":"performance","version":"11"},"event":{"count":1,"data":{"duration_ms":606,"created":1581523004522},"id":"ui.lagging"}}
{"recorder_version":"11","session":"f36460aae309","build":"191.8026.42.35.6010548","bucket":"47","time":1581523008186,"group":{"id":"performance","version":"11"},"event":{"count":1,"data":{"duration_ms":260,"created":1581523008186},"id":"ui.lagging"}}
{"recorder_version":"11","session":"f36460aae309","build":"191.8026.42.35.6010548","bucket":"47","time":1581523013762,"group":{"id":"performance","version":"11"},"event":{"count":1,"data":{"duration_ms":826,"created":1581523013762},"id":"ui.lagging"}}
{"recorder_version":"11","session":"f36460aae309","build":"191.8026.42.35.6010548","bucket":"47","time":1581523014082,"group":{"id":"performance","version":"11"},"event":{"count":1,"data":{"duration_ms":145,"created":1581523014082},"id":"ui.lagging"}}
{"recorder_version":"11","session":"f36460aae309","build":"191.8026.42.35.6010548","bucket":"47","time":1581523163143,"group":{"id":"performance","version":"11"},"event":{"count":1,"data":{"duration_ms":145196,"created":1581523163143},"id":"ui.latency"}}
{"recorder_version":"11","session":"f36460aae309","build":"191.8026.42.35.6010548","bucket":"47","time":1581523163143,"group":{"id":"performance","version":"11"},"event":{"count":1,"data":{"duration_ms":145196,"created":1581523163279},"id":"ui.lagging"}}
{"recorder_version":"11","session":"f36460aae309","build":"191.8026.42.35.6010548","bucket":"47","time":1581523163143,"group":{"id":"performance","version":"11"},"event":{"count":1,"data":{"duration_ms":620,"created":1581523163279},"id":"ui.lagging"}}
{"recorder_version":"11","session":"f36460aae309","build":"191.8026.42.35.6010548","bucket":"47","time":1581523165605,"group":{"id":"toolwindow","version":"11"},"event":{"count":1,"data":{"os":"Windows","created":1581523165605,"plugin_type":"PLATFORM"},"id":"Build"}}
{"recorder_version":"11","session":"f36460aae309","build":"191.8026.42.35.6010548","bucket":"47","time":1581523200597,"group":{"id":"actions","version":"11"},"event":{"count":1,"data":{"context_menu":true,"os":"Windows","created":1581523200597,"plugin_type":"PLATFORM","project":"84b40bb3d2ec251c88592a6f757b06712cfb6896d81e577b1f62771cf7f4c93d","place":"MainMenu","input_event":"MouseLeft"},"id":"ShowSettings"}}
{"recorder_version":"11","session":"f36460aae309","build":"191.8026.42.35.6010548","bucket":"47","time":1581523200895,"group":{"id":"ui.dialogs","version":"11"},"event":{"count":1,"data":{"created":1581523200895,"plugin_type":"PLATFORM","type":"show"},"id":"com.intellij.openapi.options.newEditor.SettingsDialog"}}
{"recorder_version":"11","session":"f36460aae309","build":"191.8026.42.35.6010548","bucket":"47","time":1581523210579,"group":{"id":"performance","version":"11"},"event":{"count":1,"data":{"duration_ms":218,"created":1581523210579},"id":"ui.lagging"}}
{"recorder_version":"11","session":"f36460aae309","build":"191.8026.42.35.6010548","bucket":"47","time":1581523212930,"group":{"id":"ui.dialogs","version":"11"},"event":{"count":1,"data":{"created":1581523212930,"plugin_type":"PLATFORM","type":"show"},"id":"com.intellij.openapi.ui.messages.MessageDialog"}}
{"recorder_version":"11","session":"f36460aae309","build":"191.8026.42.35.6010548","bucket":"47","time":1581523246348,"group":{"id":"ui.dialogs","version":"11"},"event":{"count":1,"data":{"code":1,"created":1581523246348,"plugin_type":"PLATFORM","type":"close"},"id":"com.intellij.openapi.options.newEditor.SettingsDialog"}}
{"recorder_version":"11","session":"f36460aae309","build":"191.8026.42.35.6010548","bucket":"47","time":1581523246391,"group":{"id":"ui.dialogs","version":"11"},"event":{"count":1,"data":{"created":1581523246391,"plugin_type":"PLATFORM","type":"show"},"id":"com.intellij.openapi.ui.messages.MessageDialog"}}
{"recorder_version":"11","session":"f36460aae309","build":"191.8026.42.35.6010548","bucket":"47","time":1581523248193,"group":{"id":"lifecycle","version":"11"},"event":{"count":1,"data":{"restart":true,"created":1581523248193},"id":"ide.close"}}
{"recorder_version":"11","session":"f36460aae309","build":"191.8026.42.35.6010548","bucket":"47","time":1581523248251,"group":{"id":"lifecycle","version":"11"},"event":{"count":1,"data":{"created":1581523248255,"project":"84b40bb3d2ec251c88592a6f757b06712cfb6896d81e577b1f62771cf7f4c93d"},"id":"project.closed"}}
