{"recorder_version":"11","session":"0f34eb9cb85a","build":"191.8026.42.35.6010548","bucket":"45","time":1581608922638,"group":{"id":"settings","version":"2"},"event":{"state":true,"data":{"created":1581608922638,"invoked":true},"id":"NotRoamableUiSettings"}}
{"recorder_version":"11","session":"0f34eb9cb85a","build":"191.8026.42.35.6010548","bucket":"45","time":1581608922642,"group":{"id":"system.os","version":"1"},"event":{"state":true,"data":{"created":1581608922648,"version":"10.0"},"id":"Windows"}}
{"recorder_version":"11","session":"0f34eb9cb85a","build":"191.8026.42.35.6010548","bucket":"45","time":1581608922642,"group":{"id":"system.os","version":"1"},"event":{"state":true,"data":{"created":1581608922655},"id":"invoked"}}
{"recorder_version":"11","session":"0f34eb9cb85a","build":"191.8026.42.35.6010548","bucket":"45","time":1581608922642,"group":{"id":"system.java","version":"1"},"event":{"state":true,"data":{"created":1581608922656,"version":"1.8"},"id":"JetBrains"}}
{"recorder_version":"11","session":"0f34eb9cb85a","build":"191.8026.42.35.6010548","bucket":"45","time":1581608922642,"group":{"id":"system.java","version":"1"},"event":{"state":true,"data":{"created":1581608922664},"id":"invoked"}}
{"recorder_version":"11","session":"0f34eb9cb85a","build":"191.8026.42.35.6010548","bucket":"45","time":1581608922653,"group":{"id":"settings","version":"2"},"event":{"state":true,"data":{"default":false,"created":1581608922664,"name":"pinFindInPath","value":true},"id":"UISettings"}}
{"recorder_version":"11","session":"0f34eb9cb85a","build":"191.8026.42.35.6010548","bucket":"45","time":1581608922653,"group":{"id":"settings","version":"2"},"event":{"state":true,"data":{"created":1581608922665,"invoked":true},"id":"UISettings"}}
{"recorder_version":"11","session":"0f34eb9cb85a","build":"191.8026.42.35.6010548","bucket":"45","time":1581608923550,"group":{"id":"settings","version":"2"},"event":{"state":true,"data":{"created":1581608923550,"invoked":true},"id":"GeneralSettings"}}
{"recorder_version":"11","session":"0f34eb9cb85a","build":"191.8026.42.35.6010548","bucket":"45","time":1581608926206,"group":{"id":"performance","version":"11"},"event":{"count":1,"data":{"duration_ms":1796,"created":1581608926206},"id":"ui.latency"}}
{"recorder_version":"11","session":"0f34eb9cb85a","build":"191.8026.42.35.6010548","bucket":"45","time":1581608926206,"group":{"id":"performance","version":"11"},"event":{"count":1,"data":{"duration_ms":1796,"created":1581608926207},"id":"ui.lagging"}}
{"recorder_version":"11","session":"0f34eb9cb85a","build":"191.8026.42.35.6010548","bucket":"45","time":1581608926208,"group":{"id":"performance","version":"11"},"event":{"count":1,"data":{"duration_ms":796,"created":1581608926208},"id":"ui.lagging"}}
{"recorder_version":"11","session":"0f34eb9cb85a","build":"191.8026.42.35.6010548","bucket":"45","time":1581608926551,"group":{"id":"ui.dialogs","version":"11"},"event":{"count":1,"data":{"created":1581608926552,"plugin_type":"PLATFORM","type":"show"},"id":"com.intellij.openapi.progress.util.ProgressDialog$MyDialogWrapper"}}
{"recorder_version":"11","session":"0f34eb9cb85a","build":"191.8026.42.35.6010548","bucket":"45","time":1581608928693,"group":{"id":"ui.dialogs","version":"11"},"event":{"count":1,"data":{"code":1,"created":1581608928693,"plugin_type":"PLATFORM","type":"close"},"id":"com.intellij.openapi.progress.util.ProgressDialog$MyDialogWrapper"}}
{"recorder_version":"11","session":"0f34eb9cb85a","build":"191.8026.42.35.6010548","bucket":"45","time":1581608928704,"group":{"id":"lifecycle","version":"11"},"event":{"count":1,"data":{"created":1581608928704,"project":"e34beb87dd0aaa7eb98b502df2478e9f9740d3b6014252c91479ccc8ae8eb023"},"id":"project.opened"}}
{"recorder_version":"11","session":"0f34eb9cb85a","build":"191.8026.42.35.6010548","bucket":"45","time":1581608930954,"group":{"id":"performance","version":"11"},"event":{"count":1,"data":{"duration_ms":1530,"created":1581608930954},"id":"ui.lagging"}}
{"recorder_version":"11","session":"0f34eb9cb85a","build":"191.8026.42.35.6010548","bucket":"45","time":1581608930954,"group":{"id":"performance","version":"11"},"event":{"count":1,"data":{"duration_ms":494,"created":1581608930956},"id":"ui.lagging"}}
{"recorder_version":"11","session":"0f34eb9cb85a","build":"191.8026.42.35.6010548","bucket":"45","time":1581608931011,"group":{"id":"ui.dialogs","version":"11"},"event":{"count":1,"data":{"created":1581608931013,"plugin_type":"PLATFORM","type":"show"},"id":"com.intellij.openapi.progress.util.ProgressDialog$MyDialogWrapper"}}
{"recorder_version":"11","session":"0f34eb9cb85a","build":"191.8026.42.35.6010548","bucket":"45","time":1581608933263,"group":{"id":"file.types.usage","version":"11"},"event":{"count":2,"data":{"plugin":"org.jetbrains.kotlin","last":1581608933503,"created":1581608933263,"plugin_type":"JB_NOT_BUNDLED","project":"e34beb87dd0aaa7eb98b502df2478e9f9740d3b6014252c91479ccc8ae8eb023","type":"open"},"id":"Kotlin"}}
{"recorder_version":"11","session":"0f34eb9cb85a","build":"191.8026.42.35.6010548","bucket":"45","time":1581608933817,"group":{"id":"file.types.usage","version":"11"},"event":{"count":1,"data":{"schema":"Gradle","plugin":"org.intellij.groovy","created":1581608933817,"plugin_type":"JB_BUNDLED","project":"e34beb87dd0aaa7eb98b502df2478e9f9740d3b6014252c91479ccc8ae8eb023","type":"open"},"id":"Groovy"}}
{"recorder_version":"11","session":"0f34eb9cb85a","build":"191.8026.42.35.6010548","bucket":"45","time":1581608934224,"group":{"id":"file.types.usage","version":"11"},"event":{"count":3,"data":{"last":1581608934706,"created":1581608934225,"plugin_type":"PLATFORM","project":"e34beb87dd0aaa7eb98b502df2478e9f9740d3b6014252c91479ccc8ae8eb023","type":"open"},"id":"XML"}}
{"recorder_version":"11","session":"0f34eb9cb85a","build":"191.8026.42.35.6010548","bucket":"45","time":1581608934715,"group":{"id":"performance","version":"11"},"event":{"count":1,"data":{"duration_ms":211,"created":1581608934715},"id":"ui.lagging"}}
{"recorder_version":"11","session":"0f34eb9cb85a","build":"191.8026.42.35.6010548","bucket":"45","time":1581608934789,"group":{"id":"file.types.usage","version":"11"},"event":{"count":1,"data":{"plugin":"com.intellij.properties","created":1581608934789,"plugin_type":"JB_BUNDLED","project":"e34beb87dd0aaa7eb98b502df2478e9f9740d3b6014252c91479ccc8ae8eb023","type":"open"},"id":"Properties"}}
{"recorder_version":"11","session":"0f34eb9cb85a","build":"191.8026.42.35.6010548","bucket":"45","time":1581608934859,"group":{"id":"file.types.usage","version":"11"},"event":{"count":1,"data":{"plugin":"org.jetbrains.kotlin","created":1581608934859,"plugin_type":"JB_NOT_BUNDLED","project":"e34beb87dd0aaa7eb98b502df2478e9f9740d3b6014252c91479ccc8ae8eb023","type":"open"},"id":"Kotlin"}}
{"recorder_version":"11","session":"0f34eb9cb85a","build":"191.8026.42.35.6010548","bucket":"45","time":1581608934954,"group":{"id":"toolwindow","version":"11"},"event":{"count":1,"data":{"os":"Windows","created":1581608934954,"plugin_type":"PLATFORM"},"id":"Project"}}
{"recorder_version":"11","session":"0f34eb9cb85a","build":"191.8026.42.35.6010548","bucket":"45","time":1581608935570,"group":{"id":"lifecycle","version":"11"},"event":{"count":1,"data":{"eap":false,"created":1581608935570},"id":"ide.start"}}
{"recorder_version":"11","session":"0f34eb9cb85a","build":"191.8026.42.35.6010548","bucket":"45","time":1581608935868,"group":{"id":"performance","version":"11"},"event":{"count":1,"data":{"duration_ms":341,"created":1581608935868},"id":"ui.lagging"}}
{"recorder_version":"11","session":"0f34eb9cb85a","build":"191.8026.42.35.6010548","bucket":"45","time":1581608936007,"group":{"id":"ui.tips","version":"1"},"event":{"count":1,"data":{"created":1581608936007},"id":"shown.automatically"}}
{"recorder_version":"11","session":"0f34eb9cb85a","build":"191.8026.42.35.6010548","bucket":"45","time":1581608936050,"group":{"id":"ui.dialogs","version":"11"},"event":{"count":1,"data":{"created":1581608936050,"plugin_type":"PLATFORM","type":"show"},"id":"com.intellij.ide.util.TipDialog"}}
{"recorder_version":"11","session":"0f34eb9cb85a","build":"191.8026.42.35.6010548","bucket":"45","time":1581608936210,"group":{"id":"project.fs","version":"1"},"event":{"state":true,"data":{"os":"Windows","cs-project":false,"created":1581608936210,"project":"e34beb87dd0aaa7eb98b502df2478e9f9740d3b6014252c91479ccc8ae8eb023","cs-implicit":true,"cs-system":false},"id":"case-sensitivity"}}
{"recorder_version":"11","session":"0f34eb9cb85a","build":"191.8026.42.35.6010548","bucket":"45","time":1581608936210,"group":{"id":"project.fs","version":"1"},"event":{"state":true,"data":{"created":1581608936210},"id":"invoked"}}
{"recorder_version":"11","session":"0f34eb9cb85a","build":"191.8026.42.35.6010548","bucket":"45","time":1581608936249,"group":{"id":"project.fs","version":"1"},"event":{"state":true,"data":{"pct-non-watched":0,"created":1581608936249,"project":"e34beb87dd0aaa7eb98b502df2478e9f9740d3b6014252c91479ccc8ae8eb023"},"id":"roots-watched"}}
{"recorder_version":"11","session":"0f34eb9cb85a","build":"191.8026.42.35.6010548","bucket":"45","time":1581608936249,"group":{"id":"project.fs","version":"1"},"event":{"state":true,"data":{"created":1581608936249},"id":"invoked"}}
{"recorder_version":"11","session":"0f34eb9cb85a","build":"191.8026.42.35.6010548","bucket":"45","time":1581608936686,"group":{"id":"performance","version":"11"},"event":{"count":1,"data":{"duration_ms":147,"created":1581608936686},"id":"ui.lagging"}}
{"recorder_version":"11","session":"0f34eb9cb85a","build":"191.8026.42.35.6010548","bucket":"45","time":1581608936797,"group":{"id":"ui.dialogs","version":"11"},"event":{"count":1,"data":{"code":1,"created":1581608936797,"plugin_type":"PLATFORM","type":"close"},"id":"com.intellij.openapi.progress.util.ProgressDialog$MyDialogWrapper"}}
{"recorder_version":"11","session":"0f34eb9cb85a","build":"191.8026.42.35.6010548","bucket":"45","time":1581608936841,"group":{"id":"lifecycle","version":"11"},"event":{"count":1,"data":{"created":1581608936841,"time_ms":10793,"project":"e34beb87dd0aaa7eb98b502df2478e9f9740d3b6014252c91479ccc8ae8eb023"},"id":"project.opening.finished"}}
{"recorder_version":"11","session":"0f34eb9cb85a","build":"191.8026.42.35.6010548","bucket":"45","time":1581608937952,"group":{"id":"ui.dialogs","version":"11"},"event":{"count":1,"data":{"code":1,"created":1581608937952,"plugin_type":"PLATFORM","type":"close"},"id":"com.intellij.ide.util.TipDialog"}}
{"recorder_version":"11","session":"0f34eb9cb85a","build":"191.8026.42.35.6010548","bucket":"45","time":1581608940617,"group":{"id":"performance","version":"11"},"event":{"count":1,"data":{"duration_ms":960,"created":1581608940617},"id":"ui.lagging"}}
{"recorder_version":"11","session":"0f34eb9cb85a","build":"191.8026.42.35.6010548","bucket":"45","time":1581608941216,"group":{"id":"performance","version":"11"},"event":{"count":1,"data":{"duration_ms":507,"created":1581608941216},"id":"ui.lagging"}}
{"recorder_version":"11","session":"0f34eb9cb85a","build":"191.8026.42.35.6010548","bucket":"45","time":1581608965422,"group":{"id":"performance","version":"11"},"event":{"count":1,"data":{"duration_ms":342,"created":1581608965422},"id":"ui.lagging"}}
{"recorder_version":"11","session":"0f34eb9cb85a","build":"191.8026.42.35.6010548","bucket":"45","time":1581608965452,"group":{"id":"file.types.usage","version":"11"},"event":{"count":1,"data":{"schema":"Gradle","plugin":"org.intellij.groovy","created":1581608965452,"plugin_type":"JB_BUNDLED","project":"e34beb87dd0aaa7eb98b502df2478e9f9740d3b6014252c91479ccc8ae8eb023","type":"open"},"id":"Groovy"}}
{"recorder_version":"11","session":"0f34eb9cb85a","build":"191.8026.42.35.6010548","bucket":"45","time":1581609002266,"group":{"id":"performance","version":"11"},"event":{"count":1,"data":{"duration_ms":661,"created":1581609002266},"id":"ui.lagging"}}
{"recorder_version":"11","session":"0f34eb9cb85a","build":"191.8026.42.35.6010548","bucket":"45","time":1581609003988,"group":{"id":"performance","version":"11"},"event":{"count":1,"data":{"duration_ms":1345,"created":1581609003988},"id":"ui.lagging"}}
{"recorder_version":"11","session":"0f34eb9cb85a","build":"191.8026.42.35.6010548","bucket":"45","time":1581609003988,"group":{"id":"performance","version":"11"},"event":{"count":1,"data":{"duration_ms":343,"created":1581609003989},"id":"ui.lagging"}}
{"recorder_version":"11","session":"0f34eb9cb85a","build":"191.8026.42.35.6010548","bucket":"45","time":1581609022337,"group":{"id":"ui.dialogs","version":"11"},"event":{"count":1,"data":{"created":1581609022337,"plugin_type":"PLATFORM","type":"show"},"id":"com.intellij.openapi.options.newEditor.SettingsDialog"}}
{"recorder_version":"11","session":"0f34eb9cb85a","build":"191.8026.42.35.6010548","bucket":"45","time":1581609025303,"group":{"id":"ui.dialogs","version":"11"},"event":{"count":1,"data":{"code":1,"created":1581609025303,"plugin_type":"PLATFORM","type":"close"},"id":"com.intellij.openapi.options.newEditor.SettingsDialog"}}
{"recorder_version":"11","session":"0f34eb9cb85a","build":"191.8026.42.35.6010548","bucket":"45","time":1581609027773,"group":{"id":"performance","version":"11"},"event":{"count":1,"data":{"duration_ms":989,"created":1581609027773},"id":"ui.latency"}}
{"recorder_version":"11","session":"0f34eb9cb85a","build":"191.8026.42.35.6010548","bucket":"45","time":1581609027773,"group":{"id":"performance","version":"11"},"event":{"count":1,"data":{"duration_ms":989,"created":1581609027774},"id":"ui.lagging"}}
{"recorder_version":"11","session":"0f34eb9cb85a","build":"191.8026.42.35.6010548","bucket":"45","time":1581609113983,"group":{"id":"file.types.usage","version":"11"},"event":{"count":1,"data":{"created":1581609113983,"plugin_type":"PLATFORM","project":"e34beb87dd0aaa7eb98b502df2478e9f9740d3b6014252c91479ccc8ae8eb023","type":"open"},"id":"XML"}}
{"recorder_version":"11","session":"0f34eb9cb85a","build":"191.8026.42.35.6010548","bucket":"45","time":1581609128015,"group":{"id":"performance","version":"11"},"event":{"count":1,"data":{"duration_ms":0,"created":1581609128015},"id":"ui.latency"}}
{"recorder_version":"11","session":"0f34eb9cb85a","build":"191.8026.42.35.6010548","bucket":"45","time":1581609146445,"group":{"id":"actions","version":"11"},"event":{"count":1,"data":{"context_menu":true,"os":"Windows","created":1581609146445,"plugin_type":"PLATFORM","project":"e34beb87dd0aaa7eb98b502df2478e9f9740d3b6014252c91479ccc8ae8eb023","place":"ProjectViewPopup","input_event":"MouseLeft"},"id":"RenameElement"}}
{"recorder_version":"11","session":"0f34eb9cb85a","build":"191.8026.42.35.6010548","bucket":"45","time":1581609146512,"group":{"id":"productivity","version":"11"},"event":{"count":1,"data":{"created":1581609146512},"id":"refactoring.rename"}}
{"recorder_version":"11","session":"0f34eb9cb85a","build":"191.8026.42.35.6010548","bucket":"45","time":1581609146560,"group":{"id":"ui.dialogs","version":"11"},"event":{"count":1,"data":{"created":1581609146560,"plugin_type":"PLATFORM","type":"show"},"id":"com.intellij.refactoring.rename.RenamePsiFileProcessor$PsiFileRenameDialog"}}
{"recorder_version":"11","session":"0f34eb9cb85a","build":"191.8026.42.35.6010548","bucket":"45","time":1581609148079,"group":{"id":"ui.dialogs","version":"11"},"event":{"count":1,"data":{"code":1,"created":1581609148079,"plugin_type":"PLATFORM","type":"close"},"id":"com.intellij.refactoring.rename.RenamePsiFileProcessor$PsiFileRenameDialog"}}
{"recorder_version":"11","session":"0f34eb9cb85a","build":"191.8026.42.35.6010548","bucket":"45","time":1581609151825,"group":{"id":"actions","version":"11"},"event":{"count":1,"data":{"context_menu":false,"os":"Windows","created":1581609151825,"plugin_type":"PLATFORM","project":"e34beb87dd0aaa7eb98b502df2478e9f9740d3b6014252c91479ccc8ae8eb023","place":"NavBarToolbar","input_event":"MouseLeft"},"id":"com.intellij.execution.ExecutorRegistryImpl$ExecutorAction"}}
{"recorder_version":"11","session":"0f34eb9cb85a","build":"191.8026.42.35.6010548","bucket":"45","time":1581609151851,"group":{"id":"toolbar","version":"11"},"event":{"count":1,"data":{"os":"Windows","created":1581609151851,"plugin_type":"PLATFORM","place":"NavBarToolbar"},"id":"com.intellij.execution.ExecutorRegistryImpl$ExecutorAction"}}
{"recorder_version":"11","session":"0f34eb9cb85a","build":"191.8026.42.35.6010548","bucket":"45","time":1581609151925,"group":{"id":"run.configuration.exec","version":"11"},"event":{"count":1,"data":{"executor":"Run","created":1581609151925,"plugin_type":"NOT_LISTED","project":"e34beb87dd0aaa7eb98b502df2478e9f9740d3b6014252c91479ccc8ae8eb023"},"id":"third.party"}}
{"recorder_version":"11","session":"0f34eb9cb85a","build":"191.8026.42.35.6010548","bucket":"45","time":1581609163213,"group":{"id":"actions","version":"11"},"event":{"count":1,"data":{"context_menu":false,"os":"Windows","created":1581609163213,"plugin_type":"PLATFORM","project":"e34beb87dd0aaa7eb98b502df2478e9f9740d3b6014252c91479ccc8ae8eb023","place":"NavBarToolbar","input_event":"MouseLeft"},"id":"com.intellij.execution.ExecutorRegistryImpl$ExecutorAction"}}
{"recorder_version":"11","session":"0f34eb9cb85a","build":"191.8026.42.35.6010548","bucket":"45","time":1581609163217,"group":{"id":"toolbar","version":"11"},"event":{"count":1,"data":{"os":"Windows","created":1581609163217,"plugin_type":"PLATFORM","place":"NavBarToolbar"},"id":"com.intellij.execution.ExecutorRegistryImpl$ExecutorAction"}}
{"recorder_version":"11","session":"0f34eb9cb85a","build":"191.8026.42.35.6010548","bucket":"45","time":1581609163281,"group":{"id":"run.configuration.exec","version":"11"},"event":{"count":1,"data":{"executor":"Run","created":1581609163281,"plugin_type":"NOT_LISTED","project":"e34beb87dd0aaa7eb98b502df2478e9f9740d3b6014252c91479ccc8ae8eb023"},"id":"third.party"}}
{"recorder_version":"11","session":"0f34eb9cb85a","build":"191.8026.42.35.6010548","bucket":"45","time":1581609174192,"group":{"id":"toolwindow","version":"11"},"event":{"count":1,"data":{"os":"Windows","created":1581609174192,"plugin_type":"PLATFORM"},"id":"Run"}}
{"recorder_version":"11","session":"0f34eb9cb85a","build":"191.8026.42.35.6010548","bucket":"45","time":1581609177368,"group":{"id":"actions","version":"11"},"event":{"count":1,"data":{"context_menu":false,"os":"Windows","created":1581609177368,"plugin_type":"PLATFORM","project":"e34beb87dd0aaa7eb98b502df2478e9f9740d3b6014252c91479ccc8ae8eb023","place":"NavBarToolbar","input_event":"MouseLeft"},"id":"com.intellij.execution.ExecutorRegistryImpl$ExecutorAction"}}
{"recorder_version":"11","session":"0f34eb9cb85a","build":"191.8026.42.35.6010548","bucket":"45","time":1581609177386,"group":{"id":"toolbar","version":"11"},"event":{"count":1,"data":{"os":"Windows","created":1581609177386,"plugin_type":"PLATFORM","place":"NavBarToolbar"},"id":"com.intellij.execution.ExecutorRegistryImpl$ExecutorAction"}}
{"recorder_version":"11","session":"0f34eb9cb85a","build":"191.8026.42.35.6010548","bucket":"45","time":1581609177438,"group":{"id":"run.configuration.exec","version":"11"},"event":{"count":1,"data":{"executor":"Run","created":1581609177438,"plugin_type":"NOT_LISTED","project":"e34beb87dd0aaa7eb98b502df2478e9f9740d3b6014252c91479ccc8ae8eb023"},"id":"third.party"}}
{"recorder_version":"11","session":"0f34eb9cb85a","build":"191.8026.42.35.6010548","bucket":"45","time":1581609180849,"group":{"id":"toolwindow","version":"11"},"event":{"count":1,"data":{"os":"Windows","created":1581609180850,"plugin_type":"PLATFORM"},"id":"Project"}}
{"recorder_version":"11","session":"0f34eb9cb85a","build":"191.8026.42.35.6010548","bucket":"45","time":1581609185040,"group":{"id":"toolwindow","version":"11"},"event":{"count":1,"data":{"os":"Windows","created":1581609185040,"plugin_type":"PLATFORM"},"id":"Run"}}
{"recorder_version":"11","session":"0f34eb9cb85a","build":"191.8026.42.35.6010548","bucket":"45","time":1581609211188,"group":{"id":"actions","version":"11"},"event":{"count":1,"data":{"context_menu":true,"os":"Windows","created":1581609211188,"plugin_type":"PLATFORM","project":"e34beb87dd0aaa7eb98b502df2478e9f9740d3b6014252c91479ccc8ae8eb023","place":"EditorPopup","input_event":"MouseLeft"},"id":"$Copy"}}
{"recorder_version":"11","session":"0f34eb9cb85a","build":"191.8026.42.35.6010548","bucket":"45","time":1581609226209,"group":{"id":"build.tools.actions","version":"1"},"event":{"count":1,"data":{"created":1581609226209},"id":"registered"}}
{"recorder_version":"11","session":"0f34eb9cb85a","build":"191.8026.42.35.6010548","bucket":"45","time":1581609226209,"group":{"id":"file.types.usage","version":"11"},"event":{"count":1,"data":{"created":1581609226209},"id":"registered"}}
{"recorder_version":"11","session":"0f34eb9cb85a","build":"191.8026.42.35.6010548","bucket":"45","time":1581609226209,"group":{"id":"actions.runAnything","version":"1"},"event":{"count":1,"data":{"created":1581609226209},"id":"registered"}}
{"recorder_version":"11","session":"0f34eb9cb85a","build":"191.8026.42.35.6010548","bucket":"45","time":1581609226209,"group":{"id":"toolwindow","version":"11"},"event":{"count":1,"data":{"created":1581609226209},"id":"registered"}}
{"recorder_version":"11","session":"0f34eb9cb85a","build":"191.8026.42.35.6010548","bucket":"45","time":1581609226209,"group":{"id":"live.templates","version":"11"},"event":{"count":1,"data":{"created":1581609226209},"id":"registered"}}
{"recorder_version":"11","session":"0f34eb9cb85a","build":"191.8026.42.35.6010548","bucket":"45","time":1581609226209,"group":{"id":"ide.self.update","version":"1"},"event":{"count":1,"data":{"created":1581609226209},"id":"registered"}}
{"recorder_version":"11","session":"0f34eb9cb85a","build":"191.8026.42.35.6010548","bucket":"45","time":1581609226209,"group":{"id":"cidr.testingFrameworks.usages","version":"1"},"event":{"count":1,"data":{"created":1581609226210},"id":"registered"}}
{"recorder_version":"11","session":"0f34eb9cb85a","build":"191.8026.42.35.6010548","bucket":"45","time":1581609226209,"group":{"id":"lifecycle","version":"11"},"event":{"count":1,"data":{"created":1581609226210},"id":"registered"}}
{"recorder_version":"11","session":"0f34eb9cb85a","build":"191.8026.42.35.6010548","bucket":"45","time":1581609226209,"group":{"id":"vcs.diff.trigger","version":"1"},"event":{"count":1,"data":{"created":1581609226210},"id":"registered"}}
{"recorder_version":"11","session":"0f34eb9cb85a","build":"191.8026.42.35.6010548","bucket":"45","time":1581609226209,"group":{"id":"vcs.log.trigger","version":"1"},"event":{"count":1,"data":{"created":1581609226210},"id":"registered"}}
{"recorder_version":"11","session":"0f34eb9cb85a","build":"191.8026.42.35.6010548","bucket":"45","time":1581609226209,"group":{"id":"productivity","version":"11"},"event":{"count":1,"data":{"created":1581609226211},"id":"registered"}}
{"recorder_version":"11","session":"0f34eb9cb85a","build":"191.8026.42.35.6010548","bucket":"45","time":1581609226209,"group":{"id":"debugger.breakpoints.usage","version":"1"},"event":{"count":1,"data":{"created":1581609226211},"id":"registered"}}
{"recorder_version":"11","session":"0f34eb9cb85a","build":"191.8026.42.35.6010548","bucket":"45","time":1581609226209,"group":{"id":"oc","version":"1"},"event":{"count":1,"data":{"created":1581609226211},"id":"registered"}}
{"recorder_version":"11","session":"0f34eb9cb85a","build":"191.8026.42.35.6010548","bucket":"45","time":1581609226209,"group":{"id":"intentions","version":"11"},"event":{"count":1,"data":{"created":1581609226211},"id":"registered"}}
{"recorder_version":"11","session":"0f34eb9cb85a","build":"191.8026.42.35.6010548","bucket":"45","time":1581609226209,"group":{"id":"ui.dialogs","version":"11"},"event":{"count":1,"data":{"created":1581609226212},"id":"registered"}}
{"recorder_version":"11","session":"0f34eb9cb85a","build":"191.8026.42.35.6010548","bucket":"45","time":1581609226209,"group":{"id":"vcs.back.forward.trigger","version":"1"},"event":{"count":1,"data":{"created":1581609226212},"id":"registered"}}
{"recorder_version":"11","session":"0f34eb9cb85a","build":"191.8026.42.35.6010548","bucket":"45","time":1581609226209,"group":{"id":"toolbar","version":"11"},"event":{"count":1,"data":{"created":1581609226213},"id":"registered"}}
{"recorder_version":"11","session":"0f34eb9cb85a","build":"191.8026.42.35.6010548","bucket":"45","time":1581609226209,"group":{"id":"build.gradle.actions","version":"1"},"event":{"count":1,"data":{"created":1581609226213},"id":"registered"}}
{"recorder_version":"11","session":"0f34eb9cb85a","build":"191.8026.42.35.6010548","bucket":"45","time":1581609226209,"group":{"id":"performance","version":"11"},"event":{"count":1,"data":{"created":1581609226213},"id":"registered"}}
{"recorder_version":"11","session":"0f34eb9cb85a","build":"191.8026.42.35.6010548","bucket":"45","time":1581609226209,"group":{"id":"searchEverywhere","version":"1"},"event":{"count":1,"data":{"created":1581609226214},"id":"registered"}}
{"recorder_version":"11","session":"0f34eb9cb85a","build":"191.8026.42.35.6010548","bucket":"45","time":1581609226209,"group":{"id":"ui.tips","version":"1"},"event":{"count":1,"data":{"created":1581609226214},"id":"registered"}}
{"recorder_version":"11","session":"0f34eb9cb85a","build":"191.8026.42.35.6010548","bucket":"45","time":1581609226209,"group":{"id":"import.old.config","version":"1"},"event":{"count":1,"data":{"created":1581609226214},"id":"registered"}}
{"recorder_version":"11","session":"0f34eb9cb85a","build":"191.8026.42.35.6010548","bucket":"45","time":1581609226209,"group":{"id":"json.schema","version":"1"},"event":{"count":1,"data":{"created":1581609226214},"id":"registered"}}
{"recorder_version":"11","session":"0f34eb9cb85a","build":"191.8026.42.35.6010548","bucket":"45","time":1581609226209,"group":{"id":"terminalShell","version":"1"},"event":{"count":1,"data":{"created":1581609226214},"id":"registered"}}
{"recorder_version":"11","session":"0f34eb9cb85a","build":"191.8026.42.35.6010548","bucket":"45","time":1581609226209,"group":{"id":"completion.postfix","version":"11"},"event":{"count":1,"data":{"created":1581609226215},"id":"registered"}}
{"recorder_version":"11","session":"0f34eb9cb85a","build":"191.8026.42.35.6010548","bucket":"45","time":1581609226209,"group":{"id":"actions","version":"11"},"event":{"count":1,"data":{"created":1581609226215},"id":"registered"}}
{"recorder_version":"11","session":"0f34eb9cb85a","build":"191.8026.42.35.6010548","bucket":"45","time":1581609226209,"group":{"id":"run.configuration.exec","version":"11"},"event":{"count":1,"data":{"created":1581609226215},"id":"registered"}}
{"recorder_version":"11","session":"0f34eb9cb85a","build":"191.8026.42.35.6010548","bucket":"45","time":1581609228173,"group":{"id":"performance","version":"11"},"event":{"count":1,"data":{"duration_ms":0,"created":1581609228173},"id":"ui.latency"}}
{"recorder_version":"11","session":"0f34eb9cb85a","build":"191.8026.42.35.6010548","bucket":"45","time":1581609279680,"group":{"id":"actions","version":"11"},"event":{"count":1,"data":{"context_menu":false,"os":"Windows","created":1581609279681,"plugin_type":"PLATFORM","project":"e34beb87dd0aaa7eb98b502df2478e9f9740d3b6014252c91479ccc8ae8eb023","place":"MainMenu","input_event":"Ctrl+C"},"id":"EditorCopy"}}
{"recorder_version":"11","session":"0f34eb9cb85a","build":"191.8026.42.35.6010548","bucket":"45","time":1581609298417,"group":{"id":"toolwindow","version":"11"},"event":{"count":1,"data":{"os":"Windows","created":1581609298417,"plugin_type":"PLATFORM"},"id":"Project"}}
{"recorder_version":"11","session":"0f34eb9cb85a","build":"191.8026.42.35.6010548","bucket":"45","time":1581609302577,"group":{"id":"file.types.usage","version":"11"},"event":{"count":1,"data":{"plugin":"org.jetbrains.kotlin","created":1581609302577,"plugin_type":"JB_NOT_BUNDLED","project":"e34beb87dd0aaa7eb98b502df2478e9f9740d3b6014252c91479ccc8ae8eb023","type":"open"},"id":"Kotlin"}}
{"recorder_version":"11","session":"0f34eb9cb85a","build":"191.8026.42.35.6010548","bucket":"45","time":1581609310906,"group":{"id":"actions","version":"11"},"event":{"count":1,"data":{"context_menu":false,"os":"Windows","created":1581609310906,"plugin_type":"PLATFORM","project":"e34beb87dd0aaa7eb98b502df2478e9f9740d3b6014252c91479ccc8ae8eb023","place":"MainMenu","input_event":"Ctrl+MouseLeft"},"id":"GotoDeclaration"}}
{"recorder_version":"11","session":"0f34eb9cb85a","build":"191.8026.42.35.6010548","bucket":"45","time":1581609310911,"group":{"id":"productivity","version":"11"},"event":{"count":1,"data":{"created":1581609310911},"id":"navigation.goto.declaration"}}
{"recorder_version":"11","session":"0f34eb9cb85a","build":"191.8026.42.35.6010548","bucket":"45","time":1581609310985,"group":{"id":"file.types.usage","version":"11"},"event":{"count":1,"data":{"created":1581609310985,"plugin_type":"PLATFORM","project":"e34beb87dd0aaa7eb98b502df2478e9f9740d3b6014252c91479ccc8ae8eb023","type":"open"},"id":"JAVA"}}
{"recorder_version":"11","session":"0f34eb9cb85a","build":"191.8026.42.35.6010548","bucket":"45","time":1581609322889,"group":{"id":"toolwindow","version":"11"},"event":{"count":1,"data":{"os":"Windows","created":1581609322889,"plugin_type":"PLATFORM"},"id":"Run"}}
{"recorder_version":"11","session":"0f34eb9cb85a","build":"191.8026.42.35.6010548","bucket":"45","time":1581609327075,"group":{"id":"actions","version":"11"},"event":{"count":1,"data":{"context_menu":true,"os":"Windows","created":1581609327075,"plugin_type":"PLATFORM","project":"e34beb87dd0aaa7eb98b502df2478e9f9740d3b6014252c91479ccc8ae8eb023","place":"EditorPopup","input_event":"MouseLeft"},"id":"$Copy"}}
{"recorder_version":"11","session":"0f34eb9cb85a","build":"191.8026.42.35.6010548","bucket":"45","time":1581609328280,"group":{"id":"performance","version":"11"},"event":{"count":1,"data":{"duration_ms":0,"created":1581609328280},"id":"ui.latency"}}
{"recorder_version":"11","session":"0f34eb9cb85a","build":"191.8026.42.35.6010548","bucket":"45","time":1581609351004,"group":{"id":"actions","version":"11"},"event":{"count":1,"data":{"context_menu":true,"os":"Windows","created":1581609351004,"plugin_type":"PLATFORM","project":"e34beb87dd0aaa7eb98b502df2478e9f9740d3b6014252c91479ccc8ae8eb023","place":"EditorPopup","input_event":"MouseLeft"},"id":"$Copy"}}
{"recorder_version":"11","session":"0f34eb9cb85a","build":"191.8026.42.35.6010548","bucket":"45","time":1581609394821,"group":{"id":"actions","version":"11"},"event":{"count":2,"data":{"context_menu":true,"os":"Windows","last":1581609401476,"created":1581609394821,"plugin_type":"NOT_LISTED","project":"e34beb87dd0aaa7eb98b502df2478e9f9740d3b6014252c91479ccc8ae8eb023","place":"MainMenu","input_event":"MouseLeft"},"id":"third.party"}}
{"recorder_version":"11","session":"0f34eb9cb85a","build":"191.8026.42.35.6010548","bucket":"45","time":1581609418134,"group":{"id":"performance","version":"11"},"event":{"count":1,"data":{"duration_ms":232,"created":1581609418134},"id":"ui.lagging"}}
{"recorder_version":"11","session":"0f34eb9cb85a","build":"191.8026.42.35.6010548","bucket":"45","time":1581609426525,"group":{"id":"performance","version":"11"},"event":{"count":1,"data":{"duration_ms":220,"created":1581609426525},"id":"ui.lagging"}}
{"recorder_version":"11","session":"0f34eb9cb85a","build":"191.8026.42.35.6010548","bucket":"45","time":1581609428381,"group":{"id":"performance","version":"11"},"event":{"count":1,"data":{"duration_ms":0,"created":1581609428381},"id":"ui.latency"}}
{"recorder_version":"11","session":"0f34eb9cb85a","build":"191.8026.42.35.6010548","bucket":"45","time":1581609477917,"group":{"id":"performance","version":"11"},"event":{"count":1,"data":{"duration_ms":7757,"created":1581609478435},"id":"ui.lagging"}}
{"recorder_version":"11","session":"0f34eb9cb85a","build":"191.8026.42.35.6010548","bucket":"45","time":1581609478536,"group":{"id":"performance","version":"11"},"event":{"count":1,"data":{"duration_ms":535,"created":1581609478541},"id":"ui.lagging"}}
{"recorder_version":"11","session":"0f34eb9cb85a","build":"191.8026.42.35.6010548","bucket":"45","time":1581609484971,"group":{"id":"toolwindow","version":"11"},"event":{"count":1,"data":{"os":"Windows","created":1581609484971,"plugin_type":"PLATFORM"},"id":"Build"}}
{"recorder_version":"11","session":"0f34eb9cb85a","build":"191.8026.42.35.6010548","bucket":"45","time":1581609487222,"group":{"id":"performance","version":"11"},"event":{"count":1,"data":{"duration_ms":1150,"created":1581609487222},"id":"ui.lagging"}}
{"recorder_version":"11","session":"0f34eb9cb85a","build":"191.8026.42.35.6010548","bucket":"45","time":1581609487222,"group":{"id":"performance","version":"11"},"event":{"count":1,"data":{"duration_ms":149,"created":1581609487223},"id":"ui.lagging"}}
{"recorder_version":"11","session":"0f34eb9cb85a","build":"191.8026.42.35.6010548","bucket":"45","time":1581609500223,"group":{"id":"toolwindow","version":"11"},"event":{"count":1,"data":{"os":"Windows","created":1581609500223,"plugin_type":"PLATFORM"},"id":"Project"}}
{"recorder_version":"11","session":"0f34eb9cb85a","build":"191.8026.42.35.6010548","bucket":"45","time":1581609503006,"group":{"id":"actions","version":"11"},"event":{"count":1,"data":{"context_menu":false,"os":"Windows","created":1581609503006,"plugin_type":"PLATFORM","project":"e34beb87dd0aaa7eb98b502df2478e9f9740d3b6014252c91479ccc8ae8eb023","place":"MainMenu","input_event":"Backspace"},"id":"EditorBackSpace"}}
{"recorder_version":"11","session":"0f34eb9cb85a","build":"191.8026.42.35.6010548","bucket":"45","time":1581609503328,"group":{"id":"file.types.usage","version":"11"},"event":{"count":1,"data":{"schema":"Gradle","plugin":"org.intellij.groovy","created":1581609503328,"plugin_type":"JB_BUNDLED","project":"e34beb87dd0aaa7eb98b502df2478e9f9740d3b6014252c91479ccc8ae8eb023","type":"edit"},"id":"Groovy"}}
{"recorder_version":"11","session":"0f34eb9cb85a","build":"191.8026.42.35.6010548","bucket":"45","time":1581609518257,"group":{"id":"actions","version":"11"},"event":{"count":1,"data":{"context_menu":false,"os":"Windows","created":1581609518257,"plugin_type":"PLATFORM","project":"e34beb87dd0aaa7eb98b502df2478e9f9740d3b6014252c91479ccc8ae8eb023","place":"NavBarToolbar","input_event":"MouseLeft"},"id":"com.intellij.execution.ExecutorRegistryImpl$ExecutorAction"}}
{"recorder_version":"11","session":"0f34eb9cb85a","build":"191.8026.42.35.6010548","bucket":"45","time":1581609518261,"group":{"id":"toolbar","version":"11"},"event":{"count":1,"data":{"os":"Windows","created":1581609518261,"plugin_type":"PLATFORM","place":"NavBarToolbar"},"id":"com.intellij.execution.ExecutorRegistryImpl$ExecutorAction"}}
{"recorder_version":"11","session":"0f34eb9cb85a","build":"191.8026.42.35.6010548","bucket":"45","time":1581609518312,"group":{"id":"run.configuration.exec","version":"11"},"event":{"count":1,"data":{"executor":"Run","created":1581609518313,"plugin_type":"NOT_LISTED","project":"e34beb87dd0aaa7eb98b502df2478e9f9740d3b6014252c91479ccc8ae8eb023"},"id":"third.party"}}
{"recorder_version":"11","session":"0f34eb9cb85a","build":"191.8026.42.35.6010548","bucket":"45","time":1581609531094,"group":{"id":"performance","version":"11"},"event":{"count":1,"data":{"duration_ms":0,"created":1581609531094},"id":"ui.latency"}}
{"recorder_version":"11","session":"0f34eb9cb85a","build":"191.8026.42.35.6010548","bucket":"45","time":1581609570001,"group":{"id":"toolwindow","version":"11"},"event":{"count":1,"data":{"os":"Windows","created":1581609570001,"plugin_type":"PLATFORM"},"id":"Run"}}
{"recorder_version":"11","session":"0f34eb9cb85a","build":"191.8026.42.35.6010548","bucket":"45","time":1581609575048,"group":{"id":"toolwindow","version":"11"},"event":{"count":1,"data":{"os":"Windows","created":1581609575048,"plugin_type":"PLATFORM"},"id":"Project"}}
{"recorder_version":"11","session":"0f34eb9cb85a","build":"191.8026.42.35.6010548","bucket":"45","time":1581609583482,"group":{"id":"actions","version":"11"},"event":{"count":1,"data":{"context_menu":false,"os":"Windows","created":1581609583482,"plugin_type":"PLATFORM","project":"e34beb87dd0aaa7eb98b502df2478e9f9740d3b6014252c91479ccc8ae8eb023","place":"MainMenu","input_event":"Ctrl+A"},"id":"$SelectAll"}}
{"recorder_version":"11","session":"0f34eb9cb85a","build":"191.8026.42.35.6010548","bucket":"45","time":1581609604696,"group":{"id":"toolwindow","version":"11"},"event":{"count":1,"data":{"os":"Windows","created":1581609604696,"plugin_type":"PLATFORM"},"id":"Run"}}
{"recorder_version":"11","session":"0f34eb9cb85a","build":"191.8026.42.35.6010548","bucket":"45","time":1581609610899,"group":{"id":"actions","version":"11"},"event":{"count":1,"data":{"context_menu":true,"os":"Windows","created":1581609610899,"plugin_type":"PLATFORM","project":"e34beb87dd0aaa7eb98b502df2478e9f9740d3b6014252c91479ccc8ae8eb023","place":"EditorPopup","input_event":"MouseLeft"},"id":"$Copy"}}
{"recorder_version":"11","session":"0f34eb9cb85a","build":"191.8026.42.35.6010548","bucket":"45","time":1581609631515,"group":{"id":"performance","version":"11"},"event":{"count":1,"data":{"duration_ms":1,"created":1581609631515},"id":"ui.latency"}}
{"recorder_version":"11","session":"0f34eb9cb85a","build":"191.8026.42.35.6010548","bucket":"45","time":1581609677596,"group":{"id":"actions","version":"11"},"event":{"count":1,"data":{"context_menu":false,"os":"Windows","created":1581609677596,"plugin_type":"PLATFORM","project":"e34beb87dd0aaa7eb98b502df2478e9f9740d3b6014252c91479ccc8ae8eb023","place":"MainMenu","input_event":"Ctrl+A"},"id":"$SelectAll"}}
{"recorder_version":"11","session":"0f34eb9cb85a","build":"191.8026.42.35.6010548","bucket":"45","time":1581609679407,"group":{"id":"ui.dialogs","version":"11"},"event":{"count":1,"data":{"created":1581609679407,"plugin_type":"PLATFORM","type":"show"},"id":"com.intellij.openapi.ui.messages.MessageDialog"}}
{"recorder_version":"11","session":"0f34eb9cb85a","build":"191.8026.42.35.6010548","bucket":"45","time":1581609680719,"group":{"id":"lifecycle","version":"11"},"event":{"count":1,"data":{"restart":false,"created":1581609680719},"id":"ide.close"}}
{"recorder_version":"11","session":"0f34eb9cb85a","build":"191.8026.42.35.6010548","bucket":"45","time":1581609680777,"group":{"id":"lifecycle","version":"11"},"event":{"count":1,"data":{"created":1581609680777,"project":"e34beb87dd0aaa7eb98b502df2478e9f9740d3b6014252c91479ccc8ae8eb023"},"id":"project.closed"}}
