{"recorder_version":"11","session":"5c937e5cd1a8","build":"191.8026.42.35.6010548","bucket":"45","time":1581683689288,"group":{"id":"settings","version":"2"},"event":{"state":true,"data":{"created":1581683689288,"invoked":true},"id":"NotRoamableUiSettings"}}
{"recorder_version":"11","session":"5c937e5cd1a8","build":"191.8026.42.35.6010548","bucket":"45","time":1581683689303,"group":{"id":"system.os","version":"1"},"event":{"state":true,"data":{"created":1581683689303,"version":"10.0"},"id":"Windows"}}
{"recorder_version":"11","session":"5c937e5cd1a8","build":"191.8026.42.35.6010548","bucket":"45","time":1581683689303,"group":{"id":"system.os","version":"1"},"event":{"state":true,"data":{"created":1581683689303},"id":"invoked"}}
{"recorder_version":"11","session":"5c937e5cd1a8","build":"191.8026.42.35.6010548","bucket":"45","time":1581683689303,"group":{"id":"system.java","version":"1"},"event":{"state":true,"data":{"created":1581683689319,"version":"1.8"},"id":"JetBrains"}}
{"recorder_version":"11","session":"5c937e5cd1a8","build":"191.8026.42.35.6010548","bucket":"45","time":1581683689303,"group":{"id":"system.java","version":"1"},"event":{"state":true,"data":{"created":1581683689319},"id":"invoked"}}
{"recorder_version":"11","session":"5c937e5cd1a8","build":"191.8026.42.35.6010548","bucket":"45","time":1581683689303,"group":{"id":"settings","version":"2"},"event":{"state":true,"data":{"default":false,"created":1581683689319,"name":"pinFindInPath","value":true},"id":"UISettings"}}
{"recorder_version":"11","session":"5c937e5cd1a8","build":"191.8026.42.35.6010548","bucket":"45","time":1581683689303,"group":{"id":"settings","version":"2"},"event":{"state":true,"data":{"created":1581683689319,"invoked":true},"id":"UISettings"}}
{"recorder_version":"11","session":"5c937e5cd1a8","build":"191.8026.42.35.6010548","bucket":"45","time":1581683690587,"group":{"id":"settings","version":"2"},"event":{"state":true,"data":{"created":1581683690587,"invoked":true},"id":"GeneralSettings"}}
{"recorder_version":"11","session":"5c937e5cd1a8","build":"191.8026.42.35.6010548","bucket":"45","time":1581683693407,"group":{"id":"performance","version":"11"},"event":{"count":1,"data":{"duration_ms":2077,"created":1581683693407},"id":"ui.latency"}}
{"recorder_version":"11","session":"5c937e5cd1a8","build":"191.8026.42.35.6010548","bucket":"45","time":1581683693407,"group":{"id":"performance","version":"11"},"event":{"count":1,"data":{"duration_ms":2077,"created":1581683693407},"id":"ui.lagging"}}
{"recorder_version":"11","session":"5c937e5cd1a8","build":"191.8026.42.35.6010548","bucket":"45","time":1581683693407,"group":{"id":"performance","version":"11"},"event":{"count":1,"data":{"duration_ms":1072,"created":1581683693407},"id":"ui.lagging"}}
{"recorder_version":"11","session":"5c937e5cd1a8","build":"191.8026.42.35.6010548","bucket":"45","time":1581683693765,"group":{"id":"ui.dialogs","version":"11"},"event":{"count":1,"data":{"created":1581683693765,"plugin_type":"PLATFORM","type":"show"},"id":"com.intellij.openapi.progress.util.ProgressDialog$MyDialogWrapper"}}
{"recorder_version":"11","session":"5c937e5cd1a8","build":"191.8026.42.35.6010548","bucket":"45","time":1581683696020,"group":{"id":"ui.dialogs","version":"11"},"event":{"count":1,"data":{"code":1,"created":1581683696020,"plugin_type":"PLATFORM","type":"close"},"id":"com.intellij.openapi.progress.util.ProgressDialog$MyDialogWrapper"}}
{"recorder_version":"11","session":"5c937e5cd1a8","build":"191.8026.42.35.6010548","bucket":"45","time":1581683696020,"group":{"id":"lifecycle","version":"11"},"event":{"count":1,"data":{"created":1581683696020,"project":"e34beb87dd0aaa7eb98b502df2478e9f9740d3b6014252c91479ccc8ae8eb023"},"id":"project.opened"}}
{"recorder_version":"11","session":"5c937e5cd1a8","build":"191.8026.42.35.6010548","bucket":"45","time":1581683699539,"group":{"id":"performance","version":"11"},"event":{"count":1,"data":{"duration_ms":3171,"created":1581683699539},"id":"ui.lagging"}}
{"recorder_version":"11","session":"5c937e5cd1a8","build":"191.8026.42.35.6010548","bucket":"45","time":1581683699555,"group":{"id":"performance","version":"11"},"event":{"count":1,"data":{"duration_ms":2172,"created":1581683699555},"id":"ui.lagging"}}
{"recorder_version":"11","session":"5c937e5cd1a8","build":"191.8026.42.35.6010548","bucket":"45","time":1581683699555,"group":{"id":"performance","version":"11"},"event":{"count":1,"data":{"duration_ms":1156,"created":1581683699555},"id":"ui.lagging"}}
{"recorder_version":"11","session":"5c937e5cd1a8","build":"191.8026.42.35.6010548","bucket":"45","time":1581683699555,"group":{"id":"performance","version":"11"},"event":{"count":1,"data":{"duration_ms":141,"created":1581683699555},"id":"ui.lagging"}}
{"recorder_version":"11","session":"5c937e5cd1a8","build":"191.8026.42.35.6010548","bucket":"45","time":1581683699570,"group":{"id":"ui.dialogs","version":"11"},"event":{"count":1,"data":{"created":1581683699570,"plugin_type":"PLATFORM","type":"show"},"id":"com.intellij.openapi.progress.util.ProgressDialog$MyDialogWrapper"}}
{"recorder_version":"11","session":"5c937e5cd1a8","build":"191.8026.42.35.6010548","bucket":"45","time":1581683703746,"group":{"id":"file.types.usage","version":"11"},"event":{"count":1,"data":{"schema":"Gradle","plugin":"org.intellij.groovy","created":1581683703746,"plugin_type":"JB_BUNDLED","project":"e34beb87dd0aaa7eb98b502df2478e9f9740d3b6014252c91479ccc8ae8eb023","type":"open"},"id":"Groovy"}}
{"recorder_version":"11","session":"5c937e5cd1a8","build":"191.8026.42.35.6010548","bucket":"45","time":1581683703761,"group":{"id":"performance","version":"11"},"event":{"count":1,"data":{"duration_ms":281,"created":1581683703761},"id":"ui.lagging"}}
{"recorder_version":"11","session":"5c937e5cd1a8","build":"191.8026.42.35.6010548","bucket":"45","time":1581683704043,"group":{"id":"file.types.usage","version":"11"},"event":{"count":4,"data":{"plugin":"org.jetbrains.kotlin","last":1581683704824,"created":1581683704043,"plugin_type":"JB_NOT_BUNDLED","project":"e34beb87dd0aaa7eb98b502df2478e9f9740d3b6014252c91479ccc8ae8eb023","type":"open"},"id":"Kotlin"}}
{"recorder_version":"11","session":"5c937e5cd1a8","build":"191.8026.42.35.6010548","bucket":"45","time":1581683705089,"group":{"id":"file.types.usage","version":"11"},"event":{"count":1,"data":{"created":1581683705089,"plugin_type":"PLATFORM","project":"e34beb87dd0aaa7eb98b502df2478e9f9740d3b6014252c91479ccc8ae8eb023","type":"open"},"id":"JAVA"}}
{"recorder_version":"11","session":"5c937e5cd1a8","build":"191.8026.42.35.6010548","bucket":"45","time":1581683705167,"group":{"id":"file.types.usage","version":"11"},"event":{"count":1,"data":{"created":1581683705167,"plugin_type":"PLATFORM","project":"e34beb87dd0aaa7eb98b502df2478e9f9740d3b6014252c91479ccc8ae8eb023","type":"open"},"id":"XML"}}
{"recorder_version":"11","session":"5c937e5cd1a8","build":"191.8026.42.35.6010548","bucket":"45","time":1581683706292,"group":{"id":"lifecycle","version":"11"},"event":{"count":1,"data":{"eap":false,"created":1581683706292},"id":"ide.start"}}
{"recorder_version":"11","session":"5c937e5cd1a8","build":"191.8026.42.35.6010548","bucket":"45","time":1581683706995,"group":{"id":"performance","version":"11"},"event":{"count":1,"data":{"duration_ms":1484,"created":1581683706995},"id":"ui.lagging"}}
{"recorder_version":"11","session":"5c937e5cd1a8","build":"191.8026.42.35.6010548","bucket":"45","time":1581683707167,"group":{"id":"performance","version":"11"},"event":{"count":1,"data":{"duration_ms":641,"created":1581683707167},"id":"ui.lagging"}}
{"recorder_version":"11","session":"5c937e5cd1a8","build":"191.8026.42.35.6010548","bucket":"45","time":1581683707167,"group":{"id":"project.fs","version":"1"},"event":{"state":true,"data":{"os":"Windows","cs-project":false,"created":1581683707167,"project":"e34beb87dd0aaa7eb98b502df2478e9f9740d3b6014252c91479ccc8ae8eb023","cs-implicit":true,"cs-system":false},"id":"case-sensitivity"}}
{"recorder_version":"11","session":"5c937e5cd1a8","build":"191.8026.42.35.6010548","bucket":"45","time":1581683707167,"group":{"id":"project.fs","version":"1"},"event":{"state":true,"data":{"created":1581683707167},"id":"invoked"}}
{"recorder_version":"11","session":"5c937e5cd1a8","build":"191.8026.42.35.6010548","bucket":"45","time":1581683707214,"group":{"id":"project.fs","version":"1"},"event":{"state":true,"data":{"pct-non-watched":0,"created":1581683707214,"project":"e34beb87dd0aaa7eb98b502df2478e9f9740d3b6014252c91479ccc8ae8eb023"},"id":"roots-watched"}}
{"recorder_version":"11","session":"5c937e5cd1a8","build":"191.8026.42.35.6010548","bucket":"45","time":1581683707214,"group":{"id":"project.fs","version":"1"},"event":{"state":true,"data":{"created":1581683707214},"id":"invoked"}}
{"recorder_version":"11","session":"5c937e5cd1a8","build":"191.8026.42.35.6010548","bucket":"45","time":1581683707510,"group":{"id":"ui.tips","version":"1"},"event":{"count":1,"data":{"created":1581683707510},"id":"shown.automatically"}}
{"recorder_version":"11","session":"5c937e5cd1a8","build":"191.8026.42.35.6010548","bucket":"45","time":1581683707557,"group":{"id":"ui.dialogs","version":"11"},"event":{"count":1,"data":{"created":1581683707557,"plugin_type":"PLATFORM","type":"show"},"id":"com.intellij.ide.util.TipDialog"}}
{"recorder_version":"11","session":"5c937e5cd1a8","build":"191.8026.42.35.6010548","bucket":"45","time":1581683707807,"group":{"id":"ui.dialogs","version":"11"},"event":{"count":1,"data":{"code":1,"created":1581683707807,"plugin_type":"PLATFORM","type":"close"},"id":"com.intellij.openapi.progress.util.ProgressDialog$MyDialogWrapper"}}
{"recorder_version":"11","session":"5c937e5cd1a8","build":"191.8026.42.35.6010548","bucket":"45","time":1581683707823,"group":{"id":"lifecycle","version":"11"},"event":{"count":1,"data":{"created":1581683707823,"time_ms":14536,"project":"e34beb87dd0aaa7eb98b502df2478e9f9740d3b6014252c91479ccc8ae8eb023"},"id":"project.opening.finished"}}
{"recorder_version":"11","session":"5c937e5cd1a8","build":"191.8026.42.35.6010548","bucket":"45","time":1581683709260,"group":{"id":"ui.dialogs","version":"11"},"event":{"count":1,"data":{"code":1,"created":1581683709260,"plugin_type":"PLATFORM","type":"close"},"id":"com.intellij.ide.util.TipDialog"}}
{"recorder_version":"11","session":"5c937e5cd1a8","build":"191.8026.42.35.6010548","bucket":"45","time":1581683709744,"group":{"id":"performance","version":"11"},"event":{"count":1,"data":{"duration_ms":171,"created":1581683709744},"id":"ui.lagging"}}
{"recorder_version":"11","session":"5c937e5cd1a8","build":"191.8026.42.35.6010548","bucket":"45","time":1581683733533,"group":{"id":"actions","version":"11"},"event":{"count":1,"data":{"context_menu":false,"os":"Windows","created":1581683733533,"plugin_type":"PLATFORM","project":"e34beb87dd0aaa7eb98b502df2478e9f9740d3b6014252c91479ccc8ae8eb023","place":"NavBarToolbar","input_event":"MouseLeft"},"id":"com.intellij.execution.ExecutorRegistryImpl$ExecutorAction"}}
{"recorder_version":"11","session":"5c937e5cd1a8","build":"191.8026.42.35.6010548","bucket":"45","time":1581683733580,"group":{"id":"toolbar","version":"11"},"event":{"count":1,"data":{"os":"Windows","created":1581683733580,"plugin_type":"PLATFORM","place":"NavBarToolbar"},"id":"com.intellij.execution.ExecutorRegistryImpl$ExecutorAction"}}
{"recorder_version":"11","session":"5c937e5cd1a8","build":"191.8026.42.35.6010548","bucket":"45","time":1581683733658,"group":{"id":"run.configuration.exec","version":"11"},"event":{"count":1,"data":{"executor":"Run","created":1581683733658,"plugin_type":"NOT_LISTED","project":"e34beb87dd0aaa7eb98b502df2478e9f9740d3b6014252c91479ccc8ae8eb023"},"id":"third.party"}}
{"recorder_version":"11","session":"5c937e5cd1a8","build":"191.8026.42.35.6010548","bucket":"45","time":1581683794176,"group":{"id":"performance","version":"11"},"event":{"count":1,"data":{"duration_ms":0,"created":1581683794176},"id":"ui.latency"}}
{"recorder_version":"11","session":"5c937e5cd1a8","build":"191.8026.42.35.6010548","bucket":"45","time":1581683894278,"group":{"id":"performance","version":"11"},"event":{"count":1,"data":{"duration_ms":0,"created":1581683894278},"id":"ui.latency"}}
{"recorder_version":"11","session":"5c937e5cd1a8","build":"191.8026.42.35.6010548","bucket":"45","time":1581683993420,"group":{"id":"build.tools.actions","version":"1"},"event":{"count":1,"data":{"created":1581683993420},"id":"registered"}}
{"recorder_version":"11","session":"5c937e5cd1a8","build":"191.8026.42.35.6010548","bucket":"45","time":1581683993420,"group":{"id":"file.types.usage","version":"11"},"event":{"count":1,"data":{"created":1581683993420},"id":"registered"}}
{"recorder_version":"11","session":"5c937e5cd1a8","build":"191.8026.42.35.6010548","bucket":"45","time":1581683993420,"group":{"id":"actions.runAnything","version":"1"},"event":{"count":1,"data":{"created":1581683993420},"id":"registered"}}
{"recorder_version":"11","session":"5c937e5cd1a8","build":"191.8026.42.35.6010548","bucket":"45","time":1581683993420,"group":{"id":"toolwindow","version":"11"},"event":{"count":1,"data":{"created":1581683993421},"id":"registered"}}
{"recorder_version":"11","session":"5c937e5cd1a8","build":"191.8026.42.35.6010548","bucket":"45","time":1581683993420,"group":{"id":"live.templates","version":"11"},"event":{"count":1,"data":{"created":1581683993421},"id":"registered"}}
{"recorder_version":"11","session":"5c937e5cd1a8","build":"191.8026.42.35.6010548","bucket":"45","time":1581683993420,"group":{"id":"ide.self.update","version":"1"},"event":{"count":1,"data":{"created":1581683993421},"id":"registered"}}
{"recorder_version":"11","session":"5c937e5cd1a8","build":"191.8026.42.35.6010548","bucket":"45","time":1581683993420,"group":{"id":"cidr.testingFrameworks.usages","version":"1"},"event":{"count":1,"data":{"created":1581683993421},"id":"registered"}}
{"recorder_version":"11","session":"5c937e5cd1a8","build":"191.8026.42.35.6010548","bucket":"45","time":1581683993420,"group":{"id":"lifecycle","version":"11"},"event":{"count":1,"data":{"created":1581683993422},"id":"registered"}}
{"recorder_version":"11","session":"5c937e5cd1a8","build":"191.8026.42.35.6010548","bucket":"45","time":1581683993420,"group":{"id":"vcs.diff.trigger","version":"1"},"event":{"count":1,"data":{"created":1581683993422},"id":"registered"}}
{"recorder_version":"11","session":"5c937e5cd1a8","build":"191.8026.42.35.6010548","bucket":"45","time":1581683993420,"group":{"id":"vcs.log.trigger","version":"1"},"event":{"count":1,"data":{"created":1581683993422},"id":"registered"}}
{"recorder_version":"11","session":"5c937e5cd1a8","build":"191.8026.42.35.6010548","bucket":"45","time":1581683993420,"group":{"id":"productivity","version":"11"},"event":{"count":1,"data":{"created":1581683993422},"id":"registered"}}
{"recorder_version":"11","session":"5c937e5cd1a8","build":"191.8026.42.35.6010548","bucket":"45","time":1581683993420,"group":{"id":"debugger.breakpoints.usage","version":"1"},"event":{"count":1,"data":{"created":1581683993422},"id":"registered"}}
{"recorder_version":"11","session":"5c937e5cd1a8","build":"191.8026.42.35.6010548","bucket":"45","time":1581683993420,"group":{"id":"oc","version":"1"},"event":{"count":1,"data":{"created":1581683993423},"id":"registered"}}
{"recorder_version":"11","session":"5c937e5cd1a8","build":"191.8026.42.35.6010548","bucket":"45","time":1581683993420,"group":{"id":"intentions","version":"11"},"event":{"count":1,"data":{"created":1581683993423},"id":"registered"}}
{"recorder_version":"11","session":"5c937e5cd1a8","build":"191.8026.42.35.6010548","bucket":"45","time":1581683993420,"group":{"id":"ui.dialogs","version":"11"},"event":{"count":1,"data":{"created":1581683993423},"id":"registered"}}
{"recorder_version":"11","session":"5c937e5cd1a8","build":"191.8026.42.35.6010548","bucket":"45","time":1581683993420,"group":{"id":"vcs.back.forward.trigger","version":"1"},"event":{"count":1,"data":{"created":1581683993423},"id":"registered"}}
{"recorder_version":"11","session":"5c937e5cd1a8","build":"191.8026.42.35.6010548","bucket":"45","time":1581683993420,"group":{"id":"toolbar","version":"11"},"event":{"count":1,"data":{"created":1581683993423},"id":"registered"}}
{"recorder_version":"11","session":"5c937e5cd1a8","build":"191.8026.42.35.6010548","bucket":"45","time":1581683993420,"group":{"id":"build.gradle.actions","version":"1"},"event":{"count":1,"data":{"created":1581683993424},"id":"registered"}}
{"recorder_version":"11","session":"5c937e5cd1a8","build":"191.8026.42.35.6010548","bucket":"45","time":1581683993420,"group":{"id":"performance","version":"11"},"event":{"count":1,"data":{"created":1581683993424},"id":"registered"}}
{"recorder_version":"11","session":"5c937e5cd1a8","build":"191.8026.42.35.6010548","bucket":"45","time":1581683993420,"group":{"id":"searchEverywhere","version":"1"},"event":{"count":1,"data":{"created":1581683993425},"id":"registered"}}
{"recorder_version":"11","session":"5c937e5cd1a8","build":"191.8026.42.35.6010548","bucket":"45","time":1581683993420,"group":{"id":"ui.tips","version":"1"},"event":{"count":1,"data":{"created":1581683993425},"id":"registered"}}
{"recorder_version":"11","session":"5c937e5cd1a8","build":"191.8026.42.35.6010548","bucket":"45","time":1581683993420,"group":{"id":"import.old.config","version":"1"},"event":{"count":1,"data":{"created":1581683993425},"id":"registered"}}
{"recorder_version":"11","session":"5c937e5cd1a8","build":"191.8026.42.35.6010548","bucket":"45","time":1581683993420,"group":{"id":"json.schema","version":"1"},"event":{"count":1,"data":{"created":1581683993425},"id":"registered"}}
{"recorder_version":"11","session":"5c937e5cd1a8","build":"191.8026.42.35.6010548","bucket":"45","time":1581683993420,"group":{"id":"terminalShell","version":"1"},"event":{"count":1,"data":{"created":1581683993425},"id":"registered"}}
{"recorder_version":"11","session":"5c937e5cd1a8","build":"191.8026.42.35.6010548","bucket":"45","time":1581683993420,"group":{"id":"completion.postfix","version":"11"},"event":{"count":1,"data":{"created":1581683993426},"id":"registered"}}
{"recorder_version":"11","session":"5c937e5cd1a8","build":"191.8026.42.35.6010548","bucket":"45","time":1581683993420,"group":{"id":"actions","version":"11"},"event":{"count":1,"data":{"created":1581683993426},"id":"registered"}}
{"recorder_version":"11","session":"5c937e5cd1a8","build":"191.8026.42.35.6010548","bucket":"45","time":1581683993420,"group":{"id":"run.configuration.exec","version":"11"},"event":{"count":1,"data":{"created":1581683993426},"id":"registered"}}
{"recorder_version":"11","session":"5c937e5cd1a8","build":"191.8026.42.35.6010548","bucket":"45","time":1581683994359,"group":{"id":"performance","version":"11"},"event":{"count":1,"data":{"duration_ms":0,"created":1581683994359},"id":"ui.latency"}}
{"recorder_version":"11","session":"5c937e5cd1a8","build":"191.8026.42.35.6010548","bucket":"45","time":1581684094634,"group":{"id":"performance","version":"11"},"event":{"count":1,"data":{"duration_ms":0,"created":1581684094634},"id":"ui.latency"}}
{"recorder_version":"11","session":"5c937e5cd1a8","build":"191.8026.42.35.6010548","bucket":"45","time":1581684194734,"group":{"id":"performance","version":"11"},"event":{"count":1,"data":{"duration_ms":0,"created":1581684194734},"id":"ui.latency"}}
{"recorder_version":"11","session":"5c937e5cd1a8","build":"191.8026.42.35.6010548","bucket":"45","time":1581684294822,"group":{"id":"performance","version":"11"},"event":{"count":1,"data":{"duration_ms":0,"created":1581684294822},"id":"ui.latency"}}
{"recorder_version":"11","session":"5c937e5cd1a8","build":"191.8026.42.35.6010548","bucket":"45","time":1581684394910,"group":{"id":"performance","version":"11"},"event":{"count":1,"data":{"duration_ms":0,"created":1581684394910},"id":"ui.latency"}}
{"recorder_version":"11","session":"5c937e5cd1a8","build":"191.8026.42.35.6010548","bucket":"45","time":1581684495012,"group":{"id":"performance","version":"11"},"event":{"count":1,"data":{"duration_ms":0,"created":1581684495012},"id":"ui.latency"}}
{"recorder_version":"11","session":"5c937e5cd1a8","build":"191.8026.42.35.6010548","bucket":"45","time":1581684595100,"group":{"id":"performance","version":"11"},"event":{"count":1,"data":{"duration_ms":0,"created":1581684595100},"id":"ui.latency"}}
{"recorder_version":"11","session":"5c937e5cd1a8","build":"191.8026.42.35.6010548","bucket":"45","time":1581684695186,"group":{"id":"performance","version":"11"},"event":{"count":1,"data":{"duration_ms":0,"created":1581684695186},"id":"ui.latency"}}
{"recorder_version":"11","session":"5c937e5cd1a8","build":"191.8026.42.35.6010548","bucket":"45","time":1581684795271,"group":{"id":"performance","version":"11"},"event":{"count":1,"data":{"duration_ms":0,"created":1581684795271},"id":"ui.latency"}}
{"recorder_version":"11","session":"5c937e5cd1a8","build":"191.8026.42.35.6010548","bucket":"45","time":1581684895353,"group":{"id":"performance","version":"11"},"event":{"count":1,"data":{"duration_ms":0,"created":1581684895353},"id":"ui.latency"}}
{"recorder_version":"11","session":"5c937e5cd1a8","build":"191.8026.42.35.6010548","bucket":"45","time":1581684995440,"group":{"id":"performance","version":"11"},"event":{"count":1,"data":{"duration_ms":0,"created":1581684995440},"id":"ui.latency"}}
{"recorder_version":"11","session":"5c937e5cd1a8","build":"191.8026.42.35.6010548","bucket":"45","time":1581685095519,"group":{"id":"performance","version":"11"},"event":{"count":1,"data":{"duration_ms":0,"created":1581685095519},"id":"ui.latency"}}
{"recorder_version":"11","session":"5c937e5cd1a8","build":"191.8026.42.35.6010548","bucket":"45","time":1581685181023,"group":{"id":"ui.dialogs","version":"11"},"event":{"count":1,"data":{"created":1581685181023,"plugin_type":"PLATFORM","type":"show"},"id":"com.intellij.openapi.ui.messages.MessageDialog"}}
{"recorder_version":"11","session":"5c937e5cd1a8","build":"191.8026.42.35.6010548","bucket":"45","time":1581685182488,"group":{"id":"lifecycle","version":"11"},"event":{"count":1,"data":{"restart":false,"created":1581685182488},"id":"ide.close"}}
{"recorder_version":"11","session":"5c937e5cd1a8","build":"191.8026.42.35.6010548","bucket":"45","time":1581685182570,"group":{"id":"lifecycle","version":"11"},"event":{"count":1,"data":{"created":1581685182570,"project":"e34beb87dd0aaa7eb98b502df2478e9f9740d3b6014252c91479ccc8ae8eb023"},"id":"project.closed"}}
