{"recorder_version":"11","session":"ebd2d8f310eb","build":"191.8026.42.35.6010548","bucket":"45","time":1582199213662,"group":{"id":"settings","version":"2"},"event":{"state":true,"data":{"created":1582199213663,"invoked":true},"id":"NotRoamableUiSettings"}}
{"recorder_version":"11","session":"ebd2d8f310eb","build":"191.8026.42.35.6010548","bucket":"45","time":1582199213670,"group":{"id":"system.os","version":"1"},"event":{"state":true,"data":{"created":1582199213674,"version":"10.0"},"id":"Windows"}}
{"recorder_version":"11","session":"ebd2d8f310eb","build":"191.8026.42.35.6010548","bucket":"45","time":1582199213670,"group":{"id":"system.os","version":"1"},"event":{"state":true,"data":{"created":1582199213683},"id":"invoked"}}
{"recorder_version":"11","session":"ebd2d8f310eb","build":"191.8026.42.35.6010548","bucket":"45","time":1582199213670,"group":{"id":"system.java","version":"1"},"event":{"state":true,"data":{"created":1582199213683,"version":"1.8"},"id":"JetBrains"}}
{"recorder_version":"11","session":"ebd2d8f310eb","build":"191.8026.42.35.6010548","bucket":"45","time":1582199213670,"group":{"id":"system.java","version":"1"},"event":{"state":true,"data":{"created":1582199213685},"id":"invoked"}}
{"recorder_version":"11","session":"ebd2d8f310eb","build":"191.8026.42.35.6010548","bucket":"45","time":1582199213680,"group":{"id":"settings","version":"2"},"event":{"state":true,"data":{"default":false,"created":1582199213685,"name":"pinFindInPath","value":true},"id":"UISettings"}}
{"recorder_version":"11","session":"ebd2d8f310eb","build":"191.8026.42.35.6010548","bucket":"45","time":1582199213680,"group":{"id":"settings","version":"2"},"event":{"state":true,"data":{"created":1582199213686,"invoked":true},"id":"UISettings"}}
{"recorder_version":"11","session":"ebd2d8f310eb","build":"191.8026.42.35.6010548","bucket":"45","time":1582199214790,"group":{"id":"settings","version":"2"},"event":{"state":true,"data":{"created":1582199214790,"invoked":true},"id":"GeneralSettings"}}
{"recorder_version":"11","session":"ebd2d8f310eb","build":"191.8026.42.35.6010548","bucket":"45","time":1582199217306,"group":{"id":"performance","version":"11"},"event":{"count":1,"data":{"duration_ms":1721,"created":1582199217306},"id":"ui.latency"}}
{"recorder_version":"11","session":"ebd2d8f310eb","build":"191.8026.42.35.6010548","bucket":"45","time":1582199217306,"group":{"id":"performance","version":"11"},"event":{"count":1,"data":{"duration_ms":1721,"created":1582199217307},"id":"ui.lagging"}}
{"recorder_version":"11","session":"ebd2d8f310eb","build":"191.8026.42.35.6010548","bucket":"45","time":1582199217308,"group":{"id":"performance","version":"11"},"event":{"count":1,"data":{"duration_ms":723,"created":1582199217308},"id":"ui.lagging"}}
{"recorder_version":"11","session":"ebd2d8f310eb","build":"191.8026.42.35.6010548","bucket":"45","time":1582199217642,"group":{"id":"ui.dialogs","version":"11"},"event":{"count":1,"data":{"created":1582199217642,"plugin_type":"PLATFORM","type":"show"},"id":"com.intellij.openapi.progress.util.ProgressDialog$MyDialogWrapper"}}
{"recorder_version":"11","session":"ebd2d8f310eb","build":"191.8026.42.35.6010548","bucket":"45","time":1582199219667,"group":{"id":"ui.dialogs","version":"11"},"event":{"count":1,"data":{"code":1,"created":1582199219667,"plugin_type":"PLATFORM","type":"close"},"id":"com.intellij.openapi.progress.util.ProgressDialog$MyDialogWrapper"}}
{"recorder_version":"11","session":"ebd2d8f310eb","build":"191.8026.42.35.6010548","bucket":"45","time":1582199219678,"group":{"id":"lifecycle","version":"11"},"event":{"count":1,"data":{"created":1582199219678,"project":"2ed29eb6bc62cbb5c1dadba46bfba514492329b1f385cb0537207931bbcaaf12"},"id":"project.opened"}}
{"recorder_version":"11","session":"ebd2d8f310eb","build":"191.8026.42.35.6010548","bucket":"45","time":1582199223153,"group":{"id":"performance","version":"11"},"event":{"count":1,"data":{"duration_ms":2558,"created":1582199223154},"id":"ui.lagging"}}
{"recorder_version":"11","session":"ebd2d8f310eb","build":"191.8026.42.35.6010548","bucket":"45","time":1582199223153,"group":{"id":"performance","version":"11"},"event":{"count":1,"data":{"duration_ms":1556,"created":1582199223159},"id":"ui.lagging"}}
{"recorder_version":"11","session":"ebd2d8f310eb","build":"191.8026.42.35.6010548","bucket":"45","time":1582199223153,"group":{"id":"performance","version":"11"},"event":{"count":1,"data":{"duration_ms":554,"created":1582199223160},"id":"ui.lagging"}}
{"recorder_version":"11","session":"ebd2d8f310eb","build":"191.8026.42.35.6010548","bucket":"45","time":1582199223195,"group":{"id":"ui.dialogs","version":"11"},"event":{"count":1,"data":{"created":1582199223196,"plugin_type":"PLATFORM","type":"show"},"id":"com.intellij.openapi.progress.util.ProgressDialog$MyDialogWrapper"}}
{"recorder_version":"11","session":"ebd2d8f310eb","build":"191.8026.42.35.6010548","bucket":"45","time":1582199225161,"group":{"id":"file.types.usage","version":"11"},"event":{"count":1,"data":{"schema":"Gradle","plugin":"org.intellij.groovy","created":1582199225161,"plugin_type":"JB_BUNDLED","project":"2ed29eb6bc62cbb5c1dadba46bfba514492329b1f385cb0537207931bbcaaf12","type":"open"},"id":"Groovy"}}
{"recorder_version":"11","session":"ebd2d8f310eb","build":"191.8026.42.35.6010548","bucket":"45","time":1582199225169,"group":{"id":"performance","version":"11"},"event":{"count":1,"data":{"duration_ms":564,"created":1582199225169},"id":"ui.lagging"}}
{"recorder_version":"11","session":"ebd2d8f310eb","build":"191.8026.42.35.6010548","bucket":"45","time":1582199225220,"group":{"id":"file.types.usage","version":"11"},"event":{"count":1,"data":{"schema":"Gradle","plugin":"org.intellij.groovy","created":1582199225221,"plugin_type":"JB_BUNDLED","project":"2ed29eb6bc62cbb5c1dadba46bfba514492329b1f385cb0537207931bbcaaf12","type":"open"},"id":"Groovy"}}
{"recorder_version":"11","session":"ebd2d8f310eb","build":"191.8026.42.35.6010548","bucket":"45","time":1582199225314,"group":{"id":"file.types.usage","version":"11"},"event":{"count":1,"data":{"plugin":"com.intellij.properties","created":1582199225314,"plugin_type":"JB_BUNDLED","project":"2ed29eb6bc62cbb5c1dadba46bfba514492329b1f385cb0537207931bbcaaf12","type":"open"},"id":"Properties"}}
{"recorder_version":"11","session":"ebd2d8f310eb","build":"191.8026.42.35.6010548","bucket":"45","time":1582199225351,"group":{"id":"file.types.usage","version":"11"},"event":{"count":1,"data":{"schema":"Gradle","plugin":"org.intellij.groovy","created":1582199225352,"plugin_type":"JB_BUNDLED","project":"2ed29eb6bc62cbb5c1dadba46bfba514492329b1f385cb0537207931bbcaaf12","type":"open"},"id":"Groovy"}}
{"recorder_version":"11","session":"ebd2d8f310eb","build":"191.8026.42.35.6010548","bucket":"45","time":1582199225582,"group":{"id":"file.types.usage","version":"11"},"event":{"count":1,"data":{"plugin":"org.jetbrains.kotlin","created":1582199225582,"plugin_type":"JB_NOT_BUNDLED","project":"2ed29eb6bc62cbb5c1dadba46bfba514492329b1f385cb0537207931bbcaaf12","type":"open"},"id":"Kotlin"}}
{"recorder_version":"11","session":"ebd2d8f310eb","build":"191.8026.42.35.6010548","bucket":"45","time":1582199225639,"group":{"id":"lifecycle","version":"11"},"event":{"count":1,"data":{"eap":false,"created":1582199225639},"id":"ide.start"}}
{"recorder_version":"11","session":"ebd2d8f310eb","build":"191.8026.42.35.6010548","bucket":"45","time":1582199226279,"group":{"id":"ide.self.update","version":"1"},"event":{"count":1,"data":{"created":1582199226279},"id":"notification.shown"}}
{"recorder_version":"11","session":"ebd2d8f310eb","build":"191.8026.42.35.6010548","bucket":"45","time":1582199226621,"group":{"id":"ui.tips","version":"1"},"event":{"count":1,"data":{"created":1582199226621},"id":"shown.automatically"}}
{"recorder_version":"11","session":"ebd2d8f310eb","build":"191.8026.42.35.6010548","bucket":"45","time":1582199226650,"group":{"id":"ui.dialogs","version":"11"},"event":{"count":1,"data":{"created":1582199226650,"plugin_type":"PLATFORM","type":"show"},"id":"com.intellij.ide.util.TipDialog"}}
{"recorder_version":"11","session":"ebd2d8f310eb","build":"191.8026.42.35.6010548","bucket":"45","time":1582199226723,"group":{"id":"project.fs","version":"1"},"event":{"state":true,"data":{"os":"Windows","cs-project":false,"created":1582199226723,"project":"2ed29eb6bc62cbb5c1dadba46bfba514492329b1f385cb0537207931bbcaaf12","cs-implicit":true,"cs-system":false},"id":"case-sensitivity"}}
{"recorder_version":"11","session":"ebd2d8f310eb","build":"191.8026.42.35.6010548","bucket":"45","time":1582199226723,"group":{"id":"project.fs","version":"1"},"event":{"state":true,"data":{"created":1582199226723},"id":"invoked"}}
{"recorder_version":"11","session":"ebd2d8f310eb","build":"191.8026.42.35.6010548","bucket":"45","time":1582199226724,"group":{"id":"project.fs","version":"1"},"event":{"state":true,"data":{"pct-non-watched":0,"created":1582199226724,"project":"2ed29eb6bc62cbb5c1dadba46bfba514492329b1f385cb0537207931bbcaaf12"},"id":"roots-watched"}}
{"recorder_version":"11","session":"ebd2d8f310eb","build":"191.8026.42.35.6010548","bucket":"45","time":1582199226724,"group":{"id":"project.fs","version":"1"},"event":{"state":true,"data":{"created":1582199226724},"id":"invoked"}}
{"recorder_version":"11","session":"ebd2d8f310eb","build":"191.8026.42.35.6010548","bucket":"45","time":1582199227122,"group":{"id":"ui.dialogs","version":"11"},"event":{"count":1,"data":{"code":1,"created":1582199227122,"plugin_type":"PLATFORM","type":"close"},"id":"com.intellij.openapi.progress.util.ProgressDialog$MyDialogWrapper"}}
{"recorder_version":"11","session":"ebd2d8f310eb","build":"191.8026.42.35.6010548","bucket":"45","time":1582199227141,"group":{"id":"lifecycle","version":"11"},"event":{"count":1,"data":{"created":1582199227141,"time_ms":9967,"project":"2ed29eb6bc62cbb5c1dadba46bfba514492329b1f385cb0537207931bbcaaf12"},"id":"project.opening.finished"}}
{"recorder_version":"11","session":"ebd2d8f310eb","build":"191.8026.42.35.6010548","bucket":"45","time":1582199228234,"group":{"id":"performance","version":"11"},"event":{"count":1,"data":{"duration_ms":614,"created":1582199228234},"id":"ui.lagging"}}
{"recorder_version":"11","session":"ebd2d8f310eb","build":"191.8026.42.35.6010548","bucket":"45","time":1582199229010,"group":{"id":"toolwindow","version":"11"},"event":{"count":1,"data":{"os":"Windows","created":1582199229010,"plugin_type":"PLATFORM"},"id":"Build"}}
{"recorder_version":"11","session":"ebd2d8f310eb","build":"191.8026.42.35.6010548","bucket":"45","time":1582199231447,"group":{"id":"ui.dialogs","version":"11"},"event":{"count":1,"data":{"code":1,"created":1582199231447,"plugin_type":"PLATFORM","type":"close"},"id":"com.intellij.ide.util.TipDialog"}}
{"recorder_version":"11","session":"ebd2d8f310eb","build":"191.8026.42.35.6010548","bucket":"45","time":1582199240393,"group":{"id":"toolwindow","version":"11"},"event":{"count":1,"data":{"os":"Windows","created":1582199240397,"plugin_type":"PLATFORM"},"id":"Build"}}
{"recorder_version":"11","session":"ebd2d8f310eb","build":"191.8026.42.35.6010548","bucket":"45","time":1582199317716,"group":{"id":"performance","version":"11"},"event":{"count":1,"data":{"duration_ms":0,"created":1582199317716},"id":"ui.latency"}}
{"recorder_version":"11","session":"ebd2d8f310eb","build":"191.8026.42.35.6010548","bucket":"45","time":1582199417790,"group":{"id":"performance","version":"11"},"event":{"count":1,"data":{"duration_ms":0,"created":1582199417790},"id":"ui.latency"}}
{"recorder_version":"11","session":"ebd2d8f310eb","build":"191.8026.42.35.6010548","bucket":"45","time":1582199427098,"group":{"id":"actions","version":"11"},"event":{"count":1,"data":{"context_menu":false,"os":"Windows","created":1582199427098,"plugin_type":"PLATFORM","project":"2ed29eb6bc62cbb5c1dadba46bfba514492329b1f385cb0537207931bbcaaf12","place":"MainMenu","input_event":"Backspace"},"id":"EditorBackSpace"}}
{"recorder_version":"11","session":"ebd2d8f310eb","build":"191.8026.42.35.6010548","bucket":"45","time":1582199449039,"group":{"id":"toolbar","version":"11"},"event":{"count":1,"data":{"os":"Windows","created":1582199449039,"plugin_type":"NOT_LISTED","place":"NavBarToolbar"},"id":"third.party"}}
{"recorder_version":"11","session":"ebd2d8f310eb","build":"191.8026.42.35.6010548","bucket":"45","time":1582199451245,"group":{"id":"toolwindow","version":"11"},"event":{"count":1,"data":{"os":"Windows","created":1582199451245,"plugin_type":"NOT_LISTED"},"id":"unknown"}}
{"recorder_version":"11","session":"ebd2d8f310eb","build":"191.8026.42.35.6010548","bucket":"45","time":1582199459611,"group":{"id":"toolbar","version":"11"},"event":{"count":1,"data":{"os":"Windows","created":1582199459611,"plugin_type":"NOT_LISTED","place":"NavBarToolbar"},"id":"third.party"}}
{"recorder_version":"11","session":"ebd2d8f310eb","build":"191.8026.42.35.6010548","bucket":"45","time":1582199475045,"group":{"id":"actions","version":"11"},"event":{"count":1,"data":{"context_menu":true,"os":"Windows","created":1582199475045,"plugin_type":"NOT_LISTED","project":"2ed29eb6bc62cbb5c1dadba46bfba514492329b1f385cb0537207931bbcaaf12","place":"MainMenu","input_event":"MouseLeft"},"id":"third.party"}}
{"recorder_version":"11","session":"ebd2d8f310eb","build":"191.8026.42.35.6010548","bucket":"45","time":1582199475099,"group":{"id":"ui.dialogs","version":"11"},"event":{"count":1,"data":{"created":1582199475099,"plugin_type":"NOT_LISTED","type":"show"},"id":"third.party"}}
{"recorder_version":"11","session":"ebd2d8f310eb","build":"191.8026.42.35.6010548","bucket":"45","time":1582199480895,"group":{"id":"ui.dialogs","version":"11"},"event":{"count":1,"data":{"created":1582199480895,"plugin_type":"PLATFORM","type":"show"},"id":"com.intellij.openapi.fileChooser.ex.FileChooserDialogImpl"}}
{"recorder_version":"11","session":"ebd2d8f310eb","build":"191.8026.42.35.6010548","bucket":"45","time":1582199483813,"group":{"id":"ui.dialogs","version":"11"},"event":{"count":1,"data":{"code":1,"created":1582199483814,"plugin_type":"PLATFORM","type":"close"},"id":"com.intellij.openapi.fileChooser.ex.FileChooserDialogImpl"}}
{"recorder_version":"11","session":"ebd2d8f310eb","build":"191.8026.42.35.6010548","bucket":"45","time":1582199491906,"group":{"id":"ui.dialogs","version":"11"},"event":{"count":1,"data":{"created":1582199491906,"plugin_type":"PLATFORM","type":"show"},"id":"com.intellij.openapi.fileChooser.ex.FileChooserDialogImpl"}}
{"recorder_version":"11","session":"ebd2d8f310eb","build":"191.8026.42.35.6010548","bucket":"45","time":1582199507381,"group":{"id":"ui.dialogs","version":"11"},"event":{"count":1,"data":{"code":1,"created":1582199507381,"plugin_type":"PLATFORM","type":"close"},"id":"com.intellij.openapi.fileChooser.ex.FileChooserDialogImpl"}}
{"recorder_version":"11","session":"ebd2d8f310eb","build":"191.8026.42.35.6010548","bucket":"45","time":1582199517308,"group":{"id":"build.tools.actions","version":"1"},"event":{"count":1,"data":{"created":1582199517308},"id":"registered"}}
{"recorder_version":"11","session":"ebd2d8f310eb","build":"191.8026.42.35.6010548","bucket":"45","time":1582199517308,"group":{"id":"file.types.usage","version":"11"},"event":{"count":1,"data":{"created":1582199517308},"id":"registered"}}
{"recorder_version":"11","session":"ebd2d8f310eb","build":"191.8026.42.35.6010548","bucket":"45","time":1582199517308,"group":{"id":"actions.runAnything","version":"1"},"event":{"count":1,"data":{"created":1582199517308},"id":"registered"}}
{"recorder_version":"11","session":"ebd2d8f310eb","build":"191.8026.42.35.6010548","bucket":"45","time":1582199517308,"group":{"id":"toolwindow","version":"11"},"event":{"count":1,"data":{"created":1582199517308},"id":"registered"}}
{"recorder_version":"11","session":"ebd2d8f310eb","build":"191.8026.42.35.6010548","bucket":"45","time":1582199517308,"group":{"id":"live.templates","version":"11"},"event":{"count":1,"data":{"created":1582199517308},"id":"registered"}}
{"recorder_version":"11","session":"ebd2d8f310eb","build":"191.8026.42.35.6010548","bucket":"45","time":1582199517308,"group":{"id":"ide.self.update","version":"1"},"event":{"count":1,"data":{"created":1582199517308},"id":"registered"}}
{"recorder_version":"11","session":"ebd2d8f310eb","build":"191.8026.42.35.6010548","bucket":"45","time":1582199517308,"group":{"id":"cidr.testingFrameworks.usages","version":"1"},"event":{"count":1,"data":{"created":1582199517308},"id":"registered"}}
{"recorder_version":"11","session":"ebd2d8f310eb","build":"191.8026.42.35.6010548","bucket":"45","time":1582199517308,"group":{"id":"lifecycle","version":"11"},"event":{"count":1,"data":{"created":1582199517308},"id":"registered"}}
{"recorder_version":"11","session":"ebd2d8f310eb","build":"191.8026.42.35.6010548","bucket":"45","time":1582199517308,"group":{"id":"vcs.diff.trigger","version":"1"},"event":{"count":1,"data":{"created":1582199517308},"id":"registered"}}
{"recorder_version":"11","session":"ebd2d8f310eb","build":"191.8026.42.35.6010548","bucket":"45","time":1582199517308,"group":{"id":"vcs.log.trigger","version":"1"},"event":{"count":1,"data":{"created":1582199517309},"id":"registered"}}
{"recorder_version":"11","session":"ebd2d8f310eb","build":"191.8026.42.35.6010548","bucket":"45","time":1582199517308,"group":{"id":"productivity","version":"11"},"event":{"count":1,"data":{"created":1582199517309},"id":"registered"}}
{"recorder_version":"11","session":"ebd2d8f310eb","build":"191.8026.42.35.6010548","bucket":"45","time":1582199517308,"group":{"id":"debugger.breakpoints.usage","version":"1"},"event":{"count":1,"data":{"created":1582199517309},"id":"registered"}}
{"recorder_version":"11","session":"ebd2d8f310eb","build":"191.8026.42.35.6010548","bucket":"45","time":1582199517308,"group":{"id":"oc","version":"1"},"event":{"count":1,"data":{"created":1582199517309},"id":"registered"}}
{"recorder_version":"11","session":"ebd2d8f310eb","build":"191.8026.42.35.6010548","bucket":"45","time":1582199517308,"group":{"id":"intentions","version":"11"},"event":{"count":1,"data":{"created":1582199517309},"id":"registered"}}
{"recorder_version":"11","session":"ebd2d8f310eb","build":"191.8026.42.35.6010548","bucket":"45","time":1582199517308,"group":{"id":"ui.dialogs","version":"11"},"event":{"count":1,"data":{"created":1582199517309},"id":"registered"}}
{"recorder_version":"11","session":"ebd2d8f310eb","build":"191.8026.42.35.6010548","bucket":"45","time":1582199517308,"group":{"id":"vcs.back.forward.trigger","version":"1"},"event":{"count":1,"data":{"created":1582199517309},"id":"registered"}}
{"recorder_version":"11","session":"ebd2d8f310eb","build":"191.8026.42.35.6010548","bucket":"45","time":1582199517308,"group":{"id":"toolbar","version":"11"},"event":{"count":1,"data":{"created":1582199517309},"id":"registered"}}
{"recorder_version":"11","session":"ebd2d8f310eb","build":"191.8026.42.35.6010548","bucket":"45","time":1582199517308,"group":{"id":"build.gradle.actions","version":"1"},"event":{"count":1,"data":{"created":1582199517309},"id":"registered"}}
{"recorder_version":"11","session":"ebd2d8f310eb","build":"191.8026.42.35.6010548","bucket":"45","time":1582199517308,"group":{"id":"performance","version":"11"},"event":{"count":1,"data":{"created":1582199517309},"id":"registered"}}
{"recorder_version":"11","session":"ebd2d8f310eb","build":"191.8026.42.35.6010548","bucket":"45","time":1582199517308,"group":{"id":"searchEverywhere","version":"1"},"event":{"count":1,"data":{"created":1582199517309},"id":"registered"}}
{"recorder_version":"11","session":"ebd2d8f310eb","build":"191.8026.42.35.6010548","bucket":"45","time":1582199517308,"group":{"id":"ui.tips","version":"1"},"event":{"count":1,"data":{"created":1582199517309},"id":"registered"}}
{"recorder_version":"11","session":"ebd2d8f310eb","build":"191.8026.42.35.6010548","bucket":"45","time":1582199517308,"group":{"id":"import.old.config","version":"1"},"event":{"count":1,"data":{"created":1582199517309},"id":"registered"}}
{"recorder_version":"11","session":"ebd2d8f310eb","build":"191.8026.42.35.6010548","bucket":"45","time":1582199517308,"group":{"id":"json.schema","version":"1"},"event":{"count":1,"data":{"created":1582199517309},"id":"registered"}}
{"recorder_version":"11","session":"ebd2d8f310eb","build":"191.8026.42.35.6010548","bucket":"45","time":1582199517308,"group":{"id":"terminalShell","version":"1"},"event":{"count":1,"data":{"created":1582199517309},"id":"registered"}}
{"recorder_version":"11","session":"ebd2d8f310eb","build":"191.8026.42.35.6010548","bucket":"45","time":1582199517308,"group":{"id":"completion.postfix","version":"11"},"event":{"count":1,"data":{"created":1582199517309},"id":"registered"}}
{"recorder_version":"11","session":"ebd2d8f310eb","build":"191.8026.42.35.6010548","bucket":"45","time":1582199517308,"group":{"id":"actions","version":"11"},"event":{"count":1,"data":{"created":1582199517310},"id":"registered"}}
{"recorder_version":"11","session":"ebd2d8f310eb","build":"191.8026.42.35.6010548","bucket":"45","time":1582199517308,"group":{"id":"run.configuration.exec","version":"11"},"event":{"count":1,"data":{"created":1582199517310},"id":"registered"}}
{"recorder_version":"11","session":"ebd2d8f310eb","build":"191.8026.42.35.6010548","bucket":"45","time":1582199517896,"group":{"id":"performance","version":"11"},"event":{"count":1,"data":{"duration_ms":0,"created":1582199517897},"id":"ui.latency"}}
{"recorder_version":"11","session":"ebd2d8f310eb","build":"191.8026.42.35.6010548","bucket":"45","time":1582199529618,"group":{"id":"ui.dialogs","version":"11"},"event":{"count":1,"data":{"created":1582199529618,"plugin_type":"PLATFORM","type":"show"},"id":"com.intellij.openapi.fileChooser.ex.FileChooserDialogImpl"}}
{"recorder_version":"11","session":"ebd2d8f310eb","build":"191.8026.42.35.6010548","bucket":"45","time":1582199532149,"group":{"id":"ui.dialogs","version":"11"},"event":{"count":1,"data":{"code":1,"created":1582199532149,"plugin_type":"PLATFORM","type":"close"},"id":"com.intellij.openapi.fileChooser.ex.FileChooserDialogImpl"}}
{"recorder_version":"11","session":"ebd2d8f310eb","build":"191.8026.42.35.6010548","bucket":"45","time":1582199617971,"group":{"id":"performance","version":"11"},"event":{"count":1,"data":{"duration_ms":0,"created":1582199617971},"id":"ui.latency"}}
{"recorder_version":"11","session":"ebd2d8f310eb","build":"191.8026.42.35.6010548","bucket":"45","time":1582199635466,"group":{"id":"actions","version":"11"},"event":{"count":1,"data":{"context_menu":false,"os":"Windows","created":1582199635466,"plugin_type":"PLATFORM","project":"2ed29eb6bc62cbb5c1dadba46bfba514492329b1f385cb0537207931bbcaaf12","place":"MainMenu","input_event":"Ctrl+V"},"id":"EditorPaste"}}
{"recorder_version":"11","session":"ebd2d8f310eb","build":"191.8026.42.35.6010548","bucket":"45","time":1582199636897,"group":{"id":"ui.dialogs","version":"11"},"event":{"count":1,"data":{"created":1582199636897,"plugin_type":"PLATFORM","type":"show"},"id":"com.intellij.openapi.fileChooser.ex.FileChooserDialogImpl"}}
{"recorder_version":"11","session":"ebd2d8f310eb","build":"191.8026.42.35.6010548","bucket":"45","time":1582199640358,"group":{"id":"ui.dialogs","version":"11"},"event":{"count":1,"data":{"code":0,"created":1582199640358,"plugin_type":"PLATFORM","type":"close"},"id":"com.intellij.openapi.fileChooser.ex.FileChooserDialogImpl"}}
{"recorder_version":"11","session":"ebd2d8f310eb","build":"191.8026.42.35.6010548","bucket":"45","time":1582199647060,"group":{"id":"ui.dialogs","version":"11"},"event":{"count":1,"data":{"created":1582199647060,"plugin_type":"NOT_LISTED","type":"show"},"id":"third.party"}}
{"recorder_version":"11","session":"ebd2d8f310eb","build":"191.8026.42.35.6010548","bucket":"45","time":1582199649597,"group":{"id":"ui.dialogs","version":"11"},"event":{"count":1,"data":{"code":0,"created":1582199649597,"plugin_type":"NOT_LISTED","type":"close"},"id":"third.party"}}
{"recorder_version":"11","session":"ebd2d8f310eb","build":"191.8026.42.35.6010548","bucket":"45","time":1582199656242,"group":{"id":"ui.dialogs","version":"11"},"event":{"count":1,"data":{"created":1582199656242,"plugin_type":"PLATFORM","type":"show"},"id":"com.intellij.openapi.fileChooser.ex.FileChooserDialogImpl"}}
{"recorder_version":"11","session":"ebd2d8f310eb","build":"191.8026.42.35.6010548","bucket":"45","time":1582199659622,"group":{"id":"ui.dialogs","version":"11"},"event":{"count":1,"data":{"code":0,"created":1582199659622,"plugin_type":"PLATFORM","type":"close"},"id":"com.intellij.openapi.fileChooser.ex.FileChooserDialogImpl"}}
{"recorder_version":"11","session":"ebd2d8f310eb","build":"191.8026.42.35.6010548","bucket":"45","time":1582199663325,"group":{"id":"ui.dialogs","version":"11"},"event":{"count":1,"data":{"code":0,"created":1582199663325,"plugin_type":"NOT_LISTED","type":"close"},"id":"third.party"}}
{"recorder_version":"11","session":"ebd2d8f310eb","build":"191.8026.42.35.6010548","bucket":"45","time":1582199686641,"group":{"id":"performance","version":"11"},"event":{"count":1,"data":{"duration_ms":2056,"created":1582199686641},"id":"ui.lagging"}}
{"recorder_version":"11","session":"ebd2d8f310eb","build":"191.8026.42.35.6010548","bucket":"45","time":1582199686641,"group":{"id":"performance","version":"11"},"event":{"count":1,"data":{"duration_ms":1033,"created":1582199686641},"id":"ui.lagging"}}
{"recorder_version":"11","session":"ebd2d8f310eb","build":"191.8026.42.35.6010548","bucket":"45","time":1582199718593,"group":{"id":"performance","version":"11"},"event":{"count":1,"data":{"duration_ms":0,"created":1582199718593},"id":"ui.latency"}}
{"recorder_version":"11","session":"ebd2d8f310eb","build":"191.8026.42.35.6010548","bucket":"45","time":1582199764141,"group":{"id":"toolwindow","version":"11"},"event":{"count":1,"data":{"os":"Windows","created":1582199764141,"plugin_type":"PLATFORM"},"id":"Project"}}
{"recorder_version":"11","session":"ebd2d8f310eb","build":"191.8026.42.35.6010548","bucket":"45","time":1582199767268,"group":{"id":"actions","version":"11"},"event":{"count":1,"data":{"context_menu":true,"os":"Windows","created":1582199767268,"plugin_type":"NOT_LISTED","project":"2ed29eb6bc62cbb5c1dadba46bfba514492329b1f385cb0537207931bbcaaf12","place":"MainMenu","input_event":"MouseLeft"},"id":"third.party"}}
{"recorder_version":"11","session":"ebd2d8f310eb","build":"191.8026.42.35.6010548","bucket":"45","time":1582199767273,"group":{"id":"ui.dialogs","version":"11"},"event":{"count":1,"data":{"created":1582199767274,"plugin_type":"PLATFORM","type":"show"},"id":"com.intellij.openapi.fileChooser.ex.FileChooserDialogImpl"}}
{"recorder_version":"11","session":"ebd2d8f310eb","build":"191.8026.42.35.6010548","bucket":"45","time":1582199771508,"group":{"id":"ui.dialogs","version":"11"},"event":{"count":1,"data":{"code":0,"created":1582199771509,"plugin_type":"PLATFORM","type":"close"},"id":"com.intellij.openapi.fileChooser.ex.FileChooserDialogImpl"}}
{"recorder_version":"11","session":"ebd2d8f310eb","build":"191.8026.42.35.6010548","bucket":"45","time":1582199771877,"group":{"id":"lifecycle","version":"11"},"event":{"count":1,"data":{"created":1582199771877,"project":"e34beb87dd0aaa7eb98b502df2478e9f9740d3b6014252c91479ccc8ae8eb023"},"id":"project.opened"}}
{"recorder_version":"11","session":"ebd2d8f310eb","build":"191.8026.42.35.6010548","bucket":"45","time":1582199772211,"group":{"id":"ui.dialogs","version":"11"},"event":{"count":1,"data":{"created":1582199772212,"plugin_type":"PLATFORM","type":"show"},"id":"com.intellij.openapi.progress.util.ProgressDialog$MyDialogWrapper"}}
{"recorder_version":"11","session":"ebd2d8f310eb","build":"191.8026.42.35.6010548","bucket":"45","time":1582199772383,"group":{"id":"ui.dialogs","version":"11"},"event":{"count":1,"data":{"code":1,"created":1582199772383,"plugin_type":"PLATFORM","type":"close"},"id":"com.intellij.openapi.progress.util.ProgressDialog$MyDialogWrapper"}}
{"recorder_version":"11","session":"ebd2d8f310eb","build":"191.8026.42.35.6010548","bucket":"45","time":1582199772520,"group":{"id":"toolwindow","version":"11"},"event":{"count":1,"data":{"os":"Windows","created":1582199772520,"plugin_type":"PLATFORM"},"id":"Project"}}
{"recorder_version":"11","session":"ebd2d8f310eb","build":"191.8026.42.35.6010548","bucket":"45","time":1582199772587,"group":{"id":"project.fs","version":"1"},"event":{"state":true,"data":{"os":"Windows","cs-project":false,"created":1582199772587,"project":"e34beb87dd0aaa7eb98b502df2478e9f9740d3b6014252c91479ccc8ae8eb023","cs-implicit":true,"cs-system":false},"id":"case-sensitivity"}}
{"recorder_version":"11","session":"ebd2d8f310eb","build":"191.8026.42.35.6010548","bucket":"45","time":1582199772587,"group":{"id":"project.fs","version":"1"},"event":{"state":true,"data":{"created":1582199772587},"id":"invoked"}}
{"recorder_version":"11","session":"ebd2d8f310eb","build":"191.8026.42.35.6010548","bucket":"45","time":1582199772687,"group":{"id":"project.fs","version":"1"},"event":{"state":true,"data":{"pct-non-watched":0,"created":1582199772687,"project":"e34beb87dd0aaa7eb98b502df2478e9f9740d3b6014252c91479ccc8ae8eb023"},"id":"roots-watched"}}
{"recorder_version":"11","session":"ebd2d8f310eb","build":"191.8026.42.35.6010548","bucket":"45","time":1582199772687,"group":{"id":"project.fs","version":"1"},"event":{"state":true,"data":{"created":1582199772687},"id":"invoked"}}
{"recorder_version":"11","session":"ebd2d8f310eb","build":"191.8026.42.35.6010548","bucket":"45","time":1582199773117,"group":{"id":"lifecycle","version":"11"},"event":{"count":1,"data":{"created":1582199773117,"time_ms":1524,"project":"e34beb87dd0aaa7eb98b502df2478e9f9740d3b6014252c91479ccc8ae8eb023"},"id":"project.opening.finished"}}
{"recorder_version":"11","session":"ebd2d8f310eb","build":"191.8026.42.35.6010548","bucket":"45","time":1582199775036,"group":{"id":"lifecycle","version":"11"},"event":{"count":1,"data":{"created":1582199775036,"project":"2ed29eb6bc62cbb5c1dadba46bfba514492329b1f385cb0537207931bbcaaf12"},"id":"project.closed"}}
{"recorder_version":"11","session":"ebd2d8f310eb","build":"191.8026.42.35.6010548","bucket":"45","time":1582199777722,"group":{"id":"toolwindow","version":"11"},"event":{"count":1,"data":{"os":"Windows","created":1582199777722,"plugin_type":"PLATFORM"},"id":"Build"}}
{"recorder_version":"11","session":"ebd2d8f310eb","build":"191.8026.42.35.6010548","bucket":"45","time":1582199780047,"group":{"id":"toolwindow","version":"11"},"event":{"count":1,"data":{"os":"Windows","created":1582199780047,"plugin_type":"PLATFORM"},"id":"Project"}}
{"recorder_version":"11","session":"ebd2d8f310eb","build":"191.8026.42.35.6010548","bucket":"45","time":1582199781070,"group":{"id":"file.types.usage","version":"11"},"event":{"count":1,"data":{"schema":"Gradle","plugin":"org.intellij.groovy","created":1582199781070,"plugin_type":"JB_BUNDLED","project":"e34beb87dd0aaa7eb98b502df2478e9f9740d3b6014252c91479ccc8ae8eb023","type":"open"},"id":"Groovy"}}
{"recorder_version":"11","session":"ebd2d8f310eb","build":"191.8026.42.35.6010548","bucket":"45","time":1582199783526,"group":{"id":"file.types.usage","version":"11"},"event":{"count":1,"data":{"plugin":"com.intellij.properties","created":1582199783526,"plugin_type":"JB_BUNDLED","project":"e34beb87dd0aaa7eb98b502df2478e9f9740d3b6014252c91479ccc8ae8eb023","type":"open"},"id":"Properties"}}
{"recorder_version":"11","session":"ebd2d8f310eb","build":"191.8026.42.35.6010548","bucket":"45","time":1582199788724,"group":{"id":"toolwindow","version":"11"},"event":{"count":1,"data":{"os":"Windows","created":1582199788724,"plugin_type":"PLATFORM"},"id":"Project"}}
{"recorder_version":"11","session":"ebd2d8f310eb","build":"191.8026.42.35.6010548","bucket":"45","time":1582199789165,"group":{"id":"performance","version":"11"},"event":{"count":1,"data":{"duration_ms":353,"created":1582199789165},"id":"ui.lagging"}}
{"recorder_version":"11","session":"ebd2d8f310eb","build":"191.8026.42.35.6010548","bucket":"45","time":1582199802512,"group":{"id":"performance","version":"11"},"event":{"count":1,"data":{"duration_ms":687,"created":1582199802512},"id":"ui.lagging"}}
{"recorder_version":"11","session":"ebd2d8f310eb","build":"191.8026.42.35.6010548","bucket":"45","time":1582199804206,"group":{"id":"file.types.usage","version":"11"},"event":{"count":1,"data":{"schema":"Gradle","plugin":"org.intellij.groovy","created":1582199804206,"plugin_type":"JB_BUNDLED","project":"e34beb87dd0aaa7eb98b502df2478e9f9740d3b6014252c91479ccc8ae8eb023","type":"open"},"id":"Groovy"}}
{"recorder_version":"11","session":"ebd2d8f310eb","build":"191.8026.42.35.6010548","bucket":"45","time":1582199807600,"group":{"id":"productivity","version":"11"},"event":{"count":1,"data":{"created":1582199807600},"id":"editing.select.word"}}
{"recorder_version":"11","session":"ebd2d8f310eb","build":"191.8026.42.35.6010548","bucket":"45","time":1582199818839,"group":{"id":"performance","version":"11"},"event":{"count":1,"data":{"duration_ms":0,"created":1582199818839},"id":"ui.latency"}}
{"recorder_version":"11","session":"ebd2d8f310eb","build":"191.8026.42.35.6010548","bucket":"45","time":1582199819487,"group":{"id":"actions","version":"11"},"event":{"count":1,"data":{"context_menu":true,"os":"Windows","created":1582199819487,"plugin_type":"NOT_LISTED","project":"e34beb87dd0aaa7eb98b502df2478e9f9740d3b6014252c91479ccc8ae8eb023","place":"MainMenu","input_event":"MouseLeft"},"id":"third.party"}}
{"recorder_version":"11","session":"ebd2d8f310eb","build":"191.8026.42.35.6010548","bucket":"45","time":1582199819499,"group":{"id":"ui.dialogs","version":"11"},"event":{"count":1,"data":{"created":1582199819499,"plugin_type":"NOT_LISTED","type":"show"},"id":"third.party"}}
{"recorder_version":"11","session":"ebd2d8f310eb","build":"191.8026.42.35.6010548","bucket":"45","time":1582199823177,"group":{"id":"ui.dialogs","version":"11"},"event":{"count":1,"data":{"created":1582199823177,"plugin_type":"PLATFORM","type":"show"},"id":"com.intellij.openapi.fileChooser.ex.FileChooserDialogImpl"}}
{"recorder_version":"11","session":"ebd2d8f310eb","build":"191.8026.42.35.6010548","bucket":"45","time":1582199825730,"group":{"id":"actions","version":"11"},"event":{"count":1,"data":{"context_menu":false,"os":"Windows","created":1582199825730,"plugin_type":"PLATFORM","project":"e34beb87dd0aaa7eb98b502df2478e9f9740d3b6014252c91479ccc8ae8eb023","place":"MainMenu","input_event":"Ctrl+V"},"id":"EditorPaste"}}
{"recorder_version":"11","session":"ebd2d8f310eb","build":"191.8026.42.35.6010548","bucket":"45","time":1582199848420,"group":{"id":"ui.dialogs","version":"11"},"event":{"count":1,"data":{"code":0,"created":1582199848421,"plugin_type":"PLATFORM","type":"close"},"id":"com.intellij.openapi.fileChooser.ex.FileChooserDialogImpl"}}
{"recorder_version":"11","session":"ebd2d8f310eb","build":"191.8026.42.35.6010548","bucket":"45","time":1582199852539,"group":{"id":"actions","version":"11"},"event":{"count":2,"data":{"context_menu":false,"os":"Windows","last":1582199852703,"created":1582199852539,"plugin_type":"PLATFORM","project":"e34beb87dd0aaa7eb98b502df2478e9f9740d3b6014252c91479ccc8ae8eb023","place":"MainMenu","input_event":"Backspace"},"id":"EditorBackSpace"}}
{"recorder_version":"11","session":"ebd2d8f310eb","build":"191.8026.42.35.6010548","bucket":"45","time":1582199854166,"group":{"id":"ui.dialogs","version":"11"},"event":{"count":2,"data":{"last":1582199856400,"created":1582199854166,"plugin_type":"PLATFORM","type":"show"},"id":"com.intellij.openapi.ui.messages.MessageDialog"}}
{"recorder_version":"11","session":"ebd2d8f310eb","build":"191.8026.42.35.6010548","bucket":"45","time":1582199865946,"group":{"id":"ui.dialogs","version":"11"},"event":{"count":1,"data":{"created":1582199865946,"plugin_type":"NOT_LISTED","type":"show"},"id":"third.party"}}
{"recorder_version":"11","session":"ebd2d8f310eb","build":"191.8026.42.35.6010548","bucket":"45","time":1582199867717,"group":{"id":"ui.dialogs","version":"11"},"event":{"count":1,"data":{"code":1,"created":1582199867717,"plugin_type":"NOT_LISTED","type":"close"},"id":"third.party"}}
{"recorder_version":"11","session":"ebd2d8f310eb","build":"191.8026.42.35.6010548","bucket":"45","time":1582199868664,"group":{"id":"ui.dialogs","version":"11"},"event":{"count":1,"data":{"created":1582199868664,"plugin_type":"PLATFORM","type":"show"},"id":"com.intellij.openapi.fileChooser.ex.FileChooserDialogImpl"}}
{"recorder_version":"11","session":"ebd2d8f310eb","build":"191.8026.42.35.6010548","bucket":"45","time":1582199869845,"group":{"id":"ui.dialogs","version":"11"},"event":{"count":1,"data":{"code":0,"created":1582199869845,"plugin_type":"PLATFORM","type":"close"},"id":"com.intellij.openapi.fileChooser.ex.FileChooserDialogImpl"}}
{"recorder_version":"11","session":"ebd2d8f310eb","build":"191.8026.42.35.6010548","bucket":"45","time":1582199870965,"group":{"id":"ui.dialogs","version":"11"},"event":{"count":1,"data":{"created":1582199870965,"plugin_type":"NOT_LISTED","type":"show"},"id":"third.party"}}
{"recorder_version":"11","session":"ebd2d8f310eb","build":"191.8026.42.35.6010548","bucket":"45","time":1582199872421,"group":{"id":"ui.dialogs","version":"11"},"event":{"count":1,"data":{"code":0,"created":1582199872421,"plugin_type":"NOT_LISTED","type":"close"},"id":"third.party"}}
{"recorder_version":"11","session":"ebd2d8f310eb","build":"191.8026.42.35.6010548","bucket":"45","time":1582199874696,"group":{"id":"ui.dialogs","version":"11"},"event":{"count":1,"data":{"created":1582199874696,"plugin_type":"PLATFORM","type":"show"},"id":"com.intellij.openapi.fileChooser.ex.FileChooserDialogImpl"}}
{"recorder_version":"11","session":"ebd2d8f310eb","build":"191.8026.42.35.6010548","bucket":"45","time":1582199878725,"group":{"id":"ui.dialogs","version":"11"},"event":{"count":1,"data":{"code":0,"created":1582199878725,"plugin_type":"PLATFORM","type":"close"},"id":"com.intellij.openapi.fileChooser.ex.FileChooserDialogImpl"}}
{"recorder_version":"11","session":"ebd2d8f310eb","build":"191.8026.42.35.6010548","bucket":"45","time":1582199881941,"group":{"id":"ui.dialogs","version":"11"},"event":{"count":1,"data":{"code":0,"created":1582199881941,"plugin_type":"NOT_LISTED","type":"close"},"id":"third.party"}}
{"recorder_version":"11","session":"ebd2d8f310eb","build":"191.8026.42.35.6010548","bucket":"45","time":1582199910141,"group":{"id":"toolwindow","version":"11"},"event":{"count":1,"data":{"os":"Windows","created":1582199910141,"plugin_type":"NOT_LISTED"},"id":"unknown"}}
{"recorder_version":"11","session":"ebd2d8f310eb","build":"191.8026.42.35.6010548","bucket":"45","time":1582199911421,"group":{"id":"toolwindow","version":"11"},"event":{"count":1,"data":{"os":"Windows","created":1582199911421,"plugin_type":"PLATFORM"},"id":"TODO"}}
{"recorder_version":"11","session":"ebd2d8f310eb","build":"191.8026.42.35.6010548","bucket":"45","time":1582199913941,"group":{"id":"file.types.usage","version":"11"},"event":{"count":1,"data":{"created":1582199913941,"plugin_type":"PLATFORM","project":"e34beb87dd0aaa7eb98b502df2478e9f9740d3b6014252c91479ccc8ae8eb023","type":"open"},"id":"XML"}}
{"recorder_version":"11","session":"ebd2d8f310eb","build":"191.8026.42.35.6010548","bucket":"45","time":1582199918924,"group":{"id":"performance","version":"11"},"event":{"count":1,"data":{"duration_ms":0,"created":1582199918924},"id":"ui.latency"}}
{"recorder_version":"11","session":"ebd2d8f310eb","build":"191.8026.42.35.6010548","bucket":"45","time":1582199973424,"group":{"id":"actions","version":"11"},"event":{"count":1,"data":{"context_menu":true,"os":"Windows","created":1582199973425,"plugin_type":"NOT_LISTED","project":"e34beb87dd0aaa7eb98b502df2478e9f9740d3b6014252c91479ccc8ae8eb023","place":"MainMenu","input_event":"MouseLeft"},"id":"third.party"}}
{"recorder_version":"11","session":"ebd2d8f310eb","build":"191.8026.42.35.6010548","bucket":"45","time":1582199973435,"group":{"id":"ui.dialogs","version":"11"},"event":{"count":1,"data":{"created":1582199973435,"plugin_type":"NOT_LISTED","type":"show"},"id":"third.party"}}
{"recorder_version":"11","session":"ebd2d8f310eb","build":"191.8026.42.35.6010548","bucket":"45","time":1582199986073,"group":{"id":"ui.dialogs","version":"11"},"event":{"count":1,"data":{"created":1582199986073,"plugin_type":"PLATFORM","type":"show"},"id":"com.intellij.openapi.fileChooser.ex.FileChooserDialogImpl"}}
{"recorder_version":"11","session":"ebd2d8f310eb","build":"191.8026.42.35.6010548","bucket":"45","time":1582200019009,"group":{"id":"performance","version":"11"},"event":{"count":1,"data":{"duration_ms":0,"created":1582200019009},"id":"ui.latency"}}
{"recorder_version":"11","session":"ebd2d8f310eb","build":"191.8026.42.35.6010548","bucket":"45","time":1582200027164,"group":{"id":"ui.dialogs","version":"11"},"event":{"count":1,"data":{"code":0,"created":1582200027165,"plugin_type":"PLATFORM","type":"close"},"id":"com.intellij.openapi.fileChooser.ex.FileChooserDialogImpl"}}
{"recorder_version":"11","session":"ebd2d8f310eb","build":"191.8026.42.35.6010548","bucket":"45","time":1582200029389,"group":{"id":"ui.dialogs","version":"11"},"event":{"count":1,"data":{"code":0,"created":1582200029389,"plugin_type":"NOT_LISTED","type":"close"},"id":"third.party"}}
{"recorder_version":"11","session":"ebd2d8f310eb","build":"191.8026.42.35.6010548","bucket":"45","time":1582200062568,"group":{"id":"actions","version":"11"},"event":{"count":1,"data":{"context_menu":true,"os":"Windows","created":1582200062568,"plugin_type":"NOT_LISTED","project":"e34beb87dd0aaa7eb98b502df2478e9f9740d3b6014252c91479ccc8ae8eb023","place":"MainMenu","input_event":"MouseLeft"},"id":"third.party"}}
{"recorder_version":"11","session":"ebd2d8f310eb","build":"191.8026.42.35.6010548","bucket":"45","time":1582200062577,"group":{"id":"ui.dialogs","version":"11"},"event":{"count":1,"data":{"created":1582200062577,"plugin_type":"NOT_LISTED","type":"show"},"id":"third.party"}}
{"recorder_version":"11","session":"ebd2d8f310eb","build":"191.8026.42.35.6010548","bucket":"45","time":1582200069215,"group":{"id":"ui.dialogs","version":"11"},"event":{"count":1,"data":{"created":1582200069216,"plugin_type":"PLATFORM","type":"show"},"id":"com.intellij.openapi.fileChooser.ex.FileChooserDialogImpl"}}
{"recorder_version":"11","session":"ebd2d8f310eb","build":"191.8026.42.35.6010548","bucket":"45","time":1582200071133,"group":{"id":"ui.dialogs","version":"11"},"event":{"count":1,"data":{"code":0,"created":1582200071133,"plugin_type":"PLATFORM","type":"close"},"id":"com.intellij.openapi.fileChooser.ex.FileChooserDialogImpl"}}
{"recorder_version":"11","session":"ebd2d8f310eb","build":"191.8026.42.35.6010548","bucket":"45","time":1582200072671,"group":{"id":"ui.dialogs","version":"11"},"event":{"count":1,"data":{"created":1582200072671,"plugin_type":"PLATFORM","type":"show"},"id":"com.intellij.openapi.ui.messages.MessageDialog"}}
{"recorder_version":"11","session":"ebd2d8f310eb","build":"191.8026.42.35.6010548","bucket":"45","time":1582200075789,"group":{"id":"ui.dialogs","version":"11"},"event":{"count":1,"data":{"code":1,"created":1582200075789,"plugin_type":"NOT_LISTED","type":"close"},"id":"third.party"}}
{"recorder_version":"11","session":"ebd2d8f310eb","build":"191.8026.42.35.6010548","bucket":"45","time":1582200119083,"group":{"id":"performance","version":"11"},"event":{"count":1,"data":{"duration_ms":0,"created":1582200119083},"id":"ui.latency"}}
{"recorder_version":"11","session":"ebd2d8f310eb","build":"191.8026.42.35.6010548","bucket":"45","time":1582200197608,"group":{"id":"actions","version":"11"},"event":{"count":1,"data":{"context_menu":true,"os":"Windows","created":1582200197608,"plugin_type":"NOT_LISTED","project":"e34beb87dd0aaa7eb98b502df2478e9f9740d3b6014252c91479ccc8ae8eb023","place":"MainMenu","input_event":"MouseLeft"},"id":"third.party"}}
{"recorder_version":"11","session":"ebd2d8f310eb","build":"191.8026.42.35.6010548","bucket":"45","time":1582200197617,"group":{"id":"ui.dialogs","version":"11"},"event":{"count":1,"data":{"created":1582200197617,"plugin_type":"NOT_LISTED","type":"show"},"id":"third.party"}}
{"recorder_version":"11","session":"ebd2d8f310eb","build":"191.8026.42.35.6010548","bucket":"45","time":1582200204111,"group":{"id":"ui.dialogs","version":"11"},"event":{"count":1,"data":{"created":1582200204111,"plugin_type":"PLATFORM","type":"show"},"id":"com.intellij.openapi.fileChooser.ex.FileChooserDialogImpl"}}
{"recorder_version":"11","session":"ebd2d8f310eb","build":"191.8026.42.35.6010548","bucket":"45","time":1582200205549,"group":{"id":"ui.dialogs","version":"11"},"event":{"count":1,"data":{"code":0,"created":1582200205549,"plugin_type":"PLATFORM","type":"close"},"id":"com.intellij.openapi.fileChooser.ex.FileChooserDialogImpl"}}
{"recorder_version":"11","session":"ebd2d8f310eb","build":"191.8026.42.35.6010548","bucket":"45","time":1582200206791,"group":{"id":"ui.dialogs","version":"11"},"event":{"count":2,"data":{"last":1582200210799,"created":1582200206791,"plugin_type":"PLATFORM","type":"show"},"id":"com.intellij.openapi.ui.messages.MessageDialog"}}
{"recorder_version":"11","session":"ebd2d8f310eb","build":"191.8026.42.35.6010548","bucket":"45","time":1582200214245,"group":{"id":"ui.dialogs","version":"11"},"event":{"count":1,"data":{"code":0,"created":1582200214245,"plugin_type":"NOT_LISTED","type":"close"},"id":"third.party"}}
{"recorder_version":"11","session":"ebd2d8f310eb","build":"191.8026.42.35.6010548","bucket":"45","time":1582200219168,"group":{"id":"performance","version":"11"},"event":{"count":1,"data":{"duration_ms":0,"created":1582200219168},"id":"ui.latency"}}
{"recorder_version":"11","session":"ebd2d8f310eb","build":"191.8026.42.35.6010548","bucket":"45","time":1582200233278,"group":{"id":"actions","version":"11"},"event":{"count":1,"data":{"context_menu":true,"os":"Windows","created":1582200233278,"plugin_type":"NOT_LISTED","project":"e34beb87dd0aaa7eb98b502df2478e9f9740d3b6014252c91479ccc8ae8eb023","place":"MainMenu","input_event":"MouseLeft"},"id":"third.party"}}
{"recorder_version":"11","session":"ebd2d8f310eb","build":"191.8026.42.35.6010548","bucket":"45","time":1582200233288,"group":{"id":"ui.dialogs","version":"11"},"event":{"count":1,"data":{"created":1582200233288,"plugin_type":"NOT_LISTED","type":"show"},"id":"third.party"}}
{"recorder_version":"11","session":"ebd2d8f310eb","build":"191.8026.42.35.6010548","bucket":"45","time":1582200243054,"group":{"id":"ui.dialogs","version":"11"},"event":{"count":2,"data":{"last":1582200245226,"created":1582200243054,"plugin_type":"PLATFORM","type":"show"},"id":"com.intellij.openapi.ui.messages.MessageDialog"}}
{"recorder_version":"11","session":"ebd2d8f310eb","build":"191.8026.42.35.6010548","bucket":"45","time":1582200249535,"group":{"id":"ui.dialogs","version":"11"},"event":{"count":1,"data":{"created":1582200249535,"plugin_type":"PLATFORM","type":"show"},"id":"com.intellij.openapi.fileChooser.ex.FileChooserDialogImpl"}}
{"recorder_version":"11","session":"ebd2d8f310eb","build":"191.8026.42.35.6010548","bucket":"45","time":1582200256532,"group":{"id":"ui.dialogs","version":"11"},"event":{"count":1,"data":{"code":0,"created":1582200256532,"plugin_type":"PLATFORM","type":"close"},"id":"com.intellij.openapi.fileChooser.ex.FileChooserDialogImpl"}}
{"recorder_version":"11","session":"ebd2d8f310eb","build":"191.8026.42.35.6010548","bucket":"45","time":1582200258685,"group":{"id":"ui.dialogs","version":"11"},"event":{"count":1,"data":{"code":0,"created":1582200258685,"plugin_type":"NOT_LISTED","type":"close"},"id":"third.party"}}
{"recorder_version":"11","session":"ebd2d8f310eb","build":"191.8026.42.35.6010548","bucket":"45","time":1582200258803,"group":{"id":"lifecycle","version":"11"},"event":{"count":1,"data":{"plugin":"unknown","created":1582200258803,"oom":false,"mapping_failed":false},"id":"ide.error"}}
{"recorder_version":"11","session":"ebd2d8f310eb","build":"191.8026.42.35.6010548","bucket":"45","time":1582200258804,"group":{"id":"toolwindow","version":"11"},"event":{"count":1,"data":{"os":"Windows","created":1582200258804,"plugin_type":"PLATFORM"},"id":"Build"}}
{"recorder_version":"11","session":"ebd2d8f310eb","build":"191.8026.42.35.6010548","bucket":"45","time":1582200319270,"group":{"id":"performance","version":"11"},"event":{"count":1,"data":{"duration_ms":0,"created":1582200319270},"id":"ui.latency"}}
{"recorder_version":"11","session":"ebd2d8f310eb","build":"191.8026.42.35.6010548","bucket":"45","time":1582200347676,"group":{"id":"ui.dialogs","version":"11"},"event":{"count":1,"data":{"created":1582200347676,"plugin_type":"PLATFORM","type":"show"},"id":"com.intellij.openapi.ui.messages.MessageDialog"}}
{"recorder_version":"11","session":"ebd2d8f310eb","build":"191.8026.42.35.6010548","bucket":"45","time":1582200348765,"group":{"id":"lifecycle","version":"11"},"event":{"count":1,"data":{"restart":false,"created":1582200348765},"id":"ide.close"}}
{"recorder_version":"11","session":"ebd2d8f310eb","build":"191.8026.42.35.6010548","bucket":"45","time":1582200348783,"group":{"id":"lifecycle","version":"11"},"event":{"count":1,"data":{"created":1582200348783,"project":"e34beb87dd0aaa7eb98b502df2478e9f9740d3b6014252c91479ccc8ae8eb023"},"id":"project.closed"}}
