{"recorder_version":"11","session":"dcee54848ff5","build":"191.8026.42.35.6010548","bucket":"45","time":1581770786769,"group":{"id":"settings","version":"2"},"event":{"state":true,"data":{"created":1581770786780,"invoked":true},"id":"NotRoamableUiSettings"}}
{"recorder_version":"11","session":"dcee54848ff5","build":"191.8026.42.35.6010548","bucket":"45","time":1581770786804,"group":{"id":"settings","version":"2"},"event":{"state":true,"data":{"default":false,"created":1581770786804,"name":"pinFindInPath","value":true},"id":"UISettings"}}
{"recorder_version":"11","session":"dcee54848ff5","build":"191.8026.42.35.6010548","bucket":"45","time":1581770786804,"group":{"id":"settings","version":"2"},"event":{"state":true,"data":{"created":1581770786814,"invoked":true},"id":"UISettings"}}
{"recorder_version":"11","session":"dcee54848ff5","build":"191.8026.42.35.6010548","bucket":"45","time":1581770786825,"group":{"id":"system.os","version":"1"},"event":{"state":true,"data":{"created":1581770786825,"version":"10.0"},"id":"Windows"}}
{"recorder_version":"11","session":"dcee54848ff5","build":"191.8026.42.35.6010548","bucket":"45","time":1581770786825,"group":{"id":"system.os","version":"1"},"event":{"state":true,"data":{"created":1581770786875},"id":"invoked"}}
{"recorder_version":"11","session":"dcee54848ff5","build":"191.8026.42.35.6010548","bucket":"45","time":1581770786825,"group":{"id":"system.java","version":"1"},"event":{"state":true,"data":{"created":1581770786875,"version":"1.8"},"id":"JetBrains"}}
{"recorder_version":"11","session":"dcee54848ff5","build":"191.8026.42.35.6010548","bucket":"45","time":1581770786825,"group":{"id":"system.java","version":"1"},"event":{"state":true,"data":{"created":1581770786876},"id":"invoked"}}
{"recorder_version":"11","session":"dcee54848ff5","build":"191.8026.42.35.6010548","bucket":"45","time":1581770788707,"group":{"id":"settings","version":"2"},"event":{"state":true,"data":{"created":1581770788707,"invoked":true},"id":"GeneralSettings"}}
{"recorder_version":"11","session":"dcee54848ff5","build":"191.8026.42.35.6010548","bucket":"45","time":1581770796161,"group":{"id":"performance","version":"11"},"event":{"count":1,"data":{"duration_ms":7036,"created":1581770796161},"id":"ui.latency"}}
{"recorder_version":"11","session":"dcee54848ff5","build":"191.8026.42.35.6010548","bucket":"45","time":1581770796161,"group":{"id":"performance","version":"11"},"event":{"count":1,"data":{"duration_ms":7036,"created":1581770796162},"id":"ui.lagging"}}
{"recorder_version":"11","session":"dcee54848ff5","build":"191.8026.42.35.6010548","bucket":"45","time":1581770796161,"group":{"id":"performance","version":"11"},"event":{"count":1,"data":{"duration_ms":6000,"created":1581770796163},"id":"ui.lagging"}}
{"recorder_version":"11","session":"dcee54848ff5","build":"191.8026.42.35.6010548","bucket":"45","time":1581770796161,"group":{"id":"performance","version":"11"},"event":{"count":1,"data":{"duration_ms":4999,"created":1581770796164},"id":"ui.lagging"}}
{"recorder_version":"11","session":"dcee54848ff5","build":"191.8026.42.35.6010548","bucket":"45","time":1581770796162,"group":{"id":"performance","version":"11"},"event":{"count":1,"data":{"duration_ms":3989,"created":1581770796165},"id":"ui.lagging"}}
{"recorder_version":"11","session":"dcee54848ff5","build":"191.8026.42.35.6010548","bucket":"45","time":1581770796164,"group":{"id":"performance","version":"11"},"event":{"count":1,"data":{"duration_ms":2920,"created":1581770796166},"id":"ui.lagging"}}
{"recorder_version":"11","session":"dcee54848ff5","build":"191.8026.42.35.6010548","bucket":"45","time":1581770796164,"group":{"id":"performance","version":"11"},"event":{"count":1,"data":{"duration_ms":1873,"created":1581770796166},"id":"ui.lagging"}}
{"recorder_version":"11","session":"dcee54848ff5","build":"191.8026.42.35.6010548","bucket":"45","time":1581770796180,"group":{"id":"performance","version":"11"},"event":{"count":1,"data":{"duration_ms":703,"created":1581770796180},"id":"ui.lagging"}}
{"recorder_version":"11","session":"dcee54848ff5","build":"191.8026.42.35.6010548","bucket":"45","time":1581770796600,"group":{"id":"ui.dialogs","version":"11"},"event":{"count":1,"data":{"created":1581770796600,"plugin_type":"PLATFORM","type":"show"},"id":"com.intellij.openapi.progress.util.ProgressDialog$MyDialogWrapper"}}
{"recorder_version":"11","session":"dcee54848ff5","build":"191.8026.42.35.6010548","bucket":"45","time":1581770796963,"group":{"id":"lifecycle","version":"11"},"event":{"count":1,"data":{"created":1581770796963,"duration_grouped":"8","duration_s":8},"id":"ide.freeze"}}
{"recorder_version":"11","session":"dcee54848ff5","build":"191.8026.42.35.6010548","bucket":"45","time":1581770797327,"group":{"id":"performance","version":"11"},"event":{"count":1,"data":{"duration_ms":800,"created":1581770797327},"id":"ui.lagging"}}
{"recorder_version":"11","session":"dcee54848ff5","build":"191.8026.42.35.6010548","bucket":"45","time":1581770814543,"group":{"id":"ui.dialogs","version":"11"},"event":{"count":1,"data":{"code":1,"created":1581770814543,"plugin_type":"PLATFORM","type":"close"},"id":"com.intellij.openapi.progress.util.ProgressDialog$MyDialogWrapper"}}
{"recorder_version":"11","session":"dcee54848ff5","build":"191.8026.42.35.6010548","bucket":"45","time":1581770814569,"group":{"id":"lifecycle","version":"11"},"event":{"count":1,"data":{"created":1581770814570,"project":"e34beb87dd0aaa7eb98b502df2478e9f9740d3b6014252c91479ccc8ae8eb023"},"id":"project.opened"}}
{"recorder_version":"11","session":"dcee54848ff5","build":"191.8026.42.35.6010548","bucket":"45","time":1581770822334,"group":{"id":"performance","version":"11"},"event":{"count":1,"data":{"duration_ms":7400,"created":1581770822334},"id":"ui.lagging"}}
{"recorder_version":"11","session":"dcee54848ff5","build":"191.8026.42.35.6010548","bucket":"45","time":1581770822357,"group":{"id":"performance","version":"11"},"event":{"count":1,"data":{"duration_ms":6400,"created":1581770822357},"id":"ui.lagging"}}
{"recorder_version":"11","session":"dcee54848ff5","build":"191.8026.42.35.6010548","bucket":"45","time":1581770822358,"group":{"id":"performance","version":"11"},"event":{"count":1,"data":{"duration_ms":5349,"created":1581770822358},"id":"ui.lagging"}}
{"recorder_version":"11","session":"dcee54848ff5","build":"191.8026.42.35.6010548","bucket":"45","time":1581770822358,"group":{"id":"performance","version":"11"},"event":{"count":1,"data":{"duration_ms":4340,"created":1581770822360},"id":"ui.lagging"}}
{"recorder_version":"11","session":"dcee54848ff5","build":"191.8026.42.35.6010548","bucket":"45","time":1581770822358,"group":{"id":"performance","version":"11"},"event":{"count":1,"data":{"duration_ms":3333,"created":1581770822361},"id":"ui.lagging"}}
{"recorder_version":"11","session":"dcee54848ff5","build":"191.8026.42.35.6010548","bucket":"45","time":1581770822359,"group":{"id":"performance","version":"11"},"event":{"count":1,"data":{"duration_ms":2310,"created":1581770822361},"id":"ui.lagging"}}
{"recorder_version":"11","session":"dcee54848ff5","build":"191.8026.42.35.6010548","bucket":"45","time":1581770822359,"group":{"id":"performance","version":"11"},"event":{"count":1,"data":{"duration_ms":1091,"created":1581770822361},"id":"ui.lagging"}}
{"recorder_version":"11","session":"dcee54848ff5","build":"191.8026.42.35.6010548","bucket":"45","time":1581770822533,"group":{"id":"ui.dialogs","version":"11"},"event":{"count":1,"data":{"created":1581770822533,"plugin_type":"PLATFORM","type":"show"},"id":"com.intellij.openapi.progress.util.ProgressDialog$MyDialogWrapper"}}
{"recorder_version":"11","session":"dcee54848ff5","build":"191.8026.42.35.6010548","bucket":"45","time":1581770823295,"group":{"id":"lifecycle","version":"11"},"event":{"count":1,"data":{"created":1581770823295,"duration_grouped":"9","duration_s":9},"id":"ide.freeze"}}
{"recorder_version":"11","session":"dcee54848ff5","build":"191.8026.42.35.6010548","bucket":"45","time":1581770826118,"group":{"id":"performance","version":"11"},"event":{"count":1,"data":{"duration_ms":2834,"created":1581770826118},"id":"ui.lagging"}}
{"recorder_version":"11","session":"dcee54848ff5","build":"191.8026.42.35.6010548","bucket":"45","time":1581770827600,"group":{"id":"file.types.usage","version":"11"},"event":{"count":1,"data":{"schema":"Gradle","plugin":"org.intellij.groovy","created":1581770827600,"plugin_type":"JB_BUNDLED","project":"e34beb87dd0aaa7eb98b502df2478e9f9740d3b6014252c91479ccc8ae8eb023","type":"open"},"id":"Groovy"}}
{"recorder_version":"11","session":"dcee54848ff5","build":"191.8026.42.35.6010548","bucket":"45","time":1581770827609,"group":{"id":"performance","version":"11"},"event":{"count":1,"data":{"duration_ms":476,"created":1581770827609},"id":"ui.lagging"}}
{"recorder_version":"11","session":"dcee54848ff5","build":"191.8026.42.35.6010548","bucket":"45","time":1581770827942,"group":{"id":"file.types.usage","version":"11"},"event":{"count":1,"data":{"plugin":"org.jetbrains.kotlin","created":1581770827942,"plugin_type":"JB_NOT_BUNDLED","project":"e34beb87dd0aaa7eb98b502df2478e9f9740d3b6014252c91479ccc8ae8eb023","type":"open"},"id":"Kotlin"}}
{"recorder_version":"11","session":"dcee54848ff5","build":"191.8026.42.35.6010548","bucket":"45","time":1581770828272,"group":{"id":"file.types.usage","version":"11"},"event":{"count":2,"data":{"last":1581770828555,"created":1581770828274,"plugin_type":"PLATFORM","project":"e34beb87dd0aaa7eb98b502df2478e9f9740d3b6014252c91479ccc8ae8eb023","type":"open"},"id":"JAVA"}}
{"recorder_version":"11","session":"dcee54848ff5","build":"191.8026.42.35.6010548","bucket":"45","time":1581770828844,"group":{"id":"file.types.usage","version":"11"},"event":{"count":1,"data":{"created":1581770828844,"plugin_type":"PLATFORM","project":"e34beb87dd0aaa7eb98b502df2478e9f9740d3b6014252c91479ccc8ae8eb023","type":"open"},"id":"XML"}}
{"recorder_version":"11","session":"dcee54848ff5","build":"191.8026.42.35.6010548","bucket":"45","time":1581770829117,"group":{"id":"file.types.usage","version":"11"},"event":{"count":2,"data":{"plugin":"org.jetbrains.kotlin","last":1581770829453,"created":1581770829117,"plugin_type":"JB_NOT_BUNDLED","project":"e34beb87dd0aaa7eb98b502df2478e9f9740d3b6014252c91479ccc8ae8eb023","type":"open"},"id":"Kotlin"}}
{"recorder_version":"11","session":"dcee54848ff5","build":"191.8026.42.35.6010548","bucket":"45","time":1581770829454,"group":{"id":"performance","version":"11"},"event":{"count":1,"data":{"duration_ms":257,"created":1581770829454},"id":"ui.lagging"}}
{"recorder_version":"11","session":"dcee54848ff5","build":"191.8026.42.35.6010548","bucket":"45","time":1581770829735,"group":{"id":"file.types.usage","version":"11"},"event":{"count":1,"data":{"plugin":"org.jetbrains.kotlin","created":1581770829735,"plugin_type":"JB_NOT_BUNDLED","project":"e34beb87dd0aaa7eb98b502df2478e9f9740d3b6014252c91479ccc8ae8eb023","type":"open"},"id":"Kotlin"}}
{"recorder_version":"11","session":"dcee54848ff5","build":"191.8026.42.35.6010548","bucket":"45","time":1581770830374,"group":{"id":"lifecycle","version":"11"},"event":{"count":1,"data":{"eap":false,"created":1581770830375},"id":"ide.start"}}
{"recorder_version":"11","session":"dcee54848ff5","build":"191.8026.42.35.6010548","bucket":"45","time":1581770831130,"group":{"id":"performance","version":"11"},"event":{"count":1,"data":{"duration_ms":926,"created":1581770831131},"id":"ui.lagging"}}
{"recorder_version":"11","session":"dcee54848ff5","build":"191.8026.42.35.6010548","bucket":"45","time":1581770831551,"group":{"id":"performance","version":"11"},"event":{"count":1,"data":{"duration_ms":334,"created":1581770831551},"id":"ui.lagging"}}
{"recorder_version":"11","session":"dcee54848ff5","build":"191.8026.42.35.6010548","bucket":"45","time":1581770831552,"group":{"id":"ui.tips","version":"1"},"event":{"count":1,"data":{"created":1581770831553},"id":"shown.automatically"}}
{"recorder_version":"11","session":"dcee54848ff5","build":"191.8026.42.35.6010548","bucket":"45","time":1581770831602,"group":{"id":"ui.dialogs","version":"11"},"event":{"count":1,"data":{"created":1581770831603,"plugin_type":"PLATFORM","type":"show"},"id":"com.intellij.ide.util.TipDialog"}}
{"recorder_version":"11","session":"dcee54848ff5","build":"191.8026.42.35.6010548","bucket":"45","time":1581770831689,"group":{"id":"project.fs","version":"1"},"event":{"state":true,"data":{"os":"Windows","cs-project":false,"created":1581770831689,"project":"e34beb87dd0aaa7eb98b502df2478e9f9740d3b6014252c91479ccc8ae8eb023","cs-implicit":true,"cs-system":false},"id":"case-sensitivity"}}
{"recorder_version":"11","session":"dcee54848ff5","build":"191.8026.42.35.6010548","bucket":"45","time":1581770831689,"group":{"id":"project.fs","version":"1"},"event":{"state":true,"data":{"created":1581770831690},"id":"invoked"}}
{"recorder_version":"11","session":"dcee54848ff5","build":"191.8026.42.35.6010548","bucket":"45","time":1581770831700,"group":{"id":"project.fs","version":"1"},"event":{"state":true,"data":{"pct-non-watched":0,"created":1581770831700,"project":"e34beb87dd0aaa7eb98b502df2478e9f9740d3b6014252c91479ccc8ae8eb023"},"id":"roots-watched"}}
{"recorder_version":"11","session":"dcee54848ff5","build":"191.8026.42.35.6010548","bucket":"45","time":1581770831700,"group":{"id":"project.fs","version":"1"},"event":{"state":true,"data":{"created":1581770831700},"id":"invoked"}}
{"recorder_version":"11","session":"dcee54848ff5","build":"191.8026.42.35.6010548","bucket":"45","time":1581770832404,"group":{"id":"ui.dialogs","version":"11"},"event":{"count":1,"data":{"code":1,"created":1581770832409,"plugin_type":"PLATFORM","type":"close"},"id":"com.intellij.openapi.progress.util.ProgressDialog$MyDialogWrapper"}}
{"recorder_version":"11","session":"dcee54848ff5","build":"191.8026.42.35.6010548","bucket":"45","time":1581770832411,"group":{"id":"lifecycle","version":"11"},"event":{"count":1,"data":{"created":1581770832548,"time_ms":36852,"project":"e34beb87dd0aaa7eb98b502df2478e9f9740d3b6014252c91479ccc8ae8eb023"},"id":"project.opening.finished"}}
{"recorder_version":"11","session":"dcee54848ff5","build":"191.8026.42.35.6010548","bucket":"45","time":1581770833425,"group":{"id":"performance","version":"11"},"event":{"count":1,"data":{"duration_ms":113,"created":1581770833425},"id":"ui.lagging"}}
{"recorder_version":"11","session":"dcee54848ff5","build":"191.8026.42.35.6010548","bucket":"45","time":1581770834628,"group":{"id":"performance","version":"11"},"event":{"count":1,"data":{"duration_ms":115,"created":1581770834628},"id":"ui.lagging"}}
{"recorder_version":"11","session":"dcee54848ff5","build":"191.8026.42.35.6010548","bucket":"45","time":1581770836074,"group":{"id":"performance","version":"11"},"event":{"count":1,"data":{"duration_ms":353,"created":1581770836074},"id":"ui.lagging"}}
{"recorder_version":"11","session":"dcee54848ff5","build":"191.8026.42.35.6010548","bucket":"45","time":1581770837051,"group":{"id":"performance","version":"11"},"event":{"count":1,"data":{"duration_ms":232,"created":1581770837051},"id":"ui.lagging"}}
{"recorder_version":"11","session":"dcee54848ff5","build":"191.8026.42.35.6010548","bucket":"45","time":1581770839723,"group":{"id":"performance","version":"11"},"event":{"count":1,"data":{"duration_ms":873,"created":1581770839726},"id":"ui.lagging"}}
{"recorder_version":"11","session":"dcee54848ff5","build":"191.8026.42.35.6010548","bucket":"45","time":1581770840055,"group":{"id":"toolwindow","version":"11"},"event":{"count":1,"data":{"os":"Windows","created":1581770840055,"plugin_type":"PLATFORM"},"id":"Build"}}
{"recorder_version":"11","session":"dcee54848ff5","build":"191.8026.42.35.6010548","bucket":"45","time":1581770841987,"group":{"id":"performance","version":"11"},"event":{"count":1,"data":{"duration_ms":113,"created":1581770841987},"id":"ui.lagging"}}
{"recorder_version":"11","session":"dcee54848ff5","build":"191.8026.42.35.6010548","bucket":"45","time":1581770896542,"group":{"id":"performance","version":"11"},"event":{"count":1,"data":{"duration_ms":0,"created":1581770896542},"id":"ui.latency"}}
{"recorder_version":"11","session":"dcee54848ff5","build":"191.8026.42.35.6010548","bucket":"45","time":1581770906136,"group":{"id":"ui.dialogs","version":"11"},"event":{"count":1,"data":{"code":1,"created":1581770906136,"plugin_type":"PLATFORM","type":"close"},"id":"com.intellij.ide.util.TipDialog"}}
{"recorder_version":"11","session":"dcee54848ff5","build":"191.8026.42.35.6010548","bucket":"45","time":1581770996658,"group":{"id":"performance","version":"11"},"event":{"count":1,"data":{"duration_ms":0,"created":1581770996658},"id":"ui.latency"}}
{"recorder_version":"11","session":"dcee54848ff5","build":"191.8026.42.35.6010548","bucket":"45","time":1581771096162,"group":{"id":"build.tools.actions","version":"1"},"event":{"count":1,"data":{"created":1581771096162},"id":"registered"}}
{"recorder_version":"11","session":"dcee54848ff5","build":"191.8026.42.35.6010548","bucket":"45","time":1581771096162,"group":{"id":"file.types.usage","version":"11"},"event":{"count":1,"data":{"created":1581771096162},"id":"registered"}}
{"recorder_version":"11","session":"dcee54848ff5","build":"191.8026.42.35.6010548","bucket":"45","time":1581771096162,"group":{"id":"actions.runAnything","version":"1"},"event":{"count":1,"data":{"created":1581771096162},"id":"registered"}}
{"recorder_version":"11","session":"dcee54848ff5","build":"191.8026.42.35.6010548","bucket":"45","time":1581771096162,"group":{"id":"toolwindow","version":"11"},"event":{"count":1,"data":{"created":1581771096163},"id":"registered"}}
{"recorder_version":"11","session":"dcee54848ff5","build":"191.8026.42.35.6010548","bucket":"45","time":1581771096162,"group":{"id":"live.templates","version":"11"},"event":{"count":1,"data":{"created":1581771096163},"id":"registered"}}
{"recorder_version":"11","session":"dcee54848ff5","build":"191.8026.42.35.6010548","bucket":"45","time":1581771096162,"group":{"id":"ide.self.update","version":"1"},"event":{"count":1,"data":{"created":1581771096163},"id":"registered"}}
{"recorder_version":"11","session":"dcee54848ff5","build":"191.8026.42.35.6010548","bucket":"45","time":1581771096162,"group":{"id":"cidr.testingFrameworks.usages","version":"1"},"event":{"count":1,"data":{"created":1581771096164},"id":"registered"}}
{"recorder_version":"11","session":"dcee54848ff5","build":"191.8026.42.35.6010548","bucket":"45","time":1581771096162,"group":{"id":"lifecycle","version":"11"},"event":{"count":1,"data":{"created":1581771096164},"id":"registered"}}
{"recorder_version":"11","session":"dcee54848ff5","build":"191.8026.42.35.6010548","bucket":"45","time":1581771096162,"group":{"id":"vcs.diff.trigger","version":"1"},"event":{"count":1,"data":{"created":1581771096164},"id":"registered"}}
{"recorder_version":"11","session":"dcee54848ff5","build":"191.8026.42.35.6010548","bucket":"45","time":1581771096162,"group":{"id":"vcs.log.trigger","version":"1"},"event":{"count":1,"data":{"created":1581771096164},"id":"registered"}}
{"recorder_version":"11","session":"dcee54848ff5","build":"191.8026.42.35.6010548","bucket":"45","time":1581771096162,"group":{"id":"productivity","version":"11"},"event":{"count":1,"data":{"created":1581771096164},"id":"registered"}}
{"recorder_version":"11","session":"dcee54848ff5","build":"191.8026.42.35.6010548","bucket":"45","time":1581771096162,"group":{"id":"debugger.breakpoints.usage","version":"1"},"event":{"count":1,"data":{"created":1581771096164},"id":"registered"}}
{"recorder_version":"11","session":"dcee54848ff5","build":"191.8026.42.35.6010548","bucket":"45","time":1581771096162,"group":{"id":"oc","version":"1"},"event":{"count":1,"data":{"created":1581771096165},"id":"registered"}}
{"recorder_version":"11","session":"dcee54848ff5","build":"191.8026.42.35.6010548","bucket":"45","time":1581771096162,"group":{"id":"intentions","version":"11"},"event":{"count":1,"data":{"created":1581771096165},"id":"registered"}}
{"recorder_version":"11","session":"dcee54848ff5","build":"191.8026.42.35.6010548","bucket":"45","time":1581771096162,"group":{"id":"ui.dialogs","version":"11"},"event":{"count":1,"data":{"created":1581771096165},"id":"registered"}}
{"recorder_version":"11","session":"dcee54848ff5","build":"191.8026.42.35.6010548","bucket":"45","time":1581771096162,"group":{"id":"vcs.back.forward.trigger","version":"1"},"event":{"count":1,"data":{"created":1581771096165},"id":"registered"}}
{"recorder_version":"11","session":"dcee54848ff5","build":"191.8026.42.35.6010548","bucket":"45","time":1581771096162,"group":{"id":"toolbar","version":"11"},"event":{"count":1,"data":{"created":1581771096165},"id":"registered"}}
{"recorder_version":"11","session":"dcee54848ff5","build":"191.8026.42.35.6010548","bucket":"45","time":1581771096162,"group":{"id":"build.gradle.actions","version":"1"},"event":{"count":1,"data":{"created":1581771096165},"id":"registered"}}
{"recorder_version":"11","session":"dcee54848ff5","build":"191.8026.42.35.6010548","bucket":"45","time":1581771096162,"group":{"id":"performance","version":"11"},"event":{"count":1,"data":{"created":1581771096166},"id":"registered"}}
{"recorder_version":"11","session":"dcee54848ff5","build":"191.8026.42.35.6010548","bucket":"45","time":1581771096162,"group":{"id":"searchEverywhere","version":"1"},"event":{"count":1,"data":{"created":1581771096166},"id":"registered"}}
{"recorder_version":"11","session":"dcee54848ff5","build":"191.8026.42.35.6010548","bucket":"45","time":1581771096162,"group":{"id":"ui.tips","version":"1"},"event":{"count":1,"data":{"created":1581771096166},"id":"registered"}}
{"recorder_version":"11","session":"dcee54848ff5","build":"191.8026.42.35.6010548","bucket":"45","time":1581771096162,"group":{"id":"import.old.config","version":"1"},"event":{"count":1,"data":{"created":1581771096166},"id":"registered"}}
{"recorder_version":"11","session":"dcee54848ff5","build":"191.8026.42.35.6010548","bucket":"45","time":1581771096162,"group":{"id":"json.schema","version":"1"},"event":{"count":1,"data":{"created":1581771096167},"id":"registered"}}
{"recorder_version":"11","session":"dcee54848ff5","build":"191.8026.42.35.6010548","bucket":"45","time":1581771096162,"group":{"id":"terminalShell","version":"1"},"event":{"count":1,"data":{"created":1581771096167},"id":"registered"}}
{"recorder_version":"11","session":"dcee54848ff5","build":"191.8026.42.35.6010548","bucket":"45","time":1581771096162,"group":{"id":"completion.postfix","version":"11"},"event":{"count":1,"data":{"created":1581771096167},"id":"registered"}}
{"recorder_version":"11","session":"dcee54848ff5","build":"191.8026.42.35.6010548","bucket":"45","time":1581771096162,"group":{"id":"actions","version":"11"},"event":{"count":1,"data":{"created":1581771096168},"id":"registered"}}
{"recorder_version":"11","session":"dcee54848ff5","build":"191.8026.42.35.6010548","bucket":"45","time":1581771096162,"group":{"id":"run.configuration.exec","version":"11"},"event":{"count":1,"data":{"created":1581771096168},"id":"registered"}}
{"recorder_version":"11","session":"dcee54848ff5","build":"191.8026.42.35.6010548","bucket":"45","time":1581771096766,"group":{"id":"performance","version":"11"},"event":{"count":1,"data":{"duration_ms":0,"created":1581771096766},"id":"ui.latency"}}
{"recorder_version":"11","session":"dcee54848ff5","build":"191.8026.42.35.6010548","bucket":"45","time":1581771196868,"group":{"id":"performance","version":"11"},"event":{"count":1,"data":{"duration_ms":0,"created":1581771196868},"id":"ui.latency"}}
{"recorder_version":"11","session":"dcee54848ff5","build":"191.8026.42.35.6010548","bucket":"45","time":1581771296990,"group":{"id":"performance","version":"11"},"event":{"count":1,"data":{"duration_ms":0,"created":1581771296990},"id":"ui.latency"}}
{"recorder_version":"11","session":"dcee54848ff5","build":"191.8026.42.35.6010548","bucket":"45","time":1581771397604,"group":{"id":"performance","version":"11"},"event":{"count":1,"data":{"duration_ms":0,"created":1581771397604},"id":"ui.latency"}}
{"recorder_version":"11","session":"dcee54848ff5","build":"191.8026.42.35.6010548","bucket":"45","time":1581771497829,"group":{"id":"performance","version":"11"},"event":{"count":1,"data":{"duration_ms":0,"created":1581771497829},"id":"ui.latency"}}
{"recorder_version":"11","session":"dcee54848ff5","build":"191.8026.42.35.6010548","bucket":"45","time":1581771598018,"group":{"id":"performance","version":"11"},"event":{"count":1,"data":{"duration_ms":0,"created":1581771598018},"id":"ui.latency"}}
{"recorder_version":"11","session":"dcee54848ff5","build":"191.8026.42.35.6010548","bucket":"45","time":1581771698138,"group":{"id":"performance","version":"11"},"event":{"count":1,"data":{"duration_ms":0,"created":1581771698138},"id":"ui.latency"}}
{"recorder_version":"11","session":"dcee54848ff5","build":"191.8026.42.35.6010548","bucket":"45","time":1581771798286,"group":{"id":"performance","version":"11"},"event":{"count":1,"data":{"duration_ms":0,"created":1581771798286},"id":"ui.latency"}}
{"recorder_version":"11","session":"dcee54848ff5","build":"191.8026.42.35.6010548","bucket":"45","time":1581771898424,"group":{"id":"performance","version":"11"},"event":{"count":1,"data":{"duration_ms":0,"created":1581771898424},"id":"ui.latency"}}
{"recorder_version":"11","session":"dcee54848ff5","build":"191.8026.42.35.6010548","bucket":"45","time":1581771963974,"group":{"id":"ui.dialogs","version":"11"},"event":{"count":1,"data":{"created":1581771963975,"plugin_type":"PLATFORM","type":"show"},"id":"com.intellij.openapi.ui.messages.MessageDialog"}}
{"recorder_version":"11","session":"dcee54848ff5","build":"191.8026.42.35.6010548","bucket":"45","time":1581771965832,"group":{"id":"lifecycle","version":"11"},"event":{"count":1,"data":{"restart":false,"created":1581771965832},"id":"ide.close"}}
{"recorder_version":"11","session":"dcee54848ff5","build":"191.8026.42.35.6010548","bucket":"45","time":1581771965954,"group":{"id":"lifecycle","version":"11"},"event":{"count":1,"data":{"created":1581771965954,"project":"e34beb87dd0aaa7eb98b502df2478e9f9740d3b6014252c91479ccc8ae8eb023"},"id":"project.closed"}}
