{"recorder_version":"11","session":"996739944790","build":"191.8026.42.35.6010548","bucket":"45","time":1581821969987,"group":{"id":"settings","version":"2"},"event":{"state":true,"data":{"created":1581821969987,"invoked":true},"id":"NotRoamableUiSettings"}}
{"recorder_version":"11","session":"996739944790","build":"191.8026.42.35.6010548","bucket":"45","time":1581821969992,"group":{"id":"system.os","version":"1"},"event":{"state":true,"data":{"created":1581821969996,"version":"10.0"},"id":"Windows"}}
{"recorder_version":"11","session":"996739944790","build":"191.8026.42.35.6010548","bucket":"45","time":1581821969992,"group":{"id":"system.os","version":"1"},"event":{"state":true,"data":{"created":1581821970004},"id":"invoked"}}
{"recorder_version":"11","session":"996739944790","build":"191.8026.42.35.6010548","bucket":"45","time":1581821969992,"group":{"id":"system.java","version":"1"},"event":{"state":true,"data":{"created":1581821970004,"version":"1.8"},"id":"JetBrains"}}
{"recorder_version":"11","session":"996739944790","build":"191.8026.42.35.6010548","bucket":"45","time":1581821969992,"group":{"id":"system.java","version":"1"},"event":{"state":true,"data":{"created":1581821970005},"id":"invoked"}}
{"recorder_version":"11","session":"996739944790","build":"191.8026.42.35.6010548","bucket":"45","time":1581821970001,"group":{"id":"settings","version":"2"},"event":{"state":true,"data":{"default":false,"created":1581821970005,"name":"pinFindInPath","value":true},"id":"UISettings"}}
{"recorder_version":"11","session":"996739944790","build":"191.8026.42.35.6010548","bucket":"45","time":1581821970001,"group":{"id":"settings","version":"2"},"event":{"state":true,"data":{"created":1581821970007,"invoked":true},"id":"UISettings"}}
{"recorder_version":"11","session":"996739944790","build":"191.8026.42.35.6010548","bucket":"45","time":1581821971034,"group":{"id":"settings","version":"2"},"event":{"state":true,"data":{"created":1581821971034,"invoked":true},"id":"GeneralSettings"}}
{"recorder_version":"11","session":"996739944790","build":"191.8026.42.35.6010548","bucket":"45","time":1581821973676,"group":{"id":"performance","version":"11"},"event":{"count":1,"data":{"duration_ms":1834,"created":1581821973676},"id":"ui.latency"}}
{"recorder_version":"11","session":"996739944790","build":"191.8026.42.35.6010548","bucket":"45","time":1581821973676,"group":{"id":"performance","version":"11"},"event":{"count":1,"data":{"duration_ms":1834,"created":1581821973676},"id":"ui.lagging"}}
{"recorder_version":"11","session":"996739944790","build":"191.8026.42.35.6010548","bucket":"45","time":1581821973678,"group":{"id":"performance","version":"11"},"event":{"count":1,"data":{"duration_ms":837,"created":1581821973678},"id":"ui.lagging"}}
{"recorder_version":"11","session":"996739944790","build":"191.8026.42.35.6010548","bucket":"45","time":1581821974009,"group":{"id":"ui.dialogs","version":"11"},"event":{"count":1,"data":{"created":1581821974009,"plugin_type":"PLATFORM","type":"show"},"id":"com.intellij.openapi.progress.util.ProgressDialog$MyDialogWrapper"}}
{"recorder_version":"11","session":"996739944790","build":"191.8026.42.35.6010548","bucket":"45","time":1581821976001,"group":{"id":"ui.dialogs","version":"11"},"event":{"count":1,"data":{"code":1,"created":1581821976001,"plugin_type":"PLATFORM","type":"close"},"id":"com.intellij.openapi.progress.util.ProgressDialog$MyDialogWrapper"}}
{"recorder_version":"11","session":"996739944790","build":"191.8026.42.35.6010548","bucket":"45","time":1581821976011,"group":{"id":"lifecycle","version":"11"},"event":{"count":1,"data":{"created":1581821976012,"project":"e34beb87dd0aaa7eb98b502df2478e9f9740d3b6014252c91479ccc8ae8eb023"},"id":"project.opened"}}
{"recorder_version":"11","session":"996739944790","build":"191.8026.42.35.6010548","bucket":"45","time":1581821979145,"group":{"id":"performance","version":"11"},"event":{"count":1,"data":{"duration_ms":2301,"created":1581821979145},"id":"ui.lagging"}}
{"recorder_version":"11","session":"996739944790","build":"191.8026.42.35.6010548","bucket":"45","time":1581821979145,"group":{"id":"performance","version":"11"},"event":{"count":1,"data":{"duration_ms":1297,"created":1581821979145},"id":"ui.lagging"}}
{"recorder_version":"11","session":"996739944790","build":"191.8026.42.35.6010548","bucket":"45","time":1581821979145,"group":{"id":"performance","version":"11"},"event":{"count":1,"data":{"duration_ms":287,"created":1581821979145},"id":"ui.lagging"}}
{"recorder_version":"11","session":"996739944790","build":"191.8026.42.35.6010548","bucket":"45","time":1581821979269,"group":{"id":"ui.dialogs","version":"11"},"event":{"count":1,"data":{"created":1581821979269,"plugin_type":"PLATFORM","type":"show"},"id":"com.intellij.openapi.progress.util.ProgressDialog$MyDialogWrapper"}}
{"recorder_version":"11","session":"996739944790","build":"191.8026.42.35.6010548","bucket":"45","time":1581821981105,"group":{"id":"file.types.usage","version":"11"},"event":{"count":1,"data":{"plugin":"org.jetbrains.kotlin","created":1581821981105,"plugin_type":"JB_NOT_BUNDLED","project":"e34beb87dd0aaa7eb98b502df2478e9f9740d3b6014252c91479ccc8ae8eb023","type":"open"},"id":"Kotlin"}}
{"recorder_version":"11","session":"996739944790","build":"191.8026.42.35.6010548","bucket":"45","time":1581821981111,"group":{"id":"performance","version":"11"},"event":{"count":1,"data":{"duration_ms":216,"created":1581821981111},"id":"ui.lagging"}}
{"recorder_version":"11","session":"996739944790","build":"191.8026.42.35.6010548","bucket":"45","time":1581821981382,"group":{"id":"file.types.usage","version":"11"},"event":{"count":3,"data":{"plugin":"org.jetbrains.kotlin","last":1581821981500,"created":1581821981382,"plugin_type":"JB_NOT_BUNDLED","project":"e34beb87dd0aaa7eb98b502df2478e9f9740d3b6014252c91479ccc8ae8eb023","type":"open"},"id":"Kotlin"}}
{"recorder_version":"11","session":"996739944790","build":"191.8026.42.35.6010548","bucket":"45","time":1581821981638,"group":{"id":"toolwindow","version":"11"},"event":{"count":1,"data":{"os":"Windows","created":1581821981638,"plugin_type":"PLATFORM"},"id":"Project"}}
{"recorder_version":"11","session":"996739944790","build":"191.8026.42.35.6010548","bucket":"45","time":1581821981841,"group":{"id":"lifecycle","version":"11"},"event":{"count":1,"data":{"eap":false,"created":1581821981841},"id":"ide.start"}}
{"recorder_version":"11","session":"996739944790","build":"191.8026.42.35.6010548","bucket":"45","time":1581821982099,"group":{"id":"project.fs","version":"1"},"event":{"state":true,"data":{"os":"Windows","cs-project":false,"created":1581821982099,"project":"e34beb87dd0aaa7eb98b502df2478e9f9740d3b6014252c91479ccc8ae8eb023","cs-implicit":true,"cs-system":false},"id":"case-sensitivity"}}
{"recorder_version":"11","session":"996739944790","build":"191.8026.42.35.6010548","bucket":"45","time":1581821982099,"group":{"id":"project.fs","version":"1"},"event":{"state":true,"data":{"created":1581821982099},"id":"invoked"}}
{"recorder_version":"11","session":"996739944790","build":"191.8026.42.35.6010548","bucket":"45","time":1581821982099,"group":{"id":"project.fs","version":"1"},"event":{"state":true,"data":{"pct-non-watched":0,"created":1581821982099,"project":"e34beb87dd0aaa7eb98b502df2478e9f9740d3b6014252c91479ccc8ae8eb023"},"id":"roots-watched"}}
{"recorder_version":"11","session":"996739944790","build":"191.8026.42.35.6010548","bucket":"45","time":1581821982099,"group":{"id":"project.fs","version":"1"},"event":{"state":true,"data":{"created":1581821982099},"id":"invoked"}}
{"recorder_version":"11","session":"996739944790","build":"191.8026.42.35.6010548","bucket":"45","time":1581821982159,"group":{"id":"performance","version":"11"},"event":{"count":1,"data":{"duration_ms":257,"created":1581821982163},"id":"ui.lagging"}}
{"recorder_version":"11","session":"996739944790","build":"191.8026.42.35.6010548","bucket":"45","time":1581821982189,"group":{"id":"ui.tips","version":"1"},"event":{"count":1,"data":{"created":1581821982189},"id":"shown.automatically"}}
{"recorder_version":"11","session":"996739944790","build":"191.8026.42.35.6010548","bucket":"45","time":1581821982233,"group":{"id":"ui.dialogs","version":"11"},"event":{"count":1,"data":{"created":1581821982233,"plugin_type":"PLATFORM","type":"show"},"id":"com.intellij.ide.util.TipDialog"}}
{"recorder_version":"11","session":"996739944790","build":"191.8026.42.35.6010548","bucket":"45","time":1581821982488,"group":{"id":"ui.dialogs","version":"11"},"event":{"count":1,"data":{"code":1,"created":1581821982488,"plugin_type":"PLATFORM","type":"close"},"id":"com.intellij.openapi.progress.util.ProgressDialog$MyDialogWrapper"}}
{"recorder_version":"11","session":"996739944790","build":"191.8026.42.35.6010548","bucket":"45","time":1581821982488,"group":{"id":"lifecycle","version":"11"},"event":{"count":1,"data":{"created":1581821982488,"time_ms":8972,"project":"e34beb87dd0aaa7eb98b502df2478e9f9740d3b6014252c91479ccc8ae8eb023"},"id":"project.opening.finished"}}
{"recorder_version":"11","session":"996739944790","build":"191.8026.42.35.6010548","bucket":"45","time":1581821984160,"group":{"id":"performance","version":"11"},"event":{"count":1,"data":{"duration_ms":1242,"created":1581821984160},"id":"ui.lagging"}}
{"recorder_version":"11","session":"996739944790","build":"191.8026.42.35.6010548","bucket":"45","time":1581821984198,"group":{"id":"performance","version":"11"},"event":{"count":1,"data":{"duration_ms":104,"created":1581821984198},"id":"ui.lagging"}}
{"recorder_version":"11","session":"996739944790","build":"191.8026.42.35.6010548","bucket":"45","time":1581822074539,"group":{"id":"performance","version":"11"},"event":{"count":1,"data":{"duration_ms":0,"created":1581822074539},"id":"ui.latency"}}
{"recorder_version":"11","session":"996739944790","build":"191.8026.42.35.6010548","bucket":"45","time":1581822174620,"group":{"id":"performance","version":"11"},"event":{"count":1,"data":{"duration_ms":0,"created":1581822174620},"id":"ui.latency"}}
{"recorder_version":"11","session":"996739944790","build":"191.8026.42.35.6010548","bucket":"45","time":1581822273677,"group":{"id":"build.tools.actions","version":"1"},"event":{"count":1,"data":{"created":1581822273677},"id":"registered"}}
{"recorder_version":"11","session":"996739944790","build":"191.8026.42.35.6010548","bucket":"45","time":1581822273677,"group":{"id":"file.types.usage","version":"11"},"event":{"count":1,"data":{"created":1581822273677},"id":"registered"}}
{"recorder_version":"11","session":"996739944790","build":"191.8026.42.35.6010548","bucket":"45","time":1581822273677,"group":{"id":"actions.runAnything","version":"1"},"event":{"count":1,"data":{"created":1581822273677},"id":"registered"}}
{"recorder_version":"11","session":"996739944790","build":"191.8026.42.35.6010548","bucket":"45","time":1581822273677,"group":{"id":"toolwindow","version":"11"},"event":{"count":1,"data":{"created":1581822273677},"id":"registered"}}
{"recorder_version":"11","session":"996739944790","build":"191.8026.42.35.6010548","bucket":"45","time":1581822273677,"group":{"id":"live.templates","version":"11"},"event":{"count":1,"data":{"created":1581822273677},"id":"registered"}}
{"recorder_version":"11","session":"996739944790","build":"191.8026.42.35.6010548","bucket":"45","time":1581822273677,"group":{"id":"ide.self.update","version":"1"},"event":{"count":1,"data":{"created":1581822273677},"id":"registered"}}
{"recorder_version":"11","session":"996739944790","build":"191.8026.42.35.6010548","bucket":"45","time":1581822273677,"group":{"id":"cidr.testingFrameworks.usages","version":"1"},"event":{"count":1,"data":{"created":1581822273677},"id":"registered"}}
{"recorder_version":"11","session":"996739944790","build":"191.8026.42.35.6010548","bucket":"45","time":1581822273677,"group":{"id":"lifecycle","version":"11"},"event":{"count":1,"data":{"created":1581822273677},"id":"registered"}}
{"recorder_version":"11","session":"996739944790","build":"191.8026.42.35.6010548","bucket":"45","time":1581822273677,"group":{"id":"vcs.diff.trigger","version":"1"},"event":{"count":1,"data":{"created":1581822273677},"id":"registered"}}
{"recorder_version":"11","session":"996739944790","build":"191.8026.42.35.6010548","bucket":"45","time":1581822273677,"group":{"id":"vcs.log.trigger","version":"1"},"event":{"count":1,"data":{"created":1581822273678},"id":"registered"}}
{"recorder_version":"11","session":"996739944790","build":"191.8026.42.35.6010548","bucket":"45","time":1581822273677,"group":{"id":"productivity","version":"11"},"event":{"count":1,"data":{"created":1581822273678},"id":"registered"}}
{"recorder_version":"11","session":"996739944790","build":"191.8026.42.35.6010548","bucket":"45","time":1581822273677,"group":{"id":"debugger.breakpoints.usage","version":"1"},"event":{"count":1,"data":{"created":1581822273678},"id":"registered"}}
{"recorder_version":"11","session":"996739944790","build":"191.8026.42.35.6010548","bucket":"45","time":1581822273677,"group":{"id":"oc","version":"1"},"event":{"count":1,"data":{"created":1581822273678},"id":"registered"}}
{"recorder_version":"11","session":"996739944790","build":"191.8026.42.35.6010548","bucket":"45","time":1581822273677,"group":{"id":"intentions","version":"11"},"event":{"count":1,"data":{"created":1581822273678},"id":"registered"}}
{"recorder_version":"11","session":"996739944790","build":"191.8026.42.35.6010548","bucket":"45","time":1581822273677,"group":{"id":"ui.dialogs","version":"11"},"event":{"count":1,"data":{"created":1581822273678},"id":"registered"}}
{"recorder_version":"11","session":"996739944790","build":"191.8026.42.35.6010548","bucket":"45","time":1581822273677,"group":{"id":"vcs.back.forward.trigger","version":"1"},"event":{"count":1,"data":{"created":1581822273678},"id":"registered"}}
{"recorder_version":"11","session":"996739944790","build":"191.8026.42.35.6010548","bucket":"45","time":1581822273677,"group":{"id":"toolbar","version":"11"},"event":{"count":1,"data":{"created":1581822273678},"id":"registered"}}
{"recorder_version":"11","session":"996739944790","build":"191.8026.42.35.6010548","bucket":"45","time":1581822273677,"group":{"id":"build.gradle.actions","version":"1"},"event":{"count":1,"data":{"created":1581822273678},"id":"registered"}}
{"recorder_version":"11","session":"996739944790","build":"191.8026.42.35.6010548","bucket":"45","time":1581822273677,"group":{"id":"performance","version":"11"},"event":{"count":1,"data":{"created":1581822273678},"id":"registered"}}
{"recorder_version":"11","session":"996739944790","build":"191.8026.42.35.6010548","bucket":"45","time":1581822273677,"group":{"id":"searchEverywhere","version":"1"},"event":{"count":1,"data":{"created":1581822273678},"id":"registered"}}
{"recorder_version":"11","session":"996739944790","build":"191.8026.42.35.6010548","bucket":"45","time":1581822273677,"group":{"id":"ui.tips","version":"1"},"event":{"count":1,"data":{"created":1581822273679},"id":"registered"}}
{"recorder_version":"11","session":"996739944790","build":"191.8026.42.35.6010548","bucket":"45","time":1581822273677,"group":{"id":"import.old.config","version":"1"},"event":{"count":1,"data":{"created":1581822273679},"id":"registered"}}
{"recorder_version":"11","session":"996739944790","build":"191.8026.42.35.6010548","bucket":"45","time":1581822273677,"group":{"id":"json.schema","version":"1"},"event":{"count":1,"data":{"created":1581822273679},"id":"registered"}}
{"recorder_version":"11","session":"996739944790","build":"191.8026.42.35.6010548","bucket":"45","time":1581822273677,"group":{"id":"terminalShell","version":"1"},"event":{"count":1,"data":{"created":1581822273679},"id":"registered"}}
{"recorder_version":"11","session":"996739944790","build":"191.8026.42.35.6010548","bucket":"45","time":1581822273677,"group":{"id":"completion.postfix","version":"11"},"event":{"count":1,"data":{"created":1581822273679},"id":"registered"}}
{"recorder_version":"11","session":"996739944790","build":"191.8026.42.35.6010548","bucket":"45","time":1581822273677,"group":{"id":"actions","version":"11"},"event":{"count":1,"data":{"created":1581822273679},"id":"registered"}}
{"recorder_version":"11","session":"996739944790","build":"191.8026.42.35.6010548","bucket":"45","time":1581822273677,"group":{"id":"run.configuration.exec","version":"11"},"event":{"count":1,"data":{"created":1581822273679},"id":"registered"}}
{"recorder_version":"11","session":"996739944790","build":"191.8026.42.35.6010548","bucket":"45","time":1581822274760,"group":{"id":"performance","version":"11"},"event":{"count":1,"data":{"duration_ms":0,"created":1581822274760},"id":"ui.latency"}}
{"recorder_version":"11","session":"996739944790","build":"191.8026.42.35.6010548","bucket":"45","time":1581822374874,"group":{"id":"performance","version":"11"},"event":{"count":1,"data":{"duration_ms":0,"created":1581822374874},"id":"ui.latency"}}
{"recorder_version":"11","session":"996739944790","build":"191.8026.42.35.6010548","bucket":"45","time":1581822474944,"group":{"id":"performance","version":"11"},"event":{"count":1,"data":{"duration_ms":0,"created":1581822474944},"id":"ui.latency"}}
{"recorder_version":"11","session":"996739944790","build":"191.8026.42.35.6010548","bucket":"45","time":1581822575050,"group":{"id":"performance","version":"11"},"event":{"count":1,"data":{"duration_ms":0,"created":1581822575050},"id":"ui.latency"}}
{"recorder_version":"11","session":"996739944790","build":"191.8026.42.35.6010548","bucket":"45","time":1581822675181,"group":{"id":"performance","version":"11"},"event":{"count":1,"data":{"duration_ms":0,"created":1581822675181},"id":"ui.latency"}}
{"recorder_version":"11","session":"996739944790","build":"191.8026.42.35.6010548","bucket":"45","time":1581822775266,"group":{"id":"performance","version":"11"},"event":{"count":1,"data":{"duration_ms":0,"created":1581822775266},"id":"ui.latency"}}
{"recorder_version":"11","session":"996739944790","build":"191.8026.42.35.6010548","bucket":"45","time":1581822875350,"group":{"id":"performance","version":"11"},"event":{"count":1,"data":{"duration_ms":0,"created":1581822875350},"id":"ui.latency"}}
{"recorder_version":"11","session":"996739944790","build":"191.8026.42.35.6010548","bucket":"45","time":1581822975438,"group":{"id":"performance","version":"11"},"event":{"count":1,"data":{"duration_ms":0,"created":1581822975438},"id":"ui.latency"}}
{"recorder_version":"11","session":"996739944790","build":"191.8026.42.35.6010548","bucket":"45","time":1581823075536,"group":{"id":"performance","version":"11"},"event":{"count":1,"data":{"duration_ms":0,"created":1581823075536},"id":"ui.latency"}}
{"recorder_version":"11","session":"996739944790","build":"191.8026.42.35.6010548","bucket":"45","time":1581823175636,"group":{"id":"performance","version":"11"},"event":{"count":1,"data":{"duration_ms":0,"created":1581823175636},"id":"ui.latency"}}
{"recorder_version":"11","session":"996739944790","build":"191.8026.42.35.6010548","bucket":"45","time":1581823275736,"group":{"id":"performance","version":"11"},"event":{"count":1,"data":{"duration_ms":0,"created":1581823275736},"id":"ui.latency"}}
{"recorder_version":"11","session":"996739944790","build":"191.8026.42.35.6010548","bucket":"45","time":1581823375831,"group":{"id":"performance","version":"11"},"event":{"count":1,"data":{"duration_ms":0,"created":1581823375831},"id":"ui.latency"}}
{"recorder_version":"11","session":"996739944790","build":"191.8026.42.35.6010548","bucket":"45","time":1581823475922,"group":{"id":"performance","version":"11"},"event":{"count":1,"data":{"duration_ms":0,"created":1581823475922},"id":"ui.latency"}}
{"recorder_version":"11","session":"996739944790","build":"191.8026.42.35.6010548","bucket":"45","time":1581823576003,"group":{"id":"performance","version":"11"},"event":{"count":1,"data":{"duration_ms":0,"created":1581823576003},"id":"ui.latency"}}
{"recorder_version":"11","session":"996739944790","build":"191.8026.42.35.6010548","bucket":"45","time":1581823676086,"group":{"id":"performance","version":"11"},"event":{"count":1,"data":{"duration_ms":0,"created":1581823676086},"id":"ui.latency"}}
{"recorder_version":"11","session":"996739944790","build":"191.8026.42.35.6010548","bucket":"45","time":1581823722114,"group":{"id":"ui.dialogs","version":"11"},"event":{"count":1,"data":{"code":1,"created":1581823722114,"plugin_type":"PLATFORM","type":"close"},"id":"com.intellij.ide.util.TipDialog"}}
{"recorder_version":"11","session":"996739944790","build":"191.8026.42.35.6010548","bucket":"45","time":1581823724441,"group":{"id":"productivity","version":"11"},"event":{"count":1,"data":{"created":1581823724441},"id":"editing.select.word"}}
{"recorder_version":"11","session":"996739944790","build":"191.8026.42.35.6010548","bucket":"45","time":1581823726065,"group":{"id":"file.types.usage","version":"11"},"event":{"count":1,"data":{"plugin":"org.jetbrains.kotlin","created":1581823726065,"plugin_type":"JB_NOT_BUNDLED","project":"e34beb87dd0aaa7eb98b502df2478e9f9740d3b6014252c91479ccc8ae8eb023","type":"edit"},"id":"Kotlin"}}
{"recorder_version":"11","session":"996739944790","build":"191.8026.42.35.6010548","bucket":"45","time":1581823726807,"group":{"id":"actions","version":"11"},"event":{"count":5,"data":{"context_menu":false,"os":"Windows","last":1581823728862,"created":1581823726807,"plugin_type":"PLATFORM","project":"e34beb87dd0aaa7eb98b502df2478e9f9740d3b6014252c91479ccc8ae8eb023","place":"MainMenu","input_event":"Backspace"},"id":"EditorBackSpace"}}
{"recorder_version":"11","session":"996739944790","build":"191.8026.42.35.6010548","bucket":"45","time":1581823730205,"group":{"id":"actions","version":"11"},"event":{"count":1,"data":{"context_menu":false,"os":"Windows","created":1581823730205,"plugin_type":"PLATFORM","project":"e34beb87dd0aaa7eb98b502df2478e9f9740d3b6014252c91479ccc8ae8eb023","place":"MainMenu","input_event":"Enter"},"id":"EditorChooseLookupItem"}}
{"recorder_version":"11","session":"996739944790","build":"191.8026.42.35.6010548","bucket":"45","time":1581823730249,"group":{"id":"productivity","version":"11"},"event":{"count":1,"data":{"created":1581823730249},"id":"editing.completion.basic"}}
{"recorder_version":"11","session":"996739944790","build":"191.8026.42.35.6010548","bucket":"45","time":1581823776173,"group":{"id":"performance","version":"11"},"event":{"count":1,"data":{"duration_ms":0,"created":1581823776173},"id":"ui.latency"}}
{"recorder_version":"11","session":"996739944790","build":"191.8026.42.35.6010548","bucket":"45","time":1581823876267,"group":{"id":"performance","version":"11"},"event":{"count":1,"data":{"duration_ms":0,"created":1581823876267},"id":"ui.latency"}}
{"recorder_version":"11","session":"996739944790","build":"191.8026.42.35.6010548","bucket":"45","time":1581823976352,"group":{"id":"performance","version":"11"},"event":{"count":1,"data":{"duration_ms":0,"created":1581823976352},"id":"ui.latency"}}
{"recorder_version":"11","session":"996739944790","build":"191.8026.42.35.6010548","bucket":"45","time":1581824076444,"group":{"id":"performance","version":"11"},"event":{"count":1,"data":{"duration_ms":0,"created":1581824076444},"id":"ui.latency"}}
{"recorder_version":"11","session":"996739944790","build":"191.8026.42.35.6010548","bucket":"45","time":1581824176547,"group":{"id":"performance","version":"11"},"event":{"count":1,"data":{"duration_ms":0,"created":1581824176547},"id":"ui.latency"}}
{"recorder_version":"11","session":"996739944790","build":"191.8026.42.35.6010548","bucket":"45","time":1581824276635,"group":{"id":"performance","version":"11"},"event":{"count":1,"data":{"duration_ms":0,"created":1581824276635},"id":"ui.latency"}}
{"recorder_version":"11","session":"996739944790","build":"191.8026.42.35.6010548","bucket":"45","time":1581824376730,"group":{"id":"performance","version":"11"},"event":{"count":1,"data":{"duration_ms":0,"created":1581824376730},"id":"ui.latency"}}
{"recorder_version":"11","session":"996739944790","build":"191.8026.42.35.6010548","bucket":"45","time":1581824476808,"group":{"id":"performance","version":"11"},"event":{"count":1,"data":{"duration_ms":0,"created":1581824476808},"id":"ui.latency"}}
{"recorder_version":"11","session":"996739944790","build":"191.8026.42.35.6010548","bucket":"45","time":1581824576891,"group":{"id":"performance","version":"11"},"event":{"count":1,"data":{"duration_ms":0,"created":1581824576891},"id":"ui.latency"}}
{"recorder_version":"11","session":"996739944790","build":"191.8026.42.35.6010548","bucket":"45","time":1581824676982,"group":{"id":"performance","version":"11"},"event":{"count":1,"data":{"duration_ms":0,"created":1581824676982},"id":"ui.latency"}}
{"recorder_version":"11","session":"996739944790","build":"191.8026.42.35.6010548","bucket":"45","time":1581824775461,"group":{"id":"file.types.usage","version":"11"},"event":{"count":1,"data":{"plugin":"org.jetbrains.kotlin","created":1581824775461,"plugin_type":"JB_NOT_BUNDLED","project":"e34beb87dd0aaa7eb98b502df2478e9f9740d3b6014252c91479ccc8ae8eb023","type":"open"},"id":"Kotlin"}}
{"recorder_version":"11","session":"996739944790","build":"191.8026.42.35.6010548","bucket":"45","time":1581824777078,"group":{"id":"performance","version":"11"},"event":{"count":1,"data":{"duration_ms":0,"created":1581824777078},"id":"ui.latency"}}
{"recorder_version":"11","session":"996739944790","build":"191.8026.42.35.6010548","bucket":"45","time":1581824782549,"group":{"id":"actions","version":"11"},"event":{"count":1,"data":{"context_menu":false,"os":"Windows","created":1581824782549,"plugin_type":"PLATFORM","project":"e34beb87dd0aaa7eb98b502df2478e9f9740d3b6014252c91479ccc8ae8eb023","place":"MainMenu","input_event":"Ctrl+MouseLeft"},"id":"GotoDeclaration"}}
{"recorder_version":"11","session":"996739944790","build":"191.8026.42.35.6010548","bucket":"45","time":1581824782552,"group":{"id":"productivity","version":"11"},"event":{"count":1,"data":{"created":1581824782552},"id":"navigation.goto.declaration"}}
{"recorder_version":"11","session":"996739944790","build":"191.8026.42.35.6010548","bucket":"45","time":1581824787695,"group":{"id":"actions","version":"11"},"event":{"count":7,"data":{"context_menu":false,"os":"Windows","last":1581824793800,"created":1581824787695,"plugin_type":"PLATFORM","project":"e34beb87dd0aaa7eb98b502df2478e9f9740d3b6014252c91479ccc8ae8eb023","place":"MainMenu","input_event":"Backspace"},"id":"EditorBackSpace"}}
{"recorder_version":"11","session":"996739944790","build":"191.8026.42.35.6010548","bucket":"45","time":1581824796439,"group":{"id":"actions","version":"11"},"event":{"count":1,"data":{"context_menu":false,"os":"Windows","created":1581824796440,"plugin_type":"PLATFORM","project":"e34beb87dd0aaa7eb98b502df2478e9f9740d3b6014252c91479ccc8ae8eb023","place":"MainMenu","input_event":"Enter"},"id":"EditorEnter"}}
{"recorder_version":"11","session":"996739944790","build":"191.8026.42.35.6010548","bucket":"45","time":1581824796440,"group":{"id":"file.types.usage","version":"11"},"event":{"count":1,"data":{"plugin":"org.jetbrains.kotlin","created":1581824796440,"plugin_type":"JB_NOT_BUNDLED","project":"e34beb87dd0aaa7eb98b502df2478e9f9740d3b6014252c91479ccc8ae8eb023","type":"edit"},"id":"Kotlin"}}
{"recorder_version":"11","session":"996739944790","build":"191.8026.42.35.6010548","bucket":"45","time":1581824796574,"group":{"id":"actions","version":"11"},"event":{"count":2,"data":{"context_menu":false,"os":"Windows","last":1581824796697,"created":1581824796574,"plugin_type":"PLATFORM","project":"e34beb87dd0aaa7eb98b502df2478e9f9740d3b6014252c91479ccc8ae8eb023","place":"MainMenu","input_event":"Enter"},"id":"EditorEnter"}}
{"recorder_version":"11","session":"996739944790","build":"191.8026.42.35.6010548","bucket":"45","time":1581824877210,"group":{"id":"performance","version":"11"},"event":{"count":1,"data":{"duration_ms":0,"created":1581824877210},"id":"ui.latency"}}
{"recorder_version":"11","session":"996739944790","build":"191.8026.42.35.6010548","bucket":"45","time":1581824977303,"group":{"id":"performance","version":"11"},"event":{"count":1,"data":{"duration_ms":0,"created":1581824977303},"id":"ui.latency"}}
{"recorder_version":"11","session":"996739944790","build":"191.8026.42.35.6010548","bucket":"45","time":1581825077398,"group":{"id":"performance","version":"11"},"event":{"count":1,"data":{"duration_ms":0,"created":1581825077398},"id":"ui.latency"}}
{"recorder_version":"11","session":"996739944790","build":"191.8026.42.35.6010548","bucket":"45","time":1581825096935,"group":{"id":"actions","version":"11"},"event":{"count":1,"data":{"context_menu":false,"os":"Windows","created":1581825096935,"plugin_type":"PLATFORM","project":"e34beb87dd0aaa7eb98b502df2478e9f9740d3b6014252c91479ccc8ae8eb023","place":"MainMenu","input_event":"Backspace"},"id":"EditorBackSpace"}}
{"recorder_version":"11","session":"996739944790","build":"191.8026.42.35.6010548","bucket":"45","time":1581825097301,"group":{"id":"actions","version":"11"},"event":{"count":1,"data":{"context_menu":false,"os":"Windows","created":1581825097301,"plugin_type":"PLATFORM","project":"e34beb87dd0aaa7eb98b502df2478e9f9740d3b6014252c91479ccc8ae8eb023","place":"MainMenu","input_event":"Enter"},"id":"EditorEnter"}}
{"recorder_version":"11","session":"996739944790","build":"191.8026.42.35.6010548","bucket":"45","time":1581825097302,"group":{"id":"file.types.usage","version":"11"},"event":{"count":1,"data":{"plugin":"org.jetbrains.kotlin","created":1581825097302,"plugin_type":"JB_NOT_BUNDLED","project":"e34beb87dd0aaa7eb98b502df2478e9f9740d3b6014252c91479ccc8ae8eb023","type":"edit"},"id":"Kotlin"}}
{"recorder_version":"11","session":"996739944790","build":"191.8026.42.35.6010548","bucket":"45","time":1581825097470,"group":{"id":"actions","version":"11"},"event":{"count":1,"data":{"context_menu":false,"os":"Windows","created":1581825097470,"plugin_type":"PLATFORM","project":"e34beb87dd0aaa7eb98b502df2478e9f9740d3b6014252c91479ccc8ae8eb023","place":"MainMenu","input_event":"Enter"},"id":"EditorEnter"}}
{"recorder_version":"11","session":"996739944790","build":"191.8026.42.35.6010548","bucket":"45","time":1581825115111,"group":{"id":"actions","version":"11"},"event":{"count":1,"data":{"context_menu":false,"os":"Windows","created":1581825115111,"plugin_type":"PLATFORM","project":"e34beb87dd0aaa7eb98b502df2478e9f9740d3b6014252c91479ccc8ae8eb023","place":"MainMenu","input_event":"Ctrl+V"},"id":"EditorPaste"}}
{"recorder_version":"11","session":"996739944790","build":"191.8026.42.35.6010548","bucket":"45","time":1581825122547,"group":{"id":"actions","version":"11"},"event":{"count":1,"data":{"context_menu":false,"os":"Windows","created":1581825122547,"plugin_type":"PLATFORM","project":"e34beb87dd0aaa7eb98b502df2478e9f9740d3b6014252c91479ccc8ae8eb023","place":"MainMenu","input_event":"Ctrl+Z"},"id":"$Undo"}}
{"recorder_version":"11","session":"996739944790","build":"191.8026.42.35.6010548","bucket":"45","time":1581825124966,"group":{"id":"actions","version":"11"},"event":{"count":1,"data":{"context_menu":false,"os":"Windows","created":1581825124966,"plugin_type":"PLATFORM","project":"e34beb87dd0aaa7eb98b502df2478e9f9740d3b6014252c91479ccc8ae8eb023","place":"MainMenu","input_event":"Ctrl+V"},"id":"EditorPaste"}}
{"recorder_version":"11","session":"996739944790","build":"191.8026.42.35.6010548","bucket":"45","time":1581825127756,"group":{"id":"actions","version":"11"},"event":{"count":1,"data":{"context_menu":false,"os":"Windows","created":1581825127756,"plugin_type":"PLATFORM","project":"e34beb87dd0aaa7eb98b502df2478e9f9740d3b6014252c91479ccc8ae8eb023","place":"MainMenu","input_event":"Enter"},"id":"EditorEnter"}}
{"recorder_version":"11","session":"996739944790","build":"191.8026.42.35.6010548","bucket":"45","time":1581825130581,"group":{"id":"actions","version":"11"},"event":{"count":3,"data":{"context_menu":false,"os":"Windows","last":1581825132386,"created":1581825130581,"plugin_type":"PLATFORM","project":"e34beb87dd0aaa7eb98b502df2478e9f9740d3b6014252c91479ccc8ae8eb023","place":"MainMenu","input_event":"Ctrl+Z"},"id":"$Undo"}}
{"recorder_version":"11","session":"996739944790","build":"191.8026.42.35.6010548","bucket":"45","time":1581825177484,"group":{"id":"performance","version":"11"},"event":{"count":1,"data":{"duration_ms":0,"created":1581825177484},"id":"ui.latency"}}
{"recorder_version":"11","session":"996739944790","build":"191.8026.42.35.6010548","bucket":"45","time":1581825230194,"group":{"id":"actions","version":"11"},"event":{"count":1,"data":{"context_menu":false,"os":"Windows","created":1581825230194,"plugin_type":"PLATFORM","project":"e34beb87dd0aaa7eb98b502df2478e9f9740d3b6014252c91479ccc8ae8eb023","place":"NavBarToolbar","input_event":"MouseLeft"},"id":"com.intellij.execution.ExecutorRegistryImpl$ExecutorAction"}}
{"recorder_version":"11","session":"996739944790","build":"191.8026.42.35.6010548","bucket":"45","time":1581825230239,"group":{"id":"toolbar","version":"11"},"event":{"count":1,"data":{"os":"Windows","created":1581825230239,"plugin_type":"PLATFORM","place":"NavBarToolbar"},"id":"com.intellij.execution.ExecutorRegistryImpl$ExecutorAction"}}
{"recorder_version":"11","session":"996739944790","build":"191.8026.42.35.6010548","bucket":"45","time":1581825230314,"group":{"id":"run.configuration.exec","version":"11"},"event":{"count":1,"data":{"executor":"Run","created":1581825230314,"plugin_type":"NOT_LISTED","project":"e34beb87dd0aaa7eb98b502df2478e9f9740d3b6014252c91479ccc8ae8eb023"},"id":"third.party"}}
{"recorder_version":"11","session":"996739944790","build":"191.8026.42.35.6010548","bucket":"45","time":1581825277584,"group":{"id":"performance","version":"11"},"event":{"count":1,"data":{"duration_ms":0,"created":1581825277584},"id":"ui.latency"}}
{"recorder_version":"11","session":"996739944790","build":"191.8026.42.35.6010548","bucket":"45","time":1581825346349,"group":{"id":"toolwindow","version":"11"},"event":{"count":2,"data":{"os":"Windows","last":1581825346827,"created":1581825346349,"plugin_type":"PLATFORM"},"id":"Build"}}
{"recorder_version":"11","session":"996739944790","build":"191.8026.42.35.6010548","bucket":"45","time":1581825347770,"group":{"id":"toolwindow","version":"11"},"event":{"count":3,"data":{"os":"Windows","last":1581825356481,"created":1581825347770,"plugin_type":"PLATFORM"},"id":"Run"}}
{"recorder_version":"11","session":"996739944790","build":"191.8026.42.35.6010548","bucket":"45","time":1581825377684,"group":{"id":"performance","version":"11"},"event":{"count":1,"data":{"duration_ms":0,"created":1581825377684},"id":"ui.latency"}}
{"recorder_version":"11","session":"996739944790","build":"191.8026.42.35.6010548","bucket":"45","time":1581825399874,"group":{"id":"actions","version":"11"},"event":{"count":1,"data":{"context_menu":false,"os":"Windows","created":1581825399874,"plugin_type":"PLATFORM","project":"e34beb87dd0aaa7eb98b502df2478e9f9740d3b6014252c91479ccc8ae8eb023","place":"MainMenu","input_event":"Ctrl+MouseLeft"},"id":"GotoDeclaration"}}
{"recorder_version":"11","session":"996739944790","build":"191.8026.42.35.6010548","bucket":"45","time":1581825399877,"group":{"id":"productivity","version":"11"},"event":{"count":1,"data":{"created":1581825399877},"id":"navigation.goto.declaration"}}
{"recorder_version":"11","session":"996739944790","build":"191.8026.42.35.6010548","bucket":"45","time":1581825402323,"group":{"id":"actions","version":"11"},"event":{"count":5,"data":{"context_menu":false,"os":"Windows","last":1581825404180,"created":1581825402323,"plugin_type":"PLATFORM","project":"e34beb87dd0aaa7eb98b502df2478e9f9740d3b6014252c91479ccc8ae8eb023","place":"MainMenu","input_event":"Backspace"},"id":"EditorBackSpace"}}
{"recorder_version":"11","session":"996739944790","build":"191.8026.42.35.6010548","bucket":"45","time":1581825417248,"group":{"id":"toolwindow","version":"11"},"event":{"count":1,"data":{"os":"Windows","created":1581825417248,"plugin_type":"PLATFORM"},"id":"Project"}}
{"recorder_version":"11","session":"996739944790","build":"191.8026.42.35.6010548","bucket":"45","time":1581825417903,"group":{"id":"file.types.usage","version":"11"},"event":{"count":2,"data":{"plugin":"org.jetbrains.kotlin","last":1581825424287,"created":1581825417903,"plugin_type":"JB_NOT_BUNDLED","project":"e34beb87dd0aaa7eb98b502df2478e9f9740d3b6014252c91479ccc8ae8eb023","type":"open"},"id":"Kotlin"}}
{"recorder_version":"11","session":"996739944790","build":"191.8026.42.35.6010548","bucket":"45","time":1581825432178,"group":{"id":"actions","version":"11"},"event":{"count":1,"data":{"context_menu":false,"os":"Windows","created":1581825432178,"plugin_type":"PLATFORM","project":"e34beb87dd0aaa7eb98b502df2478e9f9740d3b6014252c91479ccc8ae8eb023","place":"MainMenu","input_event":"Ctrl+MouseLeft"},"id":"GotoDeclaration"}}
{"recorder_version":"11","session":"996739944790","build":"191.8026.42.35.6010548","bucket":"45","time":1581825432181,"group":{"id":"productivity","version":"11"},"event":{"count":1,"data":{"created":1581825432181},"id":"navigation.goto.declaration"}}
{"recorder_version":"11","session":"996739944790","build":"191.8026.42.35.6010548","bucket":"45","time":1581825443085,"group":{"id":"performance","version":"11"},"event":{"count":1,"data":{"duration_ms":341,"created":1581825443085},"id":"ui.lagging"}}
{"recorder_version":"11","session":"996739944790","build":"191.8026.42.35.6010548","bucket":"45","time":1581825444100,"group":{"id":"actions","version":"11"},"event":{"count":1,"data":{"context_menu":true,"os":"Windows","created":1581825444100,"plugin_type":"PLATFORM","project":"e34beb87dd0aaa7eb98b502df2478e9f9740d3b6014252c91479ccc8ae8eb023","place":"EditorPopup","input_event":"MouseLeft"},"id":"$Copy"}}
{"recorder_version":"11","session":"996739944790","build":"191.8026.42.35.6010548","bucket":"45","time":1581825452516,"group":{"id":"actions","version":"11"},"event":{"count":3,"data":{"context_menu":false,"os":"Windows","last":1581825452966,"created":1581825452516,"plugin_type":"PLATFORM","project":"e34beb87dd0aaa7eb98b502df2478e9f9740d3b6014252c91479ccc8ae8eb023","place":"MainMenu","input_event":"Backspace"},"id":"EditorBackSpace"}}
{"recorder_version":"11","session":"996739944790","build":"191.8026.42.35.6010548","bucket":"45","time":1581825455707,"group":{"id":"actions","version":"11"},"event":{"count":1,"data":{"context_menu":false,"os":"Windows","created":1581825455707,"plugin_type":"PLATFORM","project":"e34beb87dd0aaa7eb98b502df2478e9f9740d3b6014252c91479ccc8ae8eb023","place":"MainMenu","input_event":"Ctrl+MouseLeft"},"id":"GotoDeclaration"}}
{"recorder_version":"11","session":"996739944790","build":"191.8026.42.35.6010548","bucket":"45","time":1581825455709,"group":{"id":"productivity","version":"11"},"event":{"count":1,"data":{"created":1581825455709},"id":"navigation.goto.declaration"}}
{"recorder_version":"11","session":"996739944790","build":"191.8026.42.35.6010548","bucket":"45","time":1581825459639,"group":{"id":"actions","version":"11"},"event":{"count":1,"data":{"context_menu":false,"os":"Windows","created":1581825459639,"plugin_type":"PLATFORM","project":"e34beb87dd0aaa7eb98b502df2478e9f9740d3b6014252c91479ccc8ae8eb023","place":"MainMenu","input_event":"Ctrl+Slash"},"id":"CommentByLineComment"}}
{"recorder_version":"11","session":"996739944790","build":"191.8026.42.35.6010548","bucket":"45","time":1581825463610,"group":{"id":"actions","version":"11"},"event":{"count":1,"data":{"context_menu":false,"os":"Windows","created":1581825463610,"plugin_type":"PLATFORM","project":"e34beb87dd0aaa7eb98b502df2478e9f9740d3b6014252c91479ccc8ae8eb023","place":"MainMenu","input_event":"Ctrl+MouseLeft"},"id":"GotoDeclaration"}}
{"recorder_version":"11","session":"996739944790","build":"191.8026.42.35.6010548","bucket":"45","time":1581825463612,"group":{"id":"productivity","version":"11"},"event":{"count":1,"data":{"created":1581825463613},"id":"navigation.goto.declaration"}}
{"recorder_version":"11","session":"996739944790","build":"191.8026.42.35.6010548","bucket":"45","time":1581825466971,"group":{"id":"actions","version":"11"},"event":{"count":1,"data":{"context_menu":false,"os":"Windows","created":1581825466971,"plugin_type":"PLATFORM","project":"e34beb87dd0aaa7eb98b502df2478e9f9740d3b6014252c91479ccc8ae8eb023","place":"MainMenu","input_event":"Ctrl+V"},"id":"EditorPaste"}}
{"recorder_version":"11","session":"996739944790","build":"191.8026.42.35.6010548","bucket":"45","time":1581825469611,"group":{"id":"productivity","version":"11"},"event":{"count":1,"data":{"created":1581825469611},"id":"editing.select.word"}}
{"recorder_version":"11","session":"996739944790","build":"191.8026.42.35.6010548","bucket":"45","time":1581825470630,"group":{"id":"file.types.usage","version":"11"},"event":{"count":1,"data":{"plugin":"org.jetbrains.kotlin","created":1581825470630,"plugin_type":"JB_NOT_BUNDLED","project":"e34beb87dd0aaa7eb98b502df2478e9f9740d3b6014252c91479ccc8ae8eb023","type":"edit"},"id":"Kotlin"}}
{"recorder_version":"11","session":"996739944790","build":"191.8026.42.35.6010548","bucket":"45","time":1581825472243,"group":{"id":"actions","version":"11"},"event":{"count":1,"data":{"context_menu":false,"os":"Windows","created":1581825472243,"plugin_type":"PLATFORM","project":"e34beb87dd0aaa7eb98b502df2478e9f9740d3b6014252c91479ccc8ae8eb023","place":"MainMenu","input_event":"Escape"},"id":"EditorEscape"}}
{"recorder_version":"11","session":"996739944790","build":"191.8026.42.35.6010548","bucket":"45","time":1581825472863,"group":{"id":"actions","version":"11"},"event":{"count":1,"data":{"context_menu":false,"os":"Windows","created":1581825472863,"plugin_type":"PLATFORM","project":"e34beb87dd0aaa7eb98b502df2478e9f9740d3b6014252c91479ccc8ae8eb023","place":"MainMenu","input_event":"Up"},"id":"EditorUp"}}
{"recorder_version":"11","session":"996739944790","build":"191.8026.42.35.6010548","bucket":"45","time":1581825473243,"group":{"id":"actions","version":"11"},"event":{"count":1,"data":{"context_menu":false,"os":"Windows","created":1581825473243,"plugin_type":"PLATFORM","project":"e34beb87dd0aaa7eb98b502df2478e9f9740d3b6014252c91479ccc8ae8eb023","place":"MainMenu","input_event":"Enter"},"id":"EditorEnter"}}
{"recorder_version":"11","session":"996739944790","build":"191.8026.42.35.6010548","bucket":"45","time":1581825473651,"group":{"id":"actions","version":"11"},"event":{"count":2,"data":{"context_menu":false,"os":"Windows","last":1581825473829,"created":1581825473651,"plugin_type":"PLATFORM","project":"e34beb87dd0aaa7eb98b502df2478e9f9740d3b6014252c91479ccc8ae8eb023","place":"MainMenu","input_event":"Down"},"id":"EditorDown"}}
{"recorder_version":"11","session":"996739944790","build":"191.8026.42.35.6010548","bucket":"45","time":1581825476170,"group":{"id":"productivity","version":"11"},"event":{"count":1,"data":{"created":1581825476171},"id":"editing.select.word"}}
{"recorder_version":"11","session":"996739944790","build":"191.8026.42.35.6010548","bucket":"45","time":1581825477770,"group":{"id":"performance","version":"11"},"event":{"count":1,"data":{"duration_ms":0,"created":1581825477770},"id":"ui.latency"}}
{"recorder_version":"11","session":"996739944790","build":"191.8026.42.35.6010548","bucket":"45","time":1581825478599,"group":{"id":"actions","version":"11"},"event":{"count":1,"data":{"context_menu":false,"os":"Windows","created":1581825478599,"plugin_type":"PLATFORM","project":"e34beb87dd0aaa7eb98b502df2478e9f9740d3b6014252c91479ccc8ae8eb023","place":"MainMenu","input_event":"Enter"},"id":"EditorChooseLookupItem"}}
{"recorder_version":"11","session":"996739944790","build":"191.8026.42.35.6010548","bucket":"45","time":1581825478613,"group":{"id":"productivity","version":"11"},"event":{"count":1,"data":{"created":1581825478613},"id":"editing.completion.basic"}}
{"recorder_version":"11","session":"996739944790","build":"191.8026.42.35.6010548","bucket":"45","time":1581825487077,"group":{"id":"actions","version":"11"},"event":{"count":4,"data":{"context_menu":false,"os":"Windows","last":1581825489473,"created":1581825487077,"plugin_type":"PLATFORM","project":"e34beb87dd0aaa7eb98b502df2478e9f9740d3b6014252c91479ccc8ae8eb023","place":"MainMenu","input_event":"Backspace"},"id":"EditorBackSpace"}}
{"recorder_version":"11","session":"996739944790","build":"191.8026.42.35.6010548","bucket":"45","time":1581825490738,"group":{"id":"productivity","version":"11"},"event":{"count":1,"data":{"created":1581825490739},"id":"editing.select.word"}}
{"recorder_version":"11","session":"996739944790","build":"191.8026.42.35.6010548","bucket":"45","time":1581825491068,"group":{"id":"actions","version":"11"},"event":{"count":1,"data":{"context_menu":false,"os":"Windows","created":1581825491068,"plugin_type":"PLATFORM","project":"e34beb87dd0aaa7eb98b502df2478e9f9740d3b6014252c91479ccc8ae8eb023","place":"MainMenu","input_event":"Ctrl+C"},"id":"EditorCopy"}}
{"recorder_version":"11","session":"996739944790","build":"191.8026.42.35.6010548","bucket":"45","time":1581825491522,"group":{"id":"productivity","version":"11"},"event":{"count":1,"data":{"created":1581825491522},"id":"editing.select.word"}}
{"recorder_version":"11","session":"996739944790","build":"191.8026.42.35.6010548","bucket":"45","time":1581825491658,"group":{"id":"actions","version":"11"},"event":{"count":1,"data":{"context_menu":false,"os":"Windows","created":1581825491658,"plugin_type":"PLATFORM","project":"e34beb87dd0aaa7eb98b502df2478e9f9740d3b6014252c91479ccc8ae8eb023","place":"MainMenu","input_event":"Ctrl+V"},"id":"EditorPaste"}}
{"recorder_version":"11","session":"996739944790","build":"191.8026.42.35.6010548","bucket":"45","time":1581825492834,"group":{"id":"productivity","version":"11"},"event":{"count":1,"data":{"created":1581825492834},"id":"editing.select.word"}}
{"recorder_version":"11","session":"996739944790","build":"191.8026.42.35.6010548","bucket":"45","time":1581825493542,"group":{"id":"actions","version":"11"},"event":{"count":6,"data":{"context_menu":false,"os":"Windows","last":1581825496422,"created":1581825493542,"plugin_type":"PLATFORM","project":"e34beb87dd0aaa7eb98b502df2478e9f9740d3b6014252c91479ccc8ae8eb023","place":"MainMenu","input_event":"Backspace"},"id":"EditorBackSpace"}}
{"recorder_version":"11","session":"996739944790","build":"191.8026.42.35.6010548","bucket":"45","time":1581825496808,"group":{"id":"actions","version":"11"},"event":{"count":1,"data":{"context_menu":false,"os":"Windows","created":1581825496808,"plugin_type":"PLATFORM","project":"e34beb87dd0aaa7eb98b502df2478e9f9740d3b6014252c91479ccc8ae8eb023","place":"MainMenu","input_event":"Escape"},"id":"EditorEscape"}}
{"recorder_version":"11","session":"996739944790","build":"191.8026.42.35.6010548","bucket":"45","time":1581825496962,"group":{"id":"actions","version":"11"},"event":{"count":1,"data":{"context_menu":false,"os":"Windows","created":1581825496963,"plugin_type":"PLATFORM","project":"e34beb87dd0aaa7eb98b502df2478e9f9740d3b6014252c91479ccc8ae8eb023","place":"MainMenu","input_event":"Right"},"id":"EditorRight"}}
{"recorder_version":"11","session":"996739944790","build":"191.8026.42.35.6010548","bucket":"45","time":1581825497117,"group":{"id":"actions","version":"11"},"event":{"count":2,"data":{"context_menu":false,"os":"Windows","last":1581825497470,"created":1581825497117,"plugin_type":"PLATFORM","project":"e34beb87dd0aaa7eb98b502df2478e9f9740d3b6014252c91479ccc8ae8eb023","place":"MainMenu","input_event":"Down"},"id":"EditorDown"}}
{"recorder_version":"11","session":"996739944790","build":"191.8026.42.35.6010548","bucket":"45","time":1581825497739,"group":{"id":"actions","version":"11"},"event":{"count":3,"data":{"context_menu":false,"os":"Windows","last":1581825498239,"created":1581825497739,"plugin_type":"PLATFORM","project":"e34beb87dd0aaa7eb98b502df2478e9f9740d3b6014252c91479ccc8ae8eb023","place":"MainMenu","input_event":"Up"},"id":"EditorUp"}}
{"recorder_version":"11","session":"996739944790","build":"191.8026.42.35.6010548","bucket":"45","time":1581825498517,"group":{"id":"actions","version":"11"},"event":{"count":1,"data":{"context_menu":false,"os":"Windows","created":1581825498517,"plugin_type":"PLATFORM","project":"e34beb87dd0aaa7eb98b502df2478e9f9740d3b6014252c91479ccc8ae8eb023","place":"MainMenu","input_event":"Enter"},"id":"EditorEnter"}}
{"recorder_version":"11","session":"996739944790","build":"191.8026.42.35.6010548","bucket":"45","time":1581825500610,"group":{"id":"actions","version":"11"},"event":{"count":1,"data":{"context_menu":false,"os":"Windows","created":1581825500610,"plugin_type":"PLATFORM","project":"e34beb87dd0aaa7eb98b502df2478e9f9740d3b6014252c91479ccc8ae8eb023","place":"MainMenu","input_event":"Enter"},"id":"EditorChooseLookupItem"}}
{"recorder_version":"11","session":"996739944790","build":"191.8026.42.35.6010548","bucket":"45","time":1581825500624,"group":{"id":"productivity","version":"11"},"event":{"count":1,"data":{"created":1581825500624},"id":"editing.completion.basic"}}
{"recorder_version":"11","session":"996739944790","build":"191.8026.42.35.6010548","bucket":"45","time":1581825502167,"group":{"id":"actions","version":"11"},"event":{"count":17,"data":{"context_menu":false,"os":"Windows","last":1581825507437,"created":1581825502167,"plugin_type":"PLATFORM","project":"e34beb87dd0aaa7eb98b502df2478e9f9740d3b6014252c91479ccc8ae8eb023","place":"MainMenu","input_event":"Backspace"},"id":"EditorBackSpace"}}
{"recorder_version":"11","session":"996739944790","build":"191.8026.42.35.6010548","bucket":"45","time":1581825511003,"group":{"id":"actions","version":"11"},"event":{"count":1,"data":{"context_menu":false,"os":"Windows","created":1581825511003,"plugin_type":"PLATFORM","project":"e34beb87dd0aaa7eb98b502df2478e9f9740d3b6014252c91479ccc8ae8eb023","place":"MainMenu","input_event":"Enter"},"id":"EditorChooseLookupItem"}}
{"recorder_version":"11","session":"996739944790","build":"191.8026.42.35.6010548","bucket":"45","time":1581825511014,"group":{"id":"productivity","version":"11"},"event":{"count":1,"data":{"created":1581825511014},"id":"editing.completion.basic"}}
{"recorder_version":"11","session":"996739944790","build":"191.8026.42.35.6010548","bucket":"45","time":1581825513680,"group":{"id":"actions","version":"11"},"event":{"count":1,"data":{"context_menu":false,"os":"Windows","created":1581825513680,"plugin_type":"PLATFORM","project":"e34beb87dd0aaa7eb98b502df2478e9f9740d3b6014252c91479ccc8ae8eb023","place":"MainMenu","input_event":"Right"},"id":"EditorRight"}}
{"recorder_version":"11","session":"996739944790","build":"191.8026.42.35.6010548","bucket":"45","time":1581825514571,"group":{"id":"actions","version":"11"},"event":{"count":1,"data":{"context_menu":false,"os":"Windows","created":1581825514571,"plugin_type":"PLATFORM","project":"e34beb87dd0aaa7eb98b502df2478e9f9740d3b6014252c91479ccc8ae8eb023","place":"MainMenu","input_event":"Left"},"id":"EditorLeft"}}
{"recorder_version":"11","session":"996739944790","build":"191.8026.42.35.6010548","bucket":"45","time":1581825514730,"group":{"id":"actions","version":"11"},"event":{"count":1,"data":{"context_menu":false,"os":"Windows","created":1581825514730,"plugin_type":"PLATFORM","project":"e34beb87dd0aaa7eb98b502df2478e9f9740d3b6014252c91479ccc8ae8eb023","place":"MainMenu","input_event":"Enter"},"id":"EditorEnter"}}
{"recorder_version":"11","session":"996739944790","build":"191.8026.42.35.6010548","bucket":"45","time":1581825514986,"group":{"id":"actions","version":"11"},"event":{"count":3,"data":{"context_menu":false,"os":"Windows","last":1581825515317,"created":1581825514986,"plugin_type":"PLATFORM","project":"e34beb87dd0aaa7eb98b502df2478e9f9740d3b6014252c91479ccc8ae8eb023","place":"MainMenu","input_event":"Down"},"id":"EditorDown"}}
{"recorder_version":"11","session":"996739944790","build":"191.8026.42.35.6010548","bucket":"45","time":1581825515564,"group":{"id":"actions","version":"11"},"event":{"count":1,"data":{"context_menu":false,"os":"Windows","created":1581825515564,"plugin_type":"PLATFORM","project":"e34beb87dd0aaa7eb98b502df2478e9f9740d3b6014252c91479ccc8ae8eb023","place":"MainMenu","input_event":"Shift+Down"},"id":"EditorDownWithSelection"}}
{"recorder_version":"11","session":"996739944790","build":"191.8026.42.35.6010548","bucket":"45","time":1581825515660,"group":{"id":"actions","version":"11"},"event":{"count":18,"data":{"context_menu":false,"os":"Windows","last":1581825517476,"created":1581825515660,"plugin_type":"PLATFORM","project":"e34beb87dd0aaa7eb98b502df2478e9f9740d3b6014252c91479ccc8ae8eb023","place":"MainMenu","input_event":"Shift+Left"},"id":"EditorLeftWithSelection"}}
{"recorder_version":"11","session":"996739944790","build":"191.8026.42.35.6010548","bucket":"45","time":1581825517767,"group":{"id":"actions","version":"11"},"event":{"count":1,"data":{"context_menu":false,"os":"Windows","created":1581825517767,"plugin_type":"PLATFORM","project":"e34beb87dd0aaa7eb98b502df2478e9f9740d3b6014252c91479ccc8ae8eb023","place":"MainMenu","input_event":"Shift+Right"},"id":"EditorRightWithSelection"}}
{"recorder_version":"11","session":"996739944790","build":"191.8026.42.35.6010548","bucket":"45","time":1581825518102,"group":{"id":"actions","version":"11"},"event":{"count":1,"data":{"context_menu":false,"os":"Windows","created":1581825518102,"plugin_type":"PLATFORM","project":"e34beb87dd0aaa7eb98b502df2478e9f9740d3b6014252c91479ccc8ae8eb023","place":"MainMenu","input_event":"Ctrl+X"},"id":"EditorCut"}}
{"recorder_version":"11","session":"996739944790","build":"191.8026.42.35.6010548","bucket":"45","time":1581825518185,"group":{"id":"actions","version":"11"},"event":{"count":3,"data":{"context_menu":false,"os":"Windows","last":1581825518472,"created":1581825518185,"plugin_type":"PLATFORM","project":"e34beb87dd0aaa7eb98b502df2478e9f9740d3b6014252c91479ccc8ae8eb023","place":"MainMenu","input_event":"Up"},"id":"EditorUp"}}
{"recorder_version":"11","session":"996739944790","build":"191.8026.42.35.6010548","bucket":"45","time":1581825518612,"group":{"id":"actions","version":"11"},"event":{"count":1,"data":{"context_menu":false,"os":"Windows","created":1581825518612,"plugin_type":"PLATFORM","project":"e34beb87dd0aaa7eb98b502df2478e9f9740d3b6014252c91479ccc8ae8eb023","place":"MainMenu","input_event":"Ctrl+V"},"id":"EditorPaste"}}
{"recorder_version":"11","session":"996739944790","build":"191.8026.42.35.6010548","bucket":"45","time":1581825518734,"group":{"id":"actions","version":"11"},"event":{"count":2,"data":{"context_menu":false,"os":"Windows","last":1581825518898,"created":1581825518734,"plugin_type":"PLATFORM","project":"e34beb87dd0aaa7eb98b502df2478e9f9740d3b6014252c91479ccc8ae8eb023","place":"MainMenu","input_event":"Down"},"id":"EditorDown"}}
{"recorder_version":"11","session":"996739944790","build":"191.8026.42.35.6010548","bucket":"45","time":1581825518993,"group":{"id":"actions","version":"11"},"event":{"count":2,"data":{"context_menu":false,"os":"Windows","last":1581825519216,"created":1581825518993,"plugin_type":"PLATFORM","project":"e34beb87dd0aaa7eb98b502df2478e9f9740d3b6014252c91479ccc8ae8eb023","place":"MainMenu","input_event":"Left"},"id":"EditorLeft"}}
{"recorder_version":"11","session":"996739944790","build":"191.8026.42.35.6010548","bucket":"45","time":1581825519393,"group":{"id":"actions","version":"11"},"event":{"count":2,"data":{"context_menu":false,"os":"Windows","last":1581825519565,"created":1581825519393,"plugin_type":"PLATFORM","project":"e34beb87dd0aaa7eb98b502df2478e9f9740d3b6014252c91479ccc8ae8eb023","place":"MainMenu","input_event":"Right"},"id":"EditorRight"}}
{"recorder_version":"11","session":"996739944790","build":"191.8026.42.35.6010548","bucket":"45","time":1581825519581,"group":{"id":"actions","version":"11"},"event":{"count":4,"data":{"context_menu":false,"os":"Windows","last":1581825520188,"created":1581825519581,"plugin_type":"PLATFORM","project":"e34beb87dd0aaa7eb98b502df2478e9f9740d3b6014252c91479ccc8ae8eb023","place":"MainMenu","input_event":"Down"},"id":"EditorDown"}}
{"recorder_version":"11","session":"996739944790","build":"191.8026.42.35.6010548","bucket":"45","time":1581825520427,"group":{"id":"actions","version":"11"},"event":{"count":5,"data":{"context_menu":false,"os":"Windows","last":1581825521299,"created":1581825520427,"plugin_type":"PLATFORM","project":"e34beb87dd0aaa7eb98b502df2478e9f9740d3b6014252c91479ccc8ae8eb023","place":"MainMenu","input_event":"Shift+Up"},"id":"EditorUpWithSelection"}}
{"recorder_version":"11","session":"996739944790","build":"191.8026.42.35.6010548","bucket":"45","time":1581825521908,"group":{"id":"actions","version":"11"},"event":{"count":1,"data":{"context_menu":false,"os":"Windows","created":1581825521908,"plugin_type":"PLATFORM","project":"e34beb87dd0aaa7eb98b502df2478e9f9740d3b6014252c91479ccc8ae8eb023","place":"MainMenu","input_event":"Backspace"},"id":"EditorBackSpace"}}
{"recorder_version":"11","session":"996739944790","build":"191.8026.42.35.6010548","bucket":"45","time":1581825522805,"group":{"id":"actions","version":"11"},"event":{"count":1,"data":{"context_menu":false,"os":"Windows","created":1581825522805,"plugin_type":"PLATFORM","project":"e34beb87dd0aaa7eb98b502df2478e9f9740d3b6014252c91479ccc8ae8eb023","place":"MainMenu","input_event":"Ctrl+S"},"id":"SaveAll"}}
{"recorder_version":"11","session":"996739944790","build":"191.8026.42.35.6010548","bucket":"45","time":1581825523492,"group":{"id":"actions","version":"11"},"event":{"count":1,"data":{"context_menu":false,"os":"Windows","created":1581825523492,"plugin_type":"PLATFORM","project":"e34beb87dd0aaa7eb98b502df2478e9f9740d3b6014252c91479ccc8ae8eb023","place":"MainMenu","input_event":"Enter"},"id":"EditorEnter"}}
{"recorder_version":"11","session":"996739944790","build":"191.8026.42.35.6010548","bucket":"45","time":1581825528127,"group":{"id":"toolbar","version":"11"},"event":{"count":1,"data":{"os":"Windows","created":1581825528127,"plugin_type":"PLATFORM","place":"NavBarToolbar"},"id":"RunConfiguration"}}
{"recorder_version":"11","session":"996739944790","build":"191.8026.42.35.6010548","bucket":"45","time":1581825534409,"group":{"id":"actions","version":"11"},"event":{"count":1,"data":{"context_menu":false,"os":"Windows","created":1581825534410,"plugin_type":"PLATFORM","project":"e34beb87dd0aaa7eb98b502df2478e9f9740d3b6014252c91479ccc8ae8eb023","place":"MainMenu","input_event":"Ctrl+MouseLeft"},"id":"GotoDeclaration"}}
{"recorder_version":"11","session":"996739944790","build":"191.8026.42.35.6010548","bucket":"45","time":1581825534414,"group":{"id":"productivity","version":"11"},"event":{"count":1,"data":{"created":1581825534414},"id":"navigation.goto.declaration"}}
{"recorder_version":"11","session":"996739944790","build":"191.8026.42.35.6010548","bucket":"45","time":1581825537306,"group":{"id":"productivity","version":"11"},"event":{"count":1,"data":{"created":1581825537306},"id":"editing.select.word"}}
{"recorder_version":"11","session":"996739944790","build":"191.8026.42.35.6010548","bucket":"45","time":1581825540613,"group":{"id":"actions","version":"11"},"event":{"count":1,"data":{"context_menu":false,"os":"Windows","created":1581825540613,"plugin_type":"PLATFORM","project":"e34beb87dd0aaa7eb98b502df2478e9f9740d3b6014252c91479ccc8ae8eb023","place":"MainMenu","input_event":"Ctrl+C"},"id":"EditorCopy"}}
{"recorder_version":"11","session":"996739944790","build":"191.8026.42.35.6010548","bucket":"45","time":1581825551690,"group":{"id":"actions","version":"11"},"event":{"count":1,"data":{"context_menu":false,"os":"Windows","created":1581825551690,"plugin_type":"PLATFORM","project":"e34beb87dd0aaa7eb98b502df2478e9f9740d3b6014252c91479ccc8ae8eb023","place":"NavBarToolbar","input_event":"MouseLeft"},"id":"com.intellij.execution.ExecutorRegistryImpl$ExecutorAction"}}
{"recorder_version":"11","session":"996739944790","build":"191.8026.42.35.6010548","bucket":"45","time":1581825551694,"group":{"id":"toolbar","version":"11"},"event":{"count":1,"data":{"os":"Windows","created":1581825551694,"plugin_type":"PLATFORM","place":"NavBarToolbar"},"id":"com.intellij.execution.ExecutorRegistryImpl$ExecutorAction"}}
{"recorder_version":"11","session":"996739944790","build":"191.8026.42.35.6010548","bucket":"45","time":1581825551747,"group":{"id":"run.configuration.exec","version":"11"},"event":{"count":1,"data":{"executor":"Run","created":1581825551747,"plugin_type":"NOT_LISTED","project":"e34beb87dd0aaa7eb98b502df2478e9f9740d3b6014252c91479ccc8ae8eb023"},"id":"third.party"}}
{"recorder_version":"11","session":"996739944790","build":"191.8026.42.35.6010548","bucket":"45","time":1581825564165,"group":{"id":"performance","version":"11"},"event":{"count":1,"data":{"duration_ms":161,"created":1581825564165},"id":"ui.lagging"}}
{"recorder_version":"11","session":"996739944790","build":"191.8026.42.35.6010548","bucket":"45","time":1581825578032,"group":{"id":"performance","version":"11"},"event":{"count":1,"data":{"duration_ms":0,"created":1581825578032},"id":"ui.latency"}}
{"recorder_version":"11","session":"996739944790","build":"191.8026.42.35.6010548","bucket":"45","time":1581825608434,"group":{"id":"toolwindow","version":"11"},"event":{"count":3,"data":{"os":"Windows","last":1581825609849,"created":1581825608434,"plugin_type":"PLATFORM"},"id":"Run"}}
{"recorder_version":"11","session":"996739944790","build":"191.8026.42.35.6010548","bucket":"45","time":1581825615578,"group":{"id":"actions","version":"11"},"event":{"count":1,"data":{"context_menu":false,"os":"Windows","created":1581825615578,"plugin_type":"PLATFORM","project":"e34beb87dd0aaa7eb98b502df2478e9f9740d3b6014252c91479ccc8ae8eb023","place":"MainMenu","input_event":"Ctrl+MouseLeft"},"id":"com.intellij.execution.impl.ConsoleViewImpl$HyperlinkNavigationAction"}}
{"recorder_version":"11","session":"996739944790","build":"191.8026.42.35.6010548","bucket":"45","time":1581825640658,"group":{"id":"actions","version":"11"},"event":{"count":1,"data":{"context_menu":false,"os":"Windows","created":1581825640658,"plugin_type":"PLATFORM","project":"e34beb87dd0aaa7eb98b502df2478e9f9740d3b6014252c91479ccc8ae8eb023","place":"MainMenu","input_event":"Ctrl+MouseLeft"},"id":"com.intellij.execution.impl.ConsoleViewImpl$HyperlinkNavigationAction"}}
{"recorder_version":"11","session":"996739944790","build":"191.8026.42.35.6010548","bucket":"45","time":1581825678112,"group":{"id":"performance","version":"11"},"event":{"count":1,"data":{"duration_ms":0,"created":1581825678112},"id":"ui.latency"}}
{"recorder_version":"11","session":"996739944790","build":"191.8026.42.35.6010548","bucket":"45","time":1581825778191,"group":{"id":"performance","version":"11"},"event":{"count":1,"data":{"duration_ms":0,"created":1581825778191},"id":"ui.latency"}}
{"recorder_version":"11","session":"996739944790","build":"191.8026.42.35.6010548","bucket":"45","time":1581825802745,"group":{"id":"actions","version":"11"},"event":{"count":1,"data":{"context_menu":false,"os":"Windows","created":1581825802745,"plugin_type":"PLATFORM","project":"e34beb87dd0aaa7eb98b502df2478e9f9740d3b6014252c91479ccc8ae8eb023","place":"NavBarToolbar","input_event":"MouseLeft"},"id":"com.intellij.execution.ExecutorRegistryImpl$ExecutorAction"}}
{"recorder_version":"11","session":"996739944790","build":"191.8026.42.35.6010548","bucket":"45","time":1581825802764,"group":{"id":"toolbar","version":"11"},"event":{"count":1,"data":{"os":"Windows","created":1581825802764,"plugin_type":"PLATFORM","place":"NavBarToolbar"},"id":"com.intellij.execution.ExecutorRegistryImpl$ExecutorAction"}}
{"recorder_version":"11","session":"996739944790","build":"191.8026.42.35.6010548","bucket":"45","time":1581825802815,"group":{"id":"run.configuration.exec","version":"11"},"event":{"count":1,"data":{"executor":"Run","created":1581825802815,"plugin_type":"NOT_LISTED","project":"e34beb87dd0aaa7eb98b502df2478e9f9740d3b6014252c91479ccc8ae8eb023"},"id":"third.party"}}
{"recorder_version":"11","session":"996739944790","build":"191.8026.42.35.6010548","bucket":"45","time":1581825819929,"group":{"id":"toolwindow","version":"11"},"event":{"count":1,"data":{"os":"Windows","created":1581825819929,"plugin_type":"PLATFORM"},"id":"Run"}}
{"recorder_version":"11","session":"996739944790","build":"191.8026.42.35.6010548","bucket":"45","time":1581825878279,"group":{"id":"performance","version":"11"},"event":{"count":1,"data":{"duration_ms":0,"created":1581825878279},"id":"ui.latency"}}
{"recorder_version":"11","session":"996739944790","build":"191.8026.42.35.6010548","bucket":"45","time":1581825947834,"group":{"id":"toolwindow","version":"11"},"event":{"count":2,"data":{"os":"Windows","last":1581825948665,"created":1581825947834,"plugin_type":"PLATFORM"},"id":"Run"}}
{"recorder_version":"11","session":"996739944790","build":"191.8026.42.35.6010548","bucket":"45","time":1581825978361,"group":{"id":"performance","version":"11"},"event":{"count":1,"data":{"duration_ms":0,"created":1581825978361},"id":"ui.latency"}}
{"recorder_version":"11","session":"996739944790","build":"191.8026.42.35.6010548","bucket":"45","time":1581825991330,"group":{"id":"toolwindow","version":"11"},"event":{"count":2,"data":{"os":"Windows","last":1581825993218,"created":1581825991330,"plugin_type":"PLATFORM"},"id":"Run"}}
{"recorder_version":"11","session":"996739944790","build":"191.8026.42.35.6010548","bucket":"45","time":1581826026845,"group":{"id":"ui.dialogs","version":"11"},"event":{"count":1,"data":{"created":1581826026845,"plugin_type":"PLATFORM","type":"show"},"id":"com.intellij.openapi.ui.messages.MessageDialog"}}
{"recorder_version":"11","session":"996739944790","build":"191.8026.42.35.6010548","bucket":"45","time":1581826028169,"group":{"id":"lifecycle","version":"11"},"event":{"count":1,"data":{"restart":false,"created":1581826028169},"id":"ide.close"}}
{"recorder_version":"11","session":"996739944790","build":"191.8026.42.35.6010548","bucket":"45","time":1581826028218,"group":{"id":"lifecycle","version":"11"},"event":{"count":1,"data":{"created":1581826028218,"project":"e34beb87dd0aaa7eb98b502df2478e9f9740d3b6014252c91479ccc8ae8eb023"},"id":"project.closed"}}
