{"recorder_version":"11","session":"abb0c2ccb1eb","build":"191.8026.42.35.6010548","bucket":"45","time":1581524520076,"group":{"id":"settings","version":"2"},"event":{"state":true,"data":{"created":1581524520085,"invoked":true},"id":"NotRoamableUiSettings"}}
{"recorder_version":"11","session":"abb0c2ccb1eb","build":"191.8026.42.35.6010548","bucket":"45","time":1581524520086,"group":{"id":"settings","version":"2"},"event":{"state":true,"data":{"created":1581524520097,"invoked":true},"id":"UISettings"}}
{"recorder_version":"11","session":"abb0c2ccb1eb","build":"191.8026.42.35.6010548","bucket":"45","time":1581524520129,"group":{"id":"system.os","version":"1"},"event":{"state":true,"data":{"created":1581524520129,"version":"10.0"},"id":"Windows"}}
{"recorder_version":"11","session":"abb0c2ccb1eb","build":"191.8026.42.35.6010548","bucket":"45","time":1581524520129,"group":{"id":"system.os","version":"1"},"event":{"state":true,"data":{"created":1581524520130},"id":"invoked"}}
{"recorder_version":"11","session":"abb0c2ccb1eb","build":"191.8026.42.35.6010548","bucket":"45","time":1581524520129,"group":{"id":"system.java","version":"1"},"event":{"state":true,"data":{"created":1581524520131,"version":"1.8"},"id":"JetBrains"}}
{"recorder_version":"11","session":"abb0c2ccb1eb","build":"191.8026.42.35.6010548","bucket":"45","time":1581524520129,"group":{"id":"system.java","version":"1"},"event":{"state":true,"data":{"created":1581524520133},"id":"invoked"}}
{"recorder_version":"11","session":"abb0c2ccb1eb","build":"191.8026.42.35.6010548","bucket":"45","time":1581524521798,"group":{"id":"settings","version":"2"},"event":{"state":true,"data":{"created":1581524521798,"invoked":true},"id":"GeneralSettings"}}
{"recorder_version":"11","session":"abb0c2ccb1eb","build":"191.8026.42.35.6010548","bucket":"45","time":1581524526172,"group":{"id":"performance","version":"11"},"event":{"count":1,"data":{"duration_ms":3664,"created":1581524526172},"id":"ui.latency"}}
{"recorder_version":"11","session":"abb0c2ccb1eb","build":"191.8026.42.35.6010548","bucket":"45","time":1581524526172,"group":{"id":"performance","version":"11"},"event":{"count":1,"data":{"duration_ms":3664,"created":1581524526172},"id":"ui.lagging"}}
{"recorder_version":"11","session":"abb0c2ccb1eb","build":"191.8026.42.35.6010548","bucket":"45","time":1581524526172,"group":{"id":"performance","version":"11"},"event":{"count":1,"data":{"duration_ms":2661,"created":1581524526175},"id":"ui.lagging"}}
{"recorder_version":"11","session":"abb0c2ccb1eb","build":"191.8026.42.35.6010548","bucket":"45","time":1581524526172,"group":{"id":"performance","version":"11"},"event":{"count":1,"data":{"duration_ms":1660,"created":1581524526175},"id":"ui.lagging"}}
{"recorder_version":"11","session":"abb0c2ccb1eb","build":"191.8026.42.35.6010548","bucket":"45","time":1581524526175,"group":{"id":"performance","version":"11"},"event":{"count":1,"data":{"duration_ms":653,"created":1581524526175},"id":"ui.lagging"}}
{"recorder_version":"11","session":"abb0c2ccb1eb","build":"191.8026.42.35.6010548","bucket":"45","time":1581524526510,"group":{"id":"ui.dialogs","version":"11"},"event":{"count":1,"data":{"created":1581524526510,"plugin_type":"PLATFORM","type":"show"},"id":"com.intellij.openapi.progress.util.ProgressDialog$MyDialogWrapper"}}
{"recorder_version":"11","session":"abb0c2ccb1eb","build":"191.8026.42.35.6010548","bucket":"45","time":1581524526625,"group":{"id":"performance","version":"11"},"event":{"count":1,"data":{"duration_ms":101,"created":1581524526625},"id":"ui.lagging"}}
{"recorder_version":"11","session":"abb0c2ccb1eb","build":"191.8026.42.35.6010548","bucket":"45","time":1581524527543,"group":{"id":"ui.dialogs","version":"11"},"event":{"count":1,"data":{"code":1,"created":1581524527543,"plugin_type":"PLATFORM","type":"close"},"id":"com.intellij.openapi.progress.util.ProgressDialog$MyDialogWrapper"}}
{"recorder_version":"11","session":"abb0c2ccb1eb","build":"191.8026.42.35.6010548","bucket":"45","time":1581524527571,"group":{"id":"lifecycle","version":"11"},"event":{"count":1,"data":{"created":1581524527571,"project":"e34beb87dd0aaa7eb98b502df2478e9f9740d3b6014252c91479ccc8ae8eb023"},"id":"project.opened"}}
{"recorder_version":"11","session":"abb0c2ccb1eb","build":"191.8026.42.35.6010548","bucket":"45","time":1581524528882,"group":{"id":"performance","version":"11"},"event":{"count":1,"data":{"duration_ms":349,"created":1581524528882},"id":"ui.lagging"}}
{"recorder_version":"11","session":"abb0c2ccb1eb","build":"191.8026.42.35.6010548","bucket":"45","time":1581524529043,"group":{"id":"ui.dialogs","version":"11"},"event":{"count":1,"data":{"created":1581524529043,"plugin_type":"PLATFORM","type":"show"},"id":"com.intellij.openapi.progress.util.ProgressDialog$MyDialogWrapper"}}
{"recorder_version":"11","session":"abb0c2ccb1eb","build":"191.8026.42.35.6010548","bucket":"45","time":1581524529720,"group":{"id":"toolwindow","version":"11"},"event":{"count":2,"data":{"os":"Windows","plugin":"org.jetbrains.plugins.terminal","last":1581524529837,"created":1581524529720,"plugin_type":"JB_BUNDLED"},"id":"Terminal"}}
{"recorder_version":"11","session":"abb0c2ccb1eb","build":"191.8026.42.35.6010548","bucket":"45","time":1581524529931,"group":{"id":"lifecycle","version":"11"},"event":{"count":1,"data":{"eap":false,"created":1581524529931},"id":"ide.start"}}
{"recorder_version":"11","session":"abb0c2ccb1eb","build":"191.8026.42.35.6010548","bucket":"45","time":1581524530205,"group":{"id":"performance","version":"11"},"event":{"count":1,"data":{"duration_ms":661,"created":1581524530205},"id":"ui.lagging"}}
{"recorder_version":"11","session":"abb0c2ccb1eb","build":"191.8026.42.35.6010548","bucket":"45","time":1581524530392,"group":{"id":"ui.tips","version":"1"},"event":{"count":1,"data":{"created":1581524530392},"id":"shown.automatically"}}
{"recorder_version":"11","session":"abb0c2ccb1eb","build":"191.8026.42.35.6010548","bucket":"45","time":1581524530462,"group":{"id":"ui.dialogs","version":"11"},"event":{"count":1,"data":{"created":1581524530466,"plugin_type":"PLATFORM","type":"show"},"id":"com.intellij.ide.util.TipDialog"}}
{"recorder_version":"11","session":"abb0c2ccb1eb","build":"191.8026.42.35.6010548","bucket":"45","time":1581524530563,"group":{"id":"project.fs","version":"1"},"event":{"state":true,"data":{"os":"Windows","cs-project":false,"created":1581524530563,"project":"e34beb87dd0aaa7eb98b502df2478e9f9740d3b6014252c91479ccc8ae8eb023","cs-implicit":true,"cs-system":false},"id":"case-sensitivity"}}
{"recorder_version":"11","session":"abb0c2ccb1eb","build":"191.8026.42.35.6010548","bucket":"45","time":1581524530563,"group":{"id":"project.fs","version":"1"},"event":{"state":true,"data":{"created":1581524530563},"id":"invoked"}}
{"recorder_version":"11","session":"abb0c2ccb1eb","build":"191.8026.42.35.6010548","bucket":"45","time":1581524530564,"group":{"id":"project.fs","version":"1"},"event":{"state":true,"data":{"pct-non-watched":0,"created":1581524530564,"project":"e34beb87dd0aaa7eb98b502df2478e9f9740d3b6014252c91479ccc8ae8eb023"},"id":"roots-watched"}}
{"recorder_version":"11","session":"abb0c2ccb1eb","build":"191.8026.42.35.6010548","bucket":"45","time":1581524530564,"group":{"id":"project.fs","version":"1"},"event":{"state":true,"data":{"created":1581524530564},"id":"invoked"}}
{"recorder_version":"11","session":"abb0c2ccb1eb","build":"191.8026.42.35.6010548","bucket":"45","time":1581524531067,"group":{"id":"ui.dialogs","version":"11"},"event":{"count":1,"data":{"code":1,"created":1581524531067,"plugin_type":"PLATFORM","type":"close"},"id":"com.intellij.openapi.progress.util.ProgressDialog$MyDialogWrapper"}}
{"recorder_version":"11","session":"abb0c2ccb1eb","build":"191.8026.42.35.6010548","bucket":"45","time":1581524531182,"group":{"id":"lifecycle","version":"11"},"event":{"count":1,"data":{"created":1581524531182,"time_ms":5110,"project":"e34beb87dd0aaa7eb98b502df2478e9f9740d3b6014252c91479ccc8ae8eb023"},"id":"project.opening.finished"}}
{"recorder_version":"11","session":"abb0c2ccb1eb","build":"191.8026.42.35.6010548","bucket":"45","time":1581524534875,"group":{"id":"ui.dialogs","version":"11"},"event":{"count":1,"data":{"code":1,"created":1581524534875,"plugin_type":"PLATFORM","type":"close"},"id":"com.intellij.ide.util.TipDialog"}}
{"recorder_version":"11","session":"abb0c2ccb1eb","build":"191.8026.42.35.6010548","bucket":"45","time":1581524548573,"group":{"id":"toolwindow","version":"11"},"event":{"count":1,"data":{"os":"Windows","plugin":"org.jetbrains.plugins.terminal","created":1581524548573,"plugin_type":"JB_BUNDLED"},"id":"Terminal"}}
{"recorder_version":"11","session":"abb0c2ccb1eb","build":"191.8026.42.35.6010548","bucket":"45","time":1581524548614,"group":{"id":"terminalShell","version":"1"},"event":{"count":1,"data":{"os-version":"10.0","os":"Windows","shell":"cmd","created":1581524548614,"project":"e34beb87dd0aaa7eb98b502df2478e9f9740d3b6014252c91479ccc8ae8eb023"},"id":"local.exec"}}
{"recorder_version":"11","session":"abb0c2ccb1eb","build":"191.8026.42.35.6010548","bucket":"45","time":1581524597137,"group":{"id":"toolwindow","version":"11"},"event":{"count":1,"data":{"os":"Windows","created":1581524597137,"plugin_type":"PLATFORM"},"id":"Build"}}
{"recorder_version":"11","session":"abb0c2ccb1eb","build":"191.8026.42.35.6010548","bucket":"45","time":1581524617598,"group":{"id":"toolwindow","version":"11"},"event":{"count":2,"data":{"os":"Windows","last":1581524618083,"created":1581524617598,"plugin_type":"PLATFORM"},"id":"Build"}}
{"recorder_version":"11","session":"abb0c2ccb1eb","build":"191.8026.42.35.6010548","bucket":"45","time":1581524626438,"group":{"id":"performance","version":"11"},"event":{"count":1,"data":{"duration_ms":0,"created":1581524626438},"id":"ui.latency"}}
{"recorder_version":"11","session":"abb0c2ccb1eb","build":"191.8026.42.35.6010548","bucket":"45","time":1581524639195,"group":{"id":"toolwindow","version":"11"},"event":{"count":2,"data":{"os":"Windows","last":1581524640024,"created":1581524639195,"plugin_type":"PLATFORM"},"id":"Build"}}
{"recorder_version":"11","session":"abb0c2ccb1eb","build":"191.8026.42.35.6010548","bucket":"45","time":1581524726874,"group":{"id":"performance","version":"11"},"event":{"count":1,"data":{"duration_ms":6,"created":1581524726874},"id":"ui.latency"}}
{"recorder_version":"11","session":"abb0c2ccb1eb","build":"191.8026.42.35.6010548","bucket":"45","time":1581524727425,"group":{"id":"actions","version":"11"},"event":{"count":1,"data":{"context_menu":false,"os":"Windows","created":1581524727425,"plugin_type":"PLATFORM","project":"e34beb87dd0aaa7eb98b502df2478e9f9740d3b6014252c91479ccc8ae8eb023","place":"MainMenu","input_event":"Up"},"id":"EditorUp"}}
{"recorder_version":"11","session":"abb0c2ccb1eb","build":"191.8026.42.35.6010548","bucket":"45","time":1581524727703,"group":{"id":"actions","version":"11"},"event":{"count":1,"data":{"context_menu":false,"os":"Windows","created":1581524727703,"plugin_type":"PLATFORM","project":"e34beb87dd0aaa7eb98b502df2478e9f9740d3b6014252c91479ccc8ae8eb023","place":"MainMenu","input_event":"Shift+Down"},"id":"EditorDownWithSelection"}}
{"recorder_version":"11","session":"abb0c2ccb1eb","build":"191.8026.42.35.6010548","bucket":"45","time":1581524727884,"group":{"id":"actions","version":"11"},"event":{"count":1,"data":{"context_menu":false,"os":"Windows","created":1581524727885,"plugin_type":"PLATFORM","project":"e34beb87dd0aaa7eb98b502df2478e9f9740d3b6014252c91479ccc8ae8eb023","place":"MainMenu","input_event":"Shift+Left"},"id":"EditorLeftWithSelection"}}
{"recorder_version":"11","session":"abb0c2ccb1eb","build":"191.8026.42.35.6010548","bucket":"45","time":1581524728689,"group":{"id":"actions","version":"11"},"event":{"count":1,"data":{"context_menu":false,"os":"Windows","created":1581524728689,"plugin_type":"PLATFORM","project":"e34beb87dd0aaa7eb98b502df2478e9f9740d3b6014252c91479ccc8ae8eb023","place":"MainMenu","input_event":"Ctrl+C"},"id":"EditorCopy"}}
{"recorder_version":"11","session":"abb0c2ccb1eb","build":"191.8026.42.35.6010548","bucket":"45","time":1581524749202,"group":{"id":"actions","version":"11"},"event":{"count":1,"data":{"context_menu":true,"os":"Windows","created":1581524749202,"plugin_type":"PLATFORM","project":"e34beb87dd0aaa7eb98b502df2478e9f9740d3b6014252c91479ccc8ae8eb023","place":"MainMenu","input_event":"MouseLeft"},"id":"ShowSettings"}}
{"recorder_version":"11","session":"abb0c2ccb1eb","build":"191.8026.42.35.6010548","bucket":"45","time":1581524749936,"group":{"id":"ui.dialogs","version":"11"},"event":{"count":1,"data":{"created":1581524749937,"plugin_type":"PLATFORM","type":"show"},"id":"com.intellij.openapi.options.newEditor.SettingsDialog"}}
{"recorder_version":"11","session":"abb0c2ccb1eb","build":"191.8026.42.35.6010548","bucket":"45","time":1581524763140,"group":{"id":"ui.dialogs","version":"11"},"event":{"count":1,"data":{"code":0,"created":1581524763140,"plugin_type":"PLATFORM","type":"close"},"id":"com.intellij.openapi.options.newEditor.SettingsDialog"}}
{"recorder_version":"11","session":"abb0c2ccb1eb","build":"191.8026.42.35.6010548","bucket":"45","time":1581524806545,"group":{"id":"performance","version":"11"},"event":{"count":1,"data":{"duration_ms":422,"created":1581524806545},"id":"ui.lagging"}}
{"recorder_version":"11","session":"abb0c2ccb1eb","build":"191.8026.42.35.6010548","bucket":"45","time":1581524808608,"group":{"id":"performance","version":"11"},"event":{"count":1,"data":{"duration_ms":314,"created":1581524808608},"id":"ui.lagging"}}
{"recorder_version":"11","session":"abb0c2ccb1eb","build":"191.8026.42.35.6010548","bucket":"45","time":1581524810201,"group":{"id":"performance","version":"11"},"event":{"count":1,"data":{"duration_ms":161,"created":1581524810201},"id":"ui.lagging"}}
{"recorder_version":"11","session":"abb0c2ccb1eb","build":"191.8026.42.35.6010548","bucket":"45","time":1581524826175,"group":{"id":"build.tools.actions","version":"1"},"event":{"count":1,"data":{"created":1581524826175},"id":"registered"}}
{"recorder_version":"11","session":"abb0c2ccb1eb","build":"191.8026.42.35.6010548","bucket":"45","time":1581524826175,"group":{"id":"file.types.usage","version":"11"},"event":{"count":1,"data":{"created":1581524826175},"id":"registered"}}
{"recorder_version":"11","session":"abb0c2ccb1eb","build":"191.8026.42.35.6010548","bucket":"45","time":1581524826175,"group":{"id":"actions.runAnything","version":"1"},"event":{"count":1,"data":{"created":1581524826175},"id":"registered"}}
{"recorder_version":"11","session":"abb0c2ccb1eb","build":"191.8026.42.35.6010548","bucket":"45","time":1581524826175,"group":{"id":"toolwindow","version":"11"},"event":{"count":1,"data":{"created":1581524826176},"id":"registered"}}
{"recorder_version":"11","session":"abb0c2ccb1eb","build":"191.8026.42.35.6010548","bucket":"45","time":1581524826175,"group":{"id":"live.templates","version":"11"},"event":{"count":1,"data":{"created":1581524826176},"id":"registered"}}
{"recorder_version":"11","session":"abb0c2ccb1eb","build":"191.8026.42.35.6010548","bucket":"45","time":1581524826175,"group":{"id":"ide.self.update","version":"1"},"event":{"count":1,"data":{"created":1581524826176},"id":"registered"}}
{"recorder_version":"11","session":"abb0c2ccb1eb","build":"191.8026.42.35.6010548","bucket":"45","time":1581524826175,"group":{"id":"cidr.testingFrameworks.usages","version":"1"},"event":{"count":1,"data":{"created":1581524826176},"id":"registered"}}
{"recorder_version":"11","session":"abb0c2ccb1eb","build":"191.8026.42.35.6010548","bucket":"45","time":1581524826175,"group":{"id":"lifecycle","version":"11"},"event":{"count":1,"data":{"created":1581524826176},"id":"registered"}}
{"recorder_version":"11","session":"abb0c2ccb1eb","build":"191.8026.42.35.6010548","bucket":"45","time":1581524826175,"group":{"id":"vcs.diff.trigger","version":"1"},"event":{"count":1,"data":{"created":1581524826176},"id":"registered"}}
{"recorder_version":"11","session":"abb0c2ccb1eb","build":"191.8026.42.35.6010548","bucket":"45","time":1581524826175,"group":{"id":"vcs.log.trigger","version":"1"},"event":{"count":1,"data":{"created":1581524826176},"id":"registered"}}
{"recorder_version":"11","session":"abb0c2ccb1eb","build":"191.8026.42.35.6010548","bucket":"45","time":1581524826175,"group":{"id":"productivity","version":"11"},"event":{"count":1,"data":{"created":1581524826176},"id":"registered"}}
{"recorder_version":"11","session":"abb0c2ccb1eb","build":"191.8026.42.35.6010548","bucket":"45","time":1581524826175,"group":{"id":"debugger.breakpoints.usage","version":"1"},"event":{"count":1,"data":{"created":1581524826176},"id":"registered"}}
{"recorder_version":"11","session":"abb0c2ccb1eb","build":"191.8026.42.35.6010548","bucket":"45","time":1581524826175,"group":{"id":"oc","version":"1"},"event":{"count":1,"data":{"created":1581524826176},"id":"registered"}}
{"recorder_version":"11","session":"abb0c2ccb1eb","build":"191.8026.42.35.6010548","bucket":"45","time":1581524826175,"group":{"id":"intentions","version":"11"},"event":{"count":1,"data":{"created":1581524826176},"id":"registered"}}
{"recorder_version":"11","session":"abb0c2ccb1eb","build":"191.8026.42.35.6010548","bucket":"45","time":1581524826175,"group":{"id":"ui.dialogs","version":"11"},"event":{"count":1,"data":{"created":1581524826176},"id":"registered"}}
{"recorder_version":"11","session":"abb0c2ccb1eb","build":"191.8026.42.35.6010548","bucket":"45","time":1581524826175,"group":{"id":"vcs.back.forward.trigger","version":"1"},"event":{"count":1,"data":{"created":1581524826176},"id":"registered"}}
{"recorder_version":"11","session":"abb0c2ccb1eb","build":"191.8026.42.35.6010548","bucket":"45","time":1581524826175,"group":{"id":"toolbar","version":"11"},"event":{"count":1,"data":{"created":1581524826176},"id":"registered"}}
{"recorder_version":"11","session":"abb0c2ccb1eb","build":"191.8026.42.35.6010548","bucket":"45","time":1581524826175,"group":{"id":"build.gradle.actions","version":"1"},"event":{"count":1,"data":{"created":1581524826176},"id":"registered"}}
{"recorder_version":"11","session":"abb0c2ccb1eb","build":"191.8026.42.35.6010548","bucket":"45","time":1581524826175,"group":{"id":"performance","version":"11"},"event":{"count":1,"data":{"created":1581524826176},"id":"registered"}}
{"recorder_version":"11","session":"abb0c2ccb1eb","build":"191.8026.42.35.6010548","bucket":"45","time":1581524826175,"group":{"id":"searchEverywhere","version":"1"},"event":{"count":1,"data":{"created":1581524826176},"id":"registered"}}
{"recorder_version":"11","session":"abb0c2ccb1eb","build":"191.8026.42.35.6010548","bucket":"45","time":1581524826175,"group":{"id":"ui.tips","version":"1"},"event":{"count":1,"data":{"created":1581524826176},"id":"registered"}}
{"recorder_version":"11","session":"abb0c2ccb1eb","build":"191.8026.42.35.6010548","bucket":"45","time":1581524826175,"group":{"id":"import.old.config","version":"1"},"event":{"count":1,"data":{"created":1581524826176},"id":"registered"}}
{"recorder_version":"11","session":"abb0c2ccb1eb","build":"191.8026.42.35.6010548","bucket":"45","time":1581524826175,"group":{"id":"json.schema","version":"1"},"event":{"count":1,"data":{"created":1581524826176},"id":"registered"}}
{"recorder_version":"11","session":"abb0c2ccb1eb","build":"191.8026.42.35.6010548","bucket":"45","time":1581524826175,"group":{"id":"terminalShell","version":"1"},"event":{"count":1,"data":{"created":1581524826176},"id":"registered"}}
{"recorder_version":"11","session":"abb0c2ccb1eb","build":"191.8026.42.35.6010548","bucket":"45","time":1581524826175,"group":{"id":"completion.postfix","version":"11"},"event":{"count":1,"data":{"created":1581524826178},"id":"registered"}}
{"recorder_version":"11","session":"abb0c2ccb1eb","build":"191.8026.42.35.6010548","bucket":"45","time":1581524826175,"group":{"id":"actions","version":"11"},"event":{"count":1,"data":{"created":1581524826178},"id":"registered"}}
{"recorder_version":"11","session":"abb0c2ccb1eb","build":"191.8026.42.35.6010548","bucket":"45","time":1581524826175,"group":{"id":"run.configuration.exec","version":"11"},"event":{"count":1,"data":{"created":1581524826178},"id":"registered"}}
{"recorder_version":"11","session":"abb0c2ccb1eb","build":"191.8026.42.35.6010548","bucket":"45","time":1581524827129,"group":{"id":"performance","version":"11"},"event":{"count":1,"data":{"duration_ms":1,"created":1581524827129},"id":"ui.latency"}}
{"recorder_version":"11","session":"abb0c2ccb1eb","build":"191.8026.42.35.6010548","bucket":"45","time":1581524839455,"group":{"id":"actions","version":"11"},"event":{"count":1,"data":{"context_menu":false,"os":"Windows","created":1581524839455,"plugin_type":"PLATFORM","project":"e34beb87dd0aaa7eb98b502df2478e9f9740d3b6014252c91479ccc8ae8eb023","place":"MainMenu","input_event":"Ctrl+C"},"id":"EditorCopy"}}
{"recorder_version":"11","session":"abb0c2ccb1eb","build":"191.8026.42.35.6010548","bucket":"45","time":1581524876280,"group":{"id":"toolwindow","version":"11"},"event":{"count":1,"data":{"os":"Windows","created":1581524876280,"plugin_type":"PLATFORM"},"id":"Project"}}
{"recorder_version":"11","session":"abb0c2ccb1eb","build":"191.8026.42.35.6010548","bucket":"45","time":1581524911151,"group":{"id":"toolwindow","version":"11"},"event":{"count":1,"data":{"os":"Windows","plugin":"org.jetbrains.plugins.terminal","created":1581524911151,"plugin_type":"JB_BUNDLED"},"id":"Terminal"}}
{"recorder_version":"11","session":"abb0c2ccb1eb","build":"191.8026.42.35.6010548","bucket":"45","time":1581524927581,"group":{"id":"performance","version":"11"},"event":{"count":1,"data":{"duration_ms":0,"created":1581524927581},"id":"ui.latency"}}
{"recorder_version":"11","session":"abb0c2ccb1eb","build":"191.8026.42.35.6010548","bucket":"45","time":1581524977125,"group":{"id":"actions","version":"11"},"event":{"count":1,"data":{"context_menu":true,"os":"Windows","created":1581524977125,"plugin_type":"PLATFORM","project":"e34beb87dd0aaa7eb98b502df2478e9f9740d3b6014252c91479ccc8ae8eb023","place":"MainMenu","input_event":"MouseLeft"},"id":"CheckinProject"}}
{"recorder_version":"11","session":"abb0c2ccb1eb","build":"191.8026.42.35.6010548","bucket":"45","time":1581524977735,"group":{"id":"ui.dialogs","version":"11"},"event":{"count":1,"data":{"created":1581524977735,"plugin_type":"PLATFORM","type":"show"},"id":"com.intellij.openapi.vcs.changes.ui.CommitChangeListDialog"}}
{"recorder_version":"11","session":"abb0c2ccb1eb","build":"191.8026.42.35.6010548","bucket":"45","time":1581524978066,"group":{"id":"performance","version":"11"},"event":{"count":1,"data":{"duration_ms":322,"created":1581524978066},"id":"ui.lagging"}}
{"recorder_version":"11","session":"abb0c2ccb1eb","build":"191.8026.42.35.6010548","bucket":"45","time":1581524980089,"group":{"id":"file.types.usage","version":"11"},"event":{"count":1,"data":{"created":1581524980089,"plugin_type":"PLATFORM","project":"e34beb87dd0aaa7eb98b502df2478e9f9740d3b6014252c91479ccc8ae8eb023","type":"edit"},"id":"PLAIN_TEXT"}}
{"recorder_version":"11","session":"abb0c2ccb1eb","build":"191.8026.42.35.6010548","bucket":"45","time":1581524980477,"group":{"id":"actions","version":"11"},"event":{"count":1,"data":{"context_menu":false,"os":"Windows","created":1581524980477,"plugin_type":"PLATFORM","project":"e34beb87dd0aaa7eb98b502df2478e9f9740d3b6014252c91479ccc8ae8eb023","place":"MainMenu","input_event":"Backspace"},"id":"EditorBackSpace"}}
{"recorder_version":"11","session":"abb0c2ccb1eb","build":"191.8026.42.35.6010548","bucket":"45","time":1581524981196,"group":{"id":"actions","version":"11"},"event":{"count":1,"data":{"context_menu":false,"os":"Windows","created":1581524981196,"plugin_type":"PLATFORM","project":"e34beb87dd0aaa7eb98b502df2478e9f9740d3b6014252c91479ccc8ae8eb023","place":"MainMenu","input_event":"Enter"},"id":"EditorEnter"}}
{"recorder_version":"11","session":"abb0c2ccb1eb","build":"191.8026.42.35.6010548","bucket":"45","time":1581524984566,"group":{"id":"ui.dialogs","version":"11"},"event":{"count":1,"data":{"created":1581524984566,"plugin_type":"PLATFORM","type":"show"},"id":"com.intellij.openapi.progress.util.ProgressDialog$MyDialogWrapper"}}
{"recorder_version":"11","session":"abb0c2ccb1eb","build":"191.8026.42.35.6010548","bucket":"45","time":1581524986821,"group":{"id":"ui.dialogs","version":"11"},"event":{"count":1,"data":{"code":1,"created":1581524986821,"plugin_type":"PLATFORM","type":"close"},"id":"com.intellij.openapi.progress.util.ProgressDialog$MyDialogWrapper"}}
{"recorder_version":"11","session":"abb0c2ccb1eb","build":"191.8026.42.35.6010548","bucket":"45","time":1581524986842,"group":{"id":"ui.dialogs","version":"11"},"event":{"count":1,"data":{"plugin":"Git4Idea","created":1581524986842,"plugin_type":"JB_BUNDLED","type":"show"},"id":"git4idea.checkin.GitUserNameNotDefinedDialog"}}
{"recorder_version":"11","session":"abb0c2ccb1eb","build":"191.8026.42.35.6010548","bucket":"45","time":1581524991978,"group":{"id":"actions","version":"11"},"event":{"count":1,"data":{"os":"Windows","created":1581524991978,"input_event":"Enter"},"id":"DialogOkAction"}}
{"recorder_version":"11","session":"abb0c2ccb1eb","build":"191.8026.42.35.6010548","bucket":"45","time":1581524991978,"group":{"id":"ui.dialogs","version":"11"},"event":{"count":1,"data":{"code":0,"plugin":"Git4Idea","created":1581524991979,"plugin_type":"JB_BUNDLED","type":"close"},"id":"git4idea.checkin.GitUserNameNotDefinedDialog"}}
{"recorder_version":"11","session":"abb0c2ccb1eb","build":"191.8026.42.35.6010548","bucket":"45","time":1581524992305,"group":{"id":"ui.dialogs","version":"11"},"event":{"count":1,"data":{"created":1581524992306,"plugin_type":"PLATFORM","type":"show"},"id":"com.intellij.openapi.progress.util.ProgressDialog$MyDialogWrapper"}}
{"recorder_version":"11","session":"abb0c2ccb1eb","build":"191.8026.42.35.6010548","bucket":"45","time":1581524994526,"group":{"id":"ui.dialogs","version":"11"},"event":{"count":1,"data":{"code":1,"created":1581524994526,"plugin_type":"PLATFORM","type":"close"},"id":"com.intellij.openapi.progress.util.ProgressDialog$MyDialogWrapper"}}
{"recorder_version":"11","session":"abb0c2ccb1eb","build":"191.8026.42.35.6010548","bucket":"45","time":1581524994847,"group":{"id":"ui.dialogs","version":"11"},"event":{"count":1,"data":{"created":1581524994847,"plugin_type":"PLATFORM","type":"show"},"id":"com.intellij.openapi.progress.util.ProgressDialog$MyDialogWrapper"}}
{"recorder_version":"11","session":"abb0c2ccb1eb","build":"191.8026.42.35.6010548","bucket":"45","time":1581524995681,"group":{"id":"ui.dialogs","version":"11"},"event":{"count":1,"data":{"code":1,"created":1581524995681,"plugin_type":"PLATFORM","type":"close"},"id":"com.intellij.openapi.progress.util.ProgressDialog$MyDialogWrapper"}}
{"recorder_version":"11","session":"abb0c2ccb1eb","build":"191.8026.42.35.6010548","bucket":"45","time":1581524995741,"group":{"id":"ui.dialogs","version":"11"},"event":{"count":1,"data":{"code":0,"created":1581524995741,"plugin_type":"PLATFORM","type":"close"},"id":"com.intellij.openapi.vcs.changes.ui.CommitChangeListDialog"}}
{"recorder_version":"11","session":"abb0c2ccb1eb","build":"191.8026.42.35.6010548","bucket":"45","time":1581525002906,"group":{"id":"actions","version":"11"},"event":{"count":1,"data":{"context_menu":true,"os":"Windows","plugin":"Git4Idea","created":1581525002906,"plugin_type":"JB_BUNDLED","project":"e34beb87dd0aaa7eb98b502df2478e9f9740d3b6014252c91479ccc8ae8eb023","place":"MainMenu","input_event":"MouseLeft"},"id":"Git.Pull"}}
{"recorder_version":"11","session":"abb0c2ccb1eb","build":"191.8026.42.35.6010548","bucket":"45","time":1581525002955,"group":{"id":"ui.dialogs","version":"11"},"event":{"count":1,"data":{"plugin":"Git4Idea","created":1581525002955,"plugin_type":"JB_BUNDLED","type":"show"},"id":"git4idea.merge.GitPullDialog"}}
{"recorder_version":"11","session":"abb0c2ccb1eb","build":"191.8026.42.35.6010548","bucket":"45","time":1581525015836,"group":{"id":"ui.dialogs","version":"11"},"event":{"count":1,"data":{"code":0,"plugin":"Git4Idea","created":1581525015836,"plugin_type":"JB_BUNDLED","type":"close"},"id":"git4idea.merge.GitPullDialog"}}
{"recorder_version":"11","session":"abb0c2ccb1eb","build":"191.8026.42.35.6010548","bucket":"45","time":1581525022512,"group":{"id":"performance","version":"11"},"event":{"count":1,"data":{"duration_ms":152,"created":1581525022512},"id":"ui.lagging"}}
{"recorder_version":"11","session":"abb0c2ccb1eb","build":"191.8026.42.35.6010548","bucket":"45","time":1581525027561,"group":{"id":"toolwindow","version":"11"},"event":{"count":1,"data":{"os":"Windows","created":1581525027561,"plugin_type":"PLATFORM"},"id":"Version_Control"}}
{"recorder_version":"11","session":"abb0c2ccb1eb","build":"191.8026.42.35.6010548","bucket":"45","time":1581525030777,"group":{"id":"ui.dialogs","version":"11"},"event":{"count":1,"data":{"created":1581525030777,"plugin_type":"PLATFORM","type":"show"},"id":"com.intellij.openapi.vcs.merge.MultipleFileMergeDialog"}}
{"recorder_version":"11","session":"abb0c2ccb1eb","build":"191.8026.42.35.6010548","bucket":"45","time":1581525030851,"group":{"id":"performance","version":"11"},"event":{"count":1,"data":{"duration_ms":2683,"created":1581525030851},"id":"ui.latency"}}
{"recorder_version":"11","session":"abb0c2ccb1eb","build":"191.8026.42.35.6010548","bucket":"45","time":1581525030851,"group":{"id":"performance","version":"11"},"event":{"count":1,"data":{"duration_ms":2683,"created":1581525030852},"id":"ui.lagging"}}
{"recorder_version":"11","session":"abb0c2ccb1eb","build":"191.8026.42.35.6010548","bucket":"45","time":1581525030851,"group":{"id":"performance","version":"11"},"event":{"count":1,"data":{"duration_ms":1680,"created":1581525030852},"id":"ui.lagging"}}
{"recorder_version":"11","session":"abb0c2ccb1eb","build":"191.8026.42.35.6010548","bucket":"45","time":1581525030851,"group":{"id":"performance","version":"11"},"event":{"count":1,"data":{"duration_ms":679,"created":1581525030852},"id":"ui.lagging"}}
{"recorder_version":"11","session":"abb0c2ccb1eb","build":"191.8026.42.35.6010548","bucket":"45","time":1581525035388,"group":{"id":"ui.dialogs","version":"11"},"event":{"count":1,"data":{"created":1581525035388,"plugin_type":"PLATFORM","type":"show"},"id":"com.intellij.openapi.progress.util.ProgressDialog$MyDialogWrapper"}}
{"recorder_version":"11","session":"abb0c2ccb1eb","build":"191.8026.42.35.6010548","bucket":"45","time":1581525046715,"group":{"id":"ui.dialogs","version":"11"},"event":{"count":1,"data":{"code":1,"created":1581525046716,"plugin_type":"PLATFORM","type":"close"},"id":"com.intellij.openapi.progress.util.ProgressDialog$MyDialogWrapper"}}
{"recorder_version":"11","session":"abb0c2ccb1eb","build":"191.8026.42.35.6010548","bucket":"45","time":1581525048287,"group":{"id":"ui.dialogs","version":"11"},"event":{"count":1,"data":{"created":1581525048287,"plugin_type":"PLATFORM","type":"show"},"id":"com.intellij.diff.merge.MergeWindow$MyDialog"}}
{"recorder_version":"11","session":"abb0c2ccb1eb","build":"191.8026.42.35.6010548","bucket":"45","time":1581525048310,"group":{"id":"performance","version":"11"},"event":{"count":1,"data":{"duration_ms":1107,"created":1581525048310},"id":"ui.lagging"}}
{"recorder_version":"11","session":"abb0c2ccb1eb","build":"191.8026.42.35.6010548","bucket":"45","time":1581525048310,"group":{"id":"performance","version":"11"},"event":{"count":1,"data":{"duration_ms":103,"created":1581525048310},"id":"ui.lagging"}}
{"recorder_version":"11","session":"abb0c2ccb1eb","build":"191.8026.42.35.6010548","bucket":"45","time":1581525058071,"group":{"id":"ui.dialogs","version":"11"},"event":{"count":1,"data":{"code":1,"created":1581525058071,"plugin_type":"PLATFORM","type":"close"},"id":"com.intellij.diff.merge.MergeWindow$MyDialog"}}
{"recorder_version":"11","session":"abb0c2ccb1eb","build":"191.8026.42.35.6010548","bucket":"45","time":1581525065843,"group":{"id":"performance","version":"11"},"event":{"count":1,"data":{"duration_ms":1594,"created":1581525065843},"id":"ui.lagging"}}
{"recorder_version":"11","session":"abb0c2ccb1eb","build":"191.8026.42.35.6010548","bucket":"45","time":1581525065844,"group":{"id":"performance","version":"11"},"event":{"count":1,"data":{"duration_ms":592,"created":1581525065844},"id":"ui.lagging"}}
{"recorder_version":"11","session":"abb0c2ccb1eb","build":"191.8026.42.35.6010548","bucket":"45","time":1581525067835,"group":{"id":"ui.dialogs","version":"11"},"event":{"count":1,"data":{"created":1581525067835,"plugin_type":"PLATFORM","type":"show"},"id":"com.intellij.openapi.progress.util.ProgressDialog$MyDialogWrapper"}}
{"recorder_version":"11","session":"abb0c2ccb1eb","build":"191.8026.42.35.6010548","bucket":"45","time":1581525080132,"group":{"id":"ui.dialogs","version":"11"},"event":{"count":1,"data":{"code":1,"created":1581525080132,"plugin_type":"PLATFORM","type":"close"},"id":"com.intellij.openapi.progress.util.ProgressDialog$MyDialogWrapper"}}
{"recorder_version":"11","session":"abb0c2ccb1eb","build":"191.8026.42.35.6010548","bucket":"45","time":1581525081652,"group":{"id":"ui.dialogs","version":"11"},"event":{"count":1,"data":{"created":1581525081652,"plugin_type":"PLATFORM","type":"show"},"id":"com.intellij.diff.merge.MergeWindow$MyDialog"}}
{"recorder_version":"11","session":"abb0c2ccb1eb","build":"191.8026.42.35.6010548","bucket":"45","time":1581525081667,"group":{"id":"performance","version":"11"},"event":{"count":1,"data":{"duration_ms":1366,"created":1581525081667},"id":"ui.lagging"}}
{"recorder_version":"11","session":"abb0c2ccb1eb","build":"191.8026.42.35.6010548","bucket":"45","time":1581525081667,"group":{"id":"performance","version":"11"},"event":{"count":1,"data":{"duration_ms":362,"created":1581525081667},"id":"ui.lagging"}}
{"recorder_version":"11","session":"abb0c2ccb1eb","build":"191.8026.42.35.6010548","bucket":"45","time":1581525090337,"group":{"id":"actions","version":"11"},"event":{"count":2,"data":{"context_menu":false,"os":"Windows","last":1581525092200,"created":1581525090337,"plugin_type":"PLATFORM","project":"e34beb87dd0aaa7eb98b502df2478e9f9740d3b6014252c91479ccc8ae8eb023","place":"ICON_NAVIGATION","input_event":"MouseLeft"},"id":"com.intellij.openapi.project.DumbAwareAction$1"}}
{"recorder_version":"11","session":"abb0c2ccb1eb","build":"191.8026.42.35.6010548","bucket":"45","time":1581525093712,"group":{"id":"ui.dialogs","version":"11"},"event":{"count":1,"data":{"created":1581525093712,"plugin_type":"PLATFORM","type":"show"},"id":"com.intellij.openapi.ui.messages.MessageDialog"}}
{"recorder_version":"11","session":"abb0c2ccb1eb","build":"191.8026.42.35.6010548","bucket":"45","time":1581525096761,"group":{"id":"ui.dialogs","version":"11"},"event":{"count":1,"data":{"code":1,"created":1581525096761,"plugin_type":"PLATFORM","type":"close"},"id":"com.intellij.diff.merge.MergeWindow$MyDialog"}}
{"recorder_version":"11","session":"abb0c2ccb1eb","build":"191.8026.42.35.6010548","bucket":"45","time":1581525096772,"group":{"id":"ui.dialogs","version":"11"},"event":{"count":1,"data":{"code":1,"created":1581525096772,"plugin_type":"PLATFORM","type":"close"},"id":"com.intellij.openapi.vcs.merge.MultipleFileMergeDialog"}}
{"recorder_version":"11","session":"abb0c2ccb1eb","build":"191.8026.42.35.6010548","bucket":"45","time":1581525096779,"group":{"id":"performance","version":"11"},"event":{"count":1,"data":{"duration_ms":1428,"created":1581525096779},"id":"ui.lagging"}}
{"recorder_version":"11","session":"abb0c2ccb1eb","build":"191.8026.42.35.6010548","bucket":"45","time":1581525096792,"group":{"id":"performance","version":"11"},"event":{"count":1,"data":{"duration_ms":440,"created":1581525096793},"id":"ui.lagging"}}
{"recorder_version":"11","session":"abb0c2ccb1eb","build":"191.8026.42.35.6010548","bucket":"45","time":1581525099714,"group":{"id":"toolwindow","version":"11"},"event":{"count":2,"data":{"os":"Windows","last":1581525100724,"created":1581525099714,"plugin_type":"PLATFORM"},"id":"Project"}}
{"recorder_version":"11","session":"abb0c2ccb1eb","build":"191.8026.42.35.6010548","bucket":"45","time":1581525112859,"group":{"id":"file.types.usage","version":"11"},"event":{"count":1,"data":{"plugin":"org.jetbrains.kotlin","created":1581525112859,"plugin_type":"JB_BUNDLED","project":"e34beb87dd0aaa7eb98b502df2478e9f9740d3b6014252c91479ccc8ae8eb023","type":"open"},"id":"Kotlin"}}
{"recorder_version":"11","session":"abb0c2ccb1eb","build":"191.8026.42.35.6010548","bucket":"45","time":1581525116845,"group":{"id":"actions","version":"11"},"event":{"count":1,"data":{"context_menu":false,"os":"Windows","created":1581525116845,"plugin_type":"PLATFORM","project":"e34beb87dd0aaa7eb98b502df2478e9f9740d3b6014252c91479ccc8ae8eb023","place":"MainMenu","input_event":"Delete"},"id":"$Delete"}}
{"recorder_version":"11","session":"abb0c2ccb1eb","build":"191.8026.42.35.6010548","bucket":"45","time":1581525116880,"group":{"id":"ui.dialogs","version":"11"},"event":{"count":1,"data":{"created":1581525116880,"plugin_type":"PLATFORM","type":"show"},"id":"com.intellij.openapi.ui.messages.MessageDialog"}}
{"recorder_version":"11","session":"abb0c2ccb1eb","build":"191.8026.42.35.6010548","bucket":"45","time":1581525117711,"group":{"id":"actions","version":"11"},"event":{"count":1,"data":{"context_menu":false,"os":"Windows","created":1581525117711,"plugin_type":"PLATFORM","project":"e34beb87dd0aaa7eb98b502df2478e9f9740d3b6014252c91479ccc8ae8eb023","place":"MainMenu","input_event":"Enter"},"id":"com.intellij.openapi.ui.DialogWrapper$6"}}
{"recorder_version":"11","session":"abb0c2ccb1eb","build":"191.8026.42.35.6010548","bucket":"45","time":1581525121679,"group":{"id":"actions","version":"11"},"event":{"count":1,"data":{"context_menu":false,"os":"Windows","created":1581525121679,"plugin_type":"PLATFORM","project":"e34beb87dd0aaa7eb98b502df2478e9f9740d3b6014252c91479ccc8ae8eb023","place":"MainMenu","input_event":"Delete"},"id":"$Delete"}}
{"recorder_version":"11","session":"abb0c2ccb1eb","build":"191.8026.42.35.6010548","bucket":"45","time":1581525121684,"group":{"id":"ui.dialogs","version":"11"},"event":{"count":1,"data":{"created":1581525121684,"plugin_type":"PLATFORM","type":"show"},"id":"com.intellij.openapi.ui.messages.MessageDialog"}}
{"recorder_version":"11","session":"abb0c2ccb1eb","build":"191.8026.42.35.6010548","bucket":"45","time":1581525122632,"group":{"id":"actions","version":"11"},"event":{"count":1,"data":{"context_menu":false,"os":"Windows","created":1581525122632,"plugin_type":"PLATFORM","project":"e34beb87dd0aaa7eb98b502df2478e9f9740d3b6014252c91479ccc8ae8eb023","place":"MainMenu","input_event":"Enter"},"id":"com.intellij.openapi.ui.DialogWrapper$6"}}
{"recorder_version":"11","session":"abb0c2ccb1eb","build":"191.8026.42.35.6010548","bucket":"45","time":1581525126163,"group":{"id":"actions","version":"11"},"event":{"count":11,"data":{"context_menu":false,"os":"Windows","last":1581525126937,"created":1581525126163,"plugin_type":"PLATFORM","project":"e34beb87dd0aaa7eb98b502df2478e9f9740d3b6014252c91479ccc8ae8eb023","place":"MainMenu","input_event":"Down"},"id":"Tree-selectNext"}}
{"recorder_version":"11","session":"abb0c2ccb1eb","build":"191.8026.42.35.6010548","bucket":"45","time":1581525127324,"group":{"id":"actions","version":"11"},"event":{"count":1,"data":{"context_menu":false,"os":"Windows","created":1581525127325,"plugin_type":"PLATFORM","project":"e34beb87dd0aaa7eb98b502df2478e9f9740d3b6014252c91479ccc8ae8eb023","place":"MainMenu","input_event":"Up"},"id":"Tree-selectPrevious"}}
{"recorder_version":"11","session":"abb0c2ccb1eb","build":"191.8026.42.35.6010548","bucket":"45","time":1581525128000,"group":{"id":"actions","version":"11"},"event":{"count":16,"data":{"context_menu":false,"os":"Windows","last":1581525129117,"created":1581525128000,"plugin_type":"PLATFORM","project":"e34beb87dd0aaa7eb98b502df2478e9f9740d3b6014252c91479ccc8ae8eb023","place":"MainMenu","input_event":"Down"},"id":"Tree-selectNext"}}
{"recorder_version":"11","session":"abb0c2ccb1eb","build":"191.8026.42.35.6010548","bucket":"45","time":1581525129419,"group":{"id":"actions","version":"11"},"event":{"count":2,"data":{"context_menu":false,"os":"Windows","last":1581525129605,"created":1581525129419,"plugin_type":"PLATFORM","project":"e34beb87dd0aaa7eb98b502df2478e9f9740d3b6014252c91479ccc8ae8eb023","place":"MainMenu","input_event":"Up"},"id":"Tree-selectPrevious"}}
{"recorder_version":"11","session":"abb0c2ccb1eb","build":"191.8026.42.35.6010548","bucket":"45","time":1581525129923,"group":{"id":"file.types.usage","version":"11"},"event":{"count":1,"data":{"plugin":"org.jetbrains.kotlin","created":1581525129923,"plugin_type":"JB_BUNDLED","project":"e34beb87dd0aaa7eb98b502df2478e9f9740d3b6014252c91479ccc8ae8eb023","type":"open"},"id":"Kotlin"}}
{"recorder_version":"11","session":"abb0c2ccb1eb","build":"191.8026.42.35.6010548","bucket":"45","time":1581525130415,"group":{"id":"actions","version":"11"},"event":{"count":1,"data":{"context_menu":false,"os":"Windows","created":1581525130415,"plugin_type":"PLATFORM","project":"e34beb87dd0aaa7eb98b502df2478e9f9740d3b6014252c91479ccc8ae8eb023","place":"MainMenu","input_event":"Up"},"id":"Tree-selectPrevious"}}
{"recorder_version":"11","session":"abb0c2ccb1eb","build":"191.8026.42.35.6010548","bucket":"45","time":1581525130647,"group":{"id":"file.types.usage","version":"11"},"event":{"count":1,"data":{"plugin":"org.jetbrains.kotlin","created":1581525130647,"plugin_type":"JB_BUNDLED","project":"e34beb87dd0aaa7eb98b502df2478e9f9740d3b6014252c91479ccc8ae8eb023","type":"open"},"id":"Kotlin"}}
{"recorder_version":"11","session":"abb0c2ccb1eb","build":"191.8026.42.35.6010548","bucket":"45","time":1581525131034,"group":{"id":"actions","version":"11"},"event":{"count":1,"data":{"context_menu":false,"os":"Windows","created":1581525131034,"plugin_type":"PLATFORM","project":"e34beb87dd0aaa7eb98b502df2478e9f9740d3b6014252c91479ccc8ae8eb023","place":"MainMenu","input_event":"Up"},"id":"Tree-selectPrevious"}}
{"recorder_version":"11","session":"abb0c2ccb1eb","build":"191.8026.42.35.6010548","bucket":"45","time":1581525131451,"group":{"id":"performance","version":"11"},"event":{"count":1,"data":{"duration_ms":0,"created":1581525131451},"id":"ui.latency"}}
{"recorder_version":"11","session":"abb0c2ccb1eb","build":"191.8026.42.35.6010548","bucket":"45","time":1581525131677,"group":{"id":"file.types.usage","version":"11"},"event":{"count":1,"data":{"plugin":"org.jetbrains.kotlin","created":1581525131677,"plugin_type":"JB_BUNDLED","project":"e34beb87dd0aaa7eb98b502df2478e9f9740d3b6014252c91479ccc8ae8eb023","type":"open"},"id":"Kotlin"}}
{"recorder_version":"11","session":"abb0c2ccb1eb","build":"191.8026.42.35.6010548","bucket":"45","time":1581525140054,"group":{"id":"actions","version":"11"},"event":{"count":1,"data":{"context_menu":false,"os":"Windows","created":1581525140054,"plugin_type":"PLATFORM","project":"e34beb87dd0aaa7eb98b502df2478e9f9740d3b6014252c91479ccc8ae8eb023","place":"MainMenu","input_event":"Alt+Enter"},"id":"ShowIntentionActions"}}
{"recorder_version":"11","session":"abb0c2ccb1eb","build":"191.8026.42.35.6010548","bucket":"45","time":1581525147436,"group":{"id":"file.types.usage","version":"11"},"event":{"count":1,"data":{"schema":"Gradle","plugin":"org.intellij.groovy","created":1581525147436,"plugin_type":"JB_BUNDLED","project":"e34beb87dd0aaa7eb98b502df2478e9f9740d3b6014252c91479ccc8ae8eb023","type":"open"},"id":"Groovy"}}
{"recorder_version":"11","session":"abb0c2ccb1eb","build":"191.8026.42.35.6010548","bucket":"45","time":1581525152065,"group":{"id":"actions","version":"11"},"event":{"count":19,"data":{"context_menu":false,"os":"Windows","last":1581525156406,"created":1581525152065,"plugin_type":"PLATFORM","project":"e34beb87dd0aaa7eb98b502df2478e9f9740d3b6014252c91479ccc8ae8eb023","place":"MainMenu","input_event":"Up"},"id":"EditorUp"}}
{"recorder_version":"11","session":"abb0c2ccb1eb","build":"191.8026.42.35.6010548","bucket":"45","time":1581525168380,"group":{"id":"actions","version":"11"},"event":{"count":1,"data":{"context_menu":false,"os":"Windows","created":1581525168380,"plugin_type":"NOT_LISTED","project":"e34beb87dd0aaa7eb98b502df2478e9f9740d3b6014252c91479ccc8ae8eb023","place":"NavBarToolbar","input_event":"MouseLeft"},"id":"third.party"}}
{"recorder_version":"11","session":"abb0c2ccb1eb","build":"191.8026.42.35.6010548","bucket":"45","time":1581525168392,"group":{"id":"toolbar","version":"11"},"event":{"count":1,"data":{"os":"Windows","created":1581525168392,"plugin_type":"NOT_LISTED","place":"NavBarToolbar"},"id":"third.party"}}
{"recorder_version":"11","session":"abb0c2ccb1eb","build":"191.8026.42.35.6010548","bucket":"45","time":1581525176340,"group":{"id":"actions","version":"11"},"event":{"count":1,"data":{"context_menu":true,"os":"Windows","created":1581525176340,"plugin_type":"PLATFORM","project":"e34beb87dd0aaa7eb98b502df2478e9f9740d3b6014252c91479ccc8ae8eb023","place":"MainMenu","input_event":"MouseLeft"},"id":"com.intellij.openapi.actionSystem.impl.ChameleonAction"}}
{"recorder_version":"11","session":"abb0c2ccb1eb","build":"191.8026.42.35.6010548","bucket":"45","time":1581525176795,"group":{"id":"ui.dialogs","version":"11"},"event":{"count":1,"data":{"created":1581525176795,"plugin_type":"NOT_LISTED","type":"show"},"id":"third.party"}}
{"recorder_version":"11","session":"abb0c2ccb1eb","build":"191.8026.42.35.6010548","bucket":"45","time":1581525176965,"group":{"id":"performance","version":"11"},"event":{"count":1,"data":{"duration_ms":403,"created":1581525176965},"id":"ui.lagging"}}
{"recorder_version":"11","session":"abb0c2ccb1eb","build":"191.8026.42.35.6010548","bucket":"45","time":1581525218712,"group":{"id":"ui.dialogs","version":"11"},"event":{"count":1,"data":{"code":0,"created":1581525218712,"plugin_type":"NOT_LISTED","type":"close"},"id":"third.party"}}
{"recorder_version":"11","session":"abb0c2ccb1eb","build":"191.8026.42.35.6010548","bucket":"45","time":1581525218792,"group":{"id":"performance","version":"11"},"event":{"count":1,"data":{"duration_ms":116,"created":1581525218792},"id":"ui.lagging"}}
{"recorder_version":"11","session":"abb0c2ccb1eb","build":"191.8026.42.35.6010548","bucket":"45","time":1581525218845,"group":{"id":"toolwindow","version":"11"},"event":{"count":1,"data":{"os":"Windows","created":1581525218845,"plugin_type":"PLATFORM"},"id":"Build"}}
{"recorder_version":"11","session":"abb0c2ccb1eb","build":"191.8026.42.35.6010548","bucket":"45","time":1581525227328,"group":{"id":"actions","version":"11"},"event":{"count":1,"data":{"context_menu":false,"os":"Windows","created":1581525227328,"plugin_type":"PLATFORM","project":"e34beb87dd0aaa7eb98b502df2478e9f9740d3b6014252c91479ccc8ae8eb023","place":"MainMenu","input_event":"Ctrl+C"},"id":"EditorCopy"}}
{"recorder_version":"11","session":"abb0c2ccb1eb","build":"191.8026.42.35.6010548","bucket":"45","time":1581525231718,"group":{"id":"performance","version":"11"},"event":{"count":1,"data":{"duration_ms":0,"created":1581525231718},"id":"ui.latency"}}
{"recorder_version":"11","session":"abb0c2ccb1eb","build":"191.8026.42.35.6010548","bucket":"45","time":1581525251785,"group":{"id":"toolwindow","version":"11"},"event":{"count":1,"data":{"os":"Windows","created":1581525251786,"plugin_type":"PLATFORM"},"id":"Project"}}
{"recorder_version":"11","session":"abb0c2ccb1eb","build":"191.8026.42.35.6010548","bucket":"45","time":1581525252051,"group":{"id":"file.types.usage","version":"11"},"event":{"count":1,"data":{"schema":"Gradle","plugin":"org.intellij.groovy","created":1581525252051,"plugin_type":"JB_BUNDLED","project":"e34beb87dd0aaa7eb98b502df2478e9f9740d3b6014252c91479ccc8ae8eb023","type":"open"},"id":"Groovy"}}
{"recorder_version":"11","session":"abb0c2ccb1eb","build":"191.8026.42.35.6010548","bucket":"45","time":1581525253344,"group":{"id":"actions","version":"11"},"event":{"count":12,"data":{"context_menu":false,"os":"Windows","last":1581525254303,"created":1581525253344,"plugin_type":"PLATFORM","project":"e34beb87dd0aaa7eb98b502df2478e9f9740d3b6014252c91479ccc8ae8eb023","place":"MainMenu","input_event":"Down"},"id":"EditorDown"}}
{"recorder_version":"11","session":"abb0c2ccb1eb","build":"191.8026.42.35.6010548","bucket":"45","time":1581525254705,"group":{"id":"actions","version":"11"},"event":{"count":5,"data":{"context_menu":false,"os":"Windows","last":1581525255547,"created":1581525254705,"plugin_type":"PLATFORM","project":"e34beb87dd0aaa7eb98b502df2478e9f9740d3b6014252c91479ccc8ae8eb023","place":"MainMenu","input_event":"Up"},"id":"EditorUp"}}
{"recorder_version":"11","session":"abb0c2ccb1eb","build":"191.8026.42.35.6010548","bucket":"45","time":1581525255748,"group":{"id":"actions","version":"11"},"event":{"count":26,"data":{"context_menu":false,"os":"Windows","last":1581525257219,"created":1581525255748,"plugin_type":"PLATFORM","project":"e34beb87dd0aaa7eb98b502df2478e9f9740d3b6014252c91479ccc8ae8eb023","place":"MainMenu","input_event":"Right"},"id":"EditorRight"}}
{"recorder_version":"11","session":"abb0c2ccb1eb","build":"191.8026.42.35.6010548","bucket":"45","time":1581525257967,"group":{"id":"actions","version":"11"},"event":{"count":1,"data":{"context_menu":false,"os":"Windows","created":1581525257967,"plugin_type":"PLATFORM","project":"e34beb87dd0aaa7eb98b502df2478e9f9740d3b6014252c91479ccc8ae8eb023","place":"MainMenu","input_event":"Backspace"},"id":"EditorBackSpace"}}
{"recorder_version":"11","session":"abb0c2ccb1eb","build":"191.8026.42.35.6010548","bucket":"45","time":1581525258448,"group":{"id":"actions","version":"11"},"event":{"count":15,"data":{"context_menu":false,"os":"Windows","last":1581525259343,"created":1581525258448,"plugin_type":"PLATFORM","project":"e34beb87dd0aaa7eb98b502df2478e9f9740d3b6014252c91479ccc8ae8eb023","place":"MainMenu","input_event":"Down"},"id":"EditorDown"}}
{"recorder_version":"11","session":"abb0c2ccb1eb","build":"191.8026.42.35.6010548","bucket":"45","time":1581525259566,"group":{"id":"actions","version":"11"},"event":{"count":27,"data":{"context_menu":false,"os":"Windows","last":1581525260823,"created":1581525259566,"plugin_type":"PLATFORM","project":"e34beb87dd0aaa7eb98b502df2478e9f9740d3b6014252c91479ccc8ae8eb023","place":"MainMenu","input_event":"Up"},"id":"EditorUp"}}
{"recorder_version":"11","session":"abb0c2ccb1eb","build":"191.8026.42.35.6010548","bucket":"45","time":1581525263951,"group":{"id":"toolwindow","version":"11"},"event":{"count":1,"data":{"os":"Windows","created":1581525263951,"plugin_type":"PLATFORM"},"id":"Build"}}
{"recorder_version":"11","session":"abb0c2ccb1eb","build":"191.8026.42.35.6010548","bucket":"45","time":1581525264613,"group":{"id":"actions","version":"11"},"event":{"count":22,"data":{"context_menu":false,"os":"Windows","last":1581525265720,"created":1581525264613,"plugin_type":"PLATFORM","project":"e34beb87dd0aaa7eb98b502df2478e9f9740d3b6014252c91479ccc8ae8eb023","place":"MainMenu","input_event":"Up"},"id":"EditorUp"}}
{"recorder_version":"11","session":"abb0c2ccb1eb","build":"191.8026.42.35.6010548","bucket":"45","time":1581525266866,"group":{"id":"toolwindow","version":"11"},"event":{"count":1,"data":{"os":"Windows","created":1581525266866,"plugin_type":"PLATFORM"},"id":"Project"}}
{"recorder_version":"11","session":"abb0c2ccb1eb","build":"191.8026.42.35.6010548","bucket":"45","time":1581525267896,"group":{"id":"actions","version":"11"},"event":{"count":54,"data":{"context_menu":false,"os":"Windows","last":1581525272889,"created":1581525267896,"plugin_type":"PLATFORM","project":"e34beb87dd0aaa7eb98b502df2478e9f9740d3b6014252c91479ccc8ae8eb023","place":"MainMenu","input_event":"Up"},"id":"EditorUp"}}
{"recorder_version":"11","session":"abb0c2ccb1eb","build":"191.8026.42.35.6010548","bucket":"45","time":1581525274001,"group":{"id":"actions","version":"11"},"event":{"count":59,"data":{"context_menu":false,"os":"Windows","last":1581525276688,"created":1581525274001,"plugin_type":"PLATFORM","project":"e34beb87dd0aaa7eb98b502df2478e9f9740d3b6014252c91479ccc8ae8eb023","place":"MainMenu","input_event":"Down"},"id":"EditorDown"}}
{"recorder_version":"11","session":"abb0c2ccb1eb","build":"191.8026.42.35.6010548","bucket":"45","time":1581525289312,"group":{"id":"actions","version":"11"},"event":{"count":18,"data":{"context_menu":false,"os":"Windows","last":1581525293466,"created":1581525289312,"plugin_type":"PLATFORM","project":"e34beb87dd0aaa7eb98b502df2478e9f9740d3b6014252c91479ccc8ae8eb023","place":"MainMenu","input_event":"Down"},"id":"EditorDown"}}
{"recorder_version":"11","session":"abb0c2ccb1eb","build":"191.8026.42.35.6010548","bucket":"45","time":1581525296447,"group":{"id":"toolwindow","version":"11"},"event":{"count":1,"data":{"os":"Windows","created":1581525296447,"plugin_type":"PLATFORM"},"id":"Build"}}
{"recorder_version":"11","session":"abb0c2ccb1eb","build":"191.8026.42.35.6010548","bucket":"45","time":1581525303266,"group":{"id":"toolwindow","version":"11"},"event":{"count":1,"data":{"os":"Windows","created":1581525303266,"plugin_type":"PLATFORM"},"id":"Project"}}
{"recorder_version":"11","session":"abb0c2ccb1eb","build":"191.8026.42.35.6010548","bucket":"45","time":1581525303501,"group":{"id":"file.types.usage","version":"11"},"event":{"count":1,"data":{"plugin":"com.intellij.properties","created":1581525303501,"plugin_type":"JB_BUNDLED","project":"e34beb87dd0aaa7eb98b502df2478e9f9740d3b6014252c91479ccc8ae8eb023","type":"open"},"id":"Properties"}}
{"recorder_version":"11","session":"abb0c2ccb1eb","build":"191.8026.42.35.6010548","bucket":"45","time":1581525306462,"group":{"id":"actions","version":"11"},"event":{"count":23,"data":{"context_menu":false,"os":"Windows","last":1581525309054,"created":1581525306462,"plugin_type":"PLATFORM","project":"e34beb87dd0aaa7eb98b502df2478e9f9740d3b6014252c91479ccc8ae8eb023","place":"MainMenu","input_event":"Up"},"id":"EditorUp"}}
{"recorder_version":"11","session":"abb0c2ccb1eb","build":"191.8026.42.35.6010548","bucket":"45","time":1581525309739,"group":{"id":"actions","version":"11"},"event":{"count":58,"data":{"context_menu":false,"os":"Windows","last":1581525311929,"created":1581525309739,"plugin_type":"PLATFORM","project":"e34beb87dd0aaa7eb98b502df2478e9f9740d3b6014252c91479ccc8ae8eb023","place":"MainMenu","input_event":"Down"},"id":"EditorDown"}}
{"recorder_version":"11","session":"abb0c2ccb1eb","build":"191.8026.42.35.6010548","bucket":"45","time":1581525312168,"group":{"id":"actions","version":"11"},"event":{"count":3,"data":{"context_menu":false,"os":"Windows","last":1581525312520,"created":1581525312168,"plugin_type":"PLATFORM","project":"e34beb87dd0aaa7eb98b502df2478e9f9740d3b6014252c91479ccc8ae8eb023","place":"MainMenu","input_event":"Up"},"id":"EditorUp"}}
{"recorder_version":"11","session":"abb0c2ccb1eb","build":"191.8026.42.35.6010548","bucket":"45","time":1581525312888,"group":{"id":"actions","version":"11"},"event":{"count":1,"data":{"context_menu":false,"os":"Windows","created":1581525312888,"plugin_type":"PLATFORM","project":"e34beb87dd0aaa7eb98b502df2478e9f9740d3b6014252c91479ccc8ae8eb023","place":"MainMenu","input_event":"Ctrl+F"},"id":"Find"}}
{"recorder_version":"11","session":"abb0c2ccb1eb","build":"191.8026.42.35.6010548","bucket":"45","time":1581525313070,"group":{"id":"performance","version":"11"},"event":{"count":1,"data":{"duration_ms":150,"created":1581525313070},"id":"ui.lagging"}}
{"recorder_version":"11","session":"abb0c2ccb1eb","build":"191.8026.42.35.6010548","bucket":"45","time":1581525314974,"group":{"id":"actions","version":"11"},"event":{"count":1,"data":{"context_menu":false,"os":"Windows","created":1581525314974,"plugin_type":"PLATFORM","project":"e34beb87dd0aaa7eb98b502df2478e9f9740d3b6014252c91479ccc8ae8eb023","place":"MainMenu","input_event":"Escape"},"id":"com.intellij.find.SearchReplaceComponent$10"}}
{"recorder_version":"11","session":"abb0c2ccb1eb","build":"191.8026.42.35.6010548","bucket":"45","time":1581525316966,"group":{"id":"toolwindow","version":"11"},"event":{"count":1,"data":{"os":"Windows","created":1581525316966,"plugin_type":"PLATFORM"},"id":"Build"}}
{"recorder_version":"11","session":"abb0c2ccb1eb","build":"191.8026.42.35.6010548","bucket":"45","time":1581525331979,"group":{"id":"performance","version":"11"},"event":{"count":1,"data":{"duration_ms":0,"created":1581525331979},"id":"ui.latency"}}
{"recorder_version":"11","session":"abb0c2ccb1eb","build":"191.8026.42.35.6010548","bucket":"45","time":1581525332292,"group":{"id":"toolwindow","version":"11"},"event":{"count":1,"data":{"os":"Windows","created":1581525332292,"plugin_type":"PLATFORM"},"id":"Project"}}
{"recorder_version":"11","session":"abb0c2ccb1eb","build":"191.8026.42.35.6010548","bucket":"45","time":1581525333841,"group":{"id":"actions","version":"11"},"event":{"count":24,"data":{"context_menu":false,"os":"Windows","last":1581525335367,"created":1581525333841,"plugin_type":"PLATFORM","project":"e34beb87dd0aaa7eb98b502df2478e9f9740d3b6014252c91479ccc8ae8eb023","place":"MainMenu","input_event":"Up"},"id":"EditorUp"}}
{"recorder_version":"11","session":"abb0c2ccb1eb","build":"191.8026.42.35.6010548","bucket":"45","time":1581525335648,"group":{"id":"actions","version":"11"},"event":{"count":41,"data":{"context_menu":false,"os":"Windows","last":1581525337655,"created":1581525335648,"plugin_type":"PLATFORM","project":"e34beb87dd0aaa7eb98b502df2478e9f9740d3b6014252c91479ccc8ae8eb023","place":"MainMenu","input_event":"Down"},"id":"EditorDown"}}
{"recorder_version":"11","session":"abb0c2ccb1eb","build":"191.8026.42.35.6010548","bucket":"45","time":1581525339199,"group":{"id":"actions","version":"11"},"event":{"count":43,"data":{"context_menu":false,"os":"Windows","last":1581525342328,"created":1581525339199,"plugin_type":"PLATFORM","project":"e34beb87dd0aaa7eb98b502df2478e9f9740d3b6014252c91479ccc8ae8eb023","place":"MainMenu","input_event":"Up"},"id":"EditorUp"}}
{"recorder_version":"11","session":"abb0c2ccb1eb","build":"191.8026.42.35.6010548","bucket":"45","time":1581525349362,"group":{"id":"actions","version":"11"},"event":{"count":1,"data":{"context_menu":false,"os":"Windows","created":1581525349362,"plugin_type":"PLATFORM","project":"e34beb87dd0aaa7eb98b502df2478e9f9740d3b6014252c91479ccc8ae8eb023","place":"MainMenu","input_event":"Ctrl+C"},"id":"EditorCopy"}}
{"recorder_version":"11","session":"abb0c2ccb1eb","build":"191.8026.42.35.6010548","bucket":"45","time":1581525354922,"group":{"id":"toolwindow","version":"11"},"event":{"count":1,"data":{"os":"Windows","created":1581525354922,"plugin_type":"PLATFORM"},"id":"Build"}}
{"recorder_version":"11","session":"abb0c2ccb1eb","build":"191.8026.42.35.6010548","bucket":"45","time":1581525356903,"group":{"id":"actions","version":"11"},"event":{"count":1,"data":{"context_menu":true,"os":"Windows","created":1581525356903,"plugin_type":"PLATFORM","project":"e34beb87dd0aaa7eb98b502df2478e9f9740d3b6014252c91479ccc8ae8eb023","place":"EditorPopup","input_event":"MouseLeft"},"id":"$Copy"}}
{"recorder_version":"11","session":"abb0c2ccb1eb","build":"191.8026.42.35.6010548","bucket":"45","time":1581525375191,"group":{"id":"actions","version":"11"},"event":{"count":2,"data":{"context_menu":false,"os":"Windows","last":1581525375406,"created":1581525375191,"plugin_type":"PLATFORM","project":"e34beb87dd0aaa7eb98b502df2478e9f9740d3b6014252c91479ccc8ae8eb023","place":"MainMenu","input_event":"Up"},"id":"EditorUp"}}
{"recorder_version":"11","session":"abb0c2ccb1eb","build":"191.8026.42.35.6010548","bucket":"45","time":1581525375956,"group":{"id":"actions","version":"11"},"event":{"count":1,"data":{"context_menu":false,"os":"Windows","created":1581525375956,"plugin_type":"PLATFORM","project":"e34beb87dd0aaa7eb98b502df2478e9f9740d3b6014252c91479ccc8ae8eb023","place":"MainMenu","input_event":"Down"},"id":"EditorDown"}}
{"recorder_version":"11","session":"abb0c2ccb1eb","build":"191.8026.42.35.6010548","bucket":"45","time":1581525376147,"group":{"id":"actions","version":"11"},"event":{"count":1,"data":{"context_menu":false,"os":"Windows","created":1581525376147,"plugin_type":"PLATFORM","project":"e34beb87dd0aaa7eb98b502df2478e9f9740d3b6014252c91479ccc8ae8eb023","place":"MainMenu","input_event":"Left"},"id":"EditorLeft"}}
{"recorder_version":"11","session":"abb0c2ccb1eb","build":"191.8026.42.35.6010548","bucket":"45","time":1581525376697,"group":{"id":"actions","version":"11"},"event":{"count":2,"data":{"context_menu":false,"os":"Windows","last":1581525376846,"created":1581525376697,"plugin_type":"PLATFORM","project":"e34beb87dd0aaa7eb98b502df2478e9f9740d3b6014252c91479ccc8ae8eb023","place":"MainMenu","input_event":"Backspace"},"id":"EditorBackSpace"}}
{"recorder_version":"11","session":"abb0c2ccb1eb","build":"191.8026.42.35.6010548","bucket":"45","time":1581525377189,"group":{"id":"file.types.usage","version":"11"},"event":{"count":1,"data":{"schema":"Gradle","plugin":"org.intellij.groovy","created":1581525377189,"plugin_type":"JB_BUNDLED","project":"e34beb87dd0aaa7eb98b502df2478e9f9740d3b6014252c91479ccc8ae8eb023","type":"edit"},"id":"Groovy"}}
{"recorder_version":"11","session":"abb0c2ccb1eb","build":"191.8026.42.35.6010548","bucket":"45","time":1581525378057,"group":{"id":"actions","version":"11"},"event":{"count":1,"data":{"context_menu":false,"os":"Windows","created":1581525378057,"plugin_type":"PLATFORM","project":"e34beb87dd0aaa7eb98b502df2478e9f9740d3b6014252c91479ccc8ae8eb023","place":"MainMenu","input_event":"Backspace"},"id":"EditorBackSpace"}}
{"recorder_version":"11","session":"abb0c2ccb1eb","build":"191.8026.42.35.6010548","bucket":"45","time":1581525378723,"group":{"id":"actions","version":"11"},"event":{"count":1,"data":{"context_menu":false,"os":"Windows","created":1581525378723,"plugin_type":"PLATFORM","project":"e34beb87dd0aaa7eb98b502df2478e9f9740d3b6014252c91479ccc8ae8eb023","place":"MainMenu","input_event":"Left"},"id":"EditorLeft"}}
{"recorder_version":"11","session":"abb0c2ccb1eb","build":"191.8026.42.35.6010548","bucket":"45","time":1581525378925,"group":{"id":"actions","version":"11"},"event":{"count":1,"data":{"context_menu":false,"os":"Windows","created":1581525378925,"plugin_type":"PLATFORM","project":"e34beb87dd0aaa7eb98b502df2478e9f9740d3b6014252c91479ccc8ae8eb023","place":"MainMenu","input_event":"Enter"},"id":"EditorEnter"}}
{"recorder_version":"11","session":"abb0c2ccb1eb","build":"191.8026.42.35.6010548","bucket":"45","time":1581525379156,"group":{"id":"actions","version":"11"},"event":{"count":1,"data":{"context_menu":false,"os":"Windows","created":1581525379156,"plugin_type":"PLATFORM","project":"e34beb87dd0aaa7eb98b502df2478e9f9740d3b6014252c91479ccc8ae8eb023","place":"MainMenu","input_event":"Ctrl+V"},"id":"EditorPaste"}}
{"recorder_version":"11","session":"abb0c2ccb1eb","build":"191.8026.42.35.6010548","bucket":"45","time":1581525383406,"group":{"id":"actions","version":"11"},"event":{"count":16,"data":{"context_menu":false,"os":"Windows","last":1581525384331,"created":1581525383406,"plugin_type":"PLATFORM","project":"e34beb87dd0aaa7eb98b502df2478e9f9740d3b6014252c91479ccc8ae8eb023","place":"MainMenu","input_event":"Down"},"id":"EditorDown"}}
{"recorder_version":"11","session":"abb0c2ccb1eb","build":"191.8026.42.35.6010548","bucket":"45","time":1581525406321,"group":{"id":"actions","version":"11"},"event":{"count":2,"data":{"context_menu":false,"os":"Windows","last":1581525409276,"created":1581525406321,"plugin_type":"PLATFORM","project":"e34beb87dd0aaa7eb98b502df2478e9f9740d3b6014252c91479ccc8ae8eb023","place":"MainMenu","input_event":"Ctrl+MouseLeft"},"id":"com.intellij.execution.impl.ConsoleViewImpl$HyperlinkNavigationAction"}}
{"recorder_version":"11","session":"abb0c2ccb1eb","build":"191.8026.42.35.6010548","bucket":"45","time":1581525427492,"group":{"id":"actions","version":"11"},"event":{"count":1,"data":{"context_menu":false,"os":"Windows","created":1581525427492,"plugin_type":"PLATFORM","project":"e34beb87dd0aaa7eb98b502df2478e9f9740d3b6014252c91479ccc8ae8eb023","place":"MainMenu","input_event":"Ctrl+MouseLeft"},"id":"com.intellij.execution.impl.ConsoleViewImpl$HyperlinkNavigationAction"}}
{"recorder_version":"11","session":"abb0c2ccb1eb","build":"191.8026.42.35.6010548","bucket":"45","time":1581525432757,"group":{"id":"performance","version":"11"},"event":{"count":1,"data":{"duration_ms":1,"created":1581525432757},"id":"ui.latency"}}
{"recorder_version":"11","session":"abb0c2ccb1eb","build":"191.8026.42.35.6010548","bucket":"45","time":1581525434882,"group":{"id":"actions","version":"11"},"event":{"count":1,"data":{"context_menu":false,"os":"Windows","created":1581525434882,"plugin_type":"PLATFORM","project":"e34beb87dd0aaa7eb98b502df2478e9f9740d3b6014252c91479ccc8ae8eb023","place":"MainMenu","input_event":"Down"},"id":"EditorDown"}}
{"recorder_version":"11","session":"abb0c2ccb1eb","build":"191.8026.42.35.6010548","bucket":"45","time":1581525435240,"group":{"id":"actions","version":"11"},"event":{"count":15,"data":{"context_menu":false,"os":"Windows","last":1581525436133,"created":1581525435240,"plugin_type":"PLATFORM","project":"e34beb87dd0aaa7eb98b502df2478e9f9740d3b6014252c91479ccc8ae8eb023","place":"MainMenu","input_event":"Up"},"id":"EditorUp"}}
{"recorder_version":"11","session":"abb0c2ccb1eb","build":"191.8026.42.35.6010548","bucket":"45","time":1581525436424,"group":{"id":"actions","version":"11"},"event":{"count":1,"data":{"context_menu":false,"os":"Windows","created":1581525436424,"plugin_type":"PLATFORM","project":"e34beb87dd0aaa7eb98b502df2478e9f9740d3b6014252c91479ccc8ae8eb023","place":"MainMenu","input_event":"Down"},"id":"EditorDown"}}
{"recorder_version":"11","session":"abb0c2ccb1eb","build":"191.8026.42.35.6010548","bucket":"45","time":1581525436677,"group":{"id":"actions","version":"11"},"event":{"count":2,"data":{"context_menu":false,"os":"Windows","last":1581525437100,"created":1581525436677,"plugin_type":"PLATFORM","project":"e34beb87dd0aaa7eb98b502df2478e9f9740d3b6014252c91479ccc8ae8eb023","place":"MainMenu","input_event":"Shift+Down"},"id":"EditorDownWithSelection"}}
{"recorder_version":"11","session":"abb0c2ccb1eb","build":"191.8026.42.35.6010548","bucket":"45","time":1581525437807,"group":{"id":"actions","version":"11"},"event":{"count":3,"data":{"context_menu":false,"os":"Windows","last":1581525438404,"created":1581525437807,"plugin_type":"PLATFORM","project":"e34beb87dd0aaa7eb98b502df2478e9f9740d3b6014252c91479ccc8ae8eb023","place":"MainMenu","input_event":"Backspace"},"id":"EditorBackSpace"}}
{"recorder_version":"11","session":"abb0c2ccb1eb","build":"191.8026.42.35.6010548","bucket":"45","time":1581525439051,"group":{"id":"file.types.usage","version":"11"},"event":{"count":1,"data":{"schema":"Gradle","plugin":"org.intellij.groovy","created":1581525439051,"plugin_type":"JB_BUNDLED","project":"e34beb87dd0aaa7eb98b502df2478e9f9740d3b6014252c91479ccc8ae8eb023","type":"edit"},"id":"Groovy"}}
{"recorder_version":"11","session":"abb0c2ccb1eb","build":"191.8026.42.35.6010548","bucket":"45","time":1581525439893,"group":{"id":"actions","version":"11"},"event":{"count":6,"data":{"context_menu":false,"os":"Windows","last":1581525442955,"created":1581525439893,"plugin_type":"PLATFORM","project":"e34beb87dd0aaa7eb98b502df2478e9f9740d3b6014252c91479ccc8ae8eb023","place":"MainMenu","input_event":"Backspace"},"id":"EditorBackSpace"}}
{"recorder_version":"11","session":"abb0c2ccb1eb","build":"191.8026.42.35.6010548","bucket":"45","time":1581525448765,"group":{"id":"actions","version":"11"},"event":{"count":1,"data":{"context_menu":false,"os":"Windows","created":1581525448765,"plugin_type":"NOT_LISTED","project":"e34beb87dd0aaa7eb98b502df2478e9f9740d3b6014252c91479ccc8ae8eb023","place":"NavBarToolbar","input_event":"MouseLeft"},"id":"third.party"}}
{"recorder_version":"11","session":"abb0c2ccb1eb","build":"191.8026.42.35.6010548","bucket":"45","time":1581525448766,"group":{"id":"toolbar","version":"11"},"event":{"count":1,"data":{"os":"Windows","created":1581525448767,"plugin_type":"NOT_LISTED","place":"NavBarToolbar"},"id":"third.party"}}
{"recorder_version":"11","session":"abb0c2ccb1eb","build":"191.8026.42.35.6010548","bucket":"45","time":1581525454130,"group":{"id":"actions","version":"11"},"event":{"count":1,"data":{"context_menu":false,"os":"Windows","created":1581525454130,"plugin_type":"NOT_LISTED","project":"e34beb87dd0aaa7eb98b502df2478e9f9740d3b6014252c91479ccc8ae8eb023","place":"NavBarToolbar","input_event":"MouseLeft"},"id":"third.party"}}
{"recorder_version":"11","session":"abb0c2ccb1eb","build":"191.8026.42.35.6010548","bucket":"45","time":1581525454130,"group":{"id":"toolbar","version":"11"},"event":{"count":1,"data":{"os":"Windows","created":1581525454131,"plugin_type":"NOT_LISTED","place":"NavBarToolbar"},"id":"third.party"}}
{"recorder_version":"11","session":"abb0c2ccb1eb","build":"191.8026.42.35.6010548","bucket":"45","time":1581525529755,"group":{"id":"performance","version":"11"},"event":{"count":1,"data":{"duration_ms":676,"created":1581525529755},"id":"ui.lagging"}}
{"recorder_version":"11","session":"abb0c2ccb1eb","build":"191.8026.42.35.6010548","bucket":"45","time":1581525530209,"group":{"id":"performance","version":"11"},"event":{"count":1,"data":{"duration_ms":113,"created":1581525530209},"id":"ui.lagging"}}
{"recorder_version":"11","session":"abb0c2ccb1eb","build":"191.8026.42.35.6010548","bucket":"45","time":1581525533103,"group":{"id":"performance","version":"11"},"event":{"count":1,"data":{"duration_ms":0,"created":1581525533103},"id":"ui.latency"}}
{"recorder_version":"11","session":"abb0c2ccb1eb","build":"191.8026.42.35.6010548","bucket":"45","time":1581525543873,"group":{"id":"ui.dialogs","version":"11"},"event":{"count":1,"data":{"created":1581525543874,"plugin_type":"PLATFORM","type":"show"},"id":"com.intellij.openapi.ui.messages.MessageDialog"}}
{"recorder_version":"11","session":"abb0c2ccb1eb","build":"191.8026.42.35.6010548","bucket":"45","time":1581525545475,"group":{"id":"lifecycle","version":"11"},"event":{"count":1,"data":{"restart":false,"created":1581525545475},"id":"ide.close"}}
{"recorder_version":"11","session":"abb0c2ccb1eb","build":"191.8026.42.35.6010548","bucket":"45","time":1581525546353,"group":{"id":"lifecycle","version":"11"},"event":{"count":1,"data":{"created":1581525546353,"project":"e34beb87dd0aaa7eb98b502df2478e9f9740d3b6014252c91479ccc8ae8eb023"},"id":"project.closed"}}
