{"recorder_version":"11","session":"71beaca2a0ab","build":"191.8026.42.35.6010548","bucket":"45","time":1581951496171,"group":{"id":"settings","version":"2"},"event":{"state":true,"data":{"created":1581951496171,"invoked":true},"id":"NotRoamableUiSettings"}}
{"recorder_version":"11","session":"71beaca2a0ab","build":"191.8026.42.35.6010548","bucket":"45","time":1581951496187,"group":{"id":"system.os","version":"1"},"event":{"state":true,"data":{"created":1581951496187,"version":"10.0"},"id":"Windows"}}
{"recorder_version":"11","session":"71beaca2a0ab","build":"191.8026.42.35.6010548","bucket":"45","time":1581951496187,"group":{"id":"system.os","version":"1"},"event":{"state":true,"data":{"created":1581951496187},"id":"invoked"}}
{"recorder_version":"11","session":"71beaca2a0ab","build":"191.8026.42.35.6010548","bucket":"45","time":1581951496187,"group":{"id":"system.java","version":"1"},"event":{"state":true,"data":{"created":1581951496187,"version":"1.8"},"id":"JetBrains"}}
{"recorder_version":"11","session":"71beaca2a0ab","build":"191.8026.42.35.6010548","bucket":"45","time":1581951496187,"group":{"id":"system.java","version":"1"},"event":{"state":true,"data":{"created":1581951496187},"id":"invoked"}}
{"recorder_version":"11","session":"71beaca2a0ab","build":"191.8026.42.35.6010548","bucket":"45","time":1581951496187,"group":{"id":"settings","version":"2"},"event":{"state":true,"data":{"default":false,"created":1581951496187,"name":"pinFindInPath","value":true},"id":"UISettings"}}
{"recorder_version":"11","session":"71beaca2a0ab","build":"191.8026.42.35.6010548","bucket":"45","time":1581951496187,"group":{"id":"settings","version":"2"},"event":{"state":true,"data":{"created":1581951496187,"invoked":true},"id":"UISettings"}}
{"recorder_version":"11","session":"71beaca2a0ab","build":"191.8026.42.35.6010548","bucket":"45","time":1581951497368,"group":{"id":"settings","version":"2"},"event":{"state":true,"data":{"created":1581951497368,"invoked":true},"id":"GeneralSettings"}}
{"recorder_version":"11","session":"71beaca2a0ab","build":"191.8026.42.35.6010548","bucket":"45","time":1581951501277,"group":{"id":"performance","version":"11"},"event":{"count":1,"data":{"duration_ms":3054,"created":1581951501277},"id":"ui.latency"}}
{"recorder_version":"11","session":"71beaca2a0ab","build":"191.8026.42.35.6010548","bucket":"45","time":1581951501277,"group":{"id":"performance","version":"11"},"event":{"count":1,"data":{"duration_ms":3054,"created":1581951501277},"id":"ui.lagging"}}
{"recorder_version":"11","session":"71beaca2a0ab","build":"191.8026.42.35.6010548","bucket":"45","time":1581951501277,"group":{"id":"performance","version":"11"},"event":{"count":1,"data":{"duration_ms":1755,"created":1581951501277},"id":"ui.lagging"}}
{"recorder_version":"11","session":"71beaca2a0ab","build":"191.8026.42.35.6010548","bucket":"45","time":1581951501279,"group":{"id":"performance","version":"11"},"event":{"count":1,"data":{"duration_ms":739,"created":1581951501279},"id":"ui.lagging"}}
{"recorder_version":"11","session":"71beaca2a0ab","build":"191.8026.42.35.6010548","bucket":"45","time":1581951501622,"group":{"id":"ui.dialogs","version":"11"},"event":{"count":1,"data":{"created":1581951501622,"plugin_type":"PLATFORM","type":"show"},"id":"com.intellij.openapi.progress.util.ProgressDialog$MyDialogWrapper"}}
{"recorder_version":"11","session":"71beaca2a0ab","build":"191.8026.42.35.6010548","bucket":"45","time":1581951503864,"group":{"id":"ui.dialogs","version":"11"},"event":{"count":1,"data":{"code":1,"created":1581951503864,"plugin_type":"PLATFORM","type":"close"},"id":"com.intellij.openapi.progress.util.ProgressDialog$MyDialogWrapper"}}
{"recorder_version":"11","session":"71beaca2a0ab","build":"191.8026.42.35.6010548","bucket":"45","time":1581951503879,"group":{"id":"lifecycle","version":"11"},"event":{"count":1,"data":{"created":1581951503879,"project":"e34beb87dd0aaa7eb98b502df2478e9f9740d3b6014252c91479ccc8ae8eb023"},"id":"project.opened"}}
{"recorder_version":"11","session":"71beaca2a0ab","build":"191.8026.42.35.6010548","bucket":"45","time":1581951508182,"group":{"id":"performance","version":"11"},"event":{"count":1,"data":{"duration_ms":3544,"created":1581951508184},"id":"ui.lagging"}}
{"recorder_version":"11","session":"71beaca2a0ab","build":"191.8026.42.35.6010548","bucket":"45","time":1581951508184,"group":{"id":"performance","version":"11"},"event":{"count":1,"data":{"duration_ms":2520,"created":1581951508184},"id":"ui.lagging"}}
{"recorder_version":"11","session":"71beaca2a0ab","build":"191.8026.42.35.6010548","bucket":"45","time":1581951508184,"group":{"id":"performance","version":"11"},"event":{"count":1,"data":{"duration_ms":1506,"created":1581951508186},"id":"ui.lagging"}}
{"recorder_version":"11","session":"71beaca2a0ab","build":"191.8026.42.35.6010548","bucket":"45","time":1581951508184,"group":{"id":"performance","version":"11"},"event":{"count":1,"data":{"duration_ms":461,"created":1581951508186},"id":"ui.lagging"}}
{"recorder_version":"11","session":"71beaca2a0ab","build":"191.8026.42.35.6010548","bucket":"45","time":1581951508250,"group":{"id":"ui.dialogs","version":"11"},"event":{"count":1,"data":{"created":1581951508250,"plugin_type":"PLATFORM","type":"show"},"id":"com.intellij.openapi.progress.util.ProgressDialog$MyDialogWrapper"}}
{"recorder_version":"11","session":"71beaca2a0ab","build":"191.8026.42.35.6010548","bucket":"45","time":1581951513148,"group":{"id":"file.types.usage","version":"11"},"event":{"count":1,"data":{"plugin":"org.jetbrains.kotlin","created":1581951513148,"plugin_type":"JB_NOT_BUNDLED","project":"e34beb87dd0aaa7eb98b502df2478e9f9740d3b6014252c91479ccc8ae8eb023","type":"open"},"id":"Kotlin"}}
{"recorder_version":"11","session":"71beaca2a0ab","build":"191.8026.42.35.6010548","bucket":"45","time":1581951513156,"group":{"id":"performance","version":"11"},"event":{"count":1,"data":{"duration_ms":385,"created":1581951513156},"id":"ui.lagging"}}
{"recorder_version":"11","session":"71beaca2a0ab","build":"191.8026.42.35.6010548","bucket":"45","time":1581951513420,"group":{"id":"file.types.usage","version":"11"},"event":{"count":6,"data":{"plugin":"org.jetbrains.kotlin","last":1581951514399,"created":1581951513420,"plugin_type":"JB_NOT_BUNDLED","project":"e34beb87dd0aaa7eb98b502df2478e9f9740d3b6014252c91479ccc8ae8eb023","type":"open"},"id":"Kotlin"}}
{"recorder_version":"11","session":"71beaca2a0ab","build":"191.8026.42.35.6010548","bucket":"45","time":1581951514658,"group":{"id":"file.types.usage","version":"11"},"event":{"count":1,"data":{"created":1581951514661,"plugin_type":"PLATFORM","project":"e34beb87dd0aaa7eb98b502df2478e9f9740d3b6014252c91479ccc8ae8eb023","type":"open"},"id":"XML"}}
{"recorder_version":"11","session":"71beaca2a0ab","build":"191.8026.42.35.6010548","bucket":"45","time":1581951515966,"group":{"id":"performance","version":"11"},"event":{"count":1,"data":{"duration_ms":1140,"created":1581951515967},"id":"ui.lagging"}}
{"recorder_version":"11","session":"71beaca2a0ab","build":"191.8026.42.35.6010548","bucket":"45","time":1581951515966,"group":{"id":"performance","version":"11"},"event":{"count":1,"data":{"duration_ms":137,"created":1581951515967},"id":"ui.lagging"}}
{"recorder_version":"11","session":"71beaca2a0ab","build":"191.8026.42.35.6010548","bucket":"45","time":1581951516732,"group":{"id":"file.types.usage","version":"11"},"event":{"count":1,"data":{"plugin":"org.jetbrains.kotlin","created":1581951516732,"plugin_type":"JB_NOT_BUNDLED","project":"e34beb87dd0aaa7eb98b502df2478e9f9740d3b6014252c91479ccc8ae8eb023","type":"open"},"id":"Kotlin"}}
{"recorder_version":"11","session":"71beaca2a0ab","build":"191.8026.42.35.6010548","bucket":"45","time":1581951516936,"group":{"id":"lifecycle","version":"11"},"event":{"count":1,"data":{"eap":false,"created":1581951516936},"id":"ide.start"}}
{"recorder_version":"11","session":"71beaca2a0ab","build":"191.8026.42.35.6010548","bucket":"45","time":1581951517547,"group":{"id":"performance","version":"11"},"event":{"count":1,"data":{"duration_ms":713,"created":1581951517547},"id":"ui.lagging"}}
{"recorder_version":"11","session":"71beaca2a0ab","build":"191.8026.42.35.6010548","bucket":"45","time":1581951517732,"group":{"id":"ui.tips","version":"1"},"event":{"count":1,"data":{"created":1581951517732},"id":"shown.automatically"}}
{"recorder_version":"11","session":"71beaca2a0ab","build":"191.8026.42.35.6010548","bucket":"45","time":1581951517766,"group":{"id":"ui.dialogs","version":"11"},"event":{"count":1,"data":{"created":1581951517766,"plugin_type":"PLATFORM","type":"show"},"id":"com.intellij.ide.util.TipDialog"}}
{"recorder_version":"11","session":"71beaca2a0ab","build":"191.8026.42.35.6010548","bucket":"45","time":1581951517810,"group":{"id":"project.fs","version":"1"},"event":{"state":true,"data":{"os":"Windows","cs-project":false,"created":1581951517810,"project":"e34beb87dd0aaa7eb98b502df2478e9f9740d3b6014252c91479ccc8ae8eb023","cs-implicit":true,"cs-system":false},"id":"case-sensitivity"}}
{"recorder_version":"11","session":"71beaca2a0ab","build":"191.8026.42.35.6010548","bucket":"45","time":1581951517810,"group":{"id":"project.fs","version":"1"},"event":{"state":true,"data":{"created":1581951517810},"id":"invoked"}}
{"recorder_version":"11","session":"71beaca2a0ab","build":"191.8026.42.35.6010548","bucket":"45","time":1581951517812,"group":{"id":"project.fs","version":"1"},"event":{"state":true,"data":{"pct-non-watched":0,"created":1581951517812,"project":"e34beb87dd0aaa7eb98b502df2478e9f9740d3b6014252c91479ccc8ae8eb023"},"id":"roots-watched"}}
{"recorder_version":"11","session":"71beaca2a0ab","build":"191.8026.42.35.6010548","bucket":"45","time":1581951517812,"group":{"id":"project.fs","version":"1"},"event":{"state":true,"data":{"created":1581951517813},"id":"invoked"}}
{"recorder_version":"11","session":"71beaca2a0ab","build":"191.8026.42.35.6010548","bucket":"45","time":1581951518100,"group":{"id":"performance","version":"11"},"event":{"count":1,"data":{"duration_ms":253,"created":1581951518100},"id":"ui.lagging"}}
{"recorder_version":"11","session":"71beaca2a0ab","build":"191.8026.42.35.6010548","bucket":"45","time":1581951518463,"group":{"id":"ui.dialogs","version":"11"},"event":{"count":1,"data":{"code":1,"created":1581951518464,"plugin_type":"PLATFORM","type":"close"},"id":"com.intellij.openapi.progress.util.ProgressDialog$MyDialogWrapper"}}
{"recorder_version":"11","session":"71beaca2a0ab","build":"191.8026.42.35.6010548","bucket":"45","time":1581951519009,"group":{"id":"lifecycle","version":"11"},"event":{"count":1,"data":{"created":1581951519010,"time_ms":17905,"project":"e34beb87dd0aaa7eb98b502df2478e9f9740d3b6014252c91479ccc8ae8eb023"},"id":"project.opening.finished"}}
{"recorder_version":"11","session":"71beaca2a0ab","build":"191.8026.42.35.6010548","bucket":"45","time":1581951519026,"group":{"id":"performance","version":"11"},"event":{"count":1,"data":{"duration_ms":169,"created":1581951519027},"id":"ui.lagging"}}
{"recorder_version":"11","session":"71beaca2a0ab","build":"191.8026.42.35.6010548","bucket":"45","time":1581951521238,"group":{"id":"performance","version":"11"},"event":{"count":1,"data":{"duration_ms":374,"created":1581951521238},"id":"ui.lagging"}}
{"recorder_version":"11","session":"71beaca2a0ab","build":"191.8026.42.35.6010548","bucket":"45","time":1581951522468,"group":{"id":"ui.dialogs","version":"11"},"event":{"count":1,"data":{"code":1,"created":1581951522468,"plugin_type":"PLATFORM","type":"close"},"id":"com.intellij.ide.util.TipDialog"}}
{"recorder_version":"11","session":"71beaca2a0ab","build":"191.8026.42.35.6010548","bucket":"45","time":1581951523647,"group":{"id":"toolwindow","version":"11"},"event":{"count":1,"data":{"os":"Windows","created":1581951523647,"plugin_type":"PLATFORM"},"id":"Preview"}}
{"recorder_version":"11","session":"71beaca2a0ab","build":"191.8026.42.35.6010548","bucket":"45","time":1581951540230,"group":{"id":"performance","version":"11"},"event":{"count":1,"data":{"duration_ms":117,"created":1581951540230},"id":"ui.lagging"}}
{"recorder_version":"11","session":"71beaca2a0ab","build":"191.8026.42.35.6010548","bucket":"45","time":1581951601417,"group":{"id":"performance","version":"11"},"event":{"count":1,"data":{"duration_ms":0,"created":1581951601417},"id":"ui.latency"}}
{"recorder_version":"11","session":"71beaca2a0ab","build":"191.8026.42.35.6010548","bucket":"45","time":1581951701499,"group":{"id":"performance","version":"11"},"event":{"count":1,"data":{"duration_ms":0,"created":1581951701499},"id":"ui.latency"}}
{"recorder_version":"11","session":"71beaca2a0ab","build":"191.8026.42.35.6010548","bucket":"45","time":1581951801286,"group":{"id":"build.tools.actions","version":"1"},"event":{"count":1,"data":{"created":1581951801286},"id":"registered"}}
{"recorder_version":"11","session":"71beaca2a0ab","build":"191.8026.42.35.6010548","bucket":"45","time":1581951801286,"group":{"id":"file.types.usage","version":"11"},"event":{"count":1,"data":{"created":1581951801286},"id":"registered"}}
{"recorder_version":"11","session":"71beaca2a0ab","build":"191.8026.42.35.6010548","bucket":"45","time":1581951801287,"group":{"id":"actions.runAnything","version":"1"},"event":{"count":1,"data":{"created":1581951801287},"id":"registered"}}
{"recorder_version":"11","session":"71beaca2a0ab","build":"191.8026.42.35.6010548","bucket":"45","time":1581951801287,"group":{"id":"toolwindow","version":"11"},"event":{"count":1,"data":{"created":1581951801287},"id":"registered"}}
{"recorder_version":"11","session":"71beaca2a0ab","build":"191.8026.42.35.6010548","bucket":"45","time":1581951801287,"group":{"id":"live.templates","version":"11"},"event":{"count":1,"data":{"created":1581951801287},"id":"registered"}}
{"recorder_version":"11","session":"71beaca2a0ab","build":"191.8026.42.35.6010548","bucket":"45","time":1581951801287,"group":{"id":"ide.self.update","version":"1"},"event":{"count":1,"data":{"created":1581951801287},"id":"registered"}}
{"recorder_version":"11","session":"71beaca2a0ab","build":"191.8026.42.35.6010548","bucket":"45","time":1581951801289,"group":{"id":"cidr.testingFrameworks.usages","version":"1"},"event":{"count":1,"data":{"created":1581951801290},"id":"registered"}}
{"recorder_version":"11","session":"71beaca2a0ab","build":"191.8026.42.35.6010548","bucket":"45","time":1581951801289,"group":{"id":"lifecycle","version":"11"},"event":{"count":1,"data":{"created":1581951801290},"id":"registered"}}
{"recorder_version":"11","session":"71beaca2a0ab","build":"191.8026.42.35.6010548","bucket":"45","time":1581951801289,"group":{"id":"vcs.diff.trigger","version":"1"},"event":{"count":1,"data":{"created":1581951801290},"id":"registered"}}
{"recorder_version":"11","session":"71beaca2a0ab","build":"191.8026.42.35.6010548","bucket":"45","time":1581951801289,"group":{"id":"vcs.log.trigger","version":"1"},"event":{"count":1,"data":{"created":1581951801291},"id":"registered"}}
{"recorder_version":"11","session":"71beaca2a0ab","build":"191.8026.42.35.6010548","bucket":"45","time":1581951801289,"group":{"id":"productivity","version":"11"},"event":{"count":1,"data":{"created":1581951801292},"id":"registered"}}
{"recorder_version":"11","session":"71beaca2a0ab","build":"191.8026.42.35.6010548","bucket":"45","time":1581951801289,"group":{"id":"debugger.breakpoints.usage","version":"1"},"event":{"count":1,"data":{"created":1581951801293},"id":"registered"}}
{"recorder_version":"11","session":"71beaca2a0ab","build":"191.8026.42.35.6010548","bucket":"45","time":1581951801289,"group":{"id":"oc","version":"1"},"event":{"count":1,"data":{"created":1581951801293},"id":"registered"}}
{"recorder_version":"11","session":"71beaca2a0ab","build":"191.8026.42.35.6010548","bucket":"45","time":1581951801289,"group":{"id":"intentions","version":"11"},"event":{"count":1,"data":{"created":1581951801294},"id":"registered"}}
{"recorder_version":"11","session":"71beaca2a0ab","build":"191.8026.42.35.6010548","bucket":"45","time":1581951801289,"group":{"id":"ui.dialogs","version":"11"},"event":{"count":1,"data":{"created":1581951801294},"id":"registered"}}
{"recorder_version":"11","session":"71beaca2a0ab","build":"191.8026.42.35.6010548","bucket":"45","time":1581951801289,"group":{"id":"vcs.back.forward.trigger","version":"1"},"event":{"count":1,"data":{"created":1581951801294},"id":"registered"}}
{"recorder_version":"11","session":"71beaca2a0ab","build":"191.8026.42.35.6010548","bucket":"45","time":1581951801289,"group":{"id":"toolbar","version":"11"},"event":{"count":1,"data":{"created":1581951801295},"id":"registered"}}
{"recorder_version":"11","session":"71beaca2a0ab","build":"191.8026.42.35.6010548","bucket":"45","time":1581951801289,"group":{"id":"build.gradle.actions","version":"1"},"event":{"count":1,"data":{"created":1581951801295},"id":"registered"}}
{"recorder_version":"11","session":"71beaca2a0ab","build":"191.8026.42.35.6010548","bucket":"45","time":1581951801289,"group":{"id":"performance","version":"11"},"event":{"count":1,"data":{"created":1581951801296},"id":"registered"}}
{"recorder_version":"11","session":"71beaca2a0ab","build":"191.8026.42.35.6010548","bucket":"45","time":1581951801289,"group":{"id":"searchEverywhere","version":"1"},"event":{"count":1,"data":{"created":1581951801296},"id":"registered"}}
{"recorder_version":"11","session":"71beaca2a0ab","build":"191.8026.42.35.6010548","bucket":"45","time":1581951801289,"group":{"id":"ui.tips","version":"1"},"event":{"count":1,"data":{"created":1581951801297},"id":"registered"}}
{"recorder_version":"11","session":"71beaca2a0ab","build":"191.8026.42.35.6010548","bucket":"45","time":1581951801289,"group":{"id":"import.old.config","version":"1"},"event":{"count":1,"data":{"created":1581951801297},"id":"registered"}}
{"recorder_version":"11","session":"71beaca2a0ab","build":"191.8026.42.35.6010548","bucket":"45","time":1581951801289,"group":{"id":"json.schema","version":"1"},"event":{"count":1,"data":{"created":1581951801297},"id":"registered"}}
{"recorder_version":"11","session":"71beaca2a0ab","build":"191.8026.42.35.6010548","bucket":"45","time":1581951801289,"group":{"id":"terminalShell","version":"1"},"event":{"count":1,"data":{"created":1581951801299},"id":"registered"}}
{"recorder_version":"11","session":"71beaca2a0ab","build":"191.8026.42.35.6010548","bucket":"45","time":1581951801289,"group":{"id":"completion.postfix","version":"11"},"event":{"count":1,"data":{"created":1581951801299},"id":"registered"}}
{"recorder_version":"11","session":"71beaca2a0ab","build":"191.8026.42.35.6010548","bucket":"45","time":1581951801289,"group":{"id":"actions","version":"11"},"event":{"count":1,"data":{"created":1581951801299},"id":"registered"}}
{"recorder_version":"11","session":"71beaca2a0ab","build":"191.8026.42.35.6010548","bucket":"45","time":1581951801289,"group":{"id":"run.configuration.exec","version":"11"},"event":{"count":1,"data":{"created":1581951801299},"id":"registered"}}
{"recorder_version":"11","session":"71beaca2a0ab","build":"191.8026.42.35.6010548","bucket":"45","time":1581951801661,"group":{"id":"performance","version":"11"},"event":{"count":1,"data":{"duration_ms":0,"created":1581951801661},"id":"ui.latency"}}
{"recorder_version":"11","session":"71beaca2a0ab","build":"191.8026.42.35.6010548","bucket":"45","time":1581951901982,"group":{"id":"performance","version":"11"},"event":{"count":1,"data":{"duration_ms":0,"created":1581951901982},"id":"ui.latency"}}
{"recorder_version":"11","session":"71beaca2a0ab","build":"191.8026.42.35.6010548","bucket":"45","time":1581952002118,"group":{"id":"performance","version":"11"},"event":{"count":1,"data":{"duration_ms":0,"created":1581952002118},"id":"ui.latency"}}
{"recorder_version":"11","session":"71beaca2a0ab","build":"191.8026.42.35.6010548","bucket":"45","time":1581952102440,"group":{"id":"performance","version":"11"},"event":{"count":1,"data":{"duration_ms":0,"created":1581952102440},"id":"ui.latency"}}
{"recorder_version":"11","session":"71beaca2a0ab","build":"191.8026.42.35.6010548","bucket":"45","time":1581952202570,"group":{"id":"performance","version":"11"},"event":{"count":1,"data":{"duration_ms":0,"created":1581952202570},"id":"ui.latency"}}
{"recorder_version":"11","session":"71beaca2a0ab","build":"191.8026.42.35.6010548","bucket":"45","time":1581952302727,"group":{"id":"performance","version":"11"},"event":{"count":1,"data":{"duration_ms":0,"created":1581952302727},"id":"ui.latency"}}
{"recorder_version":"11","session":"71beaca2a0ab","build":"191.8026.42.35.6010548","bucket":"45","time":1581952402867,"group":{"id":"performance","version":"11"},"event":{"count":1,"data":{"duration_ms":0,"created":1581952402867},"id":"ui.latency"}}
{"recorder_version":"11","session":"71beaca2a0ab","build":"191.8026.42.35.6010548","bucket":"45","time":1581952503024,"group":{"id":"performance","version":"11"},"event":{"count":1,"data":{"duration_ms":0,"created":1581952503024},"id":"ui.latency"}}
{"recorder_version":"11","session":"71beaca2a0ab","build":"191.8026.42.35.6010548","bucket":"45","time":1581952603156,"group":{"id":"performance","version":"11"},"event":{"count":1,"data":{"duration_ms":0,"created":1581952603156},"id":"ui.latency"}}
{"recorder_version":"11","session":"71beaca2a0ab","build":"191.8026.42.35.6010548","bucket":"45","time":1581952703298,"group":{"id":"performance","version":"11"},"event":{"count":1,"data":{"duration_ms":0,"created":1581952703298},"id":"ui.latency"}}
{"recorder_version":"11","session":"71beaca2a0ab","build":"191.8026.42.35.6010548","bucket":"45","time":1581952803415,"group":{"id":"performance","version":"11"},"event":{"count":1,"data":{"duration_ms":0,"created":1581952803415},"id":"ui.latency"}}
{"recorder_version":"11","session":"71beaca2a0ab","build":"191.8026.42.35.6010548","bucket":"45","time":1581952903575,"group":{"id":"performance","version":"11"},"event":{"count":1,"data":{"duration_ms":0,"created":1581952903575},"id":"ui.latency"}}
{"recorder_version":"11","session":"71beaca2a0ab","build":"191.8026.42.35.6010548","bucket":"45","time":1581953003708,"group":{"id":"performance","version":"11"},"event":{"count":1,"data":{"duration_ms":0,"created":1581953003708},"id":"ui.latency"}}
{"recorder_version":"11","session":"71beaca2a0ab","build":"191.8026.42.35.6010548","bucket":"45","time":1581953103843,"group":{"id":"performance","version":"11"},"event":{"count":1,"data":{"duration_ms":0,"created":1581953103843},"id":"ui.latency"}}
{"recorder_version":"11","session":"71beaca2a0ab","build":"191.8026.42.35.6010548","bucket":"45","time":1581953204028,"group":{"id":"performance","version":"11"},"event":{"count":1,"data":{"duration_ms":0,"created":1581953204028},"id":"ui.latency"}}
{"recorder_version":"11","session":"71beaca2a0ab","build":"191.8026.42.35.6010548","bucket":"45","time":1581953304177,"group":{"id":"performance","version":"11"},"event":{"count":1,"data":{"duration_ms":0,"created":1581953304177},"id":"ui.latency"}}
{"recorder_version":"11","session":"71beaca2a0ab","build":"191.8026.42.35.6010548","bucket":"45","time":1581953404357,"group":{"id":"performance","version":"11"},"event":{"count":1,"data":{"duration_ms":0,"created":1581953404357},"id":"ui.latency"}}
{"recorder_version":"11","session":"71beaca2a0ab","build":"191.8026.42.35.6010548","bucket":"45","time":1581953504536,"group":{"id":"performance","version":"11"},"event":{"count":1,"data":{"duration_ms":0,"created":1581953504536},"id":"ui.latency"}}
{"recorder_version":"11","session":"71beaca2a0ab","build":"191.8026.42.35.6010548","bucket":"45","time":1581953571219,"group":{"id":"toolwindow","version":"11"},"event":{"count":2,"data":{"os":"Windows","last":1581953571931,"created":1581953571219,"plugin_type":"PLATFORM"},"id":"Build"}}
{"recorder_version":"11","session":"71beaca2a0ab","build":"191.8026.42.35.6010548","bucket":"45","time":1581953573113,"group":{"id":"toolwindow","version":"11"},"event":{"count":1,"data":{"os":"Windows","created":1581953573113,"plugin_type":"PLATFORM"},"id":"Preview"}}
{"recorder_version":"11","session":"71beaca2a0ab","build":"191.8026.42.35.6010548","bucket":"45","time":1581953590738,"group":{"id":"toolwindow","version":"11"},"event":{"count":1,"data":{"os":"Windows","created":1581953590738,"plugin_type":"PLATFORM"},"id":"Project"}}
{"recorder_version":"11","session":"71beaca2a0ab","build":"191.8026.42.35.6010548","bucket":"45","time":1581953591001,"group":{"id":"file.types.usage","version":"11"},"event":{"count":1,"data":{"plugin":"org.jetbrains.kotlin","created":1581953591001,"plugin_type":"JB_NOT_BUNDLED","project":"e34beb87dd0aaa7eb98b502df2478e9f9740d3b6014252c91479ccc8ae8eb023","type":"open"},"id":"Kotlin"}}
{"recorder_version":"11","session":"71beaca2a0ab","build":"191.8026.42.35.6010548","bucket":"45","time":1581953604687,"group":{"id":"performance","version":"11"},"event":{"count":1,"data":{"duration_ms":0,"created":1581953604687},"id":"ui.latency"}}
{"recorder_version":"11","session":"71beaca2a0ab","build":"191.8026.42.35.6010548","bucket":"45","time":1581953704849,"group":{"id":"performance","version":"11"},"event":{"count":1,"data":{"duration_ms":0,"created":1581953704849},"id":"ui.latency"}}
{"recorder_version":"11","session":"71beaca2a0ab","build":"191.8026.42.35.6010548","bucket":"45","time":1581953804968,"group":{"id":"performance","version":"11"},"event":{"count":1,"data":{"duration_ms":0,"created":1581953804968},"id":"ui.latency"}}
{"recorder_version":"11","session":"71beaca2a0ab","build":"191.8026.42.35.6010548","bucket":"45","time":1581953905164,"group":{"id":"performance","version":"11"},"event":{"count":1,"data":{"duration_ms":0,"created":1581953905164},"id":"ui.latency"}}
{"recorder_version":"11","session":"71beaca2a0ab","build":"191.8026.42.35.6010548","bucket":"45","time":1581954005291,"group":{"id":"performance","version":"11"},"event":{"count":1,"data":{"duration_ms":0,"created":1581954005291},"id":"ui.latency"}}
{"recorder_version":"11","session":"71beaca2a0ab","build":"191.8026.42.35.6010548","bucket":"45","time":1581954105394,"group":{"id":"performance","version":"11"},"event":{"count":1,"data":{"duration_ms":0,"created":1581954105394},"id":"ui.latency"}}
{"recorder_version":"11","session":"71beaca2a0ab","build":"191.8026.42.35.6010548","bucket":"45","time":1581954205501,"group":{"id":"performance","version":"11"},"event":{"count":1,"data":{"duration_ms":0,"created":1581954205501},"id":"ui.latency"}}
{"recorder_version":"11","session":"71beaca2a0ab","build":"191.8026.42.35.6010548","bucket":"45","time":1581954305640,"group":{"id":"performance","version":"11"},"event":{"count":1,"data":{"duration_ms":0,"created":1581954305640},"id":"ui.latency"}}
{"recorder_version":"11","session":"71beaca2a0ab","build":"191.8026.42.35.6010548","bucket":"45","time":1581954405759,"group":{"id":"performance","version":"11"},"event":{"count":1,"data":{"duration_ms":0,"created":1581954405759},"id":"ui.latency"}}
{"recorder_version":"11","session":"71beaca2a0ab","build":"191.8026.42.35.6010548","bucket":"45","time":1581954505907,"group":{"id":"performance","version":"11"},"event":{"count":1,"data":{"duration_ms":0,"created":1581954505907},"id":"ui.latency"}}
{"recorder_version":"11","session":"71beaca2a0ab","build":"191.8026.42.35.6010548","bucket":"45","time":1581954606024,"group":{"id":"performance","version":"11"},"event":{"count":1,"data":{"duration_ms":0,"created":1581954606024},"id":"ui.latency"}}
{"recorder_version":"11","session":"71beaca2a0ab","build":"191.8026.42.35.6010548","bucket":"45","time":1581954706260,"group":{"id":"performance","version":"11"},"event":{"count":1,"data":{"duration_ms":0,"created":1581954706260},"id":"ui.latency"}}
{"recorder_version":"11","session":"71beaca2a0ab","build":"191.8026.42.35.6010548","bucket":"45","time":1581954806388,"group":{"id":"performance","version":"11"},"event":{"count":1,"data":{"duration_ms":0,"created":1581954806388},"id":"ui.latency"}}
{"recorder_version":"11","session":"71beaca2a0ab","build":"191.8026.42.35.6010548","bucket":"45","time":1581954906507,"group":{"id":"performance","version":"11"},"event":{"count":1,"data":{"duration_ms":0,"created":1581954906507},"id":"ui.latency"}}
{"recorder_version":"11","session":"71beaca2a0ab","build":"191.8026.42.35.6010548","bucket":"45","time":1581955006690,"group":{"id":"performance","version":"11"},"event":{"count":1,"data":{"duration_ms":0,"created":1581955006690},"id":"ui.latency"}}
{"recorder_version":"11","session":"71beaca2a0ab","build":"191.8026.42.35.6010548","bucket":"45","time":1581955106823,"group":{"id":"performance","version":"11"},"event":{"count":1,"data":{"duration_ms":0,"created":1581955106823},"id":"ui.latency"}}
{"recorder_version":"11","session":"71beaca2a0ab","build":"191.8026.42.35.6010548","bucket":"45","time":1581955206980,"group":{"id":"performance","version":"11"},"event":{"count":1,"data":{"duration_ms":0,"created":1581955206980},"id":"ui.latency"}}
{"recorder_version":"11","session":"71beaca2a0ab","build":"191.8026.42.35.6010548","bucket":"45","time":1581955307109,"group":{"id":"performance","version":"11"},"event":{"count":1,"data":{"duration_ms":0,"created":1581955307109},"id":"ui.latency"}}
{"recorder_version":"11","session":"71beaca2a0ab","build":"191.8026.42.35.6010548","bucket":"45","time":1581955407395,"group":{"id":"performance","version":"11"},"event":{"count":1,"data":{"duration_ms":0,"created":1581955407395},"id":"ui.latency"}}
{"recorder_version":"11","session":"71beaca2a0ab","build":"191.8026.42.35.6010548","bucket":"45","time":1581955507593,"group":{"id":"performance","version":"11"},"event":{"count":1,"data":{"duration_ms":0,"created":1581955507593},"id":"ui.latency"}}
{"recorder_version":"11","session":"71beaca2a0ab","build":"191.8026.42.35.6010548","bucket":"45","time":1581955607812,"group":{"id":"performance","version":"11"},"event":{"count":1,"data":{"duration_ms":0,"created":1581955607812},"id":"ui.latency"}}
{"recorder_version":"11","session":"71beaca2a0ab","build":"191.8026.42.35.6010548","bucket":"45","time":1581955707965,"group":{"id":"performance","version":"11"},"event":{"count":1,"data":{"duration_ms":0,"created":1581955707965},"id":"ui.latency"}}
{"recorder_version":"11","session":"71beaca2a0ab","build":"191.8026.42.35.6010548","bucket":"45","time":1581955777589,"group":{"id":"ui.dialogs","version":"11"},"event":{"count":1,"data":{"created":1581955777589,"plugin_type":"PLATFORM","type":"show"},"id":"com.intellij.openapi.ui.messages.MessageDialog"}}
{"recorder_version":"11","session":"71beaca2a0ab","build":"191.8026.42.35.6010548","bucket":"45","time":1581955779141,"group":{"id":"lifecycle","version":"11"},"event":{"count":1,"data":{"restart":false,"created":1581955779141},"id":"ide.close"}}
{"recorder_version":"11","session":"71beaca2a0ab","build":"191.8026.42.35.6010548","bucket":"45","time":1581955779188,"group":{"id":"lifecycle","version":"11"},"event":{"count":1,"data":{"created":1581955779188,"project":"e34beb87dd0aaa7eb98b502df2478e9f9740d3b6014252c91479ccc8ae8eb023"},"id":"project.closed"}}
